[INFO ] 2021-12-26 15:32:36.731 [main] DataProviderXml - getOrders: [1] {}
[INFO ] 2021-12-26 15:32:36.742 [main] DataProviderXml - readXmlOrder: [1] {}
[INFO ] 2021-12-26 15:32:36.746 [main] DataProviderXml - readXmlOrder: [3] {}
[INFO ] 2021-12-26 15:32:36.747 [main] DataProviderXml - getOrders: [3] {}
[INFO ] 2021-12-26 15:32:36.748 [main] DataProviderXml - stringingDuplicateIdOrder: [2] {}
[INFO ] 2021-12-26 15:32:36.749 [main] DataProviderXml - writeXmlOrder: [1] {}
[INFO ] 2021-12-26 15:32:36.779 [main] DataProviderXml - writeXmlOrder: [3] {}
[INFO ] 2021-12-26 15:32:36.779 [main] DataProviderXml - appendOrders: [3] {}
[INFO ] 2021-12-26 15:33:09.086 [main] DataProviderXml - appendOrders: [1] {}
[INFO ] 2021-12-26 15:33:09.090 [main] DataProviderXml - stringingDuplicateIdOrder: [1] {}
[INFO ] 2021-12-26 15:33:09.099 [main] DataProviderXml - getOrders: [1] {}
[INFO ] 2021-12-26 15:33:09.099 [main] DataProviderXml - readXmlOrder: [1] {}
[INFO ] 2021-12-26 15:33:09.210 [main] DataProviderXml - readXmlOrder: [3] {}
[INFO ] 2021-12-26 15:33:09.211 [main] DataProviderXml - getOrders: [3] {}
[INFO ] 2021-12-26 15:33:09.211 [main] DataProviderXml - getOrders: [1] {}
[INFO ] 2021-12-26 15:33:09.211 [main] DataProviderXml - readXmlOrder: [1] {}
[INFO ] 2021-12-26 15:33:09.215 [main] DataProviderXml - readXmlOrder: [3] {}
[INFO ] 2021-12-26 15:33:09.215 [main] DataProviderXml - getOrders: [3] {}
[INFO ] 2021-12-26 15:33:09.216 [main] DataProviderXml - stringingDuplicateIdOrder: [2] {}
[INFO ] 2021-12-26 15:33:09.216 [main] DataProviderXml - writeXmlOrder: [1] {}
[INFO ] 2021-12-26 15:33:09.236 [main] DataProviderXml - writeXmlOrder: [3] {}
[INFO ] 2021-12-26 15:33:09.236 [main] DataProviderXml - appendOrders: [3] {}
[INFO ] 2021-12-26 15:33:23.476 [main] DataProviderXml - deleteOrderById: [1] {}
[INFO ] 2021-12-26 15:33:23.481 [main] DataProviderXml - getOrders: [1] {}
[INFO ] 2021-12-26 15:33:23.482 [main] DataProviderXml - readXmlOrder: [1] {}
[INFO ] 2021-12-26 15:33:23.595 [main] DataProviderXml - readXmlOrder: [3] {}
[INFO ] 2021-12-26 15:33:23.596 [main] DataProviderXml - getOrders: [3] {}
[INFO ] 2021-12-26 15:33:23.596 [main] DataProviderXml - isIdInDataOrder: [1] {}
[INFO ] 2021-12-26 15:33:23.596 [main] DataProviderXml - getOrders: [1] {}
[INFO ] 2021-12-26 15:33:23.596 [main] DataProviderXml - readXmlOrder: [1] {}
[INFO ] 2021-12-26 15:33:23.600 [main] DataProviderXml - readXmlOrder: [3] {}
[INFO ] 2021-12-26 15:33:23.600 [main] DataProviderXml - getOrders: [3] {}
[INFO ] 2021-12-26 15:33:23.601 [main] DataProviderXml - isIdInDataOrder: [2] {} Element is found
[INFO ] 2021-12-26 15:33:23.603 [main] HistoryContent - putOrderHistory: [1] {}
[INFO ] 2021-12-26 15:33:23.986 [main] HistoryContent - putOrderHistory: [2] {}
[INFO ] 2021-12-26 15:33:25.615 [main] DataProviderXml - writeXmlOrder: [1] {}
[INFO ] 2021-12-26 15:33:25.673 [main] DataProviderXml - writeXmlOrder: [3] {}
[INFO ] 2021-12-26 15:33:25.673 [main] DataProviderXml - deleteOrderById: [3] {}
[INFO ] 2021-12-26 15:33:37.026 [main] DataProviderXml - deleteOrderById: [1] {}
[INFO ] 2021-12-26 15:33:37.031 [main] DataProviderXml - getOrders: [1] {}
[INFO ] 2021-12-26 15:33:37.032 [main] DataProviderXml - readXmlOrder: [1] {}
[INFO ] 2021-12-26 15:33:37.135 [main] DataProviderXml - readXmlOrder: [3] {}
[INFO ] 2021-12-26 15:33:37.136 [main] DataProviderXml - getOrders: [3] {}
[INFO ] 2021-12-26 15:33:37.136 [main] DataProviderXml - isIdInDataOrder: [1] {}
[INFO ] 2021-12-26 15:33:37.136 [main] DataProviderXml - getOrders: [1] {}
[INFO ] 2021-12-26 15:33:37.136 [main] DataProviderXml - readXmlOrder: [1] {}
[INFO ] 2021-12-26 15:33:37.139 [main] DataProviderXml - readXmlOrder: [3] {}
[INFO ] 2021-12-26 15:33:37.140 [main] DataProviderXml - getOrders: [3] {}
[INFO ] 2021-12-26 15:33:37.142 [main] DataProviderXml - isIdInDataOrder: [3] {} No Such Element
[INFO ] 2021-12-26 15:33:37.142 [main] DataProviderXml - deleteOrderById: [3] {}
[INFO ] 2021-12-26 15:33:52.281 [main] DataProviderXml - updateOrders: [1] {}
[INFO ] 2021-12-26 15:33:52.284 [main] DataProviderXml - getUsers: [1] {}
[INFO ] 2021-12-26 15:33:52.284 [main] DataProviderXml - readXml: [1] {}
[INFO ] 2021-12-26 15:33:52.393 [main] DataProviderXml - readXml: [3] {}
[ERROR] 2021-12-26 15:33:52.394 [main] DataProviderXml - getUsers: [2] {} Cannot invoke "java.util.Collection.toArray()" because "c" is null
[INFO ] 2021-12-26 15:33:52.396 [main] DataProviderXml - getUsers: [3] {}
[INFO ] 2021-12-26 15:33:52.397 [main] DataProviderXml - isIdInDataOrder: [1] {}
[INFO ] 2021-12-26 15:33:52.397 [main] DataProviderXml - getOrders: [1] {}
[INFO ] 2021-12-26 15:33:52.397 [main] DataProviderXml - readXmlOrder: [1] {}
[INFO ] 2021-12-26 15:33:52.399 [main] DataProviderXml - readXmlOrder: [3] {}
[INFO ] 2021-12-26 15:33:52.400 [main] DataProviderXml - getOrders: [3] {}
[INFO ] 2021-12-26 15:33:52.401 [main] DataProviderXml - isIdInDataOrder: [3] {} No Such Element
[INFO ] 2021-12-26 15:33:52.402 [main] DataProviderXml - appendOrders: [1] {}
[INFO ] 2021-12-26 15:33:52.402 [main] DataProviderXml - stringingDuplicateIdOrder: [1] {}
[INFO ] 2021-12-26 15:33:52.402 [main] DataProviderXml - getOrders: [1] {}
[INFO ] 2021-12-26 15:33:52.402 [main] DataProviderXml - readXmlOrder: [1] {}
[INFO ] 2021-12-26 15:33:52.404 [main] DataProviderXml - readXmlOrder: [3] {}
[INFO ] 2021-12-26 15:33:52.404 [main] DataProviderXml - getOrders: [3] {}
[INFO ] 2021-12-26 15:33:52.404 [main] DataProviderXml - getOrders: [1] {}
[INFO ] 2021-12-26 15:33:52.404 [main] DataProviderXml - readXmlOrder: [1] {}
[INFO ] 2021-12-26 15:33:52.408 [main] DataProviderXml - readXmlOrder: [3] {}
[INFO ] 2021-12-26 15:33:52.408 [main] DataProviderXml - getOrders: [3] {}
[INFO ] 2021-12-26 15:33:52.409 [main] DataProviderXml - stringingDuplicateIdOrder: [2] {}
[INFO ] 2021-12-26 15:33:52.409 [main] DataProviderXml - writeXmlOrder: [1] {}
[INFO ] 2021-12-26 15:33:52.431 [main] DataProviderXml - writeXmlOrder: [3] {}
[INFO ] 2021-12-26 15:33:52.432 [main] DataProviderXml - appendOrders: [3] {}
[INFO ] 2021-12-26 15:33:52.432 [main] DataProviderXml - updateOrders: [3] {}
[INFO ] 2021-12-26 15:34:10.359 [main] DataProviderXml - updateOrders: [1] {}
[INFO ] 2021-12-26 15:34:10.363 [main] DataProviderXml - getUsers: [1] {}
[INFO ] 2021-12-26 15:34:10.363 [main] DataProviderXml - readXml: [1] {}
[INFO ] 2021-12-26 15:34:10.462 [main] DataProviderXml - readXml: [3] {}
[ERROR] 2021-12-26 15:34:10.463 [main] DataProviderXml - getUsers: [2] {} Cannot invoke "java.util.Collection.toArray()" because "c" is null
[INFO ] 2021-12-26 15:34:10.466 [main] DataProviderXml - getUsers: [3] {}
[INFO ] 2021-12-26 15:34:10.467 [main] DataProviderXml - isIdInDataOrder: [1] {}
[INFO ] 2021-12-26 15:34:10.467 [main] DataProviderXml - getOrders: [1] {}
[INFO ] 2021-12-26 15:34:10.467 [main] DataProviderXml - readXmlOrder: [1] {}
[INFO ] 2021-12-26 15:34:10.469 [main] DataProviderXml - readXmlOrder: [3] {}
[INFO ] 2021-12-26 15:34:10.470 [main] DataProviderXml - getOrders: [3] {}
[INFO ] 2021-12-26 15:34:10.470 [main] DataProviderXml - isIdInDataOrder: [2] {} Element is found
[INFO ] 2021-12-26 15:34:10.472 [main] DataProviderXml - updateOrders: [2] {} No value present
[INFO ] 2021-12-26 15:34:10.473 [main] DataProviderXml - updateOrders: [3] {}
[INFO ] 2021-12-26 15:37:43.321 [main] DataProviderXml - updateOrders: [1] {}
[INFO ] 2021-12-26 15:37:43.325 [main] DataProviderXml - getOrders: [1] {}
[INFO ] 2021-12-26 15:37:43.325 [main] DataProviderXml - readXmlOrder: [1] {}
[INFO ] 2021-12-26 15:37:43.460 [main] DataProviderXml - readXmlOrder: [3] {}
[INFO ] 2021-12-26 15:37:43.460 [main] DataProviderXml - getOrders: [3] {}
[INFO ] 2021-12-26 15:37:43.460 [main] DataProviderXml - isIdInDataOrder: [1] {}
[INFO ] 2021-12-26 15:37:43.460 [main] DataProviderXml - getOrders: [1] {}
[INFO ] 2021-12-26 15:37:43.461 [main] DataProviderXml - readXmlOrder: [1] {}
[INFO ] 2021-12-26 15:37:43.463 [main] DataProviderXml - readXmlOrder: [3] {}
[INFO ] 2021-12-26 15:37:43.463 [main] DataProviderXml - getOrders: [3] {}
[INFO ] 2021-12-26 15:37:43.466 [main] DataProviderXml - isIdInDataOrder: [2] {} Element is found
[INFO ] 2021-12-26 15:37:43.468 [main] HistoryContent - putOrderHistory: [1] {}
[INFO ] 2021-12-26 15:37:43.823 [main] HistoryContent - putOrderHistory: [2] {}
[INFO ] 2021-12-26 15:37:45.274 [main] DataProviderXml - appendOrders: [1] {}
[INFO ] 2021-12-26 15:37:45.274 [main] DataProviderXml - stringingDuplicateIdOrder: [1] {}
[INFO ] 2021-12-26 15:37:45.275 [main] DataProviderXml - getOrders: [1] {}
[INFO ] 2021-12-26 15:37:45.275 [main] DataProviderXml - readXmlOrder: [1] {}
[INFO ] 2021-12-26 15:37:45.284 [main] DataProviderXml - readXmlOrder: [3] {}
[INFO ] 2021-12-26 15:37:45.284 [main] DataProviderXml - getOrders: [3] {}
[INFO ] 2021-12-26 15:37:45.284 [main] DataProviderXml - getOrders: [1] {}
[INFO ] 2021-12-26 15:37:45.284 [main] DataProviderXml - readXmlOrder: [1] {}
[INFO ] 2021-12-26 15:37:45.295 [main] DataProviderXml - readXmlOrder: [3] {}
[INFO ] 2021-12-26 15:37:45.295 [main] DataProviderXml - getOrders: [3] {}
[INFO ] 2021-12-26 15:37:45.297 [main] DataProviderXml - stringingDuplicateIdOrder: [2] {}
[INFO ] 2021-12-26 15:37:45.297 [main] DataProviderXml - writeXmlOrder: [1] {}
[INFO ] 2021-12-26 15:37:45.335 [main] DataProviderXml - writeXmlOrder: [3] {}
[INFO ] 2021-12-26 15:37:45.335 [main] DataProviderXml - appendOrders: [3] {}
[INFO ] 2021-12-26 15:37:45.338 [main] DataProviderXml - updateOrders: [3] {}
[INFO ] 2021-12-26 15:38:06.940 [main] DataProviderXml - updateOrders: [1] {}
[INFO ] 2021-12-26 15:38:06.947 [main] DataProviderXml - getOrders: [1] {}
[INFO ] 2021-12-26 15:38:06.947 [main] DataProviderXml - readXmlOrder: [1] {}
[INFO ] 2021-12-26 15:38:07.063 [main] DataProviderXml - readXmlOrder: [3] {}
[INFO ] 2021-12-26 15:38:07.064 [main] DataProviderXml - getOrders: [3] {}
[INFO ] 2021-12-26 15:38:07.064 [main] DataProviderXml - updateOrders: [2] {} Cannot invoke "project.model.Order.getOrderId()" because "order" is null
[INFO ] 2021-12-26 15:38:07.067 [main] DataProviderXml - updateOrders: [3] {}
