[INFO ] 2021-12-25 18:16:53.349 [main] DataProviderH2 - h2ToMeddicineList: [4] {}
[INFO ] 2021-12-25 18:16:53.357 [main] DataProviderH2 - closeConnection: [1] {}
[INFO ] 2021-12-25 18:16:53.376 [main] DataProviderH2 - readMeddicinesFromH2M: [2] {}
[INFO ] 2021-12-25 18:16:53.377 [main] DataProviderH2 - readFromH2: [4] {}
[INFO ] 2021-12-25 18:16:53.377 [main] DataProviderH2 - getMeddicines: [2] {}
[INFO ] 2021-12-25 18:16:53.377 [main] DataProviderH2 - getMeddicines: [4] {}
[INFO ] 2021-12-25 18:16:53.378 [main] DataProviderH2 - searchMeddicineByName [2] {}
[INFO ] 2021-12-25 18:16:53.378 [main] DataProviderH2 - searchMedicalDeviceByName [1] {}
[INFO ] 2021-12-25 18:16:53.378 [main] DataProviderH2 - getMedicalDevices: [1] {}
[INFO ] 2021-12-25 18:16:53.379 [main] DataProviderH2 - readMedicalDeviceFromH2M: [1] {}
[INFO ] 2021-12-25 18:16:53.379 [main] DataProviderH2 - connection: [1] {}
[INFO ] 2021-12-25 18:16:53.395 [main] DataProviderH2 - connection: [2] {}
[INFO ] 2021-12-25 18:16:53.396 [main] DataProviderH2 - connection: [4] {}
[INFO ] 2021-12-25 18:16:53.396 [main] DataProviderH2 - h2ToMedicalDeviceList: [1] {}
[INFO ] 2021-12-25 18:16:53.399 [main] DataProviderH2 - h2ToMedicalDeviceList: [2] {}
[INFO ] 2021-12-25 18:16:53.399 [main] DataProviderH2 - h2ToMedicalDeviceList: [4] {}
[INFO ] 2021-12-25 18:16:53.399 [main] DataProviderH2 - closeConnection: [1] {}
[INFO ] 2021-12-25 18:16:53.415 [main] DataProviderH2 - readMedicalDeviceFromH2M: [2] {}
[INFO ] 2021-12-25 18:16:53.416 [main] DataProviderH2 - readMedicalDeviceFromH2M: [4] {}
[INFO ] 2021-12-25 18:16:53.416 [main] DataProviderH2 - getMedicalDevices: [2] {}
[INFO ] 2021-12-25 18:16:53.416 [main] DataProviderH2 - getMedicalDevices: [4] {}
[INFO ] 2021-12-25 18:16:53.416 [main] DataProviderH2 - searchMedicalDeviceByName [2] {}
[INFO ] 2021-12-25 18:16:53.417 [main] DataProviderH2 - searchPharmacyProductByName [5] {}
[INFO ] 2021-12-25 18:17:24.817 [main] DataProviderH2 - getMeddicineByBarcode: [1] {}
[INFO ] 2021-12-25 18:17:24.820 [main] DataProviderH2 - connection: [1] {}
[INFO ] 2021-12-25 18:17:25.094 [main] DataProviderH2 - connection: [2] {}
[INFO ] 2021-12-25 18:17:25.094 [main] DataProviderH2 - connection: [4] {}
[INFO ] 2021-12-25 18:17:25.095 [main] DataProviderH2 - h2ToMeddicineList: [1] {}
[INFO ] 2021-12-25 18:17:25.097 [main] DataProviderH2 - h2ToMeddicineList: [2] {}
[INFO ] 2021-12-25 18:17:25.098 [main] DataProviderH2 - h2ToMeddicineList: [4] {}
[INFO ] 2021-12-25 18:17:25.098 [main] DataProviderH2 - closeConnection: [1] {}
[INFO ] 2021-12-25 18:17:25.118 [main] DataProviderH2 - getMeddicineByBarcode: [2] {}
[INFO ] 2021-12-25 18:18:43.239 [main] DataProviderH2 - getMeddicineByBarcode: [1] {}
[INFO ] 2021-12-25 18:18:43.246 [main] DataProviderH2 - connection: [1] {}
[INFO ] 2021-12-25 18:18:43.509 [main] DataProviderH2 - connection: [2] {}
[INFO ] 2021-12-25 18:18:43.509 [main] DataProviderH2 - connection: [4] {}
[INFO ] 2021-12-25 18:18:43.510 [main] DataProviderH2 - h2ToMeddicineList: [1] {}
[INFO ] 2021-12-25 18:18:43.512 [main] DataProviderH2 - h2ToMeddicineList: [2] {}
[INFO ] 2021-12-25 18:18:43.512 [main] DataProviderH2 - h2ToMeddicineList: [4] {}
[INFO ] 2021-12-25 18:18:43.512 [main] DataProviderH2 - closeConnection: [1] {}
[INFO ] 2021-12-25 18:18:43.532 [main] DataProviderH2 - getMeddicineByBarcode: [2] {}
[INFO ] 2021-12-25 18:26:54.085 [main] DataProviderXml - getMeddicineByBarcode: [1] {}
[INFO ] 2021-12-25 18:26:54.091 [main] DataProviderXml - getMeddicines: [1] {}
[INFO ] 2021-12-25 18:26:54.092 [main] DataProviderXml - readXmlMedicine: [1] {}
[ERROR] 2021-12-25 18:26:54.121 [main] DataProviderXml - readXmlMedicine: [2] {}jdbc:h2:C:\Users\zadro\IdeaProjects\ru.sfedu.searchOfMeddicine\src\main\resources\H2.mv.db\pharmacyAplication (Синтаксическая ошибка в имени файла, имени папки или метке тома)
[INFO ] 2021-12-25 18:26:54.123 [main] DataProviderXml - readXmlMedicine: [3] {}
[INFO ] 2021-12-25 18:26:54.124 [main] DataProviderXml - getMeddicines: [3] {}
[INFO ] 2021-12-25 18:26:54.124 [main] DataProviderXml - isIdInDataMedicine: [1] {}
[INFO ] 2021-12-25 18:26:54.124 [main] DataProviderXml - getMeddicines: [1] {}
[INFO ] 2021-12-25 18:26:54.124 [main] DataProviderXml - readXmlMedicine: [1] {}
[ERROR] 2021-12-25 18:26:54.125 [main] DataProviderXml - readXmlMedicine: [2] {}jdbc:h2:C:\Users\zadro\IdeaProjects\ru.sfedu.searchOfMeddicine\src\main\resources\H2.mv.db\pharmacyAplication (Синтаксическая ошибка в имени файла, имени папки или метке тома)
[INFO ] 2021-12-25 18:26:54.126 [main] DataProviderXml - readXmlMedicine: [3] {}
[INFO ] 2021-12-25 18:26:54.126 [main] DataProviderXml - getMeddicines: [3] {}
[INFO ] 2021-12-25 18:26:54.129 [main] DataProviderXml - isIdInDataMedicine: [3] {} No Such Element
[INFO ] 2021-12-25 18:26:54.129 [main] DataProviderXml - getMeddicineByBarcode: [2] {} No Such Element
[INFO ] 2021-12-25 18:26:54.130 [main] DataProviderXml - getUserById: [4] {}
[INFO ] 2021-12-25 18:26:54.130 [main] DataProviderXml - getTheAnaloguesOfMedicine [1] {}
[INFO ] 2021-12-25 18:26:54.130 [main] DataProviderXml - getTheAnaloguesOfMedicine [4] {}
[INFO ] 2021-12-25 18:27:10.578 [main] DataProviderH2 - getMeddicineByBarcode: [1] {}
[INFO ] 2021-12-25 18:27:10.582 [main] DataProviderH2 - connection: [1] {}
[INFO ] 2021-12-25 18:27:10.859 [main] DataProviderH2 - connection: [2] {}
[INFO ] 2021-12-25 18:27:10.859 [main] DataProviderH2 - connection: [4] {}
[INFO ] 2021-12-25 18:27:10.860 [main] DataProviderH2 - h2ToMeddicineList: [1] {}
[INFO ] 2021-12-25 18:27:10.862 [main] DataProviderH2 - h2ToMeddicineList: [2] {}
[INFO ] 2021-12-25 18:27:10.862 [main] DataProviderH2 - h2ToMeddicineList: [4] {}
[INFO ] 2021-12-25 18:27:10.862 [main] DataProviderH2 - closeConnection: [1] {}
[INFO ] 2021-12-25 18:27:10.877 [main] DataProviderH2 - getMeddicineByBarcode: [2] {}
[INFO ] 2021-12-25 18:31:37.519 [main] Barcode - readBarcode[1] {}
[INFO ] 2021-12-25 18:31:38.044 [main] Barcode - readBarcode[2] {}
[INFO ] 2021-12-25 18:31:38.045 [main] Barcode - readBarcode[3] {}
[INFO ] 2021-12-25 18:31:38.045 [main] DataProviderH2 - getTheAnaloguesOfMedicine [1] {}
[INFO ] 2021-12-25 18:31:38.046 [main] DataProviderH2 - getMeddicines: [1] {}
[INFO ] 2021-12-25 18:31:38.047 [main] DataProviderH2 - readMeddicinesFromH2M: [1] {}
[INFO ] 2021-12-25 18:31:38.047 [main] DataProviderH2 - connection: [1] {}
[INFO ] 2021-12-25 18:31:38.269 [main] DataProviderH2 - connection: [2] {}
[INFO ] 2021-12-25 18:31:38.269 [main] DataProviderH2 - connection: [4] {}
[INFO ] 2021-12-25 18:31:38.270 [main] DataProviderH2 - h2ToMeddicineList: [1] {}
[INFO ] 2021-12-25 18:31:38.271 [main] DataProviderH2 - h2ToMeddicineList: [2] {}
[INFO ] 2021-12-25 18:31:38.271 [main] DataProviderH2 - h2ToMeddicineList: [4] {}
[INFO ] 2021-12-25 18:31:38.271 [main] DataProviderH2 - closeConnection: [1] {}
[INFO ] 2021-12-25 18:31:38.299 [main] DataProviderH2 - readMeddicinesFromH2M: [2] {}
[INFO ] 2021-12-25 18:31:38.299 [main] DataProviderH2 - readFromH2: [4] {}
[INFO ] 2021-12-25 18:31:38.299 [main] DataProviderH2 - getMeddicines: [2] {}
[INFO ] 2021-12-25 18:31:38.300 [main] DataProviderH2 - getMeddicines: [4] {}
[INFO ] 2021-12-25 18:31:38.300 [main] DataProviderH2 - getTheAnaloguesOfMedicine [2] {}
[INFO ] 2021-12-25 18:31:38.300 [main] DataProviderH2 - getTheAnaloguesOfMedicine [4] {}
[INFO ] 2021-12-25 18:32:09.232 [main] Barcode - readBarcode[1] {}
[INFO ] 2021-12-25 18:32:09.389 [main] Barcode - readBarcode[2] {}
[INFO ] 2021-12-25 18:32:09.389 [main] Barcode - readBarcode[3] {}
[INFO ] 2021-12-25 18:32:09.389 [main] DataProviderH2 - getTheAnaloguesOfMedicine [1] {}
[INFO ] 2021-12-25 18:32:09.390 [main] DataProviderH2 - getMeddicines: [1] {}
[INFO ] 2021-12-25 18:32:09.391 [main] DataProviderH2 - readMeddicinesFromH2M: [1] {}
[INFO ] 2021-12-25 18:32:09.391 [main] DataProviderH2 - connection: [1] {}
[INFO ] 2021-12-25 18:32:09.640 [main] DataProviderH2 - connection: [2] {}
[INFO ] 2021-12-25 18:32:09.640 [main] DataProviderH2 - connection: [4] {}
[INFO ] 2021-12-25 18:32:09.641 [main] DataProviderH2 - h2ToMeddicineList: [1] {}
[INFO ] 2021-12-25 18:32:09.641 [main] DataProviderH2 - h2ToMeddicineList: [2] {}
[INFO ] 2021-12-25 18:32:09.641 [main] DataProviderH2 - h2ToMeddicineList: [4] {}
[INFO ] 2021-12-25 18:32:09.642 [main] DataProviderH2 - closeConnection: [1] {}
[INFO ] 2021-12-25 18:32:09.668 [main] DataProviderH2 - readMeddicinesFromH2M: [2] {}
[INFO ] 2021-12-25 18:32:09.668 [main] DataProviderH2 - readFromH2: [4] {}
[INFO ] 2021-12-25 18:32:09.668 [main] DataProviderH2 - getMeddicines: [2] {}
[INFO ] 2021-12-25 18:32:09.668 [main] DataProviderH2 - getMeddicines: [4] {}
[INFO ] 2021-12-25 18:32:09.669 [main] DataProviderH2 - getTheAnaloguesOfMedicine [2] {}
[INFO ] 2021-12-25 18:32:09.669 [main] DataProviderH2 - getTheAnaloguesOfMedicine [4] {}
[INFO ] 2021-12-25 18:32:26.435 [main] DataProviderXml - getTheAnaloguesOfMedicine [1] {}
[INFO ] 2021-12-25 18:32:26.439 [main] DataProviderXml - getTheAnaloguesOfMedicine [4] {}
[INFO ] 2021-12-25 18:33:24.800 [main] DataProviderH2 - getTheAnaloguesOfMedicine [1] {}
[INFO ] 2021-12-25 18:33:24.804 [main] DataProviderH2 - getTheAnaloguesOfMedicine [4] {}
[INFO ] 2021-12-25 18:33:46.951 [main] DataProviderH2 - getTheAnaloguesByBarcode [1] {}
[INFO ] 2021-12-25 18:33:46.957 [main] DataProviderH2 - getMeddicineByBarcode: [1] {}
[INFO ] 2021-12-25 18:33:46.957 [main] DataProviderH2 - connection: [1] {}
[INFO ] 2021-12-25 18:33:47.207 [main] DataProviderH2 - connection: [2] {}
[INFO ] 2021-12-25 18:33:47.207 [main] DataProviderH2 - connection: [4] {}
[INFO ] 2021-12-25 18:33:47.208 [main] DataProviderH2 - h2ToMeddicineList: [1] {}
[INFO ] 2021-12-25 18:33:47.211 [main] DataProviderH2 - h2ToMeddicineList: [2] {}
[INFO ] 2021-12-25 18:33:47.211 [main] DataProviderH2 - h2ToMeddicineList: [4] {}
[INFO ] 2021-12-25 18:33:47.211 [main] DataProviderH2 - closeConnection: [1] {}
[INFO ] 2021-12-25 18:33:47.232 [main] DataProviderH2 - getMeddicineByBarcode: [2] {}
