[INFO ] 2021-12-24 15:08:37.252 [main] DataProviderCsv - getUsers: [1] {}
[INFO ] 2021-12-24 15:08:37.266 [main] DataProviderCsv - readCsv: [1] {}
[INFO ] 2021-12-24 15:08:37.277 [main] DataProviderCsv - readCsv: [3] {}
[INFO ] 2021-12-24 15:08:37.277 [main] DataProviderCsv - getUsers: [3] {}
[INFO ] 2021-12-24 15:08:37.277 [main] DataProviderCsv - isIdInData: [2] {} Element is found
[INFO ] 2021-12-24 15:08:37.278 [main] DataProviderCsv - getUserById: [4] {}
[INFO ] 2021-12-24 15:08:37.278 [main] DataProviderCsv - updateUsers: [1] {}
[INFO ] 2021-12-24 15:08:37.279 [main] DataProviderCsv - getUsers: [1] {}
[INFO ] 2021-12-24 15:08:37.279 [main] DataProviderCsv - readCsv: [1] {}
[INFO ] 2021-12-24 15:08:37.286 [main] DataProviderCsv - readCsv: [3] {}
[INFO ] 2021-12-24 15:08:37.288 [main] DataProviderCsv - getUsers: [3] {}
[INFO ] 2021-12-24 15:08:37.288 [main] DataProviderCsv - isIdInData: [1] {}
[INFO ] 2021-12-24 15:08:37.288 [main] DataProviderCsv - getUsers: [1] {}
[INFO ] 2021-12-24 15:08:37.288 [main] DataProviderCsv - readCsv: [1] {}
[INFO ] 2021-12-24 15:08:37.301 [main] DataProviderCsv - readCsv: [3] {}
[INFO ] 2021-12-24 15:08:37.301 [main] DataProviderCsv - getUsers: [3] {}
[INFO ] 2021-12-24 15:08:37.301 [main] DataProviderCsv - isIdInData: [2] {} Element is found
[INFO ] 2021-12-24 15:08:37.302 [main] HistoryContent - putUserHistory: [1] {}
[INFO ] 2021-12-24 15:08:37.329 [main] HistoryContent - putUserHistory: [2] {}
[INFO ] 2021-12-24 15:08:38.004 [main] DataProviderCsv - appendUsers: [1] {}
[INFO ] 2021-12-24 15:08:38.004 [main] DataProviderCsv - stringingDuplicateId: [1] {}
[INFO ] 2021-12-24 15:08:38.004 [main] DataProviderCsv - getUsers: [1] {}
[INFO ] 2021-12-24 15:08:38.004 [main] DataProviderCsv - readCsv: [1] {}
[INFO ] 2021-12-24 15:08:38.014 [main] DataProviderCsv - readCsv: [3] {}
[INFO ] 2021-12-24 15:08:38.015 [main] DataProviderCsv - getUsers: [3] {}
[INFO ] 2021-12-24 15:08:38.015 [main] DataProviderCsv - getUsers: [1] {}
[INFO ] 2021-12-24 15:08:38.015 [main] DataProviderCsv - readCsv: [1] {}
[INFO ] 2021-12-24 15:08:38.027 [main] DataProviderCsv - readCsv: [3] {}
[INFO ] 2021-12-24 15:08:38.027 [main] DataProviderCsv - getUsers: [3] {}
[INFO ] 2021-12-24 15:08:38.029 [main] DataProviderCsv - stringingDuplicateId: [2] {}
[INFO ] 2021-12-24 15:08:38.030 [main] DataProviderCsv - writeCsv: [1] {}
[INFO ] 2021-12-24 15:08:38.041 [main] DataProviderCsv - writeCsv: [3] {}
[INFO ] 2021-12-24 15:08:38.041 [main] DataProviderCsv - appendUsers: [5] {}
[INFO ] 2021-12-24 15:08:38.042 [main] DataProviderCsv - updateUsers: [3] {}
[INFO ] 2021-12-24 15:08:38.046 [main] DataProviderCsv - getMedicalDeviceByBarcode: [1] {}
[INFO ] 2021-12-24 15:08:38.047 [main] DataProviderCsv - getMedicalDevices: [1] {}
[INFO ] 2021-12-24 15:08:38.047 [main] DataProviderCsv - readCsvMedicalDevice: [1] {}
[INFO ] 2021-12-24 15:08:38.058 [main] DataProviderCsv - readCsvMedicalDevice: [3] {}
[INFO ] 2021-12-24 15:08:38.059 [main] DataProviderCsv - getMedicalDevices: [3] {}
[INFO ] 2021-12-24 15:08:38.059 [main] DataProviderCsv - isIdInDataMedicalDevice: [1] {}
[INFO ] 2021-12-24 15:08:38.059 [main] DataProviderCsv - getMedicalDevices: [1] {}
[INFO ] 2021-12-24 15:08:38.059 [main] DataProviderCsv - readCsvMedicalDevice: [1] {}
[INFO ] 2021-12-24 15:08:38.067 [main] DataProviderCsv - readCsvMedicalDevice: [3] {}
[INFO ] 2021-12-24 15:08:38.067 [main] DataProviderCsv - getMedicalDevices: [3] {}
[INFO ] 2021-12-24 15:08:38.067 [main] DataProviderCsv - isIdInDataMedicalDevice: [2] {} Element is found
[INFO ] 2021-12-24 15:08:38.068 [main] DataProviderCsv - getMedicalDeviceByBarcode: [4] {}
[INFO ] 2021-12-24 15:08:38.081 [main] DataProviderCsv - getMedicalDeviceByBarcode: [1] {}
[INFO ] 2021-12-24 15:08:38.081 [main] DataProviderCsv - getMedicalDevices: [1] {}
[INFO ] 2021-12-24 15:08:38.083 [main] DataProviderCsv - readCsvMedicalDevice: [1] {}
[INFO ] 2021-12-24 15:08:38.090 [main] DataProviderCsv - readCsvMedicalDevice: [3] {}
[INFO ] 2021-12-24 15:08:38.090 [main] DataProviderCsv - getMedicalDevices: [3] {}
[INFO ] 2021-12-24 15:08:38.091 [main] DataProviderCsv - isIdInDataMedicalDevice: [1] {}
[INFO ] 2021-12-24 15:08:38.091 [main] DataProviderCsv - getMedicalDevices: [1] {}
[INFO ] 2021-12-24 15:08:38.091 [main] DataProviderCsv - readCsvMedicalDevice: [1] {}
[INFO ] 2021-12-24 15:08:38.098 [main] DataProviderCsv - readCsvMedicalDevice: [3] {}
[INFO ] 2021-12-24 15:08:38.099 [main] DataProviderCsv - getMedicalDevices: [3] {}
[INFO ] 2021-12-24 15:08:38.099 [main] DataProviderCsv - isIdInDataMedicalDevice: [3] {} No Such Element
[INFO ] 2021-12-24 15:08:38.099 [main] DataProviderCsv - getMedicalDeviceByBarcode: [2] {}
[INFO ] 2021-12-24 15:08:38.102 [main] DataProviderCsv - getMedicalDeviceByBarcode: [4] {}
[INFO ] 2021-12-24 15:08:38.106 [main] DataProviderCsv - appendUsers: [1] {}
[INFO ] 2021-12-24 15:08:38.107 [main] DataProviderCsv - stringingDuplicateId: [1] {}
[INFO ] 2021-12-24 15:08:38.107 [main] DataProviderCsv - getUsers: [1] {}
[INFO ] 2021-12-24 15:08:38.107 [main] DataProviderCsv - readCsv: [1] {}
[INFO ] 2021-12-24 15:08:38.115 [main] DataProviderCsv - readCsv: [3] {}
[INFO ] 2021-12-24 15:08:38.115 [main] DataProviderCsv - getUsers: [3] {}
[INFO ] 2021-12-24 15:08:38.115 [main] DataProviderCsv - getUsers: [1] {}
[INFO ] 2021-12-24 15:08:38.116 [main] DataProviderCsv - readCsv: [1] {}
[INFO ] 2021-12-24 15:08:38.124 [main] DataProviderCsv - readCsv: [3] {}
[INFO ] 2021-12-24 15:08:38.124 [main] DataProviderCsv - getUsers: [3] {}
[INFO ] 2021-12-24 15:08:38.124 [main] DataProviderCsv - stringingDuplicateId: [2] {}
[INFO ] 2021-12-24 15:08:38.125 [main] DataProviderCsv - writeCsv: [1] {}
[INFO ] 2021-12-24 15:08:38.139 [main] DataProviderCsv - writeCsv: [3] {}
[INFO ] 2021-12-24 15:08:38.139 [main] DataProviderCsv - appendUsers: [5] {}
[INFO ] 2021-12-24 15:08:38.143 [main] DataProviderCsv - appendUsers: [1] {}
[INFO ] 2021-12-24 15:08:38.143 [main] DataProviderCsv - stringingDuplicateId: [1] {}
[INFO ] 2021-12-24 15:08:38.143 [main] DataProviderCsv - getUsers: [1] {}
[INFO ] 2021-12-24 15:08:38.144 [main] DataProviderCsv - readCsv: [1] {}
[INFO ] 2021-12-24 15:08:38.150 [main] DataProviderCsv - readCsv: [3] {}
[INFO ] 2021-12-24 15:08:38.150 [main] DataProviderCsv - getUsers: [3] {}
[INFO ] 2021-12-24 15:08:38.150 [main] DataProviderCsv - getUsers: [1] {}
[INFO ] 2021-12-24 15:08:38.150 [main] DataProviderCsv - readCsv: [1] {}
[INFO ] 2021-12-24 15:08:38.155 [main] DataProviderCsv - readCsv: [3] {}
[INFO ] 2021-12-24 15:08:38.155 [main] DataProviderCsv - getUsers: [3] {}
[INFO ] 2021-12-24 15:08:38.155 [main] DataProviderCsv - stringingDuplicateId: [2] {}
[INFO ] 2021-12-24 15:08:38.155 [main] DataProviderCsv - writeCsv: [1] {}
[INFO ] 2021-12-24 15:08:38.160 [main] DataProviderCsv - writeCsv: [3] {}
[INFO ] 2021-12-24 15:08:38.160 [main] DataProviderCsv - appendUsers: [5] {}
[INFO ] 2021-12-24 15:08:38.160 [main] DataProviderCsv - getUsers: [1] {}
[INFO ] 2021-12-24 15:08:38.160 [main] DataProviderCsv - readCsv: [1] {}
[INFO ] 2021-12-24 15:08:38.164 [main] DataProviderCsv - readCsv: [3] {}
[INFO ] 2021-12-24 15:08:38.164 [main] DataProviderCsv - getUsers: [3] {}
[INFO ] 2021-12-24 15:08:38.164 [main] DataProviderCsv - getUsers: [1] {}
[INFO ] 2021-12-24 15:08:38.164 [main] DataProviderCsv - readCsv: [1] {}
[INFO ] 2021-12-24 15:08:38.168 [main] DataProviderCsv - readCsv: [3] {}
[INFO ] 2021-12-24 15:08:38.168 [main] DataProviderCsv - getUsers: [3] {}
[INFO ] 2021-12-24 15:08:38.176 [main] Barcode - readBarcode[1] {}
[INFO ] 2021-12-24 15:08:38.246 [main] Barcode - readBarcode[2] {}
[INFO ] 2021-12-24 15:08:38.246 [main] Barcode - readBarcode[3] {}
[INFO ] 2021-12-24 15:08:38.246 [main] Barcode - readBarcode[1] {}
[INFO ] 2021-12-24 15:08:38.303 [main] Barcode - readBarcode[2] {}
[INFO ] 2021-12-24 15:08:38.303 [main] Barcode - readBarcode[3] {}
[INFO ] 2021-12-24 15:08:38.303 [main] DataProviderCsv - writeCsvMedicine: [1] {}
[INFO ] 2021-12-24 15:08:38.307 [main] DataProviderCsv - writeCsvMedicine: [3] {}
[INFO ] 2021-12-24 15:08:38.308 [main] DataProviderCsv - deleteMeddicineByBarcode: [1] {}
[INFO ] 2021-12-24 15:08:38.308 [main] DataProviderCsv - getMeddicines: [1] {}
[INFO ] 2021-12-24 15:08:38.308 [main] DataProviderCsv - readCsvMedicine: [1] {}
[INFO ] 2021-12-24 15:08:38.312 [main] DataProviderCsv - readCsvMedicine: [3] {}
[INFO ] 2021-12-24 15:08:38.313 [main] DataProviderCsv - getMeddicines: [3] {}
[INFO ] 2021-12-24 15:08:38.313 [main] DataProviderCsv - isIdInDataMedicine: [1] {}
[INFO ] 2021-12-24 15:08:38.313 [main] DataProviderCsv - getMeddicines: [1] {}
[INFO ] 2021-12-24 15:08:38.313 [main] DataProviderCsv - readCsvMedicine: [1] {}
[INFO ] 2021-12-24 15:08:38.316 [main] DataProviderCsv - readCsvMedicine: [3] {}
[INFO ] 2021-12-24 15:08:38.316 [main] DataProviderCsv - getMeddicines: [3] {}
[INFO ] 2021-12-24 15:08:38.316 [main] DataProviderCsv - isIdInDataMedicine: [2] {} Element is found
[INFO ] 2021-12-24 15:08:38.317 [main] HistoryContent - putMeddicineHistory: [1] {}
[INFO ] 2021-12-24 15:08:38.342 [main] HistoryContent - putMeddicineHistory: [2] {}
[INFO ] 2021-12-24 15:08:39.004 [main] DataProviderCsv - writeCsvMedicine: [1] {}
[INFO ] 2021-12-24 15:08:39.005 [main] DataProviderCsv - writeCsvMedicine: [3] {}
[INFO ] 2021-12-24 15:08:39.006 [main] DataProviderCsv - deleteMeddicineByBarcode: [3] {}
[INFO ] 2021-12-24 15:08:39.010 [main] DataProviderCsv - updateUsers: [1] {}
[INFO ] 2021-12-24 15:08:39.010 [main] DataProviderCsv - getUsers: [1] {}
[INFO ] 2021-12-24 15:08:39.010 [main] DataProviderCsv - readCsv: [1] {}
[INFO ] 2021-12-24 15:08:39.021 [main] DataProviderCsv - readCsv: [3] {}
[INFO ] 2021-12-24 15:08:39.021 [main] DataProviderCsv - getUsers: [3] {}
[INFO ] 2021-12-24 15:08:39.021 [main] DataProviderCsv - isIdInData: [1] {}
[INFO ] 2021-12-24 15:08:39.022 [main] DataProviderCsv - getUsers: [1] {}
[INFO ] 2021-12-24 15:08:39.022 [main] DataProviderCsv - readCsv: [1] {}
[INFO ] 2021-12-24 15:08:39.043 [main] DataProviderCsv - readCsv: [3] {}
[INFO ] 2021-12-24 15:08:39.044 [main] DataProviderCsv - getUsers: [3] {}
