[INFO ] 2021-12-26 14:34:21.120 [main] HistoryContent - putUserHistory: [2] {}
[INFO ] 2021-12-26 14:34:22.062 [main] DataProviderCsv - appendUsers: [1] {}
[INFO ] 2021-12-26 14:34:22.062 [main] DataProviderCsv - stringingDuplicateId: [1] {}
[INFO ] 2021-12-26 14:34:22.062 [main] DataProviderCsv - getUsers: [1] {}
[INFO ] 2021-12-26 14:34:22.062 [main] DataProviderCsv - readCsv: [1] {}
[INFO ] 2021-12-26 14:34:22.072 [main] DataProviderCsv - readCsv: [3] {}
[INFO ] 2021-12-26 14:34:22.073 [main] DataProviderCsv - getUsers: [3] {}
[INFO ] 2021-12-26 14:34:22.073 [main] DataProviderCsv - getUsers: [1] {}
[INFO ] 2021-12-26 14:34:22.074 [main] DataProviderCsv - readCsv: [1] {}
[INFO ] 2021-12-26 14:34:22.083 [main] DataProviderCsv - readCsv: [3] {}
[INFO ] 2021-12-26 14:34:22.091 [main] DataProviderCsv - getUsers: [3] {}
[INFO ] 2021-12-26 14:34:22.091 [main] DataProviderCsv - stringingDuplicateId: [2] {}
[INFO ] 2021-12-26 14:34:22.091 [main] DataProviderCsv - writeCsv: [1] {}
[INFO ] 2021-12-26 14:34:22.101 [main] DataProviderCsv - writeCsv: [3] {}
[INFO ] 2021-12-26 14:34:22.102 [main] DataProviderCsv - appendUsers: [5] {}
[INFO ] 2021-12-26 14:34:22.102 [main] DataProviderCsv - updateUsers: [3] {}
[INFO ] 2021-12-26 14:34:22.102 [main] DataProviderCsv - getUsers: [1] {}
[INFO ] 2021-12-26 14:34:22.102 [main] DataProviderCsv - readCsv: [1] {}
[INFO ] 2021-12-26 14:34:22.112 [main] DataProviderCsv - readCsv: [3] {}
[INFO ] 2021-12-26 14:34:22.112 [main] DataProviderCsv - getUsers: [3] {}
[INFO ] 2021-12-26 14:34:22.116 [main] Barcode - readBarcode[1] {}
[INFO ] 2021-12-26 14:34:22.283 [main] Barcode - readBarcode[2] {}
[INFO ] 2021-12-26 14:34:22.283 [main] Barcode - readBarcode[3] {}
[INFO ] 2021-12-26 14:34:22.283 [main] Barcode - readBarcode[1] {}
[INFO ] 2021-12-26 14:34:22.359 [main] Barcode - readBarcode[2] {}
[INFO ] 2021-12-26 14:34:22.360 [main] Barcode - readBarcode[3] {}
[INFO ] 2021-12-26 14:34:22.360 [main] Barcode - readBarcode[1] {}
[INFO ] 2021-12-26 14:34:22.512 [main] Barcode - readBarcode[2] {}
[INFO ] 2021-12-26 14:34:22.513 [main] Barcode - readBarcode[3] {}
[INFO ] 2021-12-26 14:34:22.513 [main] DataProviderCsv - appendUsers: [1] {}
[INFO ] 2021-12-26 14:34:22.513 [main] DataProviderCsv - stringingDuplicateId: [1] {}
[INFO ] 2021-12-26 14:34:22.513 [main] DataProviderCsv - getMeddicines: [1] {}
[INFO ] 2021-12-26 14:34:22.513 [main] DataProviderCsv - readCsvMedicine: [1] {}
[INFO ] 2021-12-26 14:34:22.521 [main] DataProviderCsv - readCsvMedicine: [3] {}
[INFO ] 2021-12-26 14:34:22.521 [main] DataProviderCsv - getMeddicines: [3] {}
[INFO ] 2021-12-26 14:34:22.521 [main] DataProviderCsv - writeCsvMedicine: [1] {}
[INFO ] 2021-12-26 14:34:22.532 [main] DataProviderCsv - writeCsvMedicine: [3] {}
[INFO ] 2021-12-26 14:34:22.532 [main] DataProviderCsv - appendUsers: [5] {}
[INFO ] 2021-12-26 14:34:22.535 [main] DataProviderCsv - searchPharmacyProductByCategory [1] {}
[INFO ] 2021-12-26 14:34:22.535 [main] DataProviderCsv - searchPharmacyProductByCategory [1] {}
[INFO ] 2021-12-26 14:34:22.535 [main] DataProviderCsv - getMeddicines: [1] {}
[INFO ] 2021-12-26 14:34:22.535 [main] DataProviderCsv - readCsvMedicine: [1] {}
[INFO ] 2021-12-26 14:34:22.545 [main] DataProviderCsv - readCsvMedicine: [3] {}
[INFO ] 2021-12-26 14:34:22.545 [main] DataProviderCsv - getMeddicines: [3] {}
[INFO ] 2021-12-26 14:34:22.545 [main] DataProviderCsv - searchPharmacyProductByCategory [2] {}
[INFO ] 2021-12-26 14:34:22.545 [main] DataProviderCsv - searchPharmacyProductByCategory [5] {}
[INFO ] 2021-12-26 14:34:22.545 [main] DataProviderCsv - searchPharmacyProductByCategory [7] {}
[INFO ] 2021-12-26 14:34:22.548 [main] DataProviderCsv - appendOrders: [1] {}
[INFO ] 2021-12-26 14:34:22.548 [main] DataProviderCsv - stringingDuplicateIdOrder: [1] {}
[INFO ] 2021-12-26 14:34:22.549 [main] DataProviderCsv - getOrders: [1] {}
[INFO ] 2021-12-26 14:34:22.549 [main] DataProviderCsv - readCsvOrder: [1] {}
[INFO ] 2021-12-26 14:34:22.555 [main] DataProviderCsv - readCsvOrder: [3] {}
[INFO ] 2021-12-26 14:34:22.556 [main] DataProviderCsv - getOrders: [3] {}
[INFO ] 2021-12-26 14:34:22.556 [main] DataProviderCsv - getOrders: [1] {}
[INFO ] 2021-12-26 14:34:22.556 [main] DataProviderCsv - readCsvOrder: [1] {}
[INFO ] 2021-12-26 14:34:22.563 [main] DataProviderCsv - readCsvOrder: [3] {}
[INFO ] 2021-12-26 14:34:22.563 [main] DataProviderCsv - getOrders: [3] {}
[INFO ] 2021-12-26 14:34:22.563 [main] DataProviderCsv - stringingDuplicateIdOrder: [2] {}
[INFO ] 2021-12-26 14:34:22.563 [main] DataProviderCsv - writeCsvOrder: [1] {}
[INFO ] 2021-12-26 14:34:22.578 [main] DataProviderCsv - writeCsvOrder: [2] {}
[INFO ] 2021-12-26 14:34:22.578 [main] DataProviderCsv - writeCsvOrder: [4] {}
[INFO ] 2021-12-26 14:34:22.578 [main] DataProviderCsv - appendOrders: [5] {}
[INFO ] 2021-12-26 14:34:22.581 [main] DataProviderCsv - getMeddicines: [1] {}
[INFO ] 2021-12-26 14:34:22.581 [main] DataProviderCsv - readCsvMedicine: [1] {}
[INFO ] 2021-12-26 14:34:22.589 [main] DataProviderCsv - readCsvMedicine: [3] {}
[INFO ] 2021-12-26 14:34:22.590 [main] DataProviderCsv - getMeddicines: [3] {}
[INFO ] 2021-12-26 14:34:22.614 [main] DataProviderCsv - searchPharmacyProductByName [1] {}
[INFO ] 2021-12-26 14:34:22.614 [main] DataProviderCsv - searchMeddicineByName [1] {}
[INFO ] 2021-12-26 14:34:22.615 [main] DataProviderCsv - getMeddicines: [1] {}
[INFO ] 2021-12-26 14:34:22.615 [main] DataProviderCsv - readCsvMedicine: [1] {}
[INFO ] 2021-12-26 14:34:22.626 [main] DataProviderCsv - readCsvMedicine: [3] {}
[INFO ] 2021-12-26 14:34:22.626 [main] DataProviderCsv - getMeddicines: [3] {}
[INFO ] 2021-12-26 14:34:22.626 [main] DataProviderCsv - searchMeddicineByName [2] {}
[INFO ] 2021-12-26 14:34:22.626 [main] DataProviderCsv - searchMedicalDeviceByName [1] {}
[INFO ] 2021-12-26 14:34:22.626 [main] DataProviderCsv - getMedicalDevices: [1] {}
[INFO ] 2021-12-26 14:34:22.626 [main] DataProviderCsv - readCsvMedicalDevice: [1] {}
[INFO ] 2021-12-26 14:34:22.636 [main] DataProviderCsv - readCsvMedicalDevice: [3] {}
[INFO ] 2021-12-26 14:34:22.637 [main] DataProviderCsv - getMedicalDevices: [3] {}
[INFO ] 2021-12-26 14:34:22.637 [main] DataProviderCsv - searchMedicalDeviceByName [2] {}
[INFO ] 2021-12-26 14:34:22.637 [main] DataProviderCsv - searchPharmacyProductByName [2] {}
[INFO ] 2021-12-26 14:34:22.638 [main] DataProviderCsv - searchPharmacyProductByName [3] {}
[INFO ] 2021-12-26 14:34:22.638 [main] DataProviderCsv - searchPharmacyProductByName [5] {}
[INFO ] 2021-12-26 14:34:22.642 [main] DataProviderCsv - getMeddicineByBarcode: [1] {}
[INFO ] 2021-12-26 14:34:22.642 [main] DataProviderCsv - getMeddicines: [1] {}
[INFO ] 2021-12-26 14:34:22.642 [main] DataProviderCsv - readCsvMedicine: [1] {}
[INFO ] 2021-12-26 14:34:22.653 [main] DataProviderCsv - readCsvMedicine: [3] {}
[INFO ] 2021-12-26 14:34:22.654 [main] DataProviderCsv - getMeddicines: [3] {}
[INFO ] 2021-12-26 14:34:22.654 [main] DataProviderCsv - isIdInDataMedicine: [1] {}
[INFO ] 2021-12-26 14:34:22.654 [main] DataProviderCsv - getMeddicines: [1] {}
[INFO ] 2021-12-26 14:34:22.654 [main] DataProviderCsv - readCsvMedicine: [1] {}
[INFO ] 2021-12-26 14:34:22.666 [main] DataProviderCsv - readCsvMedicine: [3] {}
[INFO ] 2021-12-26 14:34:22.666 [main] DataProviderCsv - getMeddicines: [3] {}
[INFO ] 2021-12-26 14:34:22.666 [main] DataProviderCsv - isIdInDataMedicine: [2] {} Element is found
[INFO ] 2021-12-26 14:34:22.666 [main] DataProviderCsv - getMeddicineByBarcode: [4] {}
[INFO ] 2021-12-26 14:34:22.667 [main] DataProviderCsv - getMeddicineByBarcode: [1] {}
[INFO ] 2021-12-26 14:34:22.667 [main] DataProviderCsv - getMeddicines: [1] {}
[INFO ] 2021-12-26 14:34:22.667 [main] DataProviderCsv - readCsvMedicine: [1] {}
[INFO ] 2021-12-26 14:34:22.678 [main] DataProviderCsv - readCsvMedicine: [3] {}
[INFO ] 2021-12-26 14:34:22.679 [main] DataProviderCsv - getMeddicines: [3] {}
[INFO ] 2021-12-26 14:34:22.679 [main] DataProviderCsv - isIdInDataMedicine: [1] {}
[INFO ] 2021-12-26 14:34:22.679 [main] DataProviderCsv - getMeddicines: [1] {}
[INFO ] 2021-12-26 14:34:22.679 [main] DataProviderCsv - readCsvMedicine: [1] {}
[INFO ] 2021-12-26 14:34:22.690 [main] DataProviderCsv - readCsvMedicine: [3] {}
[INFO ] 2021-12-26 14:34:22.690 [main] DataProviderCsv - getMeddicines: [3] {}
[INFO ] 2021-12-26 14:34:22.690 [main] DataProviderCsv - isIdInDataMedicine: [3] {} No Such Element
[INFO ] 2021-12-26 14:34:22.690 [main] DataProviderCsv - getMeddicineByBarcode: [2] {}
[INFO ] 2021-12-26 14:34:22.690 [main] DataProviderCsv - getMeddicineByBarcode: [4] {}
[INFO ] 2021-12-26 14:34:22.693 [main] DataProviderCsv - getUserById: [1] {}
[INFO ] 2021-12-26 14:34:22.694 [main] DataProviderCsv - getUsers: [1] {}
[INFO ] 2021-12-26 14:34:22.694 [main] DataProviderCsv - readCsv: [1] {}
[INFO ] 2021-12-26 14:34:22.700 [main] DataProviderCsv - readCsv: [3] {}
[INFO ] 2021-12-26 14:34:22.700 [main] DataProviderCsv - getUsers: [3] {}
[INFO ] 2021-12-26 14:34:22.700 [main] DataProviderCsv - isIdInData: [1] {}
[INFO ] 2021-12-26 14:34:22.700 [main] DataProviderCsv - getUsers: [1] {}
[INFO ] 2021-12-26 14:34:22.700 [main] DataProviderCsv - readCsv: [1] {}
[INFO ] 2021-12-26 14:34:22.706 [main] DataProviderCsv - readCsv: [3] {}
[INFO ] 2021-12-26 14:34:22.706 [main] DataProviderCsv - getUsers: [3] {}
[INFO ] 2021-12-26 14:34:22.706 [main] DataProviderCsv - isIdInData: [2] {} Element is found
[INFO ] 2021-12-26 14:34:22.706 [main] DataProviderCsv - getUserById: [4] {}
[INFO ] 2021-12-26 14:34:22.707 [main] DataProviderCsv - getOrders: [1] {}
[INFO ] 2021-12-26 14:34:22.708 [main] DataProviderCsv - readCsvOrder: [1] {}
[INFO ] 2021-12-26 14:34:22.712 [main] DataProviderCsv - readCsvOrder: [3] {}
[INFO ] 2021-12-26 14:34:22.712 [main] DataProviderCsv - getOrders: [3] {}
[INFO ] 2021-12-26 14:37:51.894 [main] DataProviderCsv - searchPharmacyProductByName [1] {}
[INFO ] 2021-12-26 14:37:51.899 [main] DataProviderCsv - searchMeddicineByName [1] {}
[INFO ] 2021-12-26 14:37:51.900 [main] DataProviderCsv - getMeddicines: [1] {}
[INFO ] 2021-12-26 14:37:51.900 [main] DataProviderCsv - readCsvMedicine: [1] {}
