[INFO ] 2021-12-26 15:38:30.726 [main] DataProviderXml - getOrderById: [1] {}
[INFO ] 2021-12-26 15:38:30.741 [main] DataProviderXml - getOrders: [1] {}
[INFO ] 2021-12-26 15:38:30.741 [main] DataProviderXml - readXmlOrder: [1] {}
[INFO ] 2021-12-26 15:38:30.864 [main] DataProviderXml - readXmlOrder: [3] {}
[INFO ] 2021-12-26 15:38:30.865 [main] DataProviderXml - getOrders: [3] {}
[INFO ] 2021-12-26 15:38:30.866 [main] DataProviderXml - isIdInDataOrder: [1] {}
[INFO ] 2021-12-26 15:38:30.866 [main] DataProviderXml - getOrders: [1] {}
[INFO ] 2021-12-26 15:38:30.866 [main] DataProviderXml - readXmlOrder: [1] {}
[INFO ] 2021-12-26 15:38:30.869 [main] DataProviderXml - readXmlOrder: [3] {}
[INFO ] 2021-12-26 15:38:30.869 [main] DataProviderXml - getOrders: [3] {}
[INFO ] 2021-12-26 15:38:30.878 [main] DataProviderXml - isIdInDataOrder: [2] {} Element is found
[INFO ] 2021-12-26 15:38:30.878 [main] DataProviderXml - getOrderById: [4] {}
[INFO ] 2021-12-26 15:38:47.670 [main] DataProviderXml - getOrderById: [1] {}
[INFO ] 2021-12-26 15:38:47.673 [main] DataProviderXml - getOrders: [1] {}
[INFO ] 2021-12-26 15:38:47.673 [main] DataProviderXml - readXmlOrder: [1] {}
[INFO ] 2021-12-26 15:38:47.793 [main] DataProviderXml - readXmlOrder: [3] {}
[INFO ] 2021-12-26 15:38:47.793 [main] DataProviderXml - getOrders: [3] {}
[INFO ] 2021-12-26 15:38:47.793 [main] DataProviderXml - isIdInDataOrder: [1] {}
[INFO ] 2021-12-26 15:38:47.793 [main] DataProviderXml - getOrders: [1] {}
[INFO ] 2021-12-26 15:38:47.793 [main] DataProviderXml - readXmlOrder: [1] {}
[INFO ] 2021-12-26 15:38:47.797 [main] DataProviderXml - readXmlOrder: [3] {}
[INFO ] 2021-12-26 15:38:47.797 [main] DataProviderXml - getOrders: [3] {}
[INFO ] 2021-12-26 15:38:47.799 [main] DataProviderXml - isIdInDataOrder: [3] {} No Such Element
[INFO ] 2021-12-26 15:38:47.801 [main] DataProviderXml - getOrderById: [2] {} No Such Element id = 17
[INFO ] 2021-12-26 15:38:47.802 [main] DataProviderXml - getOrderById: [4] {}
[INFO ] 2021-12-26 15:39:09.380 [main] DataProviderXml - searchPharmacyProductByName [1] {}
[INFO ] 2021-12-26 15:39:09.385 [main] DataProviderXml - searchMeddicineByName [1] {}
[INFO ] 2021-12-26 15:39:09.386 [main] DataProviderXml - getMeddicines: [1] {}
[INFO ] 2021-12-26 15:39:09.387 [main] DataProviderXml - readXmlMedicine: [1] {}
[INFO ] 2021-12-26 15:39:09.570 [main] DataProviderXml - readXmlMedicine: [3] {}
[INFO ] 2021-12-26 15:39:09.570 [main] DataProviderXml - getMeddicines: [3] {}
[INFO ] 2021-12-26 15:39:09.571 [main] DataProviderXml - searchMeddicineByName [2] {}
[INFO ] 2021-12-26 15:39:09.571 [main] DataProviderXml - searchMedicalDeviceByName [1] {}
[INFO ] 2021-12-26 15:39:09.571 [main] DataProviderXml - getMedicalDevices: [1] {}
[INFO ] 2021-12-26 15:39:09.572 [main] DataProviderXml - readXmlMedicalDevice: [1] {}
[INFO ] 2021-12-26 15:39:09.576 [main] DataProviderXml - readXmlMedicine: [3] {}
[INFO ] 2021-12-26 15:39:09.576 [main] DataProviderXml - getMeddicines: [3] {}
[INFO ] 2021-12-26 15:39:09.577 [main] DataProviderXml - searchMedicalDeviceByName [2] {}
[INFO ] 2021-12-26 15:39:09.577 [main] DataProviderXml - searchPharmacyProductByName [5] {}
[INFO ] 2021-12-26 15:40:01.123 [main] DataProviderXml - searchPharmacyProductByName [1] {}
[INFO ] 2021-12-26 15:40:01.127 [main] DataProviderXml - searchMeddicineByName [1] {}
[INFO ] 2021-12-26 15:40:01.128 [main] DataProviderXml - getMeddicines: [1] {}
[INFO ] 2021-12-26 15:40:01.129 [main] DataProviderXml - readXmlMedicine: [1] {}
[INFO ] 2021-12-26 15:40:01.249 [main] DataProviderXml - readXmlMedicine: [3] {}
[INFO ] 2021-12-26 15:40:01.249 [main] DataProviderXml - getMeddicines: [3] {}
[INFO ] 2021-12-26 15:40:01.250 [main] DataProviderXml - searchMeddicineByName [2] {}
[INFO ] 2021-12-26 15:40:01.250 [main] DataProviderXml - searchMedicalDeviceByName [1] {}
[INFO ] 2021-12-26 15:40:01.251 [main] DataProviderXml - getMedicalDevices: [1] {}
[INFO ] 2021-12-26 15:40:01.251 [main] DataProviderXml - readXmlMedicalDevice: [1] {}
[INFO ] 2021-12-26 15:40:01.255 [main] DataProviderXml - readXmlMedicine: [3] {}
[INFO ] 2021-12-26 15:40:01.255 [main] DataProviderXml - getMeddicines: [3] {}
[INFO ] 2021-12-26 15:40:01.257 [main] DataProviderXml - searchMedicalDeviceByName [2] {}
[INFO ] 2021-12-26 15:40:01.257 [main] DataProviderXml - searchPharmacyProductByName [2] {}
[INFO ] 2021-12-26 15:40:01.257 [main] DataProviderXml - searchPharmacyProductByName [3] {}
[INFO ] 2021-12-26 15:40:01.257 [main] DataProviderXml - searchPharmacyProductByName [5] {}
[INFO ] 2021-12-26 15:40:01.257 [main] DataProviderXml - createOrder [1] {}
[INFO ] 2021-12-26 15:40:01.259 [main] DataProviderXml - updateOrders: [1] {}
[INFO ] 2021-12-26 15:40:01.259 [main] DataProviderXml - getOrders: [1] {}
[INFO ] 2021-12-26 15:40:01.259 [main] DataProviderXml - readXmlOrder: [1] {}
[INFO ] 2021-12-26 15:40:01.264 [main] DataProviderXml - readXmlOrder: [3] {}
[INFO ] 2021-12-26 15:40:01.264 [main] DataProviderXml - getOrders: [3] {}
[INFO ] 2021-12-26 15:40:01.266 [main] DataProviderXml - isIdInDataOrder: [1] {}
[INFO ] 2021-12-26 15:40:01.266 [main] DataProviderXml - getOrders: [1] {}
[INFO ] 2021-12-26 15:40:01.266 [main] DataProviderXml - readXmlOrder: [1] {}
[INFO ] 2021-12-26 15:40:01.269 [main] DataProviderXml - readXmlOrder: [3] {}
[INFO ] 2021-12-26 15:40:01.269 [main] DataProviderXml - getOrders: [3] {}
[INFO ] 2021-12-26 15:40:01.270 [main] DataProviderXml - isIdInDataOrder: [2] {} Element is found
[INFO ] 2021-12-26 15:40:01.273 [main] HistoryContent - putOrderHistory: [1] {}
[INFO ] 2021-12-26 15:40:01.661 [main] HistoryContent - putOrderHistory: [2] {}
[INFO ] 2021-12-26 15:40:03.049 [main] DataProviderXml - appendOrders: [1] {}
[INFO ] 2021-12-26 15:40:03.049 [main] DataProviderXml - stringingDuplicateIdOrder: [1] {}
[INFO ] 2021-12-26 15:40:03.050 [main] DataProviderXml - getOrders: [1] {}
[INFO ] 2021-12-26 15:40:03.050 [main] DataProviderXml - readXmlOrder: [1] {}
[INFO ] 2021-12-26 15:40:03.058 [main] DataProviderXml - readXmlOrder: [3] {}
[INFO ] 2021-12-26 15:40:03.059 [main] DataProviderXml - getOrders: [3] {}
[INFO ] 2021-12-26 15:40:03.059 [main] DataProviderXml - getOrders: [1] {}
[INFO ] 2021-12-26 15:40:03.060 [main] DataProviderXml - readXmlOrder: [1] {}
[INFO ] 2021-12-26 15:40:03.069 [main] DataProviderXml - readXmlOrder: [3] {}
[INFO ] 2021-12-26 15:40:03.070 [main] DataProviderXml - getOrders: [3] {}
[INFO ] 2021-12-26 15:40:03.071 [main] DataProviderXml - stringingDuplicateIdOrder: [2] {}
[INFO ] 2021-12-26 15:40:03.072 [main] DataProviderXml - writeXmlOrder: [1] {}
[INFO ] 2021-12-26 15:40:03.118 [main] DataProviderXml - writeXmlOrder: [3] {}
[INFO ] 2021-12-26 15:40:03.118 [main] DataProviderXml - appendOrders: [3] {}
[INFO ] 2021-12-26 15:40:03.119 [main] DataProviderXml - updateOrders: [3] {}
[INFO ] 2021-12-26 15:40:03.119 [main] DataProviderXml - updateUsers: [1] {}
[INFO ] 2021-12-26 15:40:03.119 [main] DataProviderXml - getUsers: [1] {}
[INFO ] 2021-12-26 15:40:03.119 [main] DataProviderXml - readXml: [1] {}
[ERROR] 2021-12-26 15:40:03.128 [main] DataProviderXml - readXml: [2] {}Unable to satisfy @org.simpleframework.xml.Element(name="order", type=void.class, data=false, required=true) on field 'orderId' long project.model.User.orderId for class project.model.User at line 3
[INFO ] 2021-12-26 15:40:03.133 [main] DataProviderXml - readXml: [3] {}
[INFO ] 2021-12-26 15:40:03.133 [main] DataProviderXml - getUsers: [3] {}
[INFO ] 2021-12-26 15:40:03.133 [main] DataProviderXml - isIdInData: [1] {}
[INFO ] 2021-12-26 15:40:03.133 [main] DataProviderXml - getUsers: [1] {}
[INFO ] 2021-12-26 15:40:03.134 [main] DataProviderXml - readXml: [1] {}
[ERROR] 2021-12-26 15:40:03.139 [main] DataProviderXml - readXml: [2] {}Unable to satisfy @org.simpleframework.xml.Element(name="order", type=void.class, data=false, required=true) on field 'orderId' long project.model.User.orderId for class project.model.User at line 3
[INFO ] 2021-12-26 15:40:03.142 [main] DataProviderXml - readXml: [3] {}
[INFO ] 2021-12-26 15:40:03.142 [main] DataProviderXml - getUsers: [3] {}
[INFO ] 2021-12-26 15:40:03.143 [main] DataProviderXml - isIdInData: [3] {} No Such Element
[INFO ] 2021-12-26 15:40:03.144 [main] DataProviderXml - appendUsers: [1] {}
[INFO ] 2021-12-26 15:40:03.144 [main] DataProviderXml - stringingDuplicateId: [1] {}
[INFO ] 2021-12-26 15:40:03.144 [main] DataProviderXml - getUsers: [1] {}
[INFO ] 2021-12-26 15:40:03.145 [main] DataProviderXml - readXml: [1] {}
[ERROR] 2021-12-26 15:40:03.149 [main] DataProviderXml - readXml: [2] {}Unable to satisfy @org.simpleframework.xml.Element(name="order", type=void.class, data=false, required=true) on field 'orderId' long project.model.User.orderId for class project.model.User at line 3
[INFO ] 2021-12-26 15:40:03.152 [main] DataProviderXml - readXml: [3] {}
[INFO ] 2021-12-26 15:40:03.152 [main] DataProviderXml - getUsers: [3] {}
[INFO ] 2021-12-26 15:40:03.152 [main] DataProviderXml - writeXml: [1] {}
[INFO ] 2021-12-26 15:40:03.157 [main] DataProviderXml - writeXml: [3] {}
[INFO ] 2021-12-26 15:40:03.157 [main] DataProviderXml - appendUsers: [3] {}
[INFO ] 2021-12-26 15:40:03.157 [main] DataProviderXml - updateUsers: [3] {}
[INFO ] 2021-12-26 15:40:03.157 [main] DataProviderXml - createOrder [2] {}
[INFO ] 2021-12-26 15:40:03.163 [main] DataProviderXml - updateUsers: [1] {}
[INFO ] 2021-12-26 15:40:03.163 [main] DataProviderXml - getUsers: [1] {}
[INFO ] 2021-12-26 15:40:03.164 [main] DataProviderXml - readXml: [1] {}
[INFO ] 2021-12-26 15:40:03.168 [main] DataProviderXml - readXml: [3] {}
[ERROR] 2021-12-26 15:40:03.169 [main] DataProviderXml - getUsers: [2] {} Cannot invoke "java.util.Collection.toArray()" because "c" is null
[INFO ] 2021-12-26 15:40:03.171 [main] DataProviderXml - getUsers: [3] {}
[INFO ] 2021-12-26 15:40:03.171 [main] DataProviderXml - isIdInData: [1] {}
[INFO ] 2021-12-26 15:40:03.171 [main] DataProviderXml - getUsers: [1] {}
[INFO ] 2021-12-26 15:40:03.172 [main] DataProviderXml - readXml: [1] {}
[INFO ] 2021-12-26 15:40:03.177 [main] DataProviderXml - readXml: [3] {}
