[INFO ] 2021-12-26 14:37:52.008 [main] DataProviderCsv - readCsvMedicine: [3] {}
[INFO ] 2021-12-26 14:37:52.022 [main] DataProviderCsv - getMeddicines: [3] {}
[INFO ] 2021-12-26 14:37:52.023 [main] DataProviderCsv - searchMeddicineByName [2] {}
[INFO ] 2021-12-26 14:37:52.023 [main] DataProviderCsv - searchMedicalDeviceByName [1] {}
[INFO ] 2021-12-26 14:37:52.023 [main] DataProviderCsv - getMedicalDevices: [1] {}
[INFO ] 2021-12-26 14:37:52.023 [main] DataProviderCsv - readCsvMedicalDevice: [1] {}
[INFO ] 2021-12-26 14:37:52.032 [main] DataProviderCsv - readCsvMedicalDevice: [3] {}
[INFO ] 2021-12-26 14:37:52.032 [main] DataProviderCsv - getMedicalDevices: [3] {}
[INFO ] 2021-12-26 14:37:52.033 [main] DataProviderCsv - searchMedicalDeviceByName [2] {}
[INFO ] 2021-12-26 14:37:52.041 [main] DataProviderCsv - searchPharmacyProductByName [2] {}
[INFO ] 2021-12-26 14:37:52.041 [main] DataProviderCsv - searchPharmacyProductByName [3] {}
[INFO ] 2021-12-26 14:37:52.042 [main] DataProviderCsv - searchPharmacyProductByName [5] {}
[INFO ] 2021-12-26 14:37:52.042 [main] DataProviderCsv - createOrderCsv [1] {}
[INFO ] 2021-12-26 14:37:52.043 [main] DataProviderCsv - updateOrders: [1] {}
[INFO ] 2021-12-26 14:37:52.043 [main] DataProviderCsv - getOrders: [1] {}
[INFO ] 2021-12-26 14:37:52.043 [main] DataProviderCsv - readCsvOrder: [1] {}
[INFO ] 2021-12-26 14:37:52.049 [main] DataProviderCsv - readCsvOrder: [3] {}
[INFO ] 2021-12-26 14:37:52.049 [main] DataProviderCsv - getOrders: [3] {}
[INFO ] 2021-12-26 14:37:52.049 [main] DataProviderCsv - isIdInDataOrder: [1] {}
[INFO ] 2021-12-26 14:37:52.049 [main] DataProviderCsv - getOrders: [1] {}
[INFO ] 2021-12-26 14:37:52.049 [main] DataProviderCsv - readCsvOrder: [1] {}
[INFO ] 2021-12-26 14:37:52.060 [main] DataProviderCsv - readCsvOrder: [3] {}
[INFO ] 2021-12-26 14:37:52.060 [main] DataProviderCsv - getOrders: [3] {}
[INFO ] 2021-12-26 14:37:52.063 [main] DataProviderCsv - isIdInDataOrder: [3] {} No Such Element
[INFO ] 2021-12-26 14:37:52.063 [main] DataProviderCsv - appendOrders: [1] {}
[INFO ] 2021-12-26 14:37:52.063 [main] DataProviderCsv - stringingDuplicateIdOrder: [1] {}
[INFO ] 2021-12-26 14:37:52.063 [main] DataProviderCsv - getOrders: [1] {}
[INFO ] 2021-12-26 14:37:52.064 [main] DataProviderCsv - readCsvOrder: [1] {}
[INFO ] 2021-12-26 14:37:52.067 [main] DataProviderCsv - readCsvOrder: [3] {}
[INFO ] 2021-12-26 14:37:52.067 [main] DataProviderCsv - getOrders: [3] {}
[INFO ] 2021-12-26 14:37:52.067 [main] DataProviderCsv - getOrders: [1] {}
[INFO ] 2021-12-26 14:37:52.067 [main] DataProviderCsv - readCsvOrder: [1] {}
[INFO ] 2021-12-26 14:37:52.071 [main] DataProviderCsv - readCsvOrder: [3] {}
[INFO ] 2021-12-26 14:37:52.072 [main] DataProviderCsv - getOrders: [3] {}
[INFO ] 2021-12-26 14:37:52.072 [main] DataProviderCsv - stringingDuplicateIdOrder: [2] {}
[INFO ] 2021-12-26 14:37:52.072 [main] DataProviderCsv - writeCsvOrder: [1] {}
[INFO ] 2021-12-26 14:37:52.093 [main] DataProviderCsv - writeCsvOrder: [2] {}
[INFO ] 2021-12-26 14:37:52.093 [main] DataProviderCsv - writeCsvOrder: [4] {}
[INFO ] 2021-12-26 14:37:52.093 [main] DataProviderCsv - appendOrders: [5] {}
[INFO ] 2021-12-26 14:37:52.093 [main] DataProviderCsv - updateOrders: [3] {}
[INFO ] 2021-12-26 14:37:52.094 [main] DataProviderCsv - createOrderCsv [2] {}
[INFO ] 2021-12-26 14:37:52.097 [main] DataProviderCsv - updateUsers: [1] {}
[INFO ] 2021-12-26 14:37:52.099 [main] DataProviderCsv - getUsers: [1] {}
[INFO ] 2021-12-26 14:37:52.099 [main] DataProviderCsv - readCsv: [1] {}
[INFO ] 2021-12-26 14:37:52.106 [main] DataProviderCsv - readCsv: [3] {}
[INFO ] 2021-12-26 14:37:52.106 [main] DataProviderCsv - getUsers: [3] {}
[INFO ] 2021-12-26 14:37:52.106 [main] DataProviderCsv - isIdInData: [1] {}
[INFO ] 2021-12-26 14:37:52.106 [main] DataProviderCsv - getUsers: [1] {}
[INFO ] 2021-12-26 14:37:52.106 [main] DataProviderCsv - readCsv: [1] {}
[INFO ] 2021-12-26 14:37:52.112 [main] DataProviderCsv - readCsv: [3] {}
[INFO ] 2021-12-26 14:37:52.112 [main] DataProviderCsv - getUsers: [3] {}
[INFO ] 2021-12-26 14:37:52.113 [main] DataProviderCsv - isIdInData: [3] {} No Such Element
[INFO ] 2021-12-26 14:37:52.113 [main] DataProviderCsv - appendUsers: [1] {}
[INFO ] 2021-12-26 14:37:52.114 [main] DataProviderCsv - stringingDuplicateId: [1] {}
[INFO ] 2021-12-26 14:37:52.114 [main] DataProviderCsv - getUsers: [1] {}
[INFO ] 2021-12-26 14:37:52.114 [main] DataProviderCsv - readCsv: [1] {}
[INFO ] 2021-12-26 14:37:52.122 [main] DataProviderCsv - readCsv: [3] {}
[INFO ] 2021-12-26 14:37:52.122 [main] DataProviderCsv - getUsers: [3] {}
[INFO ] 2021-12-26 14:37:52.122 [main] DataProviderCsv - getUsers: [1] {}
[INFO ] 2021-12-26 14:37:52.122 [main] DataProviderCsv - readCsv: [1] {}
[INFO ] 2021-12-26 14:37:52.127 [main] DataProviderCsv - readCsv: [3] {}
[INFO ] 2021-12-26 14:37:52.127 [main] DataProviderCsv - getUsers: [3] {}
[INFO ] 2021-12-26 14:37:52.128 [main] DataProviderCsv - stringingDuplicateId: [2] {}
[INFO ] 2021-12-26 14:37:52.128 [main] DataProviderCsv - writeCsv: [1] {}
[INFO ] 2021-12-26 14:37:52.133 [main] DataProviderCsv - writeCsv: [3] {}
[INFO ] 2021-12-26 14:37:52.133 [main] DataProviderCsv - appendUsers: [5] {}
[INFO ] 2021-12-26 14:37:52.133 [main] DataProviderCsv - updateUsers: [3] {}
[INFO ] 2021-12-26 14:38:56.515 [main] DataProviderCsv - searchPharmacyProductByName [1] {}
[INFO ] 2021-12-26 14:38:56.517 [main] DataProviderCsv - searchMeddicineByName [1] {}
[INFO ] 2021-12-26 14:38:56.519 [main] DataProviderCsv - getMeddicines: [1] {}
[INFO ] 2021-12-26 14:38:56.520 [main] DataProviderCsv - readCsvMedicine: [1] {}
[INFO ] 2021-12-26 14:38:56.634 [main] DataProviderCsv - readCsvMedicine: [3] {}
[INFO ] 2021-12-26 14:38:56.634 [main] DataProviderCsv - getMeddicines: [3] {}
[INFO ] 2021-12-26 14:38:56.635 [main] DataProviderCsv - searchMeddicineByName [2] {}
[INFO ] 2021-12-26 14:38:56.635 [main] DataProviderCsv - searchMedicalDeviceByName [1] {}
[INFO ] 2021-12-26 14:38:56.635 [main] DataProviderCsv - getMedicalDevices: [1] {}
[INFO ] 2021-12-26 14:38:56.635 [main] DataProviderCsv - readCsvMedicalDevice: [1] {}
[INFO ] 2021-12-26 14:38:56.644 [main] DataProviderCsv - readCsvMedicalDevice: [3] {}
[INFO ] 2021-12-26 14:38:56.644 [main] DataProviderCsv - getMedicalDevices: [3] {}
[INFO ] 2021-12-26 14:38:56.644 [main] DataProviderCsv - searchMedicalDeviceByName [2] {}
[INFO ] 2021-12-26 14:38:56.644 [main] DataProviderCsv - searchPharmacyProductByName [2] {}
[INFO ] 2021-12-26 14:38:56.645 [main] DataProviderCsv - searchPharmacyProductByName [3] {}
[INFO ] 2021-12-26 14:38:56.645 [main] DataProviderCsv - searchPharmacyProductByName [5] {}
[INFO ] 2021-12-26 14:38:56.645 [main] DataProviderCsv - createOrderCsv [1] {}
[INFO ] 2021-12-26 14:38:56.646 [main] DataProviderCsv - updateOrders: [1] {}
[INFO ] 2021-12-26 14:38:56.646 [main] DataProviderCsv - getOrders: [1] {}
[INFO ] 2021-12-26 14:38:56.646 [main] DataProviderCsv - readCsvOrder: [1] {}
[INFO ] 2021-12-26 14:38:56.652 [main] DataProviderCsv - readCsvOrder: [3] {}
[INFO ] 2021-12-26 14:38:56.652 [main] DataProviderCsv - getOrders: [3] {}
[INFO ] 2021-12-26 14:38:56.652 [main] DataProviderCsv - isIdInDataOrder: [1] {}
[INFO ] 2021-12-26 14:38:56.653 [main] DataProviderCsv - getOrders: [1] {}
[INFO ] 2021-12-26 14:38:56.653 [main] DataProviderCsv - readCsvOrder: [1] {}
[INFO ] 2021-12-26 14:38:56.664 [main] DataProviderCsv - readCsvOrder: [3] {}
[INFO ] 2021-12-26 14:38:56.664 [main] DataProviderCsv - getOrders: [3] {}
[INFO ] 2021-12-26 14:38:56.665 [main] DataProviderCsv - isIdInDataOrder: [2] {} Element is found
[INFO ] 2021-12-26 14:38:56.667 [main] HistoryContent - putOrderHistory: [1] {}
[INFO ] 2021-12-26 14:38:57.046 [main] HistoryContent - putOrderHistory: [2] {}
[INFO ] 2021-12-26 14:38:58.453 [main] DataProviderCsv - appendOrders: [1] {}
[INFO ] 2021-12-26 14:38:58.453 [main] DataProviderCsv - stringingDuplicateIdOrder: [1] {}
[INFO ] 2021-12-26 14:38:58.453 [main] DataProviderCsv - getOrders: [1] {}
[INFO ] 2021-12-26 14:38:58.456 [main] DataProviderCsv - readCsvOrder: [1] {}
[INFO ] 2021-12-26 14:38:58.465 [main] DataProviderCsv - readCsvOrder: [3] {}
[INFO ] 2021-12-26 14:38:58.466 [main] DataProviderCsv - getOrders: [3] {}
[INFO ] 2021-12-26 14:38:58.466 [main] DataProviderCsv - getOrders: [1] {}
[INFO ] 2021-12-26 14:38:58.467 [main] DataProviderCsv - readCsvOrder: [1] {}
[INFO ] 2021-12-26 14:38:58.477 [main] DataProviderCsv - readCsvOrder: [3] {}
[INFO ] 2021-12-26 14:38:58.478 [main] DataProviderCsv - getOrders: [3] {}
[INFO ] 2021-12-26 14:38:58.479 [main] DataProviderCsv - stringingDuplicateIdOrder: [2] {}
[INFO ] 2021-12-26 14:38:58.480 [main] DataProviderCsv - writeCsvOrder: [1] {}
[INFO ] 2021-12-26 14:38:58.543 [main] DataProviderCsv - writeCsvOrder: [2] {}
[INFO ] 2021-12-26 14:38:58.543 [main] DataProviderCsv - writeCsvOrder: [4] {}
[INFO ] 2021-12-26 14:38:58.544 [main] DataProviderCsv - appendOrders: [5] {}
[INFO ] 2021-12-26 14:38:58.545 [main] DataProviderCsv - updateOrders: [3] {}
[INFO ] 2021-12-26 14:38:58.545 [main] DataProviderCsv - createOrderCsv [2] {}
[INFO ] 2021-12-26 14:38:58.556 [main] DataProviderCsv - updateUsers: [1] {}
[INFO ] 2021-12-26 14:38:58.558 [main] DataProviderCsv - getUsers: [1] {}
[INFO ] 2021-12-26 14:38:58.558 [main] DataProviderCsv - readCsv: [1] {}
[INFO ] 2021-12-26 14:38:58.593 [main] DataProviderCsv - readCsv: [3] {}
[INFO ] 2021-12-26 14:38:58.594 [main] DataProviderCsv - getUsers: [3] {}
[INFO ] 2021-12-26 14:38:58.595 [main] DataProviderCsv - isIdInData: [1] {}
[INFO ] 2021-12-26 14:38:58.595 [main] DataProviderCsv - getUsers: [1] {}
[INFO ] 2021-12-26 14:38:58.596 [main] DataProviderCsv - readCsv: [1] {}
[INFO ] 2021-12-26 14:38:58.609 [main] DataProviderCsv - readCsv: [3] {}
[INFO ] 2021-12-26 14:38:58.610 [main] DataProviderCsv - getUsers: [3] {}
[INFO ] 2021-12-26 14:38:58.611 [main] DataProviderCsv - isIdInData: [2] {} Element is found
[INFO ] 2021-12-26 14:38:58.612 [main] HistoryContent - putUserHistory: [1] {}
[INFO ] 2021-12-26 14:38:58.643 [main] HistoryContent - putUserHistory: [2] {}
