[INFO ] 2021-12-26 14:34:15.498 [main] DataProviderCsv - getMedicalDevices: [3] {}
[INFO ] 2021-12-26 14:34:15.502 [main] DataProviderCsv - isIdInDataMedicalDevice: [1] {}
[INFO ] 2021-12-26 14:34:15.502 [main] DataProviderCsv - getMedicalDevices: [1] {}
[INFO ] 2021-12-26 14:34:15.502 [main] DataProviderCsv - readCsvMedicalDevice: [1] {}
[INFO ] 2021-12-26 14:34:15.505 [main] DataProviderCsv - readCsvMedicalDevice: [3] {}
[INFO ] 2021-12-26 14:34:15.505 [main] DataProviderCsv - getMedicalDevices: [3] {}
[INFO ] 2021-12-26 14:34:15.505 [main] DataProviderCsv - isIdInDataMedicalDevice: [2] {} Element is found
[INFO ] 2021-12-26 14:34:15.506 [main] HistoryContent - putMedicalDeviceHistory: [1] {}
[INFO ] 2021-12-26 14:34:15.534 [main] HistoryContent - putMedicalDeviceHistory: [2] {}
[INFO ] 2021-12-26 14:34:16.184 [main] DataProviderCsv - appendMedicalDevices: [1] {}
[INFO ] 2021-12-26 14:34:16.185 [main] DataProviderCsv - stringingDuplicateBarcodeDevice: [1] {}
[INFO ] 2021-12-26 14:34:16.185 [main] DataProviderCsv - getMedicalDevices: [1] {}
[INFO ] 2021-12-26 14:34:16.185 [main] DataProviderCsv - readCsvMedicalDevice: [1] {}
[INFO ] 2021-12-26 14:34:16.200 [main] DataProviderCsv - readCsvMedicalDevice: [3] {}
[INFO ] 2021-12-26 14:34:16.200 [main] DataProviderCsv - getMedicalDevices: [3] {}
[INFO ] 2021-12-26 14:34:16.201 [main] DataProviderCsv - getMedicalDevices: [1] {}
[INFO ] 2021-12-26 14:34:16.201 [main] DataProviderCsv - readCsvMedicalDevice: [1] {}
[INFO ] 2021-12-26 14:34:16.210 [main] DataProviderCsv - readCsvMedicalDevice: [3] {}
[INFO ] 2021-12-26 14:34:16.210 [main] DataProviderCsv - getMedicalDevices: [3] {}
[INFO ] 2021-12-26 14:34:16.211 [main] DataProviderCsv - stringingDuplicateBarcodeDevice: [2] {}
[INFO ] 2021-12-26 14:34:16.211 [main] DataProviderCsv - writeCsvMedicine: [1] {}
[INFO ] 2021-12-26 14:34:16.221 [main] DataProviderCsv - writeCsvMedicine: [3] {}
[INFO ] 2021-12-26 14:34:16.222 [main] DataProviderCsv - appendMedicalDevices: [3] {}
[INFO ] 2021-12-26 14:34:16.222 [main] DataProviderCsv - updateMedicalDevice: [3] {}
[INFO ] 2021-12-26 14:34:16.226 [main] DataProviderCsv - deleteUserById: [1] {}
[INFO ] 2021-12-26 14:34:16.226 [main] DataProviderCsv - getUsers: [1] {}
[INFO ] 2021-12-26 14:34:16.227 [main] DataProviderCsv - readCsv: [1] {}
[INFO ] 2021-12-26 14:34:16.245 [main] DataProviderCsv - readCsv: [3] {}
[INFO ] 2021-12-26 14:34:16.245 [main] DataProviderCsv - getUsers: [3] {}
[INFO ] 2021-12-26 14:34:16.246 [main] DataProviderCsv - isIdInData: [1] {}
[INFO ] 2021-12-26 14:34:16.246 [main] DataProviderCsv - getUsers: [1] {}
[INFO ] 2021-12-26 14:34:16.246 [main] DataProviderCsv - readCsv: [1] {}
[INFO ] 2021-12-26 14:34:16.256 [main] DataProviderCsv - readCsv: [3] {}
[INFO ] 2021-12-26 14:34:16.256 [main] DataProviderCsv - getUsers: [3] {}
[INFO ] 2021-12-26 14:34:16.257 [main] DataProviderCsv - isIdInData: [3] {} No Such Element
[INFO ] 2021-12-26 14:34:16.258 [main] DataProviderCsv - deleteUserById: [3] {}
[INFO ] 2021-12-26 14:34:16.262 [main] DataProviderCsv - searchPharmacyProductByCategory [1] {}
[INFO ] 2021-12-26 14:34:16.263 [main] DataProviderCsv - searchPharmacyProductByCategory [1] {}
[INFO ] 2021-12-26 14:34:16.263 [main] DataProviderCsv - getMeddicines: [1] {}
[INFO ] 2021-12-26 14:34:16.264 [main] DataProviderCsv - readCsvMedicine: [1] {}
[INFO ] 2021-12-26 14:34:16.275 [main] DataProviderCsv - readCsvMedicine: [3] {}
[INFO ] 2021-12-26 14:34:16.276 [main] DataProviderCsv - getMeddicines: [3] {}
[INFO ] 2021-12-26 14:34:16.276 [main] DataProviderCsv - searchPharmacyProductByCategory [2] {}
[INFO ] 2021-12-26 14:34:16.276 [main] DataProviderCsv - searchPharmacyProductByCategory [2] {}
[INFO ] 2021-12-26 14:34:16.277 [main] DataProviderCsv - searchPharmacyMedicalDeviceByCategory [1] {}
[INFO ] 2021-12-26 14:34:16.277 [main] DataProviderCsv - getMedicalDevices: [1] {}
[INFO ] 2021-12-26 14:34:16.277 [main] DataProviderCsv - readCsvMedicalDevice: [1] {}
[INFO ] 2021-12-26 14:34:16.288 [main] DataProviderCsv - readCsvMedicalDevice: [3] {}
[INFO ] 2021-12-26 14:34:16.289 [main] DataProviderCsv - getMedicalDevices: [3] {}
[INFO ] 2021-12-26 14:34:16.289 [main] DataProviderCsv - searchPharmacyMedicalDeviceByCategory [2] {}
[INFO ] 2021-12-26 14:34:16.289 [main] DataProviderCsv - searchPharmacyProductByCategory [4] {}
[INFO ] 2021-12-26 14:34:16.290 [main] DataProviderCsv - searchPharmacyProductByCategory [7] {}
[INFO ] 2021-12-26 14:34:16.296 [main] DataProviderCsv - sortPharmacyProductMinToMax [1] {}
[INFO ] 2021-12-26 14:34:16.300 [main] DataProviderCsv - sortPharmacyProductMinToMax [2] {}
[INFO ] 2021-12-26 14:34:16.305 [main] DataProviderCsv - getTheAnaloguesOfMedicine [1] {}
[INFO ] 2021-12-26 14:34:16.306 [main] DataProviderCsv - getTheAnaloguesOfMedicine [4] {}
[INFO ] 2021-12-26 14:34:16.311 [main] DataProviderCsv - getOrderById: [1] {}
[INFO ] 2021-12-26 14:34:16.312 [main] DataProviderCsv - getOrders: [1] {}
[INFO ] 2021-12-26 14:34:16.312 [main] DataProviderCsv - readCsvOrder: [1] {}
[INFO ] 2021-12-26 14:34:16.322 [main] DataProviderCsv - readCsvOrder: [3] {}
[INFO ] 2021-12-26 14:34:16.322 [main] DataProviderCsv - getOrders: [3] {}
[INFO ] 2021-12-26 14:34:16.322 [main] DataProviderCsv - isIdInDataOrder: [1] {}
[INFO ] 2021-12-26 14:34:16.322 [main] DataProviderCsv - getOrders: [1] {}
[INFO ] 2021-12-26 14:34:16.323 [main] DataProviderCsv - readCsvOrder: [1] {}
[INFO ] 2021-12-26 14:34:16.332 [main] DataProviderCsv - readCsvOrder: [3] {}
[INFO ] 2021-12-26 14:34:16.333 [main] DataProviderCsv - getOrders: [3] {}
[INFO ] 2021-12-26 14:34:16.333 [main] DataProviderCsv - isIdInDataOrder: [3] {} No Such Element
[INFO ] 2021-12-26 14:34:16.338 [main] DataProviderCsv - getOrderById: [2] {} No Such Element id = 17
[INFO ] 2021-12-26 14:34:16.339 [main] DataProviderCsv - getOrderById: [4] {}
[INFO ] 2021-12-26 14:34:16.347 [main] DataProviderCsv - getUserById: [1] {}
[INFO ] 2021-12-26 14:34:16.348 [main] DataProviderCsv - getUsers: [1] {}
[INFO ] 2021-12-26 14:34:16.348 [main] DataProviderCsv - readCsv: [1] {}
[INFO ] 2021-12-26 14:34:16.362 [main] DataProviderCsv - readCsv: [3] {}
[INFO ] 2021-12-26 14:34:16.363 [main] DataProviderCsv - getUsers: [3] {}
[INFO ] 2021-12-26 14:34:16.364 [main] DataProviderCsv - isIdInData: [1] {}
[INFO ] 2021-12-26 14:34:16.364 [main] DataProviderCsv - getUsers: [1] {}
[INFO ] 2021-12-26 14:34:16.364 [main] DataProviderCsv - readCsv: [1] {}
[INFO ] 2021-12-26 14:34:16.371 [main] DataProviderCsv - readCsv: [3] {}
[INFO ] 2021-12-26 14:34:16.372 [main] DataProviderCsv - getUsers: [3] {}
[INFO ] 2021-12-26 14:34:16.372 [main] DataProviderCsv - isIdInData: [2] {} Element is found
[INFO ] 2021-12-26 14:34:16.373 [main] DataProviderCsv - getUserById: [4] {}
[INFO ] 2021-12-26 14:34:16.374 [main] DataProviderCsv - searchPharmacyProductByName [1] {}
[INFO ] 2021-12-26 14:34:16.374 [main] DataProviderCsv - searchMeddicineByName [1] {}
[INFO ] 2021-12-26 14:34:16.374 [main] DataProviderCsv - getMeddicines: [1] {}
[INFO ] 2021-12-26 14:34:16.374 [main] DataProviderCsv - readCsvMedicine: [1] {}
[INFO ] 2021-12-26 14:34:16.380 [main] DataProviderCsv - readCsvMedicine: [3] {}
[INFO ] 2021-12-26 14:34:16.381 [main] DataProviderCsv - getMeddicines: [3] {}
[INFO ] 2021-12-26 14:34:16.382 [main] DataProviderCsv - searchMeddicineByName [2] {}
[INFO ] 2021-12-26 14:34:16.382 [main] DataProviderCsv - searchMedicalDeviceByName [1] {}
[INFO ] 2021-12-26 14:34:16.383 [main] DataProviderCsv - getMedicalDevices: [1] {}
[INFO ] 2021-12-26 14:34:16.383 [main] DataProviderCsv - readCsvMedicalDevice: [1] {}
[INFO ] 2021-12-26 14:34:16.390 [main] DataProviderCsv - readCsvMedicalDevice: [3] {}
[INFO ] 2021-12-26 14:34:16.390 [main] DataProviderCsv - getMedicalDevices: [3] {}
[INFO ] 2021-12-26 14:34:16.391 [main] DataProviderCsv - searchMedicalDeviceByName [2] {}
[INFO ] 2021-12-26 14:34:16.393 [main] DataProviderCsv - searchPharmacyProductByName [2] {}
[INFO ] 2021-12-26 14:34:16.393 [main] DataProviderCsv - searchPharmacyProductByName [3] {}
[INFO ] 2021-12-26 14:34:16.393 [main] DataProviderCsv - searchPharmacyProductByName [5] {}
[INFO ] 2021-12-26 14:34:16.393 [main] DataProviderCsv - createOrderCsv [1] {}
[INFO ] 2021-12-26 14:34:16.393 [main] DataProviderCsv - updateOrders: [1] {}
[INFO ] 2021-12-26 14:34:16.393 [main] DataProviderCsv - getOrders: [1] {}
[INFO ] 2021-12-26 14:34:16.394 [main] DataProviderCsv - readCsvOrder: [1] {}
[INFO ] 2021-12-26 14:34:16.399 [main] DataProviderCsv - readCsvOrder: [3] {}
[INFO ] 2021-12-26 14:34:16.399 [main] DataProviderCsv - getOrders: [3] {}
[INFO ] 2021-12-26 14:34:16.399 [main] DataProviderCsv - isIdInDataOrder: [1] {}
[INFO ] 2021-12-26 14:34:16.399 [main] DataProviderCsv - getOrders: [1] {}
[INFO ] 2021-12-26 14:34:16.400 [main] DataProviderCsv - readCsvOrder: [1] {}
[INFO ] 2021-12-26 14:34:16.405 [main] DataProviderCsv - readCsvOrder: [3] {}
[INFO ] 2021-12-26 14:34:16.405 [main] DataProviderCsv - getOrders: [3] {}
[INFO ] 2021-12-26 14:34:16.407 [main] DataProviderCsv - isIdInDataOrder: [2] {} Element is found
[INFO ] 2021-12-26 14:34:16.407 [main] HistoryContent - putOrderHistory: [1] {}
[INFO ] 2021-12-26 14:34:16.435 [main] HistoryContent - putOrderHistory: [2] {}
[INFO ] 2021-12-26 14:34:17.204 [main] DataProviderCsv - appendOrders: [1] {}
[INFO ] 2021-12-26 14:34:17.204 [main] DataProviderCsv - stringingDuplicateIdOrder: [1] {}
[INFO ] 2021-12-26 14:34:17.204 [main] DataProviderCsv - getOrders: [1] {}
[INFO ] 2021-12-26 14:34:17.204 [main] DataProviderCsv - readCsvOrder: [1] {}
[INFO ] 2021-12-26 14:34:17.216 [main] DataProviderCsv - readCsvOrder: [3] {}
[INFO ] 2021-12-26 14:34:17.216 [main] DataProviderCsv - getOrders: [3] {}
[INFO ] 2021-12-26 14:34:17.217 [main] DataProviderCsv - getOrders: [1] {}
[INFO ] 2021-12-26 14:34:17.217 [main] DataProviderCsv - readCsvOrder: [1] {}
[INFO ] 2021-12-26 14:34:17.225 [main] DataProviderCsv - readCsvOrder: [3] {}
[INFO ] 2021-12-26 14:34:17.226 [main] DataProviderCsv - getOrders: [3] {}
[INFO ] 2021-12-26 14:34:17.227 [main] DataProviderCsv - stringingDuplicateIdOrder: [2] {}
[INFO ] 2021-12-26 14:34:17.228 [main] DataProviderCsv - writeCsvOrder: [1] {}
