[INFO ] 2021-12-26 15:46:31.850 [main] DataProviderXml - stringingDuplicateId: [2] {}
[INFO ] 2021-12-26 15:46:31.878 [main] DataProviderXml - writeXml: [1] {}
[INFO ] 2021-12-26 15:46:31.889 [main] DataProviderXml - writeXml: [3] {}
[INFO ] 2021-12-26 15:46:31.890 [main] DataProviderXml - appendUsers: [3] {}
[INFO ] 2021-12-26 15:46:31.891 [main] DataProviderXml - updateUsers: [3] {}
[INFO ] 2021-12-26 15:46:31.892 [main] DataProviderXml - createOrder [2] {}
[INFO ] 2021-12-26 15:47:45.258 [main] DataProviderXml - getUserById: [1] {}
[INFO ] 2021-12-26 15:47:45.261 [main] DataProviderXml - getUsers: [1] {}
[INFO ] 2021-12-26 15:47:45.261 [main] DataProviderXml - readXml: [1] {}
[INFO ] 2021-12-26 15:47:45.379 [main] DataProviderXml - readXml: [3] {}
[INFO ] 2021-12-26 15:47:45.387 [main] DataProviderXml - getUsers: [3] {}
[INFO ] 2021-12-26 15:47:45.387 [main] DataProviderXml - isIdInData: [1] {}
[INFO ] 2021-12-26 15:47:45.388 [main] DataProviderXml - getUsers: [1] {}
[INFO ] 2021-12-26 15:47:45.388 [main] DataProviderXml - readXml: [1] {}
[INFO ] 2021-12-26 15:47:45.391 [main] DataProviderXml - readXml: [3] {}
[INFO ] 2021-12-26 15:47:45.391 [main] DataProviderXml - getUsers: [3] {}
[INFO ] 2021-12-26 15:47:45.392 [main] DataProviderXml - isIdInData: [2] {} Element is found
[INFO ] 2021-12-26 15:47:45.393 [main] DataProviderXml - getUserById: [4] {}
[INFO ] 2021-12-26 15:47:45.393 [main] DataProviderXml - searchPharmacyProductByName [1] {}
[INFO ] 2021-12-26 15:47:45.393 [main] DataProviderXml - searchMeddicineByName [1] {}
[INFO ] 2021-12-26 15:47:45.393 [main] DataProviderXml - getMeddicines: [1] {}
[INFO ] 2021-12-26 15:47:45.393 [main] DataProviderXml - readXmlMedicine: [1] {}
[INFO ] 2021-12-26 15:47:45.399 [main] DataProviderXml - readXmlMedicine: [3] {}
[INFO ] 2021-12-26 15:47:45.399 [main] DataProviderXml - getMeddicines: [3] {}
[INFO ] 2021-12-26 15:47:45.400 [main] DataProviderXml - searchMeddicineByName [2] {}
[INFO ] 2021-12-26 15:47:45.400 [main] DataProviderXml - searchMedicalDeviceByName [1] {}
[INFO ] 2021-12-26 15:47:45.400 [main] DataProviderXml - getMedicalDevices: [1] {}
[INFO ] 2021-12-26 15:47:45.400 [main] DataProviderXml - readXmlMedicalDevice: [1] {}
[INFO ] 2021-12-26 15:47:45.407 [main] DataProviderXml - readXmlMedicine: [3] {}
[INFO ] 2021-12-26 15:47:45.407 [main] DataProviderXml - getMeddicines: [3] {}
[INFO ] 2021-12-26 15:47:45.407 [main] DataProviderXml - searchMedicalDeviceByName [2] {}
[INFO ] 2021-12-26 15:47:45.409 [main] DataProviderXml - searchPharmacyProductByName [2] {}
[INFO ] 2021-12-26 15:47:45.409 [main] DataProviderXml - searchPharmacyProductByName [3] {}
[INFO ] 2021-12-26 15:47:45.409 [main] DataProviderXml - searchPharmacyProductByName [5] {}
[INFO ] 2021-12-26 15:47:45.409 [main] DataProviderXml - createOrder [1] {}
[INFO ] 2021-12-26 15:47:45.409 [main] DataProviderXml - updateOrders: [1] {}
[INFO ] 2021-12-26 15:47:45.409 [main] DataProviderXml - getOrders: [1] {}
[INFO ] 2021-12-26 15:47:45.409 [main] DataProviderXml - readXmlOrder: [1] {}
[INFO ] 2021-12-26 15:47:45.412 [main] DataProviderXml - readXmlOrder: [3] {}
[INFO ] 2021-12-26 15:47:45.412 [main] DataProviderXml - getOrders: [3] {}
[INFO ] 2021-12-26 15:47:45.412 [main] DataProviderXml - isIdInDataOrder: [1] {}
[INFO ] 2021-12-26 15:47:45.412 [main] DataProviderXml - getOrders: [1] {}
[INFO ] 2021-12-26 15:47:45.412 [main] DataProviderXml - readXmlOrder: [1] {}
[INFO ] 2021-12-26 15:47:45.415 [main] DataProviderXml - readXmlOrder: [3] {}
[INFO ] 2021-12-26 15:47:45.415 [main] DataProviderXml - getOrders: [3] {}
[INFO ] 2021-12-26 15:47:45.416 [main] DataProviderXml - isIdInDataOrder: [3] {} No Such Element
[INFO ] 2021-12-26 15:47:45.416 [main] DataProviderXml - appendOrders: [1] {}
[INFO ] 2021-12-26 15:47:45.416 [main] DataProviderXml - stringingDuplicateIdOrder: [1] {}
[INFO ] 2021-12-26 15:47:45.416 [main] DataProviderXml - getOrders: [1] {}
[INFO ] 2021-12-26 15:47:45.416 [main] DataProviderXml - readXmlOrder: [1] {}
[INFO ] 2021-12-26 15:47:45.419 [main] DataProviderXml - readXmlOrder: [3] {}
[INFO ] 2021-12-26 15:47:45.419 [main] DataProviderXml - getOrders: [3] {}
[INFO ] 2021-12-26 15:47:45.419 [main] DataProviderXml - getOrders: [1] {}
[INFO ] 2021-12-26 15:47:45.419 [main] DataProviderXml - readXmlOrder: [1] {}
[INFO ] 2021-12-26 15:47:45.422 [main] DataProviderXml - readXmlOrder: [3] {}
[INFO ] 2021-12-26 15:47:45.422 [main] DataProviderXml - getOrders: [3] {}
[INFO ] 2021-12-26 15:47:45.423 [main] DataProviderXml - stringingDuplicateIdOrder: [2] {}
[INFO ] 2021-12-26 15:47:45.423 [main] DataProviderXml - writeXmlOrder: [1] {}
[INFO ] 2021-12-26 15:47:45.446 [main] DataProviderXml - writeXmlOrder: [3] {}
[INFO ] 2021-12-26 15:47:45.446 [main] DataProviderXml - appendOrders: [3] {}
[INFO ] 2021-12-26 15:47:45.446 [main] DataProviderXml - updateOrders: [3] {}
[INFO ] 2021-12-26 15:47:45.446 [main] DataProviderXml - updateUsers: [1] {}
[INFO ] 2021-12-26 15:47:45.446 [main] DataProviderXml - getUsers: [1] {}
[INFO ] 2021-12-26 15:47:45.446 [main] DataProviderXml - readXml: [1] {}
[INFO ] 2021-12-26 15:47:45.450 [main] DataProviderXml - readXml: [3] {}
[INFO ] 2021-12-26 15:47:45.450 [main] DataProviderXml - getUsers: [3] {}
[INFO ] 2021-12-26 15:47:45.450 [main] DataProviderXml - isIdInData: [1] {}
[INFO ] 2021-12-26 15:47:45.450 [main] DataProviderXml - getUsers: [1] {}
[INFO ] 2021-12-26 15:47:45.451 [main] DataProviderXml - readXml: [1] {}
[INFO ] 2021-12-26 15:47:45.453 [main] DataProviderXml - readXml: [3] {}
[INFO ] 2021-12-26 15:47:45.453 [main] DataProviderXml - getUsers: [3] {}
[INFO ] 2021-12-26 15:47:45.453 [main] DataProviderXml - isIdInData: [2] {} Element is found
[INFO ] 2021-12-26 15:47:45.456 [main] HistoryContent - putUserHistory: [1] {}
[INFO ] 2021-12-26 15:47:45.823 [main] HistoryContent - putUserHistory: [2] {}
[INFO ] 2021-12-26 15:47:47.509 [main] DataProviderXml - appendUsers: [1] {}
[INFO ] 2021-12-26 15:47:47.513 [main] DataProviderXml - stringingDuplicateId: [1] {}
[INFO ] 2021-12-26 15:47:47.513 [main] DataProviderXml - getUsers: [1] {}
[INFO ] 2021-12-26 15:47:47.513 [main] DataProviderXml - readXml: [1] {}
[INFO ] 2021-12-26 15:47:47.522 [main] DataProviderXml - readXml: [3] {}
[INFO ] 2021-12-26 15:47:47.522 [main] DataProviderXml - getUsers: [3] {}
[INFO ] 2021-12-26 15:47:47.523 [main] DataProviderXml - getUsers: [1] {}
[INFO ] 2021-12-26 15:47:47.523 [main] DataProviderXml - readXml: [1] {}
[INFO ] 2021-12-26 15:47:47.530 [main] DataProviderXml - readXml: [3] {}
[INFO ] 2021-12-26 15:47:47.531 [main] DataProviderXml - getUsers: [3] {}
[INFO ] 2021-12-26 15:47:47.533 [main] DataProviderXml - stringingDuplicateId: [2] {}
[INFO ] 2021-12-26 15:47:47.533 [main] DataProviderXml - writeXml: [1] {}
[INFO ] 2021-12-26 15:47:47.542 [main] DataProviderXml - writeXml: [3] {}
[INFO ] 2021-12-26 15:47:47.542 [main] DataProviderXml - appendUsers: [3] {}
[INFO ] 2021-12-26 15:47:47.543 [main] DataProviderXml - updateUsers: [3] {}
[INFO ] 2021-12-26 15:47:47.543 [main] DataProviderXml - createOrder [2] {}
[INFO ] 2021-12-26 15:48:14.791 [main] DataProviderXml - searchPharmacyProductByName [1] {}
[INFO ] 2021-12-26 15:48:14.795 [main] DataProviderXml - searchMeddicineByName [1] {}
[INFO ] 2021-12-26 15:48:14.796 [main] DataProviderXml - getMeddicines: [1] {}
[INFO ] 2021-12-26 15:48:14.796 [main] DataProviderXml - readXmlMedicine: [1] {}
[INFO ] 2021-12-26 15:48:14.904 [main] DataProviderXml - readXmlMedicine: [3] {}
[INFO ] 2021-12-26 15:48:14.904 [main] DataProviderXml - getMeddicines: [3] {}
[INFO ] 2021-12-26 15:48:14.905 [main] DataProviderXml - searchMeddicineByName [2] {}
[INFO ] 2021-12-26 15:48:14.905 [main] DataProviderXml - searchMedicalDeviceByName [1] {}
[INFO ] 2021-12-26 15:48:14.905 [main] DataProviderXml - getMedicalDevices: [1] {}
[INFO ] 2021-12-26 15:48:14.905 [main] DataProviderXml - readXmlMedicalDevice: [1] {}
[INFO ] 2021-12-26 15:48:14.909 [main] DataProviderXml - readXmlMedicine: [3] {}
[INFO ] 2021-12-26 15:48:14.909 [main] DataProviderXml - getMeddicines: [3] {}
[INFO ] 2021-12-26 15:48:14.910 [main] DataProviderXml - searchMedicalDeviceByName [2] {}
[INFO ] 2021-12-26 15:48:14.910 [main] DataProviderXml - searchPharmacyProductByName [5] {}
[INFO ] 2021-12-26 16:39:24.771 [main] DataProviderH2 - writeH2Order: [1] {}
[INFO ] 2021-12-26 16:39:24.775 [main] DataProviderH2 - connection: [1] {}
[INFO ] 2021-12-26 16:39:25.052 [main] DataProviderH2 - connection: [2] {}
[INFO ] 2021-12-26 16:39:25.052 [main] DataProviderH2 - connection: [4] {}
[INFO ] 2021-12-26 16:39:25.058 [main] DataProviderH2 - writeH2Order: [2] {}
[INFO ] 2021-12-26 16:39:25.058 [main] DataProviderH2 - closeConnection: [1] {}
[INFO ] 2021-12-26 16:39:25.072 [main] DataProviderH2 - writeH2Order: [4] {}
[INFO ] 2021-12-26 16:39:36.915 [main] DataProviderH2 - writeH2Order: [1] {}
[INFO ] 2021-12-26 16:39:36.918 [main] DataProviderH2 - connection: [1] {}
[INFO ] 2021-12-26 16:39:37.143 [main] DataProviderH2 - connection: [2] {}
[INFO ] 2021-12-26 16:39:37.143 [main] DataProviderH2 - connection: [4] {}
[INFO ] 2021-12-26 16:39:37.143 [main] DataProviderH2 - writeH2Order: [2] {}
[INFO ] 2021-12-26 16:39:37.143 [main] DataProviderH2 - closeConnection: [1] {}
[INFO ] 2021-12-26 16:39:37.160 [main] DataProviderH2 - writeH2Order: [4] {}
[INFO ] 2021-12-26 16:39:52.578 [main] DataProviderH2 - readH2Order: [1] {}
[INFO ] 2021-12-26 16:39:52.582 [main] DataProviderH2 - connection: [1] {}
[INFO ] 2021-12-26 16:39:52.810 [main] DataProviderH2 - connection: [2] {}
[INFO ] 2021-12-26 16:39:52.810 [main] DataProviderH2 - connection: [4] {}
[INFO ] 2021-12-26 16:39:52.811 [main] DataProviderH2 - h2ToOrderList: [1] {}
[INFO ] 2021-12-26 16:39:52.812 [main] DataProviderH2 - h2ToOrderList: [2] {}
[INFO ] 2021-12-26 16:39:52.812 [main] DataProviderH2 - h2ToOrderList: [4] {}
[INFO ] 2021-12-26 16:39:52.812 [main] DataProviderH2 - closeConnection: [1] {}
[INFO ] 2021-12-26 16:39:52.829 [main] DataProviderH2 - readH2Order: [2] {}
[INFO ] 2021-12-26 16:39:52.829 [main] DataProviderH2 - readH2Order: [4] {}
[INFO ] 2021-12-26 16:40:16.573 [main] DataProviderH2 - readH2Order: [1] {}
