[ERROR] 2021-12-26 15:40:03.177 [main] DataProviderXml - getUsers: [2] {} Cannot invoke "java.util.Collection.toArray()" because "c" is null
[INFO ] 2021-12-26 15:40:03.194 [main] DataProviderXml - getUsers: [3] {}
[INFO ] 2021-12-26 15:40:03.194 [main] DataProviderXml - isIdInData: [3] {} No Such Element
[INFO ] 2021-12-26 15:40:03.194 [main] DataProviderXml - appendUsers: [1] {}
[INFO ] 2021-12-26 15:40:03.195 [main] DataProviderXml - stringingDuplicateId: [1] {}
[INFO ] 2021-12-26 15:40:03.195 [main] DataProviderXml - getUsers: [1] {}
[INFO ] 2021-12-26 15:40:03.195 [main] DataProviderXml - readXml: [1] {}
[INFO ] 2021-12-26 15:40:03.201 [main] DataProviderXml - readXml: [3] {}
[ERROR] 2021-12-26 15:40:03.202 [main] DataProviderXml - getUsers: [2] {} Cannot invoke "java.util.Collection.toArray()" because "c" is null
[INFO ] 2021-12-26 15:40:03.213 [main] DataProviderXml - getUsers: [3] {}
[INFO ] 2021-12-26 15:40:03.213 [main] DataProviderXml - writeXml: [1] {}
[INFO ] 2021-12-26 15:40:03.219 [main] DataProviderXml - writeXml: [3] {}
[INFO ] 2021-12-26 15:40:03.219 [main] DataProviderXml - appendUsers: [3] {}
[INFO ] 2021-12-26 15:40:03.220 [main] DataProviderXml - updateUsers: [3] {}
[INFO ] 2021-12-26 15:41:30.473 [main] DataProviderXml - searchPharmacyProductByName [1] {}
[INFO ] 2021-12-26 15:41:30.477 [main] DataProviderXml - searchMeddicineByName [1] {}
[INFO ] 2021-12-26 15:41:30.479 [main] DataProviderXml - getMeddicines: [1] {}
[INFO ] 2021-12-26 15:41:30.481 [main] DataProviderXml - readXmlMedicine: [1] {}
[INFO ] 2021-12-26 15:41:30.597 [main] DataProviderXml - readXmlMedicine: [3] {}
[INFO ] 2021-12-26 15:41:30.597 [main] DataProviderXml - getMeddicines: [3] {}
[INFO ] 2021-12-26 15:41:30.599 [main] DataProviderXml - searchMeddicineByName [2] {}
[INFO ] 2021-12-26 15:41:30.599 [main] DataProviderXml - searchMedicalDeviceByName [1] {}
[INFO ] 2021-12-26 15:41:30.599 [main] DataProviderXml - getMedicalDevices: [1] {}
[INFO ] 2021-12-26 15:41:30.599 [main] DataProviderXml - readXmlMedicalDevice: [1] {}
[INFO ] 2021-12-26 15:41:30.602 [main] DataProviderXml - readXmlMedicine: [3] {}
[INFO ] 2021-12-26 15:41:30.602 [main] DataProviderXml - getMeddicines: [3] {}
[INFO ] 2021-12-26 15:41:30.603 [main] DataProviderXml - searchMedicalDeviceByName [2] {}
[INFO ] 2021-12-26 15:41:30.603 [main] DataProviderXml - searchPharmacyProductByName [2] {}
[INFO ] 2021-12-26 15:41:30.603 [main] DataProviderXml - searchPharmacyProductByName [3] {}
[INFO ] 2021-12-26 15:41:30.604 [main] DataProviderXml - searchPharmacyProductByName [5] {}
[INFO ] 2021-12-26 15:41:30.604 [main] DataProviderXml - createOrder [1] {}
[INFO ] 2021-12-26 15:41:30.604 [main] DataProviderXml - updateOrders: [1] {}
[INFO ] 2021-12-26 15:41:30.605 [main] DataProviderXml - getOrders: [1] {}
[INFO ] 2021-12-26 15:41:30.605 [main] DataProviderXml - readXmlOrder: [1] {}
[INFO ] 2021-12-26 15:41:30.609 [main] DataProviderXml - readXmlOrder: [3] {}
[ERROR] 2021-12-26 15:41:30.609 [main] DataProviderXml - getOrders: [2] {} Cannot invoke "java.util.Collection.toArray()" because "c" is null
[INFO ] 2021-12-26 15:41:30.613 [main] DataProviderXml - getOrders: [3] {}
[INFO ] 2021-12-26 15:41:30.613 [main] DataProviderXml - isIdInDataOrder: [1] {}
[INFO ] 2021-12-26 15:41:30.613 [main] DataProviderXml - getOrders: [1] {}
[INFO ] 2021-12-26 15:41:30.613 [main] DataProviderXml - readXmlOrder: [1] {}
[INFO ] 2021-12-26 15:41:30.617 [main] DataProviderXml - readXmlOrder: [3] {}
[ERROR] 2021-12-26 15:41:30.618 [main] DataProviderXml - getOrders: [2] {} Cannot invoke "java.util.Collection.toArray()" because "c" is null
[INFO ] 2021-12-26 15:41:30.619 [main] DataProviderXml - getOrders: [3] {}
[INFO ] 2021-12-26 15:41:30.621 [main] DataProviderXml - isIdInDataOrder: [3] {} No Such Element
[INFO ] 2021-12-26 15:41:30.621 [main] DataProviderXml - appendOrders: [1] {}
[INFO ] 2021-12-26 15:41:30.621 [main] DataProviderXml - stringingDuplicateIdOrder: [1] {}
[INFO ] 2021-12-26 15:41:30.621 [main] DataProviderXml - getOrders: [1] {}
[INFO ] 2021-12-26 15:41:30.621 [main] DataProviderXml - readXmlOrder: [1] {}
[INFO ] 2021-12-26 15:41:30.624 [main] DataProviderXml - readXmlOrder: [3] {}
[ERROR] 2021-12-26 15:41:30.624 [main] DataProviderXml - getOrders: [2] {} Cannot invoke "java.util.Collection.toArray()" because "c" is null
[INFO ] 2021-12-26 15:41:30.626 [main] DataProviderXml - getOrders: [3] {}
[INFO ] 2021-12-26 15:41:30.627 [main] DataProviderXml - writeXmlOrder: [1] {}
[INFO ] 2021-12-26 15:41:30.646 [main] DataProviderXml - writeXmlOrder: [3] {}
[INFO ] 2021-12-26 15:41:30.646 [main] DataProviderXml - appendOrders: [3] {}
[INFO ] 2021-12-26 15:41:30.646 [main] DataProviderXml - updateOrders: [3] {}
[INFO ] 2021-12-26 15:41:30.646 [main] DataProviderXml - updateUsers: [1] {}
[INFO ] 2021-12-26 15:41:30.647 [main] DataProviderXml - getUsers: [1] {}
[INFO ] 2021-12-26 15:41:30.647 [main] DataProviderXml - readXml: [1] {}
[INFO ] 2021-12-26 15:41:30.649 [main] DataProviderXml - readXml: [3] {}
[INFO ] 2021-12-26 15:41:30.649 [main] DataProviderXml - getUsers: [3] {}
[INFO ] 2021-12-26 15:41:30.649 [main] DataProviderXml - isIdInData: [1] {}
[INFO ] 2021-12-26 15:41:30.650 [main] DataProviderXml - getUsers: [1] {}
[INFO ] 2021-12-26 15:41:30.650 [main] DataProviderXml - readXml: [1] {}
[INFO ] 2021-12-26 15:41:30.652 [main] DataProviderXml - readXml: [3] {}
[INFO ] 2021-12-26 15:41:30.652 [main] DataProviderXml - getUsers: [3] {}
[INFO ] 2021-12-26 15:41:30.653 [main] DataProviderXml - isIdInData: [2] {} Element is found
[INFO ] 2021-12-26 15:41:30.656 [main] HistoryContent - putUserHistory: [1] {}
[INFO ] 2021-12-26 15:41:31.018 [main] HistoryContent - putUserHistory: [2] {}
[INFO ] 2021-12-26 15:41:32.280 [main] DataProviderXml - appendUsers: [1] {}
[INFO ] 2021-12-26 15:41:32.281 [main] DataProviderXml - stringingDuplicateId: [1] {}
[INFO ] 2021-12-26 15:41:32.281 [main] DataProviderXml - getUsers: [1] {}
[INFO ] 2021-12-26 15:41:32.282 [main] DataProviderXml - readXml: [1] {}
[INFO ] 2021-12-26 15:41:32.286 [main] DataProviderXml - readXml: [3] {}
[INFO ] 2021-12-26 15:41:32.286 [main] DataProviderXml - getUsers: [3] {}
[INFO ] 2021-12-26 15:41:32.291 [main] DataProviderXml - getUsers: [1] {}
[INFO ] 2021-12-26 15:41:32.291 [main] DataProviderXml - readXml: [1] {}
[INFO ] 2021-12-26 15:41:32.298 [main] DataProviderXml - readXml: [3] {}
[INFO ] 2021-12-26 15:41:32.299 [main] DataProviderXml - getUsers: [3] {}
[INFO ] 2021-12-26 15:41:32.300 [main] DataProviderXml - stringingDuplicateId: [2] {}
[INFO ] 2021-12-26 15:41:32.301 [main] DataProviderXml - writeXml: [1] {}
[INFO ] 2021-12-26 15:41:32.305 [main] DataProviderXml - writeXml: [3] {}
[INFO ] 2021-12-26 15:41:32.308 [main] DataProviderXml - appendUsers: [3] {}
[INFO ] 2021-12-26 15:41:32.309 [main] DataProviderXml - updateUsers: [3] {}
[INFO ] 2021-12-26 15:41:32.309 [main] DataProviderXml - createOrder [2] {}
[INFO ] 2021-12-26 15:45:01.650 [main] DataProviderCsv - searchPharmacyProductByName [1] {}
[INFO ] 2021-12-26 15:45:01.654 [main] DataProviderCsv - searchMeddicineByName [1] {}
[INFO ] 2021-12-26 15:45:01.655 [main] DataProviderCsv - getMeddicines: [1] {}
[INFO ] 2021-12-26 15:45:01.656 [main] DataProviderCsv - readCsvMedicine: [1] {}
[INFO ] 2021-12-26 15:45:01.755 [main] DataProviderCsv - readCsvMedicine: [3] {}
[INFO ] 2021-12-26 15:45:01.755 [main] DataProviderCsv - getMeddicines: [3] {}
[INFO ] 2021-12-26 15:45:01.757 [main] DataProviderCsv - searchMeddicineByName [2] {}
[INFO ] 2021-12-26 15:45:01.757 [main] DataProviderCsv - searchMedicalDeviceByName [1] {}
[INFO ] 2021-12-26 15:45:01.757 [main] DataProviderCsv - getMedicalDevices: [1] {}
[INFO ] 2021-12-26 15:45:01.757 [main] DataProviderCsv - readCsvMedicalDevice: [1] {}
[INFO ] 2021-12-26 15:45:01.766 [main] DataProviderCsv - readCsvMedicalDevice: [3] {}
[INFO ] 2021-12-26 15:45:01.766 [main] DataProviderCsv - getMedicalDevices: [3] {}
[INFO ] 2021-12-26 15:45:01.767 [main] DataProviderCsv - searchMedicalDeviceByName [2] {}
[INFO ] 2021-12-26 15:45:01.767 [main] DataProviderCsv - searchPharmacyProductByName [2] {}
[INFO ] 2021-12-26 15:45:01.767 [main] DataProviderCsv - searchPharmacyProductByName [3] {}
[INFO ] 2021-12-26 15:45:01.768 [main] DataProviderCsv - searchPharmacyProductByName [5] {}
[INFO ] 2021-12-26 15:45:01.768 [main] DataProviderCsv - createOrder [1] {}
[INFO ] 2021-12-26 15:45:01.770 [main] DataProviderCsv - updateOrders: [1] {}
[INFO ] 2021-12-26 15:45:01.770 [main] DataProviderCsv - getOrders: [1] {}
[INFO ] 2021-12-26 15:45:01.771 [main] DataProviderCsv - readCsvOrder: [1] {}
[INFO ] 2021-12-26 15:45:01.778 [main] DataProviderCsv - readCsvOrder: [3] {}
[INFO ] 2021-12-26 15:45:01.778 [main] DataProviderCsv - getOrders: [3] {}
[INFO ] 2021-12-26 15:45:01.778 [main] DataProviderCsv - isIdInDataOrder: [1] {}
[INFO ] 2021-12-26 15:45:01.778 [main] DataProviderCsv - getOrders: [1] {}
[INFO ] 2021-12-26 15:45:01.778 [main] DataProviderCsv - readCsvOrder: [1] {}
[INFO ] 2021-12-26 15:45:01.788 [main] DataProviderCsv - readCsvOrder: [3] {}
[INFO ] 2021-12-26 15:45:01.788 [main] DataProviderCsv - getOrders: [3] {}
[INFO ] 2021-12-26 15:45:01.790 [main] DataProviderCsv - isIdInDataOrder: [2] {} Element is found
[INFO ] 2021-12-26 15:45:01.792 [main] HistoryContent - putOrderHistory: [1] {}
[INFO ] 2021-12-26 15:45:02.170 [main] HistoryContent - putOrderHistory: [2] {}
[INFO ] 2021-12-26 15:45:03.708 [main] DataProviderCsv - appendOrders: [1] {}
[INFO ] 2021-12-26 15:45:03.709 [main] DataProviderCsv - stringingDuplicateIdOrder: [1] {}
[INFO ] 2021-12-26 15:45:03.710 [main] DataProviderCsv - getOrders: [1] {}
[INFO ] 2021-12-26 15:45:03.710 [main] DataProviderCsv - readCsvOrder: [1] {}
[INFO ] 2021-12-26 15:45:03.722 [main] DataProviderCsv - readCsvOrder: [3] {}
[INFO ] 2021-12-26 15:45:03.722 [main] DataProviderCsv - getOrders: [3] {}
[INFO ] 2021-12-26 15:45:03.723 [main] DataProviderCsv - getOrders: [1] {}
[INFO ] 2021-12-26 15:45:03.723 [main] DataProviderCsv - readCsvOrder: [1] {}
[INFO ] 2021-12-26 15:45:03.733 [main] DataProviderCsv - readCsvOrder: [3] {}
