[INFO ] 2021-12-26 16:54:25.887 [main] DataProviderH2 - getOrders: [2] {}
[INFO ] 2021-12-26 16:54:25.895 [main] DataProviderH2 - getOrders: [4] {}
[INFO ] 2021-12-26 16:54:25.897 [main] DataProviderH2 - No such element
[INFO ] 2021-12-26 16:54:25.903 [main] DataProviderH2 - closeConnection: [1] {}
[INFO ] 2021-12-26 16:54:25.920 [main] DataProviderH2 - updateOrders: [2] {}
[INFO ] 2021-12-26 16:56:01.990 [main] DataProviderH2 - connection: [1] {}
[INFO ] 2021-12-26 16:56:02.221 [main] DataProviderH2 - connection: [2] {}
[INFO ] 2021-12-26 16:56:02.222 [main] DataProviderH2 - connection: [4] {}
[INFO ] 2021-12-26 16:56:02.222 [main] DataProviderH2 - takeHistoryOrders [1] {}
[INFO ] 2021-12-26 16:56:02.222 [main] DataProviderH2 - getOrders: [1] {}
[INFO ] 2021-12-26 16:56:02.222 [main] DataProviderH2 - readH2Order: [1] {}
[INFO ] 2021-12-26 16:56:02.222 [main] DataProviderH2 - connection: [1] {}
[INFO ] 2021-12-26 16:56:02.223 [main] DataProviderH2 - connection: [2] {}
[INFO ] 2021-12-26 16:56:02.224 [main] DataProviderH2 - connection: [4] {}
[INFO ] 2021-12-26 16:56:02.225 [main] DataProviderH2 - h2ToOrderList: [1] {}
[INFO ] 2021-12-26 16:56:02.225 [main] DataProviderH2 - h2ToOrderList: [2] {}
[INFO ] 2021-12-26 16:56:02.225 [main] DataProviderH2 - h2ToOrderList: [4] {}
[INFO ] 2021-12-26 16:56:02.225 [main] DataProviderH2 - closeConnection: [1] {}
[INFO ] 2021-12-26 16:56:02.225 [main] DataProviderH2 - readH2Order: [2] {}
[INFO ] 2021-12-26 16:56:02.226 [main] DataProviderH2 - readH2Order: [4] {}
[INFO ] 2021-12-26 16:56:02.226 [main] DataProviderH2 - getOrders: [2] {}
[INFO ] 2021-12-26 16:56:02.226 [main] DataProviderH2 - getOrders: [4] {}
[INFO ] 2021-12-26 16:56:02.229 [main] HistoryContent - putOrderHistory: [1] {}
[INFO ] 2021-12-26 16:56:02.619 [main] HistoryContent - putOrderHistory: [2] {}
[INFO ] 2021-12-26 16:56:03.858 [main] DataProviderH2 - closeConnection: [1] {}
[INFO ] 2021-12-26 16:56:03.888 [main] DataProviderH2 - updateOrders: [2] {}
[INFO ] 2021-12-26 16:56:19.936 [main] DataProviderH2 - getOrders: [1] {}
[INFO ] 2021-12-26 16:56:19.939 [main] DataProviderH2 - readH2Order: [1] {}
[INFO ] 2021-12-26 16:56:19.939 [main] DataProviderH2 - connection: [1] {}
[INFO ] 2021-12-26 16:56:20.180 [main] DataProviderH2 - connection: [2] {}
[INFO ] 2021-12-26 16:56:20.181 [main] DataProviderH2 - connection: [4] {}
[INFO ] 2021-12-26 16:56:20.181 [main] DataProviderH2 - h2ToOrderList: [1] {}
[INFO ] 2021-12-26 16:56:20.182 [main] DataProviderH2 - h2ToOrderList: [2] {}
[INFO ] 2021-12-26 16:56:20.182 [main] DataProviderH2 - h2ToOrderList: [4] {}
[INFO ] 2021-12-26 16:56:20.183 [main] DataProviderH2 - closeConnection: [1] {}
[INFO ] 2021-12-26 16:56:20.202 [main] DataProviderH2 - readH2Order: [2] {}
[INFO ] 2021-12-26 16:56:20.202 [main] DataProviderH2 - readH2Order: [4] {}
[INFO ] 2021-12-26 16:56:20.202 [main] DataProviderH2 - getOrders: [2] {}
[INFO ] 2021-12-26 16:56:20.203 [main] DataProviderH2 - getOrders: [4] {}
[INFO ] 2021-12-26 16:56:31.544 [main] DataProviderH2 - connection: [1] {}
[INFO ] 2021-12-26 16:56:31.777 [main] DataProviderH2 - connection: [2] {}
[INFO ] 2021-12-26 16:56:31.777 [main] DataProviderH2 - connection: [4] {}
[ERROR] 2021-12-26 16:56:31.778 [main] DataProviderH2 - updateOrders: [3] {} Cannot invoke "project.model.Order.getOrderId()" because "order" is null
[INFO ] 2021-12-26 16:57:02.640 [main] DataProviderH2 - connection: [1] {}
[INFO ] 2021-12-26 16:57:02.874 [main] DataProviderH2 - connection: [2] {}
[INFO ] 2021-12-26 16:57:02.874 [main] DataProviderH2 - connection: [4] {}
[ERROR] 2021-12-26 16:57:02.874 [main] DataProviderH2 - updateOrders: [3] {} Cannot invoke "project.model.Order.getOrderId()" because "order" is null
[INFO ] 2021-12-26 16:57:17.051 [main] DataProviderH2 - getUserById: [1] {}
[INFO ] 2021-12-26 16:57:17.055 [main] DataProviderH2 - connection: [1] {}
[INFO ] 2021-12-26 16:57:17.297 [main] DataProviderH2 - connection: [2] {}
[INFO ] 2021-12-26 16:57:17.297 [main] DataProviderH2 - connection: [4] {}
[INFO ] 2021-12-26 16:57:17.301 [main] DataProviderH2 - h2ToUserListUser: [1] {}
[INFO ] 2021-12-26 16:57:17.302 [main] DataProviderH2 - h2ToUserListUser: [2] {}
[INFO ] 2021-12-26 16:57:17.302 [main] DataProviderH2 - h2ToUserListUser: [4] {}
[INFO ] 2021-12-26 16:57:17.302 [main] DataProviderH2 - closeConnection: [1] {}
[INFO ] 2021-12-26 16:57:17.324 [main] DataProviderH2 - getUserById: [2] {}
[INFO ] 2021-12-26 16:57:26.928 [main] DataProviderH2 - getUserById: [1] {}
[INFO ] 2021-12-26 16:57:26.932 [main] DataProviderH2 - connection: [1] {}
[INFO ] 2021-12-26 16:57:27.180 [main] DataProviderH2 - connection: [2] {}
[INFO ] 2021-12-26 16:57:27.180 [main] DataProviderH2 - connection: [4] {}
[INFO ] 2021-12-26 16:57:27.184 [main] DataProviderH2 - h2ToUserListUser: [1] {}
[ERROR] 2021-12-26 16:57:27.190 [main] DataProviderH2 - h2ToUserList [3] {} Столбец "ID" не найден
Column "ID" not found [42122-200]
[INFO ] 2021-12-26 16:57:27.191 [main] DataProviderH2 - h2ToUserListUser: [4] {}
[INFO ] 2021-12-26 16:57:27.192 [main] DataProviderH2 - closeConnection: [1] {}
[INFO ] 2021-12-26 16:57:27.210 [main] DataProviderH2 - getUserById: [2] {}
[INFO ] 2021-12-26 16:58:46.774 [main] DataProviderH2 - getUserById: [1] {}
[INFO ] 2021-12-26 16:58:46.778 [main] DataProviderH2 - connection: [1] {}
[INFO ] 2021-12-26 16:58:47.008 [main] DataProviderH2 - connection: [2] {}
[INFO ] 2021-12-26 16:58:47.008 [main] DataProviderH2 - connection: [4] {}
[INFO ] 2021-12-26 16:58:47.021 [main] DataProviderH2 - h2ToOrderList: [1] {}
[INFO ] 2021-12-26 16:58:47.022 [main] DataProviderH2 - h2ToOrderList: [2] {}
[INFO ] 2021-12-26 16:58:47.023 [main] DataProviderH2 - h2ToOrderList: [4] {}
[INFO ] 2021-12-26 16:58:47.023 [main] DataProviderH2 - closeConnection: [1] {}
[INFO ] 2021-12-26 16:58:47.040 [main] DataProviderH2 - getUserById: [2] {}
[INFO ] 2021-12-26 16:58:57.267 [main] DataProviderH2 - getUserById: [1] {}
[INFO ] 2021-12-26 16:58:57.271 [main] DataProviderH2 - connection: [1] {}
[INFO ] 2021-12-26 16:58:57.514 [main] DataProviderH2 - connection: [2] {}
[INFO ] 2021-12-26 16:58:57.515 [main] DataProviderH2 - connection: [4] {}
[INFO ] 2021-12-26 16:58:57.519 [main] DataProviderH2 - h2ToOrderList: [1] {}
[INFO ] 2021-12-26 16:58:57.519 [main] DataProviderH2 - h2ToOrderList: [2] {}
[INFO ] 2021-12-26 16:58:57.519 [main] DataProviderH2 - h2ToOrderList: [4] {}
[INFO ] 2021-12-26 16:58:57.519 [main] DataProviderH2 - closeConnection: [1] {}
[INFO ] 2021-12-26 16:58:57.539 [main] DataProviderH2 - getUserById: [2] {}
[INFO ] 2021-12-26 16:59:08.347 [main] DataProviderH2 - getUserById: [1] {}
[INFO ] 2021-12-26 16:59:08.351 [main] DataProviderH2 - connection: [1] {}
[INFO ] 2021-12-26 16:59:08.590 [main] DataProviderH2 - connection: [2] {}
[INFO ] 2021-12-26 16:59:08.590 [main] DataProviderH2 - connection: [4] {}
[INFO ] 2021-12-26 16:59:08.594 [main] DataProviderH2 - h2ToUserListUser: [1] {}
[INFO ] 2021-12-26 16:59:08.595 [main] DataProviderH2 - h2ToUserListUser: [2] {}
[INFO ] 2021-12-26 16:59:08.595 [main] DataProviderH2 - h2ToUserListUser: [4] {}
[INFO ] 2021-12-26 16:59:08.595 [main] DataProviderH2 - closeConnection: [1] {}
[INFO ] 2021-12-26 16:59:08.616 [main] DataProviderH2 - getUserById: [2] {}
[INFO ] 2021-12-26 16:59:36.093 [main] DataProviderH2 - getUserById: [1] {}
[INFO ] 2021-12-26 16:59:36.096 [main] DataProviderH2 - connection: [1] {}
[INFO ] 2021-12-26 16:59:36.342 [main] DataProviderH2 - connection: [2] {}
[INFO ] 2021-12-26 16:59:36.342 [main] DataProviderH2 - connection: [4] {}
[INFO ] 2021-12-26 16:59:36.347 [main] DataProviderH2 - h2ToUserListUser: [1] {}
[INFO ] 2021-12-26 16:59:36.348 [main] DataProviderH2 - h2ToUserListUser: [2] {}
[INFO ] 2021-12-26 16:59:36.349 [main] DataProviderH2 - h2ToUserListUser: [4] {}
[INFO ] 2021-12-26 16:59:36.349 [main] DataProviderH2 - closeConnection: [1] {}
[INFO ] 2021-12-26 16:59:36.368 [main] DataProviderH2 - getUserById: [2] {}
[INFO ] 2021-12-26 16:59:54.870 [main] DataProviderH2 - getUserById: [1] {}
[INFO ] 2021-12-26 16:59:54.874 [main] DataProviderH2 - connection: [1] {}
[INFO ] 2021-12-26 16:59:55.082 [main] DataProviderH2 - connection: [2] {}
[INFO ] 2021-12-26 16:59:55.082 [main] DataProviderH2 - connection: [4] {}
[INFO ] 2021-12-26 16:59:55.086 [main] DataProviderH2 - h2ToUserListUser: [1] {}
[INFO ] 2021-12-26 16:59:55.095 [main] DataProviderH2 - h2ToUserListUser: [2] {}
[INFO ] 2021-12-26 16:59:55.095 [main] DataProviderH2 - h2ToUserListUser: [4] {}
[INFO ] 2021-12-26 16:59:55.096 [main] DataProviderH2 - closeConnection: [1] {}
[INFO ] 2021-12-26 16:59:55.113 [main] DataProviderH2 - getUserById: [2] {}
[INFO ] 2021-12-26 17:10:48.327 [main] DataProviderH2 - getUserById: [1] {}
[INFO ] 2021-12-26 17:10:48.330 [main] DataProviderH2 - connection: [1] {}
[INFO ] 2021-12-26 17:10:48.570 [main] DataProviderH2 - connection: [2] {}
[INFO ] 2021-12-26 17:10:48.570 [main] DataProviderH2 - connection: [4] {}
[INFO ] 2021-12-26 17:10:48.575 [main] DataProviderH2 - h2ToUserListUser: [1] {}
[INFO ] 2021-12-26 17:10:48.576 [main] DataProviderH2 - h2ToUserListUser: [2] {}
[INFO ] 2021-12-26 17:10:48.576 [main] DataProviderH2 - h2ToUserListUser: [4] {}
[INFO ] 2021-12-26 17:10:48.577 [main] DataProviderH2 - closeConnection: [1] {}
[INFO ] 2021-12-26 17:10:48.598 [main] DataProviderH2 - getUserById: [2] {}
[INFO ] 2021-12-26 17:11:03.178 [main] DataProviderH2 - updateOrders: [1] {}
[INFO ] 2021-12-26 17:11:03.182 [main] DataProviderH2 - connection: [1] {}
[INFO ] 2021-12-26 17:11:03.418 [main] DataProviderH2 - connection: [2] {}
[INFO ] 2021-12-26 17:11:03.418 [main] DataProviderH2 - connection: [4] {}
[INFO ] 2021-12-26 17:11:03.418 [main] DataProviderH2 - isInDataOrder [1] {}
[INFO ] 2021-12-26 17:11:03.418 [main] DataProviderH2 - getOrders: [1] {}
[INFO ] 2021-12-26 17:11:03.418 [main] DataProviderH2 - readH2Order: [1] {}
[INFO ] 2021-12-26 17:11:03.419 [main] DataProviderH2 - connection: [1] {}
[INFO ] 2021-12-26 17:11:03.420 [main] DataProviderH2 - connection: [2] {}
[INFO ] 2021-12-26 17:11:03.420 [main] DataProviderH2 - connection: [4] {}
