[INFO ] 2021-12-26 14:34:17.236 [main] DataProviderCsv - writeCsvOrder: [2] {}
[INFO ] 2021-12-26 14:34:17.248 [main] DataProviderCsv - writeCsvOrder: [4] {}
[INFO ] 2021-12-26 14:34:17.248 [main] DataProviderCsv - appendOrders: [5] {}
[INFO ] 2021-12-26 14:34:17.248 [main] DataProviderCsv - updateOrders: [3] {}
[INFO ] 2021-12-26 14:34:17.249 [main] DataProviderCsv - createOrderCsv [2] {}
[INFO ] 2021-12-26 14:34:17.253 [main] DataProviderCsv - readCsvOrder: [1] {}
[INFO ] 2021-12-26 14:34:17.264 [main] DataProviderCsv - readCsvOrder: [3] {}
[INFO ] 2021-12-26 14:34:17.268 [main] DataProviderCsv - deleteOrderById: [1] {}
[INFO ] 2021-12-26 14:34:17.269 [main] DataProviderCsv - getOrders: [1] {}
[INFO ] 2021-12-26 14:34:17.269 [main] DataProviderCsv - readCsvOrder: [1] {}
[INFO ] 2021-12-26 14:34:17.282 [main] DataProviderCsv - readCsvOrder: [3] {}
[INFO ] 2021-12-26 14:34:17.282 [main] DataProviderCsv - getOrders: [3] {}
[INFO ] 2021-12-26 14:34:17.283 [main] DataProviderCsv - isIdInDataOrder: [1] {}
[INFO ] 2021-12-26 14:34:17.283 [main] DataProviderCsv - getOrders: [1] {}
[INFO ] 2021-12-26 14:34:17.283 [main] DataProviderCsv - readCsvOrder: [1] {}
[INFO ] 2021-12-26 14:34:17.288 [main] DataProviderCsv - readCsvOrder: [3] {}
[INFO ] 2021-12-26 14:34:17.289 [main] DataProviderCsv - getOrders: [3] {}
[INFO ] 2021-12-26 14:34:17.289 [main] DataProviderCsv - isIdInDataOrder: [2] {} Element is found
[INFO ] 2021-12-26 14:34:17.290 [main] HistoryContent - putOrderHistory: [1] {}
[INFO ] 2021-12-26 14:34:17.316 [main] HistoryContent - putOrderHistory: [2] {}
[INFO ] 2021-12-26 14:34:18.118 [main] DataProviderCsv - writeCsvOrder: [1] {}
[INFO ] 2021-12-26 14:34:18.118 [main] DataProviderCsv - writeCsvOrder: [4] {}
[INFO ] 2021-12-26 14:34:18.118 [main] DataProviderCsv - deleteUserById: [3] {}
[INFO ] 2021-12-26 14:34:18.121 [main] DataProviderCsv - getOrders: [1] {}
[INFO ] 2021-12-26 14:34:18.121 [main] DataProviderCsv - readCsvOrder: [1] {}
[INFO ] 2021-12-26 14:34:18.133 [main] DataProviderCsv - readCsvOrder: [3] {}
[INFO ] 2021-12-26 14:34:18.133 [main] DataProviderCsv - getOrders: [3] {}
[INFO ] 2021-12-26 14:34:18.137 [main] DataProviderCsv - searchPharmacyProductByCategory [1] {}
[INFO ] 2021-12-26 14:34:18.137 [main] DataProviderCsv - searchPharmacyProductByCategory [1] {}
[INFO ] 2021-12-26 14:34:18.137 [main] DataProviderCsv - getMeddicines: [1] {}
[INFO ] 2021-12-26 14:34:18.138 [main] DataProviderCsv - readCsvMedicine: [1] {}
[INFO ] 2021-12-26 14:34:18.148 [main] DataProviderCsv - readCsvMedicine: [3] {}
[INFO ] 2021-12-26 14:34:18.148 [main] DataProviderCsv - getMeddicines: [3] {}
[INFO ] 2021-12-26 14:34:18.148 [main] DataProviderCsv - searchPharmacyProductByCategory [2] {}
[INFO ] 2021-12-26 14:34:18.149 [main] DataProviderCsv - searchPharmacyProductByCategory [2] {}
[INFO ] 2021-12-26 14:34:18.149 [main] DataProviderCsv - searchPharmacyMedicalDeviceByCategory [1] {}
[INFO ] 2021-12-26 14:34:18.149 [main] DataProviderCsv - getMedicalDevices: [1] {}
[INFO ] 2021-12-26 14:34:18.149 [main] DataProviderCsv - readCsvMedicalDevice: [1] {}
[INFO ] 2021-12-26 14:34:18.159 [main] DataProviderCsv - readCsvMedicalDevice: [3] {}
[INFO ] 2021-12-26 14:34:18.160 [main] DataProviderCsv - getMedicalDevices: [3] {}
[INFO ] 2021-12-26 14:34:18.160 [main] DataProviderCsv - searchPharmacyMedicalDeviceByCategory [2] {}
[INFO ] 2021-12-26 14:34:18.161 [main] DataProviderCsv - searchPharmacyProductByCategory [4] {}
[INFO ] 2021-12-26 14:34:18.162 [main] DataProviderCsv - searchPharmacyProductByCategory [7] {}
[INFO ] 2021-12-26 14:34:18.163 [main] DataProviderCsv - sortPharmacyProductMaxToMin [1] {}
[INFO ] 2021-12-26 14:34:18.166 [main] DataProviderCsv - sortPharmacyProductMaxToMin [2] {}
[INFO ] 2021-12-26 14:34:18.171 [main] DataProviderCsv - getMedicalDeviceByBarcode: [1] {}
[INFO ] 2021-12-26 14:34:18.171 [main] DataProviderCsv - getMedicalDevices: [1] {}
[INFO ] 2021-12-26 14:34:18.172 [main] DataProviderCsv - readCsvMedicalDevice: [1] {}
[INFO ] 2021-12-26 14:34:18.183 [main] DataProviderCsv - readCsvMedicalDevice: [3] {}
[INFO ] 2021-12-26 14:34:18.183 [main] DataProviderCsv - getMedicalDevices: [3] {}
[INFO ] 2021-12-26 14:34:18.184 [main] DataProviderCsv - isIdInDataMedicalDevice: [1] {}
[INFO ] 2021-12-26 14:34:18.184 [main] DataProviderCsv - getMedicalDevices: [1] {}
[INFO ] 2021-12-26 14:34:18.184 [main] DataProviderCsv - readCsvMedicalDevice: [1] {}
[INFO ] 2021-12-26 14:34:18.205 [main] DataProviderCsv - readCsvMedicalDevice: [3] {}
[INFO ] 2021-12-26 14:34:18.205 [main] DataProviderCsv - getMedicalDevices: [3] {}
[INFO ] 2021-12-26 14:34:18.205 [main] DataProviderCsv - isIdInDataMedicalDevice: [2] {} Element is found
[INFO ] 2021-12-26 14:34:18.206 [main] DataProviderCsv - getMedicalDeviceByBarcode: [4] {}
[INFO ] 2021-12-26 14:34:18.208 [main] DataProviderCsv - getMedicalDeviceByBarcode: [1] {}
[INFO ] 2021-12-26 14:34:18.209 [main] DataProviderCsv - getMedicalDevices: [1] {}
[INFO ] 2021-12-26 14:34:18.209 [main] DataProviderCsv - readCsvMedicalDevice: [1] {}
[INFO ] 2021-12-26 14:34:18.218 [main] DataProviderCsv - readCsvMedicalDevice: [3] {}
[INFO ] 2021-12-26 14:34:18.219 [main] DataProviderCsv - getMedicalDevices: [3] {}
[INFO ] 2021-12-26 14:34:18.219 [main] DataProviderCsv - isIdInDataMedicalDevice: [1] {}
[INFO ] 2021-12-26 14:34:18.219 [main] DataProviderCsv - getMedicalDevices: [1] {}
[INFO ] 2021-12-26 14:34:18.219 [main] DataProviderCsv - readCsvMedicalDevice: [1] {}
[INFO ] 2021-12-26 14:34:18.228 [main] DataProviderCsv - readCsvMedicalDevice: [3] {}
[INFO ] 2021-12-26 14:34:18.228 [main] DataProviderCsv - getMedicalDevices: [3] {}
[INFO ] 2021-12-26 14:34:18.229 [main] DataProviderCsv - isIdInDataMedicalDevice: [3] {} No Such Element
[INFO ] 2021-12-26 14:34:18.229 [main] DataProviderCsv - getMedicalDeviceByBarcode: [2] {}
[INFO ] 2021-12-26 14:34:18.229 [main] DataProviderCsv - getMedicalDeviceByBarcode: [4] {}
[INFO ] 2021-12-26 14:34:18.232 [main] DataProviderCsv - writeCsvOrder: [1] {}
[INFO ] 2021-12-26 14:34:18.241 [main] DataProviderCsv - writeCsvOrder: [2] {}
[INFO ] 2021-12-26 14:34:18.241 [main] DataProviderCsv - writeCsvOrder: [4] {}
[INFO ] 2021-12-26 14:34:18.245 [main] DataProviderCsv - appendUsers: [1] {}
[INFO ] 2021-12-26 14:34:18.245 [main] DataProviderCsv - stringingDuplicateId: [1] {}
[INFO ] 2021-12-26 14:34:18.245 [main] DataProviderCsv - getUsers: [1] {}
[INFO ] 2021-12-26 14:34:18.245 [main] DataProviderCsv - readCsv: [1] {}
[INFO ] 2021-12-26 14:34:18.255 [main] DataProviderCsv - readCsv: [3] {}
[INFO ] 2021-12-26 14:34:18.255 [main] DataProviderCsv - getUsers: [3] {}
[INFO ] 2021-12-26 14:34:18.256 [main] DataProviderCsv - getUsers: [1] {}
[INFO ] 2021-12-26 14:34:18.256 [main] DataProviderCsv - readCsv: [1] {}
[INFO ] 2021-12-26 14:34:18.269 [main] DataProviderCsv - readCsv: [3] {}
[INFO ] 2021-12-26 14:34:18.269 [main] DataProviderCsv - getUsers: [3] {}
[INFO ] 2021-12-26 14:34:18.271 [main] DataProviderCsv - stringingDuplicateId: [2] {}
[INFO ] 2021-12-26 14:34:18.272 [main] DataProviderCsv - writeCsv: [1] {}
[INFO ] 2021-12-26 14:34:18.283 [main] DataProviderCsv - writeCsv: [3] {}
[INFO ] 2021-12-26 14:34:18.284 [main] DataProviderCsv - appendUsers: [5] {}
[INFO ] 2021-12-26 14:34:18.286 [main] DataProviderCsv - appendUsers: [1] {}
[INFO ] 2021-12-26 14:34:18.288 [main] DataProviderCsv - stringingDuplicateId: [1] {}
[INFO ] 2021-12-26 14:34:18.288 [main] DataProviderCsv - getUsers: [1] {}
[INFO ] 2021-12-26 14:34:18.289 [main] DataProviderCsv - readCsv: [1] {}
[INFO ] 2021-12-26 14:34:18.302 [main] DataProviderCsv - readCsv: [3] {}
[INFO ] 2021-12-26 14:34:18.303 [main] DataProviderCsv - getUsers: [3] {}
[INFO ] 2021-12-26 14:34:18.303 [main] DataProviderCsv - getUsers: [1] {}
[INFO ] 2021-12-26 14:34:18.303 [main] DataProviderCsv - readCsv: [1] {}
[INFO ] 2021-12-26 14:34:18.316 [main] DataProviderCsv - readCsv: [3] {}
[INFO ] 2021-12-26 14:34:18.316 [main] DataProviderCsv - getUsers: [3] {}
[INFO ] 2021-12-26 14:34:18.317 [main] DataProviderCsv - stringingDuplicateId: [2] {}
[INFO ] 2021-12-26 14:34:18.317 [main] DataProviderCsv - writeCsv: [1] {}
[INFO ] 2021-12-26 14:34:18.323 [main] DataProviderCsv - writeCsv: [3] {}
[INFO ] 2021-12-26 14:34:18.324 [main] DataProviderCsv - appendUsers: [5] {}
[INFO ] 2021-12-26 14:34:18.324 [main] DataProviderCsv - getUsers: [1] {}
[INFO ] 2021-12-26 14:34:18.324 [main] DataProviderCsv - readCsv: [1] {}
[INFO ] 2021-12-26 14:34:18.331 [main] DataProviderCsv - readCsv: [3] {}
[INFO ] 2021-12-26 14:34:18.332 [main] DataProviderCsv - getUsers: [3] {}
[INFO ] 2021-12-26 14:34:18.332 [main] DataProviderCsv - getUsers: [1] {}
[INFO ] 2021-12-26 14:34:18.332 [main] DataProviderCsv - readCsv: [1] {}
[INFO ] 2021-12-26 14:34:18.339 [main] DataProviderCsv - readCsv: [3] {}
[INFO ] 2021-12-26 14:34:18.339 [main] DataProviderCsv - getUsers: [3] {}
[INFO ] 2021-12-26 14:34:18.349 [main] DataProviderCsv - appendOrders: [1] {}
[INFO ] 2021-12-26 14:34:18.349 [main] DataProviderCsv - stringingDuplicateIdOrder: [1] {}
[INFO ] 2021-12-26 14:34:18.349 [main] DataProviderCsv - getOrders: [1] {}
[INFO ] 2021-12-26 14:34:18.349 [main] DataProviderCsv - readCsvOrder: [1] {}
[INFO ] 2021-12-26 14:34:18.355 [main] DataProviderCsv - readCsvOrder: [3] {}
[INFO ] 2021-12-26 14:34:18.355 [main] DataProviderCsv - getOrders: [3] {}
[INFO ] 2021-12-26 14:34:18.355 [main] DataProviderCsv - getOrders: [1] {}
[INFO ] 2021-12-26 14:34:18.355 [main] DataProviderCsv - readCsvOrder: [1] {}
[INFO ] 2021-12-26 14:34:18.361 [main] DataProviderCsv - readCsvOrder: [3] {}
[INFO ] 2021-12-26 14:34:18.362 [main] DataProviderCsv - getOrders: [3] {}
[INFO ] 2021-12-26 14:34:18.362 [main] DataProviderCsv - stringingDuplicateIdOrder: [2] {}
[INFO ] 2021-12-26 14:34:18.362 [main] DataProviderCsv - writeCsvOrder: [1] {}
[INFO ] 2021-12-26 14:34:18.367 [main] DataProviderCsv - writeCsvOrder: [2] {}
[INFO ] 2021-12-26 14:34:18.367 [main] DataProviderCsv - writeCsvOrder: [4] {}
[INFO ] 2021-12-26 14:34:18.367 [main] DataProviderCsv - appendOrders: [5] {}
[INFO ] 2021-12-26 14:34:18.370 [main] DataProviderCsv - writeCsvOrder: [1] {}
