[INFO ] 2021-12-08 17:17:16.145 [main] DataProviderXml - appendUsers: [1] {}
[INFO ] 2021-12-08 17:17:16.153 [main] DataProviderXml - stringingDuplicateId: [1] {}
[INFO ] 2021-12-08 17:17:16.153 [main] DataProviderXml - getUsers: [1] {}
[INFO ] 2021-12-08 17:17:16.153 [main] DataProviderXml - readXml: [1] {}
[INFO ] 2021-12-08 17:17:16.156 [main] DataProviderXml - readXml: [3] {}
[INFO ] 2021-12-08 17:17:16.156 [main] DataProviderXml - getUsers: [3] {}
[INFO ] 2021-12-08 17:17:16.157 [main] DataProviderXml - getUsers: [1] {}
[INFO ] 2021-12-08 17:17:16.157 [main] DataProviderXml - readXml: [1] {}
[INFO ] 2021-12-08 17:17:16.160 [main] DataProviderXml - readXml: [3] {}
[INFO ] 2021-12-08 17:17:16.160 [main] DataProviderXml - getUsers: [3] {}
[INFO ] 2021-12-08 17:17:16.169 [main] DataProviderXml - stringingDuplicateId: [2] {}
[INFO ] 2021-12-08 17:17:16.169 [main] DataProviderXml - writeXml: [1] {}
[INFO ] 2021-12-08 17:17:16.173 [main] DataProviderXml - writeXml: [3] {}
[INFO ] 2021-12-08 17:17:16.173 [main] DataProviderXml - appendUsers: [5] {}
[INFO ] 2021-12-08 17:17:16.173 [main] DataProviderXml - updateUsers: [3] {}
[INFO ] 2021-12-08 17:17:16.173 [main] DataProviderXml - getUsers: [1] {}
[INFO ] 2021-12-08 17:17:16.173 [main] DataProviderXml - readXml: [1] {}
[INFO ] 2021-12-08 17:17:16.176 [main] DataProviderXml - readXml: [3] {}
[INFO ] 2021-12-08 17:17:16.176 [main] DataProviderXml - getUsers: [3] {}
[INFO ] 2021-12-08 17:17:16.178 [main] DataProviderXml - getUserById: [1] {}
[INFO ] 2021-12-08 17:17:16.178 [main] DataProviderXml - getUsers: [1] {}
[INFO ] 2021-12-08 17:17:16.179 [main] DataProviderXml - readXml: [1] {}
[INFO ] 2021-12-08 17:17:16.182 [main] DataProviderXml - readXml: [3] {}
[INFO ] 2021-12-08 17:17:16.182 [main] DataProviderXml - getUsers: [3] {}
[INFO ] 2021-12-08 17:17:16.182 [main] DataProviderXml - isIdInData: [1] {}
[INFO ] 2021-12-08 17:17:16.182 [main] DataProviderXml - getUsers: [1] {}
[INFO ] 2021-12-08 17:17:16.184 [main] DataProviderXml - readXml: [1] {}
[INFO ] 2021-12-08 17:17:16.187 [main] DataProviderXml - readXml: [3] {}
[INFO ] 2021-12-08 17:17:16.187 [main] DataProviderXml - getUsers: [3] {}
[INFO ] 2021-12-08 17:17:16.187 [main] DataProviderXml - isIdInData: [2] {} Element is found
[INFO ] 2021-12-08 17:17:16.187 [main] DataProviderXml - getUserById: [4] {}
[INFO ] 2021-12-19 14:30:48.220 [main] DataProviderCsv - deleteUserById: [1] {}
[INFO ] 2021-12-19 14:30:48.223 [main] DataProviderCsv - getUsers: [1] {}
[INFO ] 2021-12-19 14:30:48.225 [main] DataProviderCsv - readCsv: [1] {}
[INFO ] 2021-12-19 14:30:48.321 [main] DataProviderCsv - readCsv: [3] {}
[INFO ] 2021-12-19 14:30:48.321 [main] DataProviderCsv - getUsers: [3] {}
[INFO ] 2021-12-19 14:30:48.321 [main] DataProviderCsv - isIdInData: [1] {}
[INFO ] 2021-12-19 14:30:48.321 [main] DataProviderCsv - getUsers: [1] {}
[INFO ] 2021-12-19 14:30:48.321 [main] DataProviderCsv - readCsv: [1] {}
[INFO ] 2021-12-19 14:30:48.327 [main] DataProviderCsv - readCsv: [3] {}
[INFO ] 2021-12-19 14:30:48.327 [main] DataProviderCsv - getUsers: [3] {}
[INFO ] 2021-12-19 14:30:48.329 [main] DataProviderCsv - isIdInData: [2] {} Element is found
[INFO ] 2021-12-19 14:30:48.330 [main] DataProviderCsv - writeCsv: [1] {}
[INFO ] 2021-12-19 14:30:48.356 [main] DataProviderCsv - writeCsv: [3] {}
[INFO ] 2021-12-19 14:30:48.356 [main] DataProviderCsv - deleteUserById: [4] {}
[INFO ] 2021-12-19 14:30:48.371 [main] DataProviderCsv - getUserById: [1] {}
[INFO ] 2021-12-19 14:30:48.371 [main] DataProviderCsv - getUsers: [1] {}
[INFO ] 2021-12-19 14:30:48.371 [main] DataProviderCsv - readCsv: [1] {}
[INFO ] 2021-12-19 14:30:48.387 [main] DataProviderCsv - readCsv: [3] {}
[INFO ] 2021-12-19 14:30:48.387 [main] DataProviderCsv - getUsers: [3] {}
[INFO ] 2021-12-19 14:30:48.387 [main] DataProviderCsv - isIdInData: [1] {}
[INFO ] 2021-12-19 14:30:48.387 [main] DataProviderCsv - getUsers: [1] {}
[INFO ] 2021-12-19 14:30:48.387 [main] DataProviderCsv - readCsv: [1] {}
[INFO ] 2021-12-19 14:30:48.393 [main] DataProviderCsv - readCsv: [3] {}
[INFO ] 2021-12-19 14:30:48.393 [main] DataProviderCsv - getUsers: [3] {}
[INFO ] 2021-12-19 14:30:48.393 [main] DataProviderCsv - isIdInData: [2] {} Element is found
[INFO ] 2021-12-19 14:30:48.394 [main] DataProviderCsv - getUserById: [4] {}
[INFO ] 2021-12-19 14:30:48.395 [main] DataProviderCsv - updateUsers: [1] {}
[INFO ] 2021-12-19 14:30:48.395 [main] DataProviderCsv - getUsers: [1] {}
[INFO ] 2021-12-19 14:30:48.395 [main] DataProviderCsv - readCsv: [1] {}
[INFO ] 2021-12-19 14:30:48.400 [main] DataProviderCsv - readCsv: [3] {}
[INFO ] 2021-12-19 14:30:48.400 [main] DataProviderCsv - getUsers: [3] {}
[INFO ] 2021-12-19 14:30:48.400 [main] DataProviderCsv - isIdInData: [1] {}
[INFO ] 2021-12-19 14:30:48.400 [main] DataProviderCsv - getUsers: [1] {}
[INFO ] 2021-12-19 14:30:48.400 [main] DataProviderCsv - readCsv: [1] {}
[INFO ] 2021-12-19 14:30:48.405 [main] DataProviderCsv - readCsv: [3] {}
[INFO ] 2021-12-19 14:30:48.405 [main] DataProviderCsv - getUsers: [3] {}
[INFO ] 2021-12-19 14:30:48.405 [main] DataProviderCsv - isIdInData: [2] {} Element is found
[INFO ] 2021-12-19 14:30:48.406 [main] DataProviderCsv - appendUsers: [1] {}
[INFO ] 2021-12-19 14:30:48.407 [main] DataProviderCsv - stringingDuplicateId: [1] {}
[INFO ] 2021-12-19 14:30:48.407 [main] DataProviderCsv - getUsers: [1] {}
[INFO ] 2021-12-19 14:30:48.407 [main] DataProviderCsv - readCsv: [1] {}
[INFO ] 2021-12-19 14:30:48.412 [main] DataProviderCsv - readCsv: [3] {}
[INFO ] 2021-12-19 14:30:48.412 [main] DataProviderCsv - getUsers: [3] {}
[INFO ] 2021-12-19 14:30:48.412 [main] DataProviderCsv - getUsers: [1] {}
[INFO ] 2021-12-19 14:30:48.412 [main] DataProviderCsv - readCsv: [1] {}
[INFO ] 2021-12-19 14:30:48.416 [main] DataProviderCsv - readCsv: [3] {}
[INFO ] 2021-12-19 14:30:48.416 [main] DataProviderCsv - getUsers: [3] {}
[INFO ] 2021-12-19 14:30:48.417 [main] DataProviderCsv - stringingDuplicateId: [2] {}
[INFO ] 2021-12-19 14:30:48.417 [main] DataProviderCsv - writeCsv: [1] {}
[INFO ] 2021-12-19 14:30:48.422 [main] DataProviderCsv - writeCsv: [3] {}
[INFO ] 2021-12-19 14:30:48.422 [main] DataProviderCsv - appendUsers: [5] {}
[INFO ] 2021-12-19 14:30:48.422 [main] DataProviderCsv - updateUsers: [3] {}
[INFO ] 2021-12-19 14:30:48.425 [main] DataProviderCsv - appendUsers: [1] {}
[INFO ] 2021-12-19 14:30:48.425 [main] DataProviderCsv - stringingDuplicateId: [1] {}
[INFO ] 2021-12-19 14:30:48.426 [main] DataProviderCsv - getUsers: [1] {}
[INFO ] 2021-12-19 14:30:48.426 [main] DataProviderCsv - readCsv: [1] {}
[INFO ] 2021-12-19 14:30:48.431 [main] DataProviderCsv - readCsv: [3] {}
[INFO ] 2021-12-19 14:30:48.431 [main] DataProviderCsv - getUsers: [3] {}
[INFO ] 2021-12-19 14:30:48.431 [main] DataProviderCsv - getUsers: [1] {}
[INFO ] 2021-12-19 14:30:48.431 [main] DataProviderCsv - readCsv: [1] {}
[INFO ] 2021-12-19 14:30:48.437 [main] DataProviderCsv - readCsv: [3] {}
[INFO ] 2021-12-19 14:30:48.437 [main] DataProviderCsv - getUsers: [3] {}
[INFO ] 2021-12-19 14:30:48.438 [main] DataProviderCsv - stringingDuplicateId: [2] {}
[INFO ] 2021-12-19 14:30:48.438 [main] DataProviderCsv - writeCsv: [1] {}
[INFO ] 2021-12-19 14:30:48.444 [main] DataProviderCsv - writeCsv: [3] {}
[INFO ] 2021-12-19 14:30:48.444 [main] DataProviderCsv - appendUsers: [5] {}
[INFO ] 2021-12-19 14:30:48.447 [main] DataProviderCsv - appendUsers: [1] {}
[INFO ] 2021-12-19 14:30:48.447 [main] DataProviderCsv - stringingDuplicateId: [1] {}
[INFO ] 2021-12-19 14:30:48.447 [main] DataProviderCsv - getUsers: [1] {}
[INFO ] 2021-12-19 14:30:48.447 [main] DataProviderCsv - readCsv: [1] {}
[INFO ] 2021-12-19 14:30:48.453 [main] DataProviderCsv - readCsv: [3] {}
[INFO ] 2021-12-19 14:30:48.453 [main] DataProviderCsv - getUsers: [3] {}
[INFO ] 2021-12-19 14:30:48.453 [main] DataProviderCsv - getUsers: [1] {}
[INFO ] 2021-12-19 14:30:48.453 [main] DataProviderCsv - readCsv: [1] {}
[INFO ] 2021-12-19 14:30:48.460 [main] DataProviderCsv - readCsv: [3] {}
[INFO ] 2021-12-19 14:30:48.461 [main] DataProviderCsv - getUsers: [3] {}
[INFO ] 2021-12-19 14:30:48.461 [main] DataProviderCsv - stringingDuplicateId: [2] {}
[INFO ] 2021-12-19 14:30:48.461 [main] DataProviderCsv - writeCsv: [1] {}
[INFO ] 2021-12-19 14:30:48.466 [main] DataProviderCsv - writeCsv: [3] {}
[INFO ] 2021-12-19 14:30:48.466 [main] DataProviderCsv - appendUsers: [5] {}
[INFO ] 2021-12-19 14:30:48.466 [main] DataProviderCsv - getUsers: [1] {}
[INFO ] 2021-12-19 14:30:48.467 [main] DataProviderCsv - readCsv: [1] {}
[INFO ] 2021-12-19 14:30:48.472 [main] DataProviderCsv - readCsv: [3] {}
[INFO ] 2021-12-19 14:30:48.472 [main] DataProviderCsv - getUsers: [3] {}
[INFO ] 2021-12-19 14:30:48.472 [main] DataProviderCsv - getUsers: [1] {}
[INFO ] 2021-12-19 14:30:48.472 [main] DataProviderCsv - readCsv: [1] {}
[INFO ] 2021-12-19 14:30:48.476 [main] DataProviderCsv - readCsv: [3] {}
[INFO ] 2021-12-19 14:30:48.477 [main] DataProviderCsv - getUsers: [3] {}
[INFO ] 2021-12-19 14:30:48.487 [main] DataProviderCsv - updateUsers: [1] {}
[INFO ] 2021-12-19 14:30:48.487 [main] DataProviderCsv - getUsers: [1] {}
[INFO ] 2021-12-19 14:30:48.487 [main] DataProviderCsv - readCsv: [1] {}
[INFO ] 2021-12-19 14:30:48.492 [main] DataProviderCsv - readCsv: [3] {}
[INFO ] 2021-12-19 14:30:48.493 [main] DataProviderCsv - getUsers: [3] {}
[INFO ] 2021-12-19 14:30:48.493 [main] DataProviderCsv - isIdInData: [1] {}
[INFO ] 2021-12-19 14:30:48.494 [main] DataProviderCsv - getUsers: [1] {}
[INFO ] 2021-12-19 14:30:48.494 [main] DataProviderCsv - readCsv: [1] {}
[INFO ] 2021-12-19 14:30:48.502 [main] DataProviderCsv - readCsv: [3] {}
[INFO ] 2021-12-19 14:30:48.503 [main] DataProviderCsv - getUsers: [3] {}
[INFO ] 2021-12-19 14:30:48.503 [main] DataProviderCsv - isIdInData: [2] {} Element is found
[INFO ] 2021-12-19 14:30:48.503 [main] DataProviderCsv - appendUsers: [1] {}
[INFO ] 2021-12-19 14:30:48.503 [main] DataProviderCsv - stringingDuplicateId: [1] {}
[INFO ] 2021-12-19 14:30:48.503 [main] DataProviderCsv - getUsers: [1] {}
[INFO ] 2021-12-19 14:30:48.503 [main] DataProviderCsv - readCsv: [1] {}
