[INFO ] 2021-12-25 17:15:12.293 [main] DataProviderXml - readXmlMedicine: [1] {}
[INFO ] 2021-12-25 17:15:12.307 [main] DataProviderXml - readXmlMedicine: [3] {}
[INFO ] 2021-12-25 17:15:12.307 [main] DataProviderXml - getMeddicines: [3] {}
[INFO ] 2021-12-25 17:15:12.307 [main] DataProviderXml - isIdInDataMedicine: [2] {} Element is found
[INFO ] 2021-12-25 17:15:12.308 [main] DataProviderXml - getUserById: [4] {}
[INFO ] 2021-12-25 17:15:12.308 [main] DataProviderXml - getTheAnaloguesOfMedicine [1] {}
[INFO ] 2021-12-25 17:15:12.309 [main] DataProviderXml - getMeddicines: [1] {}
[INFO ] 2021-12-25 17:15:12.310 [main] DataProviderXml - readXmlMedicine: [1] {}
[INFO ] 2021-12-25 17:15:12.314 [main] DataProviderXml - readXmlMedicine: [3] {}
[INFO ] 2021-12-25 17:15:12.317 [main] DataProviderXml - getMeddicines: [3] {}
[INFO ] 2021-12-25 17:15:12.317 [main] DataProviderXml - getTheAnaloguesOfMedicine [2] {}
[INFO ] 2021-12-25 17:15:12.318 [main] DataProviderXml - getTheAnaloguesOfMedicine [4] {}
[INFO ] 2021-12-25 17:15:45.148 [main] DataProviderXml - getTheAnaloguesOfMedicine [1] {}
[INFO ] 2021-12-25 17:15:45.149 [main] DataProviderXml - getTheAnaloguesOfMedicine [4] {}
[INFO ] 2021-12-25 17:16:22.668 [main] DataProviderXml - getTheAnaloguesByBarcode [1] {}
[INFO ] 2021-12-25 17:16:22.673 [main] DataProviderXml - getMeddicineByBarcode: [1] {}
[INFO ] 2021-12-25 17:16:22.674 [main] DataProviderXml - getMeddicines: [1] {}
[INFO ] 2021-12-25 17:16:22.674 [main] DataProviderXml - readXmlMedicine: [1] {}
[INFO ] 2021-12-25 17:16:22.798 [main] DataProviderXml - readXmlMedicine: [3] {}
[INFO ] 2021-12-25 17:16:22.798 [main] DataProviderXml - getMeddicines: [3] {}
[INFO ] 2021-12-25 17:16:22.798 [main] DataProviderXml - isIdInDataMedicine: [1] {}
[INFO ] 2021-12-25 17:16:22.798 [main] DataProviderXml - getMeddicines: [1] {}
[INFO ] 2021-12-25 17:16:22.798 [main] DataProviderXml - readXmlMedicine: [1] {}
[INFO ] 2021-12-25 17:16:22.802 [main] DataProviderXml - readXmlMedicine: [3] {}
[INFO ] 2021-12-25 17:16:22.802 [main] DataProviderXml - getMeddicines: [3] {}
[INFO ] 2021-12-25 17:16:22.804 [main] DataProviderXml - isIdInDataMedicine: [2] {} Element is found
[INFO ] 2021-12-25 17:16:22.805 [main] DataProviderXml - getUserById: [4] {}
[INFO ] 2021-12-25 17:16:22.805 [main] DataProviderXml - getTheAnaloguesOfMedicine [1] {}
[INFO ] 2021-12-25 17:16:22.805 [main] DataProviderXml - getMeddicines: [1] {}
[INFO ] 2021-12-25 17:16:22.805 [main] DataProviderXml - readXmlMedicine: [1] {}
[INFO ] 2021-12-25 17:16:22.810 [main] DataProviderXml - readXmlMedicine: [3] {}
[INFO ] 2021-12-25 17:16:22.810 [main] DataProviderXml - getMeddicines: [3] {}
[INFO ] 2021-12-25 17:16:22.812 [main] DataProviderXml - getTheAnaloguesOfMedicine [2] {}
[INFO ] 2021-12-25 17:16:22.812 [main] DataProviderXml - getTheAnaloguesOfMedicine [4] {}
[INFO ] 2021-12-25 17:16:22.812 [main] DataProviderXml - getTheAnaloguesByBarcode [2] {}
[INFO ] 2021-12-25 17:17:15.931 [main] DataProviderXml - getTheAnaloguesByBarcode [1] {}
[INFO ] 2021-12-25 17:17:15.936 [main] DataProviderXml - getMeddicineByBarcode: [1] {}
[INFO ] 2021-12-25 17:17:15.937 [main] DataProviderXml - getMeddicines: [1] {}
[INFO ] 2021-12-25 17:17:15.938 [main] DataProviderXml - readXmlMedicine: [1] {}
[INFO ] 2021-12-25 17:17:16.050 [main] DataProviderXml - readXmlMedicine: [3] {}
[INFO ] 2021-12-25 17:17:16.050 [main] DataProviderXml - getMeddicines: [3] {}
[INFO ] 2021-12-25 17:17:16.050 [main] DataProviderXml - isIdInDataMedicine: [1] {}
[INFO ] 2021-12-25 17:17:16.051 [main] DataProviderXml - getMeddicines: [1] {}
[INFO ] 2021-12-25 17:17:16.051 [main] DataProviderXml - readXmlMedicine: [1] {}
[INFO ] 2021-12-25 17:17:16.055 [main] DataProviderXml - readXmlMedicine: [3] {}
[INFO ] 2021-12-25 17:17:16.055 [main] DataProviderXml - getMeddicines: [3] {}
[INFO ] 2021-12-25 17:17:16.055 [main] DataProviderXml - isIdInDataMedicine: [3] {} No Such Element
[INFO ] 2021-12-25 17:17:16.056 [main] DataProviderXml - getMeddicineByBarcode: [2] {} No Such Element
[INFO ] 2021-12-25 17:17:16.056 [main] DataProviderXml - getUserById: [4] {}
[INFO ] 2021-12-25 17:17:16.056 [main] DataProviderXml - getTheAnaloguesOfMedicine [1] {}
[INFO ] 2021-12-25 17:17:16.056 [main] DataProviderXml - getTheAnaloguesOfMedicine [4] {}
[INFO ] 2021-12-25 17:17:16.056 [main] DataProviderXml - getTheAnaloguesByBarcode [2] {}
[INFO ] 2021-12-25 17:17:52.154 [main] DataProviderXml - searchPharmacyProductByCategory [1] {}
[INFO ] 2021-12-25 17:17:52.159 [main] DataProviderXml - searchPharmacyProductByCategory [1] {}
[INFO ] 2021-12-25 17:17:52.161 [main] DataProviderXml - getMeddicines: [1] {}
[INFO ] 2021-12-25 17:17:52.162 [main] DataProviderXml - readXmlMedicine: [1] {}
[INFO ] 2021-12-25 17:17:52.272 [main] DataProviderXml - readXmlMedicine: [3] {}
[INFO ] 2021-12-25 17:17:52.272 [main] DataProviderXml - getMeddicines: [3] {}
[INFO ] 2021-12-25 17:17:52.273 [main] DataProviderXml - searchPharmacyProductByCategory [2] {}
[INFO ] 2021-12-25 17:17:52.273 [main] DataProviderXml - searchPharmacyProductByCategory [2] {}
[INFO ] 2021-12-25 17:17:52.273 [main] DataProviderXml - searchPharmacyMedicalDeviceByCategory [1] {}
[INFO ] 2021-12-25 17:17:52.274 [main] DataProviderXml - getMedicalDevices: [1] {}
[INFO ] 2021-12-25 17:17:52.274 [main] DataProviderXml - readXmlMedicalDevice: [1] {}
[INFO ] 2021-12-25 17:17:52.277 [main] DataProviderXml - readXmlMedicine: [3] {}
[INFO ] 2021-12-25 17:17:52.277 [main] DataProviderXml - getMeddicines: [3] {}
[INFO ] 2021-12-25 17:17:52.278 [main] DataProviderXml - searchPharmacyMedicalDeviceByCategory [2] {}
[INFO ] 2021-12-25 17:17:52.278 [main] DataProviderXml - searchPharmacyProductByCategory [3] {} This category is empty
[INFO ] 2021-12-25 17:17:52.278 [main] DataProviderXml - searchPharmacyProductByCategory [7] {}
[INFO ] 2021-12-25 17:17:52.278 [main] DataProviderXml - sortPharmacyProductMinToMax [1] {}
[INFO ] 2021-12-25 17:17:52.280 [main] DataProviderXml - sortPharmacyProductMinToMax [2] {}
[INFO ] 2021-12-25 17:18:12.062 [main] DataProviderXml - searchPharmacyProductByCategory [1] {}
[INFO ] 2021-12-25 17:18:12.066 [main] DataProviderXml - searchPharmacyProductByCategory [1] {}
[INFO ] 2021-12-25 17:18:12.067 [main] DataProviderXml - getMeddicines: [1] {}
[INFO ] 2021-12-25 17:18:12.068 [main] DataProviderXml - readXmlMedicine: [1] {}
[INFO ] 2021-12-25 17:18:12.181 [main] DataProviderXml - readXmlMedicine: [3] {}
[INFO ] 2021-12-25 17:18:12.181 [main] DataProviderXml - getMeddicines: [3] {}
[INFO ] 2021-12-25 17:18:12.181 [main] DataProviderXml - searchPharmacyProductByCategory [2] {}
[INFO ] 2021-12-25 17:18:12.181 [main] DataProviderXml - searchPharmacyProductByCategory [2] {}
[INFO ] 2021-12-25 17:18:12.182 [main] DataProviderXml - searchPharmacyMedicalDeviceByCategory [1] {}
[INFO ] 2021-12-25 17:18:12.182 [main] DataProviderXml - getMedicalDevices: [1] {}
[INFO ] 2021-12-25 17:18:12.182 [main] DataProviderXml - readXmlMedicalDevice: [1] {}
[INFO ] 2021-12-25 17:18:12.186 [main] DataProviderXml - readXmlMedicine: [3] {}
[INFO ] 2021-12-25 17:18:12.187 [main] DataProviderXml - getMeddicines: [3] {}
[INFO ] 2021-12-25 17:18:12.187 [main] DataProviderXml - searchPharmacyMedicalDeviceByCategory [2] {}
[INFO ] 2021-12-25 17:18:12.187 [main] DataProviderXml - searchPharmacyProductByCategory [3] {} This category is empty
[INFO ] 2021-12-25 17:18:12.187 [main] DataProviderXml - searchPharmacyProductByCategory [7] {}
[INFO ] 2021-12-25 17:18:12.188 [main] DataProviderXml - sortPharmacyProductMinToMax [1] {}
[INFO ] 2021-12-25 17:18:12.189 [main] DataProviderXml - sortPharmacyProductMinToMax [2] {}
[INFO ] 2021-12-25 17:18:54.958 [main] DataProviderXml - searchPharmacyProductByCategory [1] {}
[INFO ] 2021-12-25 17:18:54.961 [main] DataProviderXml - searchPharmacyProductByCategory [1] {}
[INFO ] 2021-12-25 17:18:54.962 [main] DataProviderXml - getMeddicines: [1] {}
[INFO ] 2021-12-25 17:18:54.962 [main] DataProviderXml - readXmlMedicine: [1] {}
[INFO ] 2021-12-25 17:18:55.077 [main] DataProviderXml - readXmlMedicine: [3] {}
[INFO ] 2021-12-25 17:18:55.077 [main] DataProviderXml - getMeddicines: [3] {}
[INFO ] 2021-12-25 17:18:55.078 [main] DataProviderXml - searchPharmacyProductByCategory [2] {}
[INFO ] 2021-12-25 17:18:55.078 [main] DataProviderXml - searchPharmacyProductByCategory [2] {}
[INFO ] 2021-12-25 17:18:55.078 [main] DataProviderXml - searchPharmacyMedicalDeviceByCategory [1] {}
[INFO ] 2021-12-25 17:18:55.078 [main] DataProviderXml - getMedicalDevices: [1] {}
[INFO ] 2021-12-25 17:18:55.079 [main] DataProviderXml - readXmlMedicalDevice: [1] {}
[INFO ] 2021-12-25 17:18:55.082 [main] DataProviderXml - readXmlMedicine: [3] {}
[INFO ] 2021-12-25 17:18:55.083 [main] DataProviderXml - getMeddicines: [3] {}
[INFO ] 2021-12-25 17:18:55.083 [main] DataProviderXml - searchPharmacyMedicalDeviceByCategory [2] {}
[INFO ] 2021-12-25 17:18:55.083 [main] DataProviderXml - searchPharmacyProductByCategory [3] {} This category is empty
[INFO ] 2021-12-25 17:18:55.083 [main] DataProviderXml - searchPharmacyProductByCategory [7] {}
[INFO ] 2021-12-25 17:18:55.083 [main] DataProviderXml - sortPharmacyProductMinToMax [1] {}
[INFO ] 2021-12-25 17:18:55.085 [main] DataProviderXml - sortPharmacyProductMinToMax [2] {}
[INFO ] 2021-12-25 17:21:13.903 [main] DataProviderXml - searchPharmacyProductByCategory [1] {}
[INFO ] 2021-12-25 17:21:13.906 [main] DataProviderXml - searchPharmacyProductByCategory [1] {}
[INFO ] 2021-12-25 17:21:13.907 [main] DataProviderXml - getMeddicines: [1] {}
[INFO ] 2021-12-25 17:21:13.908 [main] DataProviderXml - readXmlMedicine: [1] {}
[INFO ] 2021-12-25 17:21:14.015 [main] DataProviderXml - readXmlMedicine: [3] {}
[INFO ] 2021-12-25 17:21:14.015 [main] DataProviderXml - getMeddicines: [3] {}
[INFO ] 2021-12-25 17:21:14.016 [main] DataProviderXml - searchPharmacyProductByCategory [2] {}
[INFO ] 2021-12-25 17:21:14.016 [main] DataProviderXml - searchPharmacyProductByCategory [2] {}
[INFO ] 2021-12-25 17:21:14.016 [main] DataProviderXml - searchPharmacyMedicalDeviceByCategory [1] {}
[INFO ] 2021-12-25 17:21:14.016 [main] DataProviderXml - getMedicalDevices: [1] {}
