[INFO ] 2021-12-26 13:15:26.752 [main] DataProviderCsv - readCsv: [3] {}
[INFO ] 2021-12-26 13:15:26.765 [main] DataProviderCsv - getOrders: [3] {}
[INFO ] 2021-12-26 13:15:26.767 [main] DataProviderCsv - stringingDuplicateIdOrder: [2] {}
[INFO ] 2021-12-26 13:15:26.767 [main] DataProviderCsv - writeCsvOrder: [1] {}
[INFO ] 2021-12-26 13:15:26.793 [main] DataProviderCsv - writeCsvOrder: [2] {}
[INFO ] 2021-12-26 13:15:26.794 [main] DataProviderCsv - writeCsvOrder: [4] {}
[INFO ] 2021-12-26 13:15:26.794 [main] DataProviderCsv - appendOrders: [5] {}
[INFO ] 2021-12-26 13:16:06.271 [main] DataProviderCsv - appendOrders: [1] {}
[INFO ] 2021-12-26 13:16:06.275 [main] DataProviderCsv - stringingDuplicateIdOrder: [1] {}
[INFO ] 2021-12-26 13:16:06.275 [main] DataProviderCsv - getOrders: [1] {}
[INFO ] 2021-12-26 13:16:06.284 [main] DataProviderCsv - readCsvOrder: [1] {}
[INFO ] 2021-12-26 13:16:06.381 [main] DataProviderCsv - readCsv: [3] {}
[INFO ] 2021-12-26 13:16:06.382 [main] DataProviderCsv - getOrders: [3] {}
[INFO ] 2021-12-26 13:16:06.382 [main] DataProviderCsv - getOrders: [1] {}
[INFO ] 2021-12-26 13:16:06.382 [main] DataProviderCsv - readCsvOrder: [1] {}
[INFO ] 2021-12-26 13:16:06.387 [main] DataProviderCsv - readCsv: [3] {}
[INFO ] 2021-12-26 13:16:06.387 [main] DataProviderCsv - getOrders: [3] {}
[INFO ] 2021-12-26 13:16:06.388 [main] DataProviderCsv - stringingDuplicateIdOrder: [2] {}
[INFO ] 2021-12-26 13:16:06.388 [main] DataProviderCsv - writeCsvOrder: [1] {}
[INFO ] 2021-12-26 13:16:06.415 [main] DataProviderCsv - writeCsvOrder: [2] {}
[INFO ] 2021-12-26 13:16:06.415 [main] DataProviderCsv - writeCsvOrder: [4] {}
[INFO ] 2021-12-26 13:16:06.416 [main] DataProviderCsv - appendOrders: [5] {}
[INFO ] 2021-12-26 13:17:51.424 [main] DataProviderCsv - deleteOrderById: [1] {}
[INFO ] 2021-12-26 13:17:51.428 [main] DataProviderCsv - getOrders: [1] {}
[INFO ] 2021-12-26 13:17:51.430 [main] DataProviderCsv - readCsvOrder: [1] {}
[INFO ] 2021-12-26 13:17:51.520 [main] DataProviderCsv - readCsv: [3] {}
[INFO ] 2021-12-26 13:17:51.521 [main] DataProviderCsv - getOrders: [3] {}
[INFO ] 2021-12-26 13:17:51.521 [main] DataProviderCsv - isIdInDataOrder: [1] {}
[INFO ] 2021-12-26 13:17:51.521 [main] DataProviderCsv - getOrders: [1] {}
[INFO ] 2021-12-26 13:17:51.521 [main] DataProviderCsv - readCsvOrder: [1] {}
[INFO ] 2021-12-26 13:17:51.527 [main] DataProviderCsv - readCsv: [3] {}
[INFO ] 2021-12-26 13:17:51.528 [main] DataProviderCsv - getOrders: [3] {}
[INFO ] 2021-12-26 13:17:51.529 [main] DataProviderCsv - isIdInDataOrder: [3] {} No Such Element
[INFO ] 2021-12-26 13:17:51.529 [main] DataProviderCsv - deleteUserById: [3] {}
[INFO ] 2021-12-26 13:18:18.629 [main] DataProviderCsv - deleteOrderById: [1] {}
[INFO ] 2021-12-26 13:18:18.633 [main] DataProviderCsv - getOrders: [1] {}
[INFO ] 2021-12-26 13:18:18.633 [main] DataProviderCsv - readCsvOrder: [1] {}
[INFO ] 2021-12-26 13:18:18.717 [main] DataProviderCsv - readCsv: [3] {}
[INFO ] 2021-12-26 13:18:18.717 [main] DataProviderCsv - getOrders: [3] {}
[INFO ] 2021-12-26 13:18:18.717 [main] DataProviderCsv - isIdInDataOrder: [1] {}
[INFO ] 2021-12-26 13:18:18.717 [main] DataProviderCsv - getOrders: [1] {}
[INFO ] 2021-12-26 13:18:18.717 [main] DataProviderCsv - readCsvOrder: [1] {}
[INFO ] 2021-12-26 13:18:18.723 [main] DataProviderCsv - readCsv: [3] {}
[INFO ] 2021-12-26 13:18:18.724 [main] DataProviderCsv - getOrders: [3] {}
[INFO ] 2021-12-26 13:18:18.725 [main] DataProviderCsv - isIdInDataOrder: [2] {} Element is found
[INFO ] 2021-12-26 13:18:18.726 [main] DataProviderCsv - writeCsvOrder: [1] {}
[INFO ] 2021-12-26 13:18:18.749 [main] DataProviderCsv - writeCsvOrder: [2] {}
[INFO ] 2021-12-26 13:18:18.749 [main] DataProviderCsv - writeCsvOrder: [4] {}
[INFO ] 2021-12-26 13:18:18.750 [main] DataProviderCsv - deleteUserById: [3] {}
[INFO ] 2021-12-26 13:19:04.620 [main] DataProviderCsv - deleteOrderById: [1] {}
[INFO ] 2021-12-26 13:19:04.622 [main] DataProviderCsv - getOrders: [1] {}
[INFO ] 2021-12-26 13:19:04.623 [main] DataProviderCsv - readCsvOrder: [1] {}
[INFO ] 2021-12-26 13:19:04.722 [main] DataProviderCsv - readCsv: [3] {}
[INFO ] 2021-12-26 13:19:04.722 [main] DataProviderCsv - getOrders: [3] {}
[INFO ] 2021-12-26 13:19:04.722 [main] DataProviderCsv - isIdInDataOrder: [1] {}
[INFO ] 2021-12-26 13:19:04.723 [main] DataProviderCsv - getOrders: [1] {}
[INFO ] 2021-12-26 13:19:04.723 [main] DataProviderCsv - readCsvOrder: [1] {}
[INFO ] 2021-12-26 13:19:04.730 [main] DataProviderCsv - readCsv: [3] {}
[INFO ] 2021-12-26 13:19:04.730 [main] DataProviderCsv - getOrders: [3] {}
[INFO ] 2021-12-26 13:19:04.732 [main] DataProviderCsv - isIdInDataOrder: [2] {} Element is found
[INFO ] 2021-12-26 13:19:04.733 [main] DataProviderCsv - writeCsvOrder: [1] {}
[INFO ] 2021-12-26 13:19:04.733 [main] DataProviderCsv - writeCsvOrder: [4] {}
[INFO ] 2021-12-26 13:19:04.733 [main] DataProviderCsv - deleteUserById: [3] {}
[INFO ] 2021-12-26 13:36:47.350 [main] DataProviderCsv - updateOrders: [1] {}
[INFO ] 2021-12-26 13:36:47.356 [main] DataProviderCsv - getUsers: [1] {}
[INFO ] 2021-12-26 13:36:47.356 [main] DataProviderCsv - readCsv: [1] {}
[INFO ] 2021-12-26 13:36:47.456 [main] DataProviderCsv - readCsv: [3] {}
[INFO ] 2021-12-26 13:36:47.456 [main] DataProviderCsv - getUsers: [3] {}
[INFO ] 2021-12-26 13:36:47.456 [main] DataProviderCsv - isIdInDataOrder: [1] {}
[INFO ] 2021-12-26 13:36:47.457 [main] DataProviderCsv - getOrders: [1] {}
[INFO ] 2021-12-26 13:36:47.457 [main] DataProviderCsv - readCsvOrder: [1] {}
[INFO ] 2021-12-26 13:36:47.464 [main] DataProviderCsv - readCsv: [3] {}
[INFO ] 2021-12-26 13:36:47.464 [main] DataProviderCsv - getOrders: [3] {}
[INFO ] 2021-12-26 13:36:47.465 [main] DataProviderCsv - isIdInDataOrder: [3] {} No Such Element
[INFO ] 2021-12-26 13:36:47.466 [main] DataProviderCsv - appendOrders: [1] {}
[INFO ] 2021-12-26 13:36:47.466 [main] DataProviderCsv - stringingDuplicateIdOrder: [1] {}
[INFO ] 2021-12-26 13:36:47.466 [main] DataProviderCsv - getOrders: [1] {}
[INFO ] 2021-12-26 13:36:47.466 [main] DataProviderCsv - readCsvOrder: [1] {}
[INFO ] 2021-12-26 13:36:47.470 [main] DataProviderCsv - readCsv: [3] {}
[INFO ] 2021-12-26 13:36:47.470 [main] DataProviderCsv - getOrders: [3] {}
[INFO ] 2021-12-26 13:36:47.470 [main] DataProviderCsv - getOrders: [1] {}
[INFO ] 2021-12-26 13:36:47.471 [main] DataProviderCsv - readCsvOrder: [1] {}
[INFO ] 2021-12-26 13:36:47.474 [main] DataProviderCsv - readCsv: [3] {}
[INFO ] 2021-12-26 13:36:47.474 [main] DataProviderCsv - getOrders: [3] {}
[ERROR] 2021-12-26 13:36:47.475 [main] DataProviderCsv - appendOrders: [4] {} class project.model.User cannot be cast to class project.model.Order (project.model.User and project.model.Order are in unnamed module of loader 'app')
[INFO ] 2021-12-26 13:36:47.476 [main] DataProviderCsv - appendOrders: [5] {}
[INFO ] 2021-12-26 13:36:47.477 [main] DataProviderCsv - updateOrders: [3] {}
[INFO ] 2021-12-26 13:39:40.444 [main] DataProviderCsv - updateOrders: [1] {}
[INFO ] 2021-12-26 13:39:40.451 [main] DataProviderCsv - getUsers: [1] {}
[INFO ] 2021-12-26 13:39:40.451 [main] DataProviderCsv - readCsv: [1] {}
[INFO ] 2021-12-26 13:39:40.548 [main] DataProviderCsv - readCsv: [3] {}
[INFO ] 2021-12-26 13:39:40.548 [main] DataProviderCsv - getUsers: [3] {}
[INFO ] 2021-12-26 13:39:40.548 [main] DataProviderCsv - isIdInDataOrder: [1] {}
[INFO ] 2021-12-26 13:39:40.549 [main] DataProviderCsv - getOrders: [1] {}
[INFO ] 2021-12-26 13:39:40.549 [main] DataProviderCsv - readCsvOrder: [1] {}
[INFO ] 2021-12-26 13:39:40.556 [main] DataProviderCsv - readCsv: [3] {}
[INFO ] 2021-12-26 13:39:40.556 [main] DataProviderCsv - getOrders: [3] {}
[INFO ] 2021-12-26 13:39:40.558 [main] DataProviderCsv - isIdInDataOrder: [3] {} No Such Element
[INFO ] 2021-12-26 13:39:40.558 [main] DataProviderCsv - appendOrders: [1] {}
[INFO ] 2021-12-26 13:39:40.558 [main] DataProviderCsv - stringingDuplicateIdOrder: [1] {}
[INFO ] 2021-12-26 13:39:40.558 [main] DataProviderCsv - getOrders: [1] {}
[INFO ] 2021-12-26 13:39:40.559 [main] DataProviderCsv - readCsvOrder: [1] {}
[INFO ] 2021-12-26 13:39:40.563 [main] DataProviderCsv - readCsv: [3] {}
[INFO ] 2021-12-26 13:39:40.563 [main] DataProviderCsv - getOrders: [3] {}
[INFO ] 2021-12-26 13:39:40.563 [main] DataProviderCsv - getOrders: [1] {}
[INFO ] 2021-12-26 13:39:40.563 [main] DataProviderCsv - readCsvOrder: [1] {}
[INFO ] 2021-12-26 13:39:40.575 [main] DataProviderCsv - readCsv: [3] {}
[INFO ] 2021-12-26 13:39:40.575 [main] DataProviderCsv - getOrders: [3] {}
[ERROR] 2021-12-26 13:39:40.576 [main] DataProviderCsv - appendOrders: [4] {} class project.model.User cannot be cast to class project.model.Order (project.model.User and project.model.Order are in unnamed module of loader 'app')
[INFO ] 2021-12-26 13:39:40.579 [main] DataProviderCsv - appendOrders: [5] {}
[INFO ] 2021-12-26 13:39:40.579 [main] DataProviderCsv - updateOrders: [3] {}
[INFO ] 2021-12-26 13:44:02.305 [main] DataProviderCsv - updateOrders: [1] {}
[INFO ] 2021-12-26 13:44:02.309 [main] DataProviderCsv - getUsers: [1] {}
[INFO ] 2021-12-26 13:44:02.309 [main] DataProviderCsv - readCsv: [1] {}
[INFO ] 2021-12-26 13:44:02.392 [main] DataProviderCsv - readCsv: [3] {}
[INFO ] 2021-12-26 13:44:02.392 [main] DataProviderCsv - getUsers: [3] {}
[INFO ] 2021-12-26 13:44:02.392 [main] DataProviderCsv - isIdInDataOrder: [1] {}
[INFO ] 2021-12-26 13:44:02.393 [main] DataProviderCsv - getOrders: [1] {}
[INFO ] 2021-12-26 13:44:02.393 [main] DataProviderCsv - readCsvOrder: [1] {}
[INFO ] 2021-12-26 13:44:02.399 [main] DataProviderCsv - readCsv: [3] {}
[INFO ] 2021-12-26 13:44:02.399 [main] DataProviderCsv - getOrders: [3] {}
[INFO ] 2021-12-26 13:44:02.401 [main] DataProviderCsv - isIdInDataOrder: [3] {} No Such Element
[INFO ] 2021-12-26 13:44:02.401 [main] DataProviderCsv - appendOrders: [1] {}
[INFO ] 2021-12-26 13:44:02.401 [main] DataProviderCsv - stringingDuplicateIdOrder: [1] {}
[INFO ] 2021-12-26 13:44:02.401 [main] DataProviderCsv - getOrders: [1] {}
[INFO ] 2021-12-26 13:44:02.401 [main] DataProviderCsv - readCsvOrder: [1] {}
