[INFO ] 2021-12-25 18:14:46.043 [main] DataProviderH2 - h2ToMeddicineList: [2] {}
[INFO ] 2021-12-25 18:14:46.051 [main] DataProviderH2 - h2ToMeddicineList: [4] {}
[INFO ] 2021-12-25 18:14:46.051 [main] DataProviderH2 - closeConnection: [1] {}
[INFO ] 2021-12-25 18:14:46.072 [main] DataProviderH2 - readMeddicinesFromH2M: [2] {}
[INFO ] 2021-12-25 18:14:46.072 [main] DataProviderH2 - readFromH2: [4] {}
[INFO ] 2021-12-25 18:14:46.072 [main] DataProviderH2 - getMeddicines: [2] {}
[INFO ] 2021-12-25 18:14:46.072 [main] DataProviderH2 - getMeddicines: [4] {}
[INFO ] 2021-12-25 18:14:46.073 [main] DataProviderH2 - searchPharmacyProductByCategory [2] {}
[INFO ] 2021-12-25 18:14:46.074 [main] DataProviderH2 - searchPharmacyProductByCategory [5] {}
[INFO ] 2021-12-25 18:14:46.074 [main] DataProviderH2 - searchPharmacyProductByCategory [7] {}
[INFO ] 2021-12-25 18:15:04.119 [main] DataProviderH2 - searchPharmacyProductByCategory [1] {}
[INFO ] 2021-12-25 18:15:04.126 [main] DataProviderH2 - searchPharmacyProductByCategory [1] {}
[INFO ] 2021-12-25 18:15:04.128 [main] DataProviderH2 - getMeddicines: [1] {}
[INFO ] 2021-12-25 18:15:04.130 [main] DataProviderH2 - readMeddicinesFromH2M: [1] {}
[INFO ] 2021-12-25 18:15:04.130 [main] DataProviderH2 - connection: [1] {}
[INFO ] 2021-12-25 18:15:04.412 [main] DataProviderH2 - connection: [2] {}
[INFO ] 2021-12-25 18:15:04.412 [main] DataProviderH2 - connection: [4] {}
[INFO ] 2021-12-25 18:15:04.413 [main] DataProviderH2 - h2ToMeddicineList: [1] {}
[INFO ] 2021-12-25 18:15:04.417 [main] DataProviderH2 - h2ToMeddicineList: [2] {}
[INFO ] 2021-12-25 18:15:04.417 [main] DataProviderH2 - h2ToMeddicineList: [4] {}
[INFO ] 2021-12-25 18:15:04.417 [main] DataProviderH2 - closeConnection: [1] {}
[INFO ] 2021-12-25 18:15:04.438 [main] DataProviderH2 - readMeddicinesFromH2M: [2] {}
[INFO ] 2021-12-25 18:15:04.438 [main] DataProviderH2 - readFromH2: [4] {}
[INFO ] 2021-12-25 18:15:04.438 [main] DataProviderH2 - getMeddicines: [2] {}
[INFO ] 2021-12-25 18:15:04.438 [main] DataProviderH2 - getMeddicines: [4] {}
[INFO ] 2021-12-25 18:15:04.439 [main] DataProviderH2 - searchPharmacyProductByCategory [2] {}
[INFO ] 2021-12-25 18:15:04.439 [main] DataProviderH2 - searchPharmacyProductByCategory [2] {}
[INFO ] 2021-12-25 18:15:04.439 [main] DataProviderH2 - searchPharmacyMedicalDeviceByCategory [1] {}
[INFO ] 2021-12-25 18:15:04.439 [main] DataProviderH2 - getMedicalDevices: [1] {}
[INFO ] 2021-12-25 18:15:04.440 [main] DataProviderH2 - readMedicalDeviceFromH2M: [1] {}
[INFO ] 2021-12-25 18:15:04.440 [main] DataProviderH2 - connection: [1] {}
[INFO ] 2021-12-25 18:15:04.464 [main] DataProviderH2 - connection: [2] {}
[INFO ] 2021-12-25 18:15:04.465 [main] DataProviderH2 - connection: [4] {}
[INFO ] 2021-12-25 18:15:04.465 [main] DataProviderH2 - h2ToMedicalDeviceList: [1] {}
[INFO ] 2021-12-25 18:15:04.470 [main] DataProviderH2 - h2ToMedicalDeviceList: [2] {}
[INFO ] 2021-12-25 18:15:04.470 [main] DataProviderH2 - h2ToMedicalDeviceList: [4] {}
[INFO ] 2021-12-25 18:15:04.471 [main] DataProviderH2 - closeConnection: [1] {}
[INFO ] 2021-12-25 18:15:04.486 [main] DataProviderH2 - readMedicalDeviceFromH2M: [2] {}
[INFO ] 2021-12-25 18:15:04.486 [main] DataProviderH2 - readMedicalDeviceFromH2M: [4] {}
[INFO ] 2021-12-25 18:15:04.486 [main] DataProviderH2 - getMedicalDevices: [2] {}
[INFO ] 2021-12-25 18:15:04.486 [main] DataProviderH2 - getMedicalDevices: [4] {}
[INFO ] 2021-12-25 18:15:04.488 [main] DataProviderH2 - searchPharmacyMedicalDeviceByCategory [2] {}
[INFO ] 2021-12-25 18:15:04.488 [main] DataProviderH2 - searchPharmacyProductByCategory [4] {}
[INFO ] 2021-12-25 18:15:04.488 [main] DataProviderH2 - searchPharmacyProductByCategory [7] {}
[INFO ] 2021-12-25 18:15:37.078 [main] DataProviderH2 - searchPharmacyProductByCategory [1] {}
[INFO ] 2021-12-25 18:15:37.082 [main] DataProviderH2 - searchPharmacyProductByCategory [1] {}
[INFO ] 2021-12-25 18:15:37.084 [main] DataProviderH2 - getMeddicines: [1] {}
[INFO ] 2021-12-25 18:15:37.086 [main] DataProviderH2 - readMeddicinesFromH2M: [1] {}
[INFO ] 2021-12-25 18:15:37.086 [main] DataProviderH2 - connection: [1] {}
[INFO ] 2021-12-25 18:15:37.356 [main] DataProviderH2 - connection: [2] {}
[INFO ] 2021-12-25 18:15:37.356 [main] DataProviderH2 - connection: [4] {}
[INFO ] 2021-12-25 18:15:37.356 [main] DataProviderH2 - h2ToMeddicineList: [1] {}
[INFO ] 2021-12-25 18:15:37.362 [main] DataProviderH2 - h2ToMeddicineList: [2] {}
[INFO ] 2021-12-25 18:15:37.362 [main] DataProviderH2 - h2ToMeddicineList: [4] {}
[INFO ] 2021-12-25 18:15:37.362 [main] DataProviderH2 - closeConnection: [1] {}
[INFO ] 2021-12-25 18:15:37.385 [main] DataProviderH2 - readMeddicinesFromH2M: [2] {}
[INFO ] 2021-12-25 18:15:37.385 [main] DataProviderH2 - readFromH2: [4] {}
[INFO ] 2021-12-25 18:15:37.386 [main] DataProviderH2 - getMeddicines: [2] {}
[INFO ] 2021-12-25 18:15:37.386 [main] DataProviderH2 - getMeddicines: [4] {}
[INFO ] 2021-12-25 18:15:37.386 [main] DataProviderH2 - searchPharmacyProductByCategory [2] {}
[INFO ] 2021-12-25 18:15:37.387 [main] DataProviderH2 - searchPharmacyProductByCategory [2] {}
[INFO ] 2021-12-25 18:15:37.387 [main] DataProviderH2 - searchPharmacyMedicalDeviceByCategory [1] {}
[INFO ] 2021-12-25 18:15:37.387 [main] DataProviderH2 - getMedicalDevices: [1] {}
[INFO ] 2021-12-25 18:15:37.387 [main] DataProviderH2 - readMedicalDeviceFromH2M: [1] {}
[INFO ] 2021-12-25 18:15:37.387 [main] DataProviderH2 - connection: [1] {}
[INFO ] 2021-12-25 18:15:37.412 [main] DataProviderH2 - connection: [2] {}
[INFO ] 2021-12-25 18:15:37.413 [main] DataProviderH2 - connection: [4] {}
[INFO ] 2021-12-25 18:15:37.413 [main] DataProviderH2 - h2ToMedicalDeviceList: [1] {}
[INFO ] 2021-12-25 18:15:37.415 [main] DataProviderH2 - h2ToMedicalDeviceList: [2] {}
[INFO ] 2021-12-25 18:15:37.415 [main] DataProviderH2 - h2ToMedicalDeviceList: [4] {}
[INFO ] 2021-12-25 18:15:37.415 [main] DataProviderH2 - closeConnection: [1] {}
[INFO ] 2021-12-25 18:15:37.432 [main] DataProviderH2 - readMedicalDeviceFromH2M: [2] {}
[INFO ] 2021-12-25 18:15:37.432 [main] DataProviderH2 - readMedicalDeviceFromH2M: [4] {}
[INFO ] 2021-12-25 18:15:37.432 [main] DataProviderH2 - getMedicalDevices: [2] {}
[INFO ] 2021-12-25 18:15:37.432 [main] DataProviderH2 - getMedicalDevices: [4] {}
[INFO ] 2021-12-25 18:15:37.434 [main] DataProviderH2 - searchPharmacyMedicalDeviceByCategory [2] {}
[INFO ] 2021-12-25 18:15:37.434 [main] DataProviderH2 - searchPharmacyProductByCategory [3] {} This category is empty
[INFO ] 2021-12-25 18:15:37.434 [main] DataProviderH2 - searchPharmacyProductByCategory [7] {}
[INFO ] 2021-12-25 18:16:05.477 [main] DataProviderH2 - searchPharmacyProductByName [1] {}
[INFO ] 2021-12-25 18:16:05.482 [main] DataProviderH2 - searchMeddicineByName [1] {}
[INFO ] 2021-12-25 18:16:05.483 [main] DataProviderH2 - getMeddicines: [1] {}
[INFO ] 2021-12-25 18:16:05.484 [main] DataProviderH2 - readMeddicinesFromH2M: [1] {}
[INFO ] 2021-12-25 18:16:05.484 [main] DataProviderH2 - connection: [1] {}
[INFO ] 2021-12-25 18:16:05.759 [main] DataProviderH2 - connection: [2] {}
[INFO ] 2021-12-25 18:16:05.759 [main] DataProviderH2 - connection: [4] {}
[INFO ] 2021-12-25 18:16:05.760 [main] DataProviderH2 - h2ToMeddicineList: [1] {}
[INFO ] 2021-12-25 18:16:05.762 [main] DataProviderH2 - h2ToMeddicineList: [2] {}
[INFO ] 2021-12-25 18:16:05.763 [main] DataProviderH2 - h2ToMeddicineList: [4] {}
[INFO ] 2021-12-25 18:16:05.764 [main] DataProviderH2 - closeConnection: [1] {}
[INFO ] 2021-12-25 18:16:05.785 [main] DataProviderH2 - readMeddicinesFromH2M: [2] {}
[INFO ] 2021-12-25 18:16:05.785 [main] DataProviderH2 - readFromH2: [4] {}
[INFO ] 2021-12-25 18:16:05.785 [main] DataProviderH2 - getMeddicines: [2] {}
[INFO ] 2021-12-25 18:16:05.785 [main] DataProviderH2 - getMeddicines: [4] {}
[INFO ] 2021-12-25 18:16:05.785 [main] DataProviderH2 - searchMeddicineByName [2] {}
[INFO ] 2021-12-25 18:16:05.786 [main] DataProviderH2 - searchMedicalDeviceByName [1] {}
[INFO ] 2021-12-25 18:16:05.786 [main] DataProviderH2 - getMedicalDevices: [1] {}
[INFO ] 2021-12-25 18:16:05.786 [main] DataProviderH2 - readMedicalDeviceFromH2M: [1] {}
[INFO ] 2021-12-25 18:16:05.786 [main] DataProviderH2 - connection: [1] {}
[INFO ] 2021-12-25 18:16:05.814 [main] DataProviderH2 - connection: [2] {}
[INFO ] 2021-12-25 18:16:05.814 [main] DataProviderH2 - connection: [4] {}
[INFO ] 2021-12-25 18:16:05.815 [main] DataProviderH2 - h2ToMedicalDeviceList: [1] {}
[INFO ] 2021-12-25 18:16:05.815 [main] DataProviderH2 - h2ToMedicalDeviceList: [2] {}
[INFO ] 2021-12-25 18:16:05.816 [main] DataProviderH2 - h2ToMedicalDeviceList: [4] {}
[INFO ] 2021-12-25 18:16:05.817 [main] DataProviderH2 - closeConnection: [1] {}
[INFO ] 2021-12-25 18:16:05.833 [main] DataProviderH2 - readMedicalDeviceFromH2M: [2] {}
[INFO ] 2021-12-25 18:16:05.833 [main] DataProviderH2 - readMedicalDeviceFromH2M: [4] {}
[INFO ] 2021-12-25 18:16:05.833 [main] DataProviderH2 - getMedicalDevices: [2] {}
[INFO ] 2021-12-25 18:16:05.834 [main] DataProviderH2 - getMedicalDevices: [4] {}
[INFO ] 2021-12-25 18:16:05.834 [main] DataProviderH2 - searchMedicalDeviceByName [2] {}
[INFO ] 2021-12-25 18:16:05.834 [main] DataProviderH2 - searchPharmacyProductByName [2] {}
[INFO ] 2021-12-25 18:16:05.835 [main] DataProviderH2 - searchPharmacyProductByName [3] {}
[INFO ] 2021-12-25 18:16:05.835 [main] DataProviderH2 - searchPharmacyProductByName [5] {}
[INFO ] 2021-12-25 18:16:53.081 [main] DataProviderH2 - searchPharmacyProductByName [1] {}
[INFO ] 2021-12-25 18:16:53.084 [main] DataProviderH2 - searchMeddicineByName [1] {}
[INFO ] 2021-12-25 18:16:53.085 [main] DataProviderH2 - getMeddicines: [1] {}
[INFO ] 2021-12-25 18:16:53.086 [main] DataProviderH2 - readMeddicinesFromH2M: [1] {}
[INFO ] 2021-12-25 18:16:53.086 [main] DataProviderH2 - connection: [1] {}
[INFO ] 2021-12-25 18:16:53.345 [main] DataProviderH2 - connection: [2] {}
[INFO ] 2021-12-25 18:16:53.346 [main] DataProviderH2 - connection: [4] {}
[INFO ] 2021-12-25 18:16:53.346 [main] DataProviderH2 - h2ToMeddicineList: [1] {}
[INFO ] 2021-12-25 18:16:53.349 [main] DataProviderH2 - h2ToMeddicineList: [2] {}
