[INFO ] 2021-12-08 17:03:41.039 [main] DataProviderXml - writeXml: [3] {}
[INFO ] 2021-12-08 17:03:41.056 [main] DataProviderXml - appendUsers: [5] {}
[INFO ] 2021-12-08 17:10:09.762 [main] DataProviderXml - appendUsers: [1] {}
[INFO ] 2021-12-08 17:10:09.765 [main] DataProviderXml - stringingDuplicateId: [1] {}
[INFO ] 2021-12-08 17:10:09.767 [main] DataProviderXml - getUsers: [1] {}
[INFO ] 2021-12-08 17:10:09.767 [main] DataProviderXml - readXml: [1] {}
[ERROR] 2021-12-08 17:10:09.804 [main] DataProviderXml - readXml: [2] {}ParseError at [row,col]:[1,1]
Message: Premature end of file.
[INFO ] 2021-12-08 17:10:09.806 [main] DataProviderXml - readXml: [3] {}
[INFO ] 2021-12-08 17:10:09.808 [main] DataProviderXml - getUsers: [3] {}
[INFO ] 2021-12-08 17:10:09.816 [main] DataProviderXml - writeXml: [1] {}
[INFO ] 2021-12-08 17:10:09.902 [main] DataProviderXml - writeXml: [3] {}
[INFO ] 2021-12-08 17:10:09.902 [main] DataProviderXml - appendUsers: [5] {}
[INFO ] 2021-12-08 17:12:56.649 [main] DataProviderXml - appendUsers: [1] {}
[INFO ] 2021-12-08 17:12:56.652 [main] DataProviderXml - stringingDuplicateId: [1] {}
[INFO ] 2021-12-08 17:12:56.652 [main] DataProviderXml - getUsers: [1] {}
[INFO ] 2021-12-08 17:12:56.652 [main] DataProviderXml - readXml: [1] {}
[INFO ] 2021-12-08 17:12:56.756 [main] DataProviderXml - readXml: [3] {}
[INFO ] 2021-12-08 17:12:56.756 [main] DataProviderXml - getUsers: [3] {}
[INFO ] 2021-12-08 17:12:56.756 [main] DataProviderXml - getUsers: [1] {}
[INFO ] 2021-12-08 17:12:56.757 [main] DataProviderXml - readXml: [1] {}
[INFO ] 2021-12-08 17:12:56.759 [main] DataProviderXml - readXml: [3] {}
[INFO ] 2021-12-08 17:12:56.759 [main] DataProviderXml - getUsers: [3] {}
[INFO ] 2021-12-08 17:12:56.760 [main] DataProviderXml - stringingDuplicateId: [2] {}
[INFO ] 2021-12-08 17:12:56.760 [main] DataProviderXml - writeXml: [1] {}
[INFO ] 2021-12-08 17:12:56.786 [main] DataProviderXml - writeXml: [3] {}
[INFO ] 2021-12-08 17:12:56.786 [main] DataProviderXml - appendUsers: [5] {}
[INFO ] 2021-12-08 17:12:56.786 [main] DataProviderXml - getUsers: [1] {}
[INFO ] 2021-12-08 17:12:56.786 [main] DataProviderXml - readXml: [1] {}
[INFO ] 2021-12-08 17:12:56.789 [main] DataProviderXml - readXml: [3] {}
[INFO ] 2021-12-08 17:12:56.790 [main] DataProviderXml - getUsers: [3] {}
[INFO ] 2021-12-08 17:12:56.790 [main] DataProviderXml - getUsers: [1] {}
[INFO ] 2021-12-08 17:12:56.790 [main] DataProviderXml - readXml: [1] {}
[INFO ] 2021-12-08 17:12:56.794 [main] DataProviderXml - readXml: [3] {}
[INFO ] 2021-12-08 17:12:56.794 [main] DataProviderXml - getUsers: [3] {}
[INFO ] 2021-12-08 17:17:15.919 [main] DataProviderXml - deleteUserById: [1] {}
[INFO ] 2021-12-08 17:17:15.919 [main] DataProviderXml - getUsers: [1] {}
[INFO ] 2021-12-08 17:17:15.923 [main] DataProviderXml - readXml: [1] {}
[INFO ] 2021-12-08 17:17:16.010 [main] DataProviderXml - readXml: [3] {}
[INFO ] 2021-12-08 17:17:16.010 [main] DataProviderXml - getUsers: [3] {}
[INFO ] 2021-12-08 17:17:16.010 [main] DataProviderXml - isIdInData: [1] {}
[INFO ] 2021-12-08 17:17:16.010 [main] DataProviderXml - getUsers: [1] {}
[INFO ] 2021-12-08 17:17:16.010 [main] DataProviderXml - readXml: [1] {}
[INFO ] 2021-12-08 17:17:16.014 [main] DataProviderXml - readXml: [3] {}
[INFO ] 2021-12-08 17:17:16.014 [main] DataProviderXml - getUsers: [3] {}
[INFO ] 2021-12-08 17:17:16.016 [main] DataProviderXml - isIdInData: [2] {} Element is found
[INFO ] 2021-12-08 17:17:16.016 [main] DataProviderXml - writeXml: [1] {}
[INFO ] 2021-12-08 17:17:16.037 [main] DataProviderXml - writeXml: [3] {}
[INFO ] 2021-12-08 17:17:16.038 [main] DataProviderXml - deleteUserById: [4] {}
[INFO ] 2021-12-08 17:17:16.052 [main] DataProviderXml - getUserById: [1] {}
[INFO ] 2021-12-08 17:17:16.053 [main] DataProviderXml - getUsers: [1] {}
[INFO ] 2021-12-08 17:17:16.053 [main] DataProviderXml - readXml: [1] {}
[INFO ] 2021-12-08 17:17:16.055 [main] DataProviderXml - readXml: [3] {}
[INFO ] 2021-12-08 17:17:16.055 [main] DataProviderXml - getUsers: [3] {}
[INFO ] 2021-12-08 17:17:16.055 [main] DataProviderXml - isIdInData: [1] {}
[INFO ] 2021-12-08 17:17:16.055 [main] DataProviderXml - getUsers: [1] {}
[INFO ] 2021-12-08 17:17:16.057 [main] DataProviderXml - readXml: [1] {}
[INFO ] 2021-12-08 17:17:16.060 [main] DataProviderXml - readXml: [3] {}
[INFO ] 2021-12-08 17:17:16.060 [main] DataProviderXml - getUsers: [3] {}
[INFO ] 2021-12-08 17:17:16.060 [main] DataProviderXml - isIdInData: [2] {} Element is found
[INFO ] 2021-12-08 17:17:16.061 [main] DataProviderXml - getUserById: [4] {}
[INFO ] 2021-12-08 17:17:16.061 [main] DataProviderXml - updateUsers: [1] {}
[INFO ] 2021-12-08 17:17:16.061 [main] DataProviderXml - getUsers: [1] {}
[INFO ] 2021-12-08 17:17:16.061 [main] DataProviderXml - readXml: [1] {}
[INFO ] 2021-12-08 17:17:16.065 [main] DataProviderXml - readXml: [3] {}
[INFO ] 2021-12-08 17:17:16.065 [main] DataProviderXml - getUsers: [3] {}
[INFO ] 2021-12-08 17:17:16.065 [main] DataProviderXml - isIdInData: [1] {}
[INFO ] 2021-12-08 17:17:16.067 [main] DataProviderXml - getUsers: [1] {}
[INFO ] 2021-12-08 17:17:16.067 [main] DataProviderXml - readXml: [1] {}
[INFO ] 2021-12-08 17:17:16.071 [main] DataProviderXml - readXml: [3] {}
[INFO ] 2021-12-08 17:17:16.071 [main] DataProviderXml - getUsers: [3] {}
[INFO ] 2021-12-08 17:17:16.071 [main] DataProviderXml - isIdInData: [2] {} Element is found
[INFO ] 2021-12-08 17:17:16.072 [main] DataProviderXml - appendUsers: [1] {}
[INFO ] 2021-12-08 17:17:16.072 [main] DataProviderXml - stringingDuplicateId: [1] {}
[INFO ] 2021-12-08 17:17:16.072 [main] DataProviderXml - getUsers: [1] {}
[INFO ] 2021-12-08 17:17:16.072 [main] DataProviderXml - readXml: [1] {}
[INFO ] 2021-12-08 17:17:16.074 [main] DataProviderXml - readXml: [3] {}
[INFO ] 2021-12-08 17:17:16.077 [main] DataProviderXml - getUsers: [3] {}
[INFO ] 2021-12-08 17:17:16.077 [main] DataProviderXml - getUsers: [1] {}
[INFO ] 2021-12-08 17:17:16.077 [main] DataProviderXml - readXml: [1] {}
[INFO ] 2021-12-08 17:17:16.080 [main] DataProviderXml - readXml: [3] {}
[INFO ] 2021-12-08 17:17:16.080 [main] DataProviderXml - getUsers: [3] {}
[INFO ] 2021-12-08 17:17:16.081 [main] DataProviderXml - stringingDuplicateId: [2] {}
[INFO ] 2021-12-08 17:17:16.081 [main] DataProviderXml - writeXml: [1] {}
[INFO ] 2021-12-08 17:17:16.085 [main] DataProviderXml - writeXml: [3] {}
[INFO ] 2021-12-08 17:17:16.085 [main] DataProviderXml - appendUsers: [5] {}
[INFO ] 2021-12-08 17:17:16.085 [main] DataProviderXml - updateUsers: [3] {}
[INFO ] 2021-12-08 17:17:16.087 [main] DataProviderXml - appendUsers: [1] {}
[INFO ] 2021-12-08 17:17:16.087 [main] DataProviderXml - stringingDuplicateId: [1] {}
[INFO ] 2021-12-08 17:17:16.087 [main] DataProviderXml - getUsers: [1] {}
[INFO ] 2021-12-08 17:17:16.087 [main] DataProviderXml - readXml: [1] {}
[INFO ] 2021-12-08 17:17:16.090 [main] DataProviderXml - readXml: [3] {}
[INFO ] 2021-12-08 17:17:16.090 [main] DataProviderXml - getUsers: [3] {}
[INFO ] 2021-12-08 17:17:16.090 [main] DataProviderXml - getUsers: [1] {}
[INFO ] 2021-12-08 17:17:16.092 [main] DataProviderXml - readXml: [1] {}
[INFO ] 2021-12-08 17:17:16.093 [main] DataProviderXml - readXml: [3] {}
[INFO ] 2021-12-08 17:17:16.093 [main] DataProviderXml - getUsers: [3] {}
[INFO ] 2021-12-08 17:17:16.093 [main] DataProviderXml - stringingDuplicateId: [2] {}
[INFO ] 2021-12-08 17:17:16.093 [main] DataProviderXml - writeXml: [1] {}
[INFO ] 2021-12-08 17:17:16.099 [main] DataProviderXml - writeXml: [3] {}
[INFO ] 2021-12-08 17:17:16.099 [main] DataProviderXml - appendUsers: [5] {}
[INFO ] 2021-12-08 17:17:16.100 [main] DataProviderXml - appendUsers: [1] {}
[INFO ] 2021-12-08 17:17:16.101 [main] DataProviderXml - stringingDuplicateId: [1] {}
[INFO ] 2021-12-08 17:17:16.101 [main] DataProviderXml - getUsers: [1] {}
[INFO ] 2021-12-08 17:17:16.101 [main] DataProviderXml - readXml: [1] {}
[INFO ] 2021-12-08 17:17:16.104 [main] DataProviderXml - readXml: [3] {}
[INFO ] 2021-12-08 17:17:16.104 [main] DataProviderXml - getUsers: [3] {}
[INFO ] 2021-12-08 17:17:16.106 [main] DataProviderXml - getUsers: [1] {}
[INFO ] 2021-12-08 17:17:16.106 [main] DataProviderXml - readXml: [1] {}
[INFO ] 2021-12-08 17:17:16.107 [main] DataProviderXml - readXml: [3] {}
[INFO ] 2021-12-08 17:17:16.107 [main] DataProviderXml - getUsers: [3] {}
[INFO ] 2021-12-08 17:17:16.107 [main] DataProviderXml - stringingDuplicateId: [2] {}
[INFO ] 2021-12-08 17:17:16.107 [main] DataProviderXml - writeXml: [1] {}
[INFO ] 2021-12-08 17:17:16.113 [main] DataProviderXml - writeXml: [3] {}
[INFO ] 2021-12-08 17:17:16.113 [main] DataProviderXml - appendUsers: [5] {}
[INFO ] 2021-12-08 17:17:16.113 [main] DataProviderXml - getUsers: [1] {}
[INFO ] 2021-12-08 17:17:16.113 [main] DataProviderXml - readXml: [1] {}
[INFO ] 2021-12-08 17:17:16.115 [main] DataProviderXml - readXml: [3] {}
[INFO ] 2021-12-08 17:17:16.115 [main] DataProviderXml - getUsers: [3] {}
[INFO ] 2021-12-08 17:17:16.115 [main] DataProviderXml - getUsers: [1] {}
[INFO ] 2021-12-08 17:17:16.118 [main] DataProviderXml - readXml: [1] {}
[INFO ] 2021-12-08 17:17:16.121 [main] DataProviderXml - readXml: [3] {}
[INFO ] 2021-12-08 17:17:16.121 [main] DataProviderXml - getUsers: [3] {}
[INFO ] 2021-12-08 17:17:16.135 [main] DataProviderXml - updateUsers: [1] {}
[INFO ] 2021-12-08 17:17:16.135 [main] DataProviderXml - getUsers: [1] {}
[INFO ] 2021-12-08 17:17:16.135 [main] DataProviderXml - readXml: [1] {}
[INFO ] 2021-12-08 17:17:16.139 [main] DataProviderXml - readXml: [3] {}
[INFO ] 2021-12-08 17:17:16.139 [main] DataProviderXml - getUsers: [3] {}
[INFO ] 2021-12-08 17:17:16.139 [main] DataProviderXml - isIdInData: [1] {}
[INFO ] 2021-12-08 17:17:16.140 [main] DataProviderXml - getUsers: [1] {}
[INFO ] 2021-12-08 17:17:16.140 [main] DataProviderXml - readXml: [1] {}
[INFO ] 2021-12-08 17:17:16.144 [main] DataProviderXml - readXml: [3] {}
[INFO ] 2021-12-08 17:17:16.144 [main] DataProviderXml - getUsers: [3] {}
[INFO ] 2021-12-08 17:17:16.144 [main] DataProviderXml - isIdInData: [2] {} Element is found
