[INFO ] 2021-12-26 13:44:02.406 [main] DataProviderCsv - readCsv: [3] {}
[INFO ] 2021-12-26 13:44:02.414 [main] DataProviderCsv - getOrders: [3] {}
[INFO ] 2021-12-26 13:44:02.414 [main] DataProviderCsv - getOrders: [1] {}
[INFO ] 2021-12-26 13:44:02.414 [main] DataProviderCsv - readCsvOrder: [1] {}
[INFO ] 2021-12-26 13:44:02.425 [main] DataProviderCsv - readCsv: [3] {}
[INFO ] 2021-12-26 13:44:02.425 [main] DataProviderCsv - getOrders: [3] {}
[ERROR] 2021-12-26 13:44:02.426 [main] DataProviderCsv - appendOrders: [4] {} class project.model.User cannot be cast to class project.model.Order (project.model.User and project.model.Order are in unnamed module of loader 'app')
[INFO ] 2021-12-26 13:44:02.429 [main] DataProviderCsv - appendOrders: [5] {}
[INFO ] 2021-12-26 13:44:02.438 [main] DataProviderCsv - updateOrders: [3] {}
[INFO ] 2021-12-26 14:10:00.445 [main] DataProviderCsv - updateOrders: [1] {}
[INFO ] 2021-12-26 14:10:00.449 [main] DataProviderCsv - getOrders: [1] {}
[INFO ] 2021-12-26 14:10:00.449 [main] DataProviderCsv - readCsvOrder: [1] {}
[INFO ] 2021-12-26 14:10:00.528 [main] DataProviderCsv - readCsvOrder: [3] {}
[INFO ] 2021-12-26 14:10:00.528 [main] DataProviderCsv - getOrders: [3] {}
[INFO ] 2021-12-26 14:10:00.529 [main] DataProviderCsv - isIdInDataOrder: [1] {}
[INFO ] 2021-12-26 14:10:00.529 [main] DataProviderCsv - getOrders: [1] {}
[INFO ] 2021-12-26 14:10:00.529 [main] DataProviderCsv - readCsvOrder: [1] {}
[INFO ] 2021-12-26 14:10:00.534 [main] DataProviderCsv - readCsvOrder: [3] {}
[INFO ] 2021-12-26 14:10:00.534 [main] DataProviderCsv - getOrders: [3] {}
[INFO ] 2021-12-26 14:10:00.536 [main] DataProviderCsv - isIdInDataOrder: [3] {} No Such Element
[INFO ] 2021-12-26 14:10:00.536 [main] DataProviderCsv - appendOrders: [1] {}
[INFO ] 2021-12-26 14:10:00.536 [main] DataProviderCsv - stringingDuplicateIdOrder: [1] {}
[INFO ] 2021-12-26 14:10:00.536 [main] DataProviderCsv - getOrders: [1] {}
[INFO ] 2021-12-26 14:10:00.537 [main] DataProviderCsv - readCsvOrder: [1] {}
[INFO ] 2021-12-26 14:10:00.542 [main] DataProviderCsv - readCsvOrder: [3] {}
[INFO ] 2021-12-26 14:10:00.542 [main] DataProviderCsv - getOrders: [3] {}
[INFO ] 2021-12-26 14:10:00.542 [main] DataProviderCsv - getOrders: [1] {}
[INFO ] 2021-12-26 14:10:00.542 [main] DataProviderCsv - readCsvOrder: [1] {}
[INFO ] 2021-12-26 14:10:00.548 [main] DataProviderCsv - readCsvOrder: [3] {}
[INFO ] 2021-12-26 14:10:00.549 [main] DataProviderCsv - getOrders: [3] {}
[INFO ] 2021-12-26 14:10:00.549 [main] DataProviderCsv - stringingDuplicateIdOrder: [2] {}
[INFO ] 2021-12-26 14:10:00.550 [main] DataProviderCsv - writeCsvOrder: [1] {}
[INFO ] 2021-12-26 14:10:00.577 [main] DataProviderCsv - writeCsvOrder: [2] {}
[INFO ] 2021-12-26 14:10:00.578 [main] DataProviderCsv - writeCsvOrder: [4] {}
[INFO ] 2021-12-26 14:10:00.578 [main] DataProviderCsv - appendOrders: [5] {}
[INFO ] 2021-12-26 14:10:00.578 [main] DataProviderCsv - updateOrders: [3] {}
[INFO ] 2021-12-26 14:10:24.749 [main] DataProviderCsv - updateOrders: [1] {}
[INFO ] 2021-12-26 14:10:24.753 [main] DataProviderCsv - getOrders: [1] {}
[INFO ] 2021-12-26 14:10:24.753 [main] DataProviderCsv - readCsvOrder: [1] {}
[INFO ] 2021-12-26 14:10:24.832 [main] DataProviderCsv - readCsvOrder: [3] {}
[INFO ] 2021-12-26 14:10:24.832 [main] DataProviderCsv - getOrders: [3] {}
[INFO ] 2021-12-26 14:10:24.832 [main] DataProviderCsv - isIdInDataOrder: [1] {}
[INFO ] 2021-12-26 14:10:24.832 [main] DataProviderCsv - getOrders: [1] {}
[INFO ] 2021-12-26 14:10:24.832 [main] DataProviderCsv - readCsvOrder: [1] {}
[INFO ] 2021-12-26 14:10:24.837 [main] DataProviderCsv - readCsvOrder: [3] {}
[INFO ] 2021-12-26 14:10:24.838 [main] DataProviderCsv - getOrders: [3] {}
[INFO ] 2021-12-26 14:10:24.840 [main] DataProviderCsv - isIdInDataOrder: [2] {} Element is found
[INFO ] 2021-12-26 14:10:24.844 [main] HistoryContent - putOrderHistory: [1] {}
[INFO ] 2021-12-26 14:10:25.351 [main] HistoryContent - putOrderHistory: [2] {}
[INFO ] 2021-12-26 14:10:27.576 [main] DataProviderCsv - appendOrders: [1] {}
[INFO ] 2021-12-26 14:10:27.576 [main] DataProviderCsv - stringingDuplicateIdOrder: [1] {}
[INFO ] 2021-12-26 14:10:27.576 [main] DataProviderCsv - getOrders: [1] {}
[INFO ] 2021-12-26 14:10:27.579 [main] DataProviderCsv - readCsvOrder: [1] {}
[INFO ] 2021-12-26 14:10:27.593 [main] DataProviderCsv - readCsvOrder: [3] {}
[INFO ] 2021-12-26 14:10:27.594 [main] DataProviderCsv - getOrders: [3] {}
[INFO ] 2021-12-26 14:10:27.595 [main] DataProviderCsv - getOrders: [1] {}
[INFO ] 2021-12-26 14:10:27.595 [main] DataProviderCsv - readCsvOrder: [1] {}
[INFO ] 2021-12-26 14:10:27.610 [main] DataProviderCsv - readCsvOrder: [3] {}
[INFO ] 2021-12-26 14:10:27.611 [main] DataProviderCsv - getOrders: [3] {}
[INFO ] 2021-12-26 14:10:27.613 [main] DataProviderCsv - stringingDuplicateIdOrder: [2] {}
[INFO ] 2021-12-26 14:10:27.615 [main] DataProviderCsv - writeCsvOrder: [1] {}
[INFO ] 2021-12-26 14:10:27.677 [main] DataProviderCsv - writeCsvOrder: [2] {}
[INFO ] 2021-12-26 14:10:27.678 [main] DataProviderCsv - writeCsvOrder: [4] {}
[INFO ] 2021-12-26 14:10:27.678 [main] DataProviderCsv - appendOrders: [5] {}
[INFO ] 2021-12-26 14:10:27.679 [main] DataProviderCsv - updateOrders: [3] {}
[INFO ] 2021-12-26 14:11:43.673 [main] DataProviderCsv - updateOrders: [1] {}
[INFO ] 2021-12-26 14:11:43.677 [main] DataProviderCsv - getOrders: [1] {}
[INFO ] 2021-12-26 14:11:43.677 [main] DataProviderCsv - readCsvOrder: [1] {}
[INFO ] 2021-12-26 14:11:43.772 [main] DataProviderCsv - readCsvOrder: [3] {}
[INFO ] 2021-12-26 14:11:43.772 [main] DataProviderCsv - getOrders: [3] {}
[INFO ] 2021-12-26 14:11:43.772 [main] DataProviderCsv - updateOrders: [2] {} Cannot invoke "project.model.Order.getOrderId()" because "order" is null
[INFO ] 2021-12-26 14:11:43.775 [main] DataProviderCsv - updateOrders: [3] {}
[INFO ] 2021-12-26 14:13:05.696 [main] DataProviderCsv - updateOrders: [1] {}
[INFO ] 2021-12-26 14:13:05.699 [main] DataProviderCsv - getOrders: [1] {}
[INFO ] 2021-12-26 14:13:05.700 [main] DataProviderCsv - readCsvOrder: [1] {}
[INFO ] 2021-12-26 14:13:05.789 [main] DataProviderCsv - readCsvOrder: [3] {}
[INFO ] 2021-12-26 14:13:05.789 [main] DataProviderCsv - getOrders: [3] {}
[INFO ] 2021-12-26 14:13:05.789 [main] DataProviderCsv - updateOrders: [3] {}
[INFO ] 2021-12-26 14:14:53.529 [main] DataProviderCsv - getOrderById: [1] {}
[INFO ] 2021-12-26 14:14:53.534 [main] DataProviderCsv - getOrders: [1] {}
[INFO ] 2021-12-26 14:14:53.534 [main] DataProviderCsv - readCsvOrder: [1] {}
[INFO ] 2021-12-26 14:14:53.621 [main] DataProviderCsv - readCsvOrder: [3] {}
[INFO ] 2021-12-26 14:14:53.621 [main] DataProviderCsv - getOrders: [3] {}
[INFO ] 2021-12-26 14:14:53.621 [main] DataProviderCsv - isIdInDataOrder: [1] {}
[INFO ] 2021-12-26 14:14:53.621 [main] DataProviderCsv - getOrders: [1] {}
[INFO ] 2021-12-26 14:14:53.621 [main] DataProviderCsv - readCsvOrder: [1] {}
[INFO ] 2021-12-26 14:14:53.626 [main] DataProviderCsv - readCsvOrder: [3] {}
[INFO ] 2021-12-26 14:14:53.627 [main] DataProviderCsv - getOrders: [3] {}
[INFO ] 2021-12-26 14:14:53.628 [main] DataProviderCsv - isIdInDataOrder: [3] {} No Such Element
[INFO ] 2021-12-26 14:14:53.632 [main] DataProviderCsv - getOrderById: [2] {} No Such Element id = 1
[INFO ] 2021-12-26 14:14:53.632 [main] DataProviderCsv - getOrderById: [4] {}
[INFO ] 2021-12-26 14:16:05.938 [main] DataProviderCsv - getOrderById: [1] {}
[INFO ] 2021-12-26 14:16:05.945 [main] DataProviderCsv - getOrders: [1] {}
[INFO ] 2021-12-26 14:16:05.945 [main] DataProviderCsv - readCsvOrder: [1] {}
[INFO ] 2021-12-26 14:16:06.038 [main] DataProviderCsv - readCsvOrder: [3] {}
[INFO ] 2021-12-26 14:16:06.038 [main] DataProviderCsv - getOrders: [3] {}
[INFO ] 2021-12-26 14:16:06.039 [main] DataProviderCsv - isIdInDataOrder: [1] {}
[INFO ] 2021-12-26 14:16:06.039 [main] DataProviderCsv - getOrders: [1] {}
[INFO ] 2021-12-26 14:16:06.039 [main] DataProviderCsv - readCsvOrder: [1] {}
[INFO ] 2021-12-26 14:16:06.043 [main] DataProviderCsv - readCsvOrder: [3] {}
[INFO ] 2021-12-26 14:16:06.044 [main] DataProviderCsv - getOrders: [3] {}
[INFO ] 2021-12-26 14:16:06.047 [main] DataProviderCsv - isIdInDataOrder: [2] {} Element is found
[INFO ] 2021-12-26 14:16:06.049 [main] DataProviderCsv - getOrderById: [4] {}
[INFO ] 2021-12-26 14:16:43.403 [main] DataProviderCsv - getOrderById: [1] {}
[INFO ] 2021-12-26 14:16:43.409 [main] DataProviderCsv - getOrders: [1] {}
[INFO ] 2021-12-26 14:16:43.409 [main] DataProviderCsv - readCsvOrder: [1] {}
[INFO ] 2021-12-26 14:16:43.490 [main] DataProviderCsv - readCsvOrder: [3] {}
[INFO ] 2021-12-26 14:16:43.491 [main] DataProviderCsv - getOrders: [3] {}
[INFO ] 2021-12-26 14:16:43.491 [main] DataProviderCsv - isIdInDataOrder: [1] {}
[INFO ] 2021-12-26 14:16:43.492 [main] DataProviderCsv - getOrders: [1] {}
[INFO ] 2021-12-26 14:16:43.492 [main] DataProviderCsv - readCsvOrder: [1] {}
[INFO ] 2021-12-26 14:16:43.497 [main] DataProviderCsv - readCsvOrder: [3] {}
[INFO ] 2021-12-26 14:16:43.497 [main] DataProviderCsv - getOrders: [3] {}
[INFO ] 2021-12-26 14:16:43.499 [main] DataProviderCsv - isIdInDataOrder: [3] {} No Such Element
[INFO ] 2021-12-26 14:16:43.504 [main] DataProviderCsv - getOrderById: [2] {} No Such Element id = 15
[INFO ] 2021-12-26 14:16:43.505 [main] DataProviderCsv - getOrderById: [4] {}
[INFO ] 2021-12-26 14:17:03.915 [main] DataProviderCsv - getOrderById: [1] {}
[INFO ] 2021-12-26 14:17:03.920 [main] DataProviderCsv - getOrders: [1] {}
[INFO ] 2021-12-26 14:17:03.920 [main] DataProviderCsv - readCsvOrder: [1] {}
[INFO ] 2021-12-26 14:17:04.002 [main] DataProviderCsv - readCsvOrder: [3] {}
[INFO ] 2021-12-26 14:17:04.003 [main] DataProviderCsv - getOrders: [3] {}
[INFO ] 2021-12-26 14:17:04.003 [main] DataProviderCsv - isIdInDataOrder: [1] {}
[INFO ] 2021-12-26 14:17:04.003 [main] DataProviderCsv - getOrders: [1] {}
[INFO ] 2021-12-26 14:17:04.003 [main] DataProviderCsv - readCsvOrder: [1] {}
[INFO ] 2021-12-26 14:17:04.007 [main] DataProviderCsv - readCsvOrder: [3] {}
[INFO ] 2021-12-26 14:17:04.007 [main] DataProviderCsv - getOrders: [3] {}
