[INFO ] 2021-12-25 16:26:40.846 [main] DataProviderCsv - sortPharmacyProductMinToMax [2] {}
[INFO ] 2021-12-25 16:30:21.118 [main] DataProviderCsv - searchPharmacyProductByCategory [1] {}
[INFO ] 2021-12-25 16:30:21.121 [main] DataProviderCsv - searchPharmacyProductByCategory [1] {}
[INFO ] 2021-12-25 16:30:21.122 [main] DataProviderCsv - getMeddicines: [1] {}
[INFO ] 2021-12-25 16:30:21.123 [main] DataProviderCsv - readCsvMedicine: [1] {}
[INFO ] 2021-12-25 16:30:21.200 [main] DataProviderCsv - readCsvMedicine: [3] {}
[INFO ] 2021-12-25 16:30:21.201 [main] DataProviderCsv - getMeddicines: [3] {}
[INFO ] 2021-12-25 16:30:21.201 [main] DataProviderCsv - searchPharmacyProductByCategory [2] {}
[INFO ] 2021-12-25 16:30:21.201 [main] DataProviderCsv - searchPharmacyProductByCategory [2] {}
[INFO ] 2021-12-25 16:30:21.202 [main] DataProviderCsv - searchPharmacyMedicalDeviceByCategory [1] {}
[INFO ] 2021-12-25 16:30:21.202 [main] DataProviderCsv - getMedicalDevices: [1] {}
[INFO ] 2021-12-25 16:30:21.202 [main] DataProviderCsv - readCsvMedicalDevice: [1] {}
[INFO ] 2021-12-25 16:30:21.209 [main] DataProviderCsv - readCsvMedicalDevice: [3] {}
[INFO ] 2021-12-25 16:30:21.209 [main] DataProviderCsv - getMedicalDevices: [3] {}
[INFO ] 2021-12-25 16:30:21.210 [main] DataProviderCsv - searchPharmacyMedicalDeviceByCategory [2] {}
[INFO ] 2021-12-25 16:30:21.210 [main] DataProviderCsv - searchPharmacyProductByCategory [4] {}
[INFO ] 2021-12-25 16:30:21.210 [main] DataProviderCsv - searchPharmacyProductByCategory [7] {}
[INFO ] 2021-12-25 16:30:21.213 [main] DataProviderCsv - sortPharmacyProductMinToMax [1] {}
[INFO ] 2021-12-25 16:30:21.214 [main] DataProviderCsv - sortPharmacyProductMinToMax [2] {}
[INFO ] 2021-12-25 16:31:00.198 [main] DataProviderCsv - searchPharmacyProductByCategory [1] {}
[INFO ] 2021-12-25 16:31:00.201 [main] DataProviderCsv - searchPharmacyProductByCategory [1] {}
[INFO ] 2021-12-25 16:31:00.202 [main] DataProviderCsv - getMeddicines: [1] {}
[INFO ] 2021-12-25 16:31:00.203 [main] DataProviderCsv - readCsvMedicine: [1] {}
[INFO ] 2021-12-25 16:31:00.289 [main] DataProviderCsv - readCsvMedicine: [3] {}
[INFO ] 2021-12-25 16:31:00.289 [main] DataProviderCsv - getMeddicines: [3] {}
[INFO ] 2021-12-25 16:31:00.290 [main] DataProviderCsv - searchPharmacyProductByCategory [2] {}
[INFO ] 2021-12-25 16:31:00.290 [main] DataProviderCsv - searchPharmacyProductByCategory [2] {}
[INFO ] 2021-12-25 16:31:00.290 [main] DataProviderCsv - searchPharmacyMedicalDeviceByCategory [1] {}
[INFO ] 2021-12-25 16:31:00.290 [main] DataProviderCsv - getMedicalDevices: [1] {}
[INFO ] 2021-12-25 16:31:00.290 [main] DataProviderCsv - readCsvMedicalDevice: [1] {}
[INFO ] 2021-12-25 16:31:00.297 [main] DataProviderCsv - readCsvMedicalDevice: [3] {}
[INFO ] 2021-12-25 16:31:00.297 [main] DataProviderCsv - getMedicalDevices: [3] {}
[INFO ] 2021-12-25 16:31:00.297 [main] DataProviderCsv - searchPharmacyMedicalDeviceByCategory [2] {}
[INFO ] 2021-12-25 16:31:00.298 [main] DataProviderCsv - searchPharmacyProductByCategory [4] {}
[INFO ] 2021-12-25 16:31:00.298 [main] DataProviderCsv - searchPharmacyProductByCategory [7] {}
[INFO ] 2021-12-25 16:31:00.300 [main] DataProviderCsv - sortPharmacyProductMaxToMin [1] {}
[INFO ] 2021-12-25 16:31:00.301 [main] DataProviderCsv - sortPharmacyProductMaxToMin [2] {}
[INFO ] 2021-12-25 17:02:30.536 [main] DataProviderXml - getMedicalDeviceByBarcode: [1] {}
[INFO ] 2021-12-25 17:02:30.539 [main] DataProviderXml - getMedicalDevices: [1] {}
[INFO ] 2021-12-25 17:02:30.539 [main] DataProviderXml - readXmlMedicalDevice: [1] {}
[INFO ] 2021-12-25 17:02:30.643 [main] DataProviderXml - readXmlMedicine: [3] {}
[INFO ] 2021-12-25 17:02:30.643 [main] DataProviderXml - getMeddicines: [3] {}
[INFO ] 2021-12-25 17:02:30.643 [main] DataProviderXml - isIdInDataMedicalDevice: [1] {}
[INFO ] 2021-12-25 17:02:30.643 [main] DataProviderXml - getMedicalDevices: [1] {}
[INFO ] 2021-12-25 17:02:30.643 [main] DataProviderXml - readXmlMedicalDevice: [1] {}
[INFO ] 2021-12-25 17:02:30.646 [main] DataProviderXml - readXmlMedicine: [3] {}
[INFO ] 2021-12-25 17:02:30.646 [main] DataProviderXml - getMeddicines: [3] {}
[INFO ] 2021-12-25 17:02:30.647 [main] DataProviderXml - isIdInDataMedicalDevice: [2] {} Element is found
[INFO ] 2021-12-25 17:02:30.647 [main] DataProviderXml - getUserById: [4] {}
[INFO ] 2021-12-25 17:02:30.651 [main] DataProviderXml - getMedicalDeviceByBarcode: [1] {}
[INFO ] 2021-12-25 17:02:30.651 [main] DataProviderXml - getMedicalDevices: [1] {}
[INFO ] 2021-12-25 17:02:30.652 [main] DataProviderXml - readXmlMedicalDevice: [1] {}
[INFO ] 2021-12-25 17:02:30.654 [main] DataProviderXml - readXmlMedicine: [3] {}
[INFO ] 2021-12-25 17:02:30.655 [main] DataProviderXml - getMeddicines: [3] {}
[INFO ] 2021-12-25 17:02:30.655 [main] DataProviderXml - isIdInDataMedicalDevice: [1] {}
[INFO ] 2021-12-25 17:02:30.655 [main] DataProviderXml - getMedicalDevices: [1] {}
[INFO ] 2021-12-25 17:02:30.655 [main] DataProviderXml - readXmlMedicalDevice: [1] {}
[INFO ] 2021-12-25 17:02:30.658 [main] DataProviderXml - readXmlMedicine: [3] {}
[INFO ] 2021-12-25 17:02:30.658 [main] DataProviderXml - getMeddicines: [3] {}
[INFO ] 2021-12-25 17:02:30.659 [main] DataProviderXml - isIdInDataMedicalDevice: [3] {} No Such Element
[INFO ] 2021-12-25 17:02:30.659 [main] DataProviderXml - getMedicalDeviceByBarcode: [2] {} No Such Element
[INFO ] 2021-12-25 17:02:30.659 [main] DataProviderXml - getUserById: [4] {}
[INFO ] 2021-12-25 17:04:13.652 [main] DataProviderXml - searchPharmacyProductByCategory [1] {}
[INFO ] 2021-12-25 17:04:13.655 [main] DataProviderXml - getMeddicines: [1] {}
[INFO ] 2021-12-25 17:04:13.656 [main] DataProviderXml - readXmlMedicine: [1] {}
[INFO ] 2021-12-25 17:04:13.755 [main] DataProviderXml - readXmlMedicine: [3] {}
[INFO ] 2021-12-25 17:04:13.755 [main] DataProviderXml - getMeddicines: [3] {}
[INFO ] 2021-12-25 17:04:13.756 [main] DataProviderXml - searchPharmacyProductByCategory [2] {}
[INFO ] 2021-12-25 17:04:50.724 [main] DataProviderXml - searchPharmacyProductByCategory [1] {}
[INFO ] 2021-12-25 17:04:50.727 [main] DataProviderXml - getMeddicines: [1] {}
[INFO ] 2021-12-25 17:04:50.728 [main] DataProviderXml - readXmlMedicine: [1] {}
[INFO ] 2021-12-25 17:04:50.818 [main] DataProviderXml - readXmlMedicine: [3] {}
[INFO ] 2021-12-25 17:04:50.818 [main] DataProviderXml - getMeddicines: [3] {}
[INFO ] 2021-12-25 17:04:50.819 [main] DataProviderXml - searchPharmacyProductByCategory [2] {}
[INFO ] 2021-12-25 17:05:21.564 [main] DataProviderXml - searchPharmacyMedicalDeviceByCategory [1] {}
[INFO ] 2021-12-25 17:05:21.569 [main] DataProviderXml - getMedicalDevices: [1] {}
[INFO ] 2021-12-25 17:05:21.570 [main] DataProviderXml - readXmlMedicalDevice: [1] {}
[INFO ] 2021-12-25 17:05:21.676 [main] DataProviderXml - readXmlMedicine: [3] {}
[INFO ] 2021-12-25 17:05:21.676 [main] DataProviderXml - getMeddicines: [3] {}
[INFO ] 2021-12-25 17:05:21.677 [main] DataProviderXml - searchPharmacyMedicalDeviceByCategory [2] {}
[INFO ] 2021-12-25 17:05:46.798 [main] DataProviderXml - searchPharmacyMedicalDeviceByCategory [1] {}
[INFO ] 2021-12-25 17:05:46.802 [main] DataProviderXml - getMedicalDevices: [1] {}
[INFO ] 2021-12-25 17:05:46.803 [main] DataProviderXml - readXmlMedicalDevice: [1] {}
[INFO ] 2021-12-25 17:05:46.892 [main] DataProviderXml - readXmlMedicine: [3] {}
[INFO ] 2021-12-25 17:05:46.892 [main] DataProviderXml - getMeddicines: [3] {}
[INFO ] 2021-12-25 17:05:46.893 [main] DataProviderXml - searchPharmacyMedicalDeviceByCategory [2] {}
[INFO ] 2021-12-25 17:07:06.309 [main] DataProviderXml - searchPharmacyMedicalDeviceByCategory [1] {}
[INFO ] 2021-12-25 17:07:06.313 [main] DataProviderXml - getMedicalDevices: [1] {}
[INFO ] 2021-12-25 17:07:06.313 [main] DataProviderXml - readXmlMedicalDevice: [1] {}
[INFO ] 2021-12-25 17:07:06.402 [main] DataProviderXml - readXmlMedicine: [3] {}
[INFO ] 2021-12-25 17:07:06.403 [main] DataProviderXml - getMeddicines: [3] {}
[INFO ] 2021-12-25 17:07:06.403 [main] DataProviderXml - searchPharmacyMedicalDeviceByCategory [2] {}
[INFO ] 2021-12-25 17:08:01.229 [main] DataProviderXml - searchPharmacyProductByCategory [1] {}
[INFO ] 2021-12-25 17:08:01.232 [main] DataProviderXml - searchPharmacyProductByCategory [1] {}
[INFO ] 2021-12-25 17:08:01.233 [main] DataProviderXml - getMeddicines: [1] {}
[INFO ] 2021-12-25 17:08:01.234 [main] DataProviderXml - readXmlMedicine: [1] {}
[INFO ] 2021-12-25 17:08:01.325 [main] DataProviderXml - readXmlMedicine: [3] {}
[INFO ] 2021-12-25 17:08:01.325 [main] DataProviderXml - getMeddicines: [3] {}
[INFO ] 2021-12-25 17:08:01.326 [main] DataProviderXml - searchPharmacyProductByCategory [2] {}
[INFO ] 2021-12-25 17:08:01.326 [main] DataProviderXml - searchPharmacyProductByCategory [2] {}
[INFO ] 2021-12-25 17:08:01.326 [main] DataProviderXml - searchPharmacyMedicalDeviceByCategory [1] {}
[INFO ] 2021-12-25 17:08:01.326 [main] DataProviderXml - getMedicalDevices: [1] {}
[INFO ] 2021-12-25 17:08:01.326 [main] DataProviderXml - readXmlMedicalDevice: [1] {}
[INFO ] 2021-12-25 17:08:01.329 [main] DataProviderXml - readXmlMedicine: [3] {}
[INFO ] 2021-12-25 17:08:01.329 [main] DataProviderXml - getMeddicines: [3] {}
[INFO ] 2021-12-25 17:08:01.329 [main] DataProviderXml - searchPharmacyMedicalDeviceByCategory [2] {}
[INFO ] 2021-12-25 17:08:01.329 [main] DataProviderXml - searchPharmacyProductByCategory [3] {} This category is empty
[INFO ] 2021-12-25 17:08:01.330 [main] DataProviderXml - searchPharmacyProductByCategory [7] {}
[INFO ] 2021-12-25 17:08:27.564 [main] DataProviderXml - searchPharmacyProductByCategory [1] {}
[INFO ] 2021-12-25 17:08:27.566 [main] DataProviderXml - searchPharmacyProductByCategory [1] {}
[INFO ] 2021-12-25 17:08:27.567 [main] DataProviderXml - getMeddicines: [1] {}
[INFO ] 2021-12-25 17:08:27.568 [main] DataProviderXml - readXmlMedicine: [1] {}
[INFO ] 2021-12-25 17:08:27.661 [main] DataProviderXml - readXmlMedicine: [3] {}
[INFO ] 2021-12-25 17:08:27.661 [main] DataProviderXml - getMeddicines: [3] {}
[INFO ] 2021-12-25 17:08:27.662 [main] DataProviderXml - searchPharmacyProductByCategory [2] {}
