[INFO ] 2021-12-25 17:30:21.629 [main] DataProviderXml - readXmlMedicine: [1] {}
[INFO ] 2021-12-25 17:30:21.757 [main] DataProviderXml - readXmlMedicine: [3] {}
[INFO ] 2021-12-25 17:30:21.759 [main] DataProviderXml - getMeddicines: [3] {}
[INFO ] 2021-12-25 17:30:21.759 [main] DataProviderXml - searchPharmacyProductByCategory [2] {}
[INFO ] 2021-12-25 17:30:21.760 [main] DataProviderXml - searchPharmacyProductByCategory [5] {}
[INFO ] 2021-12-25 17:30:21.760 [main] DataProviderXml - searchPharmacyProductByCategory [7] {}
[INFO ] 2021-12-25 17:30:21.762 [main] DataProviderXml - sortPharmacyProductMinToMax [1] {}
[INFO ] 2021-12-25 17:30:21.764 [main] DataProviderXml - sortPharmacyProductMinToMax [2] {}
[INFO ] 2021-12-25 17:30:39.352 [main] DataProviderXml - searchPharmacyProductByCategory [1] {}
[INFO ] 2021-12-25 17:30:39.363 [main] DataProviderXml - searchPharmacyProductByCategory [1] {}
[INFO ] 2021-12-25 17:30:39.364 [main] DataProviderXml - getMeddicines: [1] {}
[INFO ] 2021-12-25 17:30:39.365 [main] DataProviderXml - readXmlMedicine: [1] {}
[INFO ] 2021-12-25 17:30:39.469 [main] DataProviderXml - readXmlMedicine: [3] {}
[INFO ] 2021-12-25 17:30:39.469 [main] DataProviderXml - getMeddicines: [3] {}
[INFO ] 2021-12-25 17:30:39.470 [main] DataProviderXml - searchPharmacyProductByCategory [2] {}
[INFO ] 2021-12-25 17:30:39.470 [main] DataProviderXml - searchPharmacyProductByCategory [2] {}
[INFO ] 2021-12-25 17:30:39.470 [main] DataProviderXml - searchPharmacyMedicalDeviceByCategory [1] {}
[INFO ] 2021-12-25 17:30:39.471 [main] DataProviderXml - getMedicalDevices: [1] {}
[INFO ] 2021-12-25 17:30:39.471 [main] DataProviderXml - readXmlMedicalDevice: [1] {}
[INFO ] 2021-12-25 17:30:39.474 [main] DataProviderXml - readXmlMedicine: [3] {}
[INFO ] 2021-12-25 17:30:39.475 [main] DataProviderXml - getMeddicines: [3] {}
[INFO ] 2021-12-25 17:30:39.475 [main] DataProviderXml - searchPharmacyMedicalDeviceByCategory [2] {}
[INFO ] 2021-12-25 17:30:39.475 [main] DataProviderXml - searchPharmacyProductByCategory [4] {}
[INFO ] 2021-12-25 17:30:39.475 [main] DataProviderXml - searchPharmacyProductByCategory [7] {}
[INFO ] 2021-12-25 17:30:39.479 [main] DataProviderXml - sortPharmacyProductMinToMax [1] {}
[INFO ] 2021-12-25 17:30:39.480 [main] DataProviderXml - sortPharmacyProductMinToMax [2] {}
[INFO ] 2021-12-25 17:31:24.619 [main] DataProviderXml - searchPharmacyProductByCategory [1] {}
[INFO ] 2021-12-25 17:31:24.623 [main] DataProviderXml - searchPharmacyProductByCategory [1] {}
[INFO ] 2021-12-25 17:31:24.624 [main] DataProviderXml - getMeddicines: [1] {}
[INFO ] 2021-12-25 17:31:24.625 [main] DataProviderXml - readXmlMedicine: [1] {}
[INFO ] 2021-12-25 17:31:24.733 [main] DataProviderXml - readXmlMedicine: [3] {}
[INFO ] 2021-12-25 17:31:24.733 [main] DataProviderXml - getMeddicines: [3] {}
[INFO ] 2021-12-25 17:31:24.733 [main] DataProviderXml - searchPharmacyProductByCategory [2] {}
[INFO ] 2021-12-25 17:31:24.734 [main] DataProviderXml - searchPharmacyProductByCategory [2] {}
[INFO ] 2021-12-25 17:31:24.734 [main] DataProviderXml - searchPharmacyMedicalDeviceByCategory [1] {}
[INFO ] 2021-12-25 17:31:24.734 [main] DataProviderXml - getMedicalDevices: [1] {}
[INFO ] 2021-12-25 17:31:24.734 [main] DataProviderXml - readXmlMedicalDevice: [1] {}
[INFO ] 2021-12-25 17:31:24.738 [main] DataProviderXml - readXmlMedicine: [3] {}
[INFO ] 2021-12-25 17:31:24.739 [main] DataProviderXml - getMeddicines: [3] {}
[INFO ] 2021-12-25 17:31:24.739 [main] DataProviderXml - searchPharmacyMedicalDeviceByCategory [2] {}
[INFO ] 2021-12-25 17:31:24.739 [main] DataProviderXml - searchPharmacyProductByCategory [4] {}
[INFO ] 2021-12-25 17:31:24.739 [main] DataProviderXml - searchPharmacyProductByCategory [7] {}
[INFO ] 2021-12-25 17:31:24.741 [main] DataProviderXml - sortPharmacyProductMaxToMin [1] {}
[INFO ] 2021-12-25 17:31:24.742 [main] DataProviderXml - sortPharmacyProductMaxToMin [2] {}
[INFO ] 2021-12-25 18:00:10.680 [main] DataProviderH2 - getMedicalDeviceByBarcode: [1] {}
[INFO ] 2021-12-25 18:00:10.684 [main] DataProviderH2 - connection: [1] {}
[INFO ] 2021-12-25 18:00:10.984 [main] DataProviderH2 - connection: [2] {}
[INFO ] 2021-12-25 18:00:10.984 [main] DataProviderH2 - connection: [4] {}
[INFO ] 2021-12-25 18:00:10.985 [main] DataProviderH2 - h2ToMedicalDeviceList: [1] {}
[INFO ] 2021-12-25 18:00:10.987 [main] DataProviderH2 - h2ToMedicalDeviceList: [2] {}
[INFO ] 2021-12-25 18:00:10.988 [main] DataProviderH2 - h2ToMedicalDeviceList: [4] {}
[INFO ] 2021-12-25 18:00:10.988 [main] DataProviderH2 - closeConnection: [1] {}
[INFO ] 2021-12-25 18:00:10.999 [main] DataProviderH2 - getMedicalDeviceByBarcode: [2] {}
[INFO ] 2021-12-25 18:00:11.004 [main] DataProviderH2 - getMedicalDeviceByBarcode: [1] {}
[INFO ] 2021-12-25 18:00:11.005 [main] DataProviderH2 - connection: [1] {}
[INFO ] 2021-12-25 18:00:11.021 [main] DataProviderH2 - connection: [2] {}
[INFO ] 2021-12-25 18:00:11.021 [main] DataProviderH2 - connection: [4] {}
[INFO ] 2021-12-25 18:00:11.021 [main] DataProviderH2 - h2ToMedicalDeviceList: [1] {}
[INFO ] 2021-12-25 18:00:11.022 [main] DataProviderH2 - h2ToMedicalDeviceList: [2] {}
[INFO ] 2021-12-25 18:00:11.022 [main] DataProviderH2 - h2ToMedicalDeviceList: [4] {}
[INFO ] 2021-12-25 18:00:11.022 [main] DataProviderH2 - closeConnection: [1] {}
[INFO ] 2021-12-25 18:00:11.044 [main] DataProviderH2 - getMedicalDeviceByBarcode: [2] {}
[INFO ] 2021-12-25 18:00:37.634 [main] DataProviderH2 - getMedicalDeviceByBarcode: [1] {}
[INFO ] 2021-12-25 18:00:37.639 [main] DataProviderH2 - connection: [1] {}
[INFO ] 2021-12-25 18:00:37.923 [main] DataProviderH2 - connection: [2] {}
[INFO ] 2021-12-25 18:00:37.923 [main] DataProviderH2 - connection: [4] {}
[INFO ] 2021-12-25 18:00:37.924 [main] DataProviderH2 - h2ToMedicalDeviceList: [1] {}
[INFO ] 2021-12-25 18:00:37.928 [main] DataProviderH2 - h2ToMedicalDeviceList: [2] {}
[INFO ] 2021-12-25 18:00:37.928 [main] DataProviderH2 - h2ToMedicalDeviceList: [4] {}
[INFO ] 2021-12-25 18:00:37.928 [main] DataProviderH2 - closeConnection: [1] {}
[INFO ] 2021-12-25 18:00:37.948 [main] DataProviderH2 - getMedicalDeviceByBarcode: [2] {}
[INFO ] 2021-12-25 18:00:37.953 [main] DataProviderH2 - getMedicalDeviceByBarcode: [1] {}
[INFO ] 2021-12-25 18:00:37.953 [main] DataProviderH2 - connection: [1] {}
[INFO ] 2021-12-25 18:00:37.970 [main] DataProviderH2 - connection: [2] {}
[INFO ] 2021-12-25 18:00:37.970 [main] DataProviderH2 - connection: [4] {}
[INFO ] 2021-12-25 18:00:37.971 [main] DataProviderH2 - h2ToMedicalDeviceList: [1] {}
[INFO ] 2021-12-25 18:00:37.971 [main] DataProviderH2 - h2ToMedicalDeviceList: [2] {}
[INFO ] 2021-12-25 18:00:37.971 [main] DataProviderH2 - h2ToMedicalDeviceList: [4] {}
[INFO ] 2021-12-25 18:00:37.971 [main] DataProviderH2 - closeConnection: [1] {}
[INFO ] 2021-12-25 18:00:37.988 [main] DataProviderH2 - getMedicalDeviceByBarcode: [2] {}
[INFO ] 2021-12-25 18:01:20.752 [main] DataProviderH2 - getMedicalDeviceByBarcode: [1] {}
[INFO ] 2021-12-25 18:01:20.756 [main] DataProviderH2 - connection: [1] {}
[INFO ] 2021-12-25 18:01:21.029 [main] DataProviderH2 - connection: [2] {}
[INFO ] 2021-12-25 18:01:21.029 [main] DataProviderH2 - connection: [4] {}
[INFO ] 2021-12-25 18:01:21.032 [main] DataProviderH2 - h2ToMedicalDeviceList: [1] {}
[INFO ] 2021-12-25 18:01:21.033 [main] DataProviderH2 - h2ToMedicalDeviceList: [2] {}
[INFO ] 2021-12-25 18:01:21.033 [main] DataProviderH2 - h2ToMedicalDeviceList: [4] {}
[INFO ] 2021-12-25 18:01:21.034 [main] DataProviderH2 - closeConnection: [1] {}
[INFO ] 2021-12-25 18:01:21.052 [main] DataProviderH2 - getMedicalDeviceByBarcode: [2] {}
[INFO ] 2021-12-25 18:01:21.058 [main] DataProviderH2 - getMedicalDeviceByBarcode: [1] {}
[INFO ] 2021-12-25 18:01:21.058 [main] DataProviderH2 - connection: [1] {}
[INFO ] 2021-12-25 18:01:21.074 [main] DataProviderH2 - connection: [2] {}
[INFO ] 2021-12-25 18:01:21.074 [main] DataProviderH2 - connection: [4] {}
[INFO ] 2021-12-25 18:01:21.075 [main] DataProviderH2 - h2ToMedicalDeviceList: [1] {}
[INFO ] 2021-12-25 18:01:21.075 [main] DataProviderH2 - h2ToMedicalDeviceList: [2] {}
[INFO ] 2021-12-25 18:01:21.075 [main] DataProviderH2 - h2ToMedicalDeviceList: [4] {}
[INFO ] 2021-12-25 18:01:21.075 [main] DataProviderH2 - closeConnection: [1] {}
[INFO ] 2021-12-25 18:01:21.095 [main] DataProviderH2 - getMedicalDeviceByBarcode: [2] {}
[INFO ] 2021-12-25 18:03:24.516 [main] DataProviderH2 - searchPharmacyProductByCategory [1] {}
[INFO ] 2021-12-25 18:03:24.523 [main] DataProviderH2 - getMeddicines: [1] {}
[INFO ] 2021-12-25 18:03:24.524 [main] DataProviderH2 - readMeddicinesFromH2M: [1] {}
[INFO ] 2021-12-25 18:03:24.524 [main] DataProviderH2 - connection: [1] {}
[INFO ] 2021-12-25 18:03:24.813 [main] DataProviderH2 - connection: [2] {}
[INFO ] 2021-12-25 18:03:24.813 [main] DataProviderH2 - connection: [4] {}
[INFO ] 2021-12-25 18:03:24.814 [main] DataProviderH2 - h2ToMeddicineList: [1] {}
[INFO ] 2021-12-25 18:03:24.818 [main] DataProviderH2 - h2ToMeddicineList: [2] {}
[INFO ] 2021-12-25 18:03:24.818 [main] DataProviderH2 - h2ToMeddicineList: [4] {}
[INFO ] 2021-12-25 18:03:24.818 [main] DataProviderH2 - closeConnection: [1] {}
[INFO ] 2021-12-25 18:03:24.837 [main] DataProviderH2 - readMeddicinesFromH2M: [2] {}
[INFO ] 2021-12-25 18:03:24.837 [main] DataProviderH2 - readFromH2: [4] {}
[INFO ] 2021-12-25 18:03:24.837 [main] DataProviderH2 - getMeddicines: [2] {}
[INFO ] 2021-12-25 18:03:24.837 [main] DataProviderH2 - getMeddicines: [4] {}
[INFO ] 2021-12-25 18:03:24.839 [main] DataProviderH2 - searchPharmacyProductByCategory [2] {}
[INFO ] 2021-12-25 18:04:11.844 [main] DataProviderH2 - searchPharmacyProductByCategory [1] {}
[INFO ] 2021-12-25 18:04:11.848 [main] DataProviderH2 - getMeddicines: [1] {}
[INFO ] 2021-12-25 18:04:11.849 [main] DataProviderH2 - readMeddicinesFromH2M: [1] {}
[INFO ] 2021-12-25 18:04:11.849 [main] DataProviderH2 - connection: [1] {}
[INFO ] 2021-12-25 18:04:12.121 [main] DataProviderH2 - connection: [2] {}
[INFO ] 2021-12-25 18:04:12.121 [main] DataProviderH2 - connection: [4] {}
[INFO ] 2021-12-25 18:04:12.122 [main] DataProviderH2 - h2ToMeddicineList: [1] {}
