[INFO ] 2021-12-25 19:02:29.192 [main] DataProviderH2 - readMedicalDeviceFromH2M: [2] {}
[INFO ] 2021-12-25 19:02:29.230 [main] DataProviderH2 - readMedicalDeviceFromH2M: [4] {}
[INFO ] 2021-12-25 19:02:29.230 [main] DataProviderH2 - getMedicalDevices: [2] {}
[INFO ] 2021-12-25 19:02:29.230 [main] DataProviderH2 - getMedicalDevices: [4] {}
[INFO ] 2021-12-25 19:02:29.230 [main] DataProviderH2 - searchMedicalDeviceByName [2] {}
[INFO ] 2021-12-25 19:02:29.230 [main] DataProviderH2 - searchPharmacyProductByName [2] {}
[INFO ] 2021-12-25 19:02:29.230 [main] DataProviderH2 - searchPharmacyProductByName [3] {}
[INFO ] 2021-12-25 19:02:29.230 [main] DataProviderH2 - searchPharmacyProductByName [5] {}
[INFO ] 2021-12-25 19:02:29.232 [main] DataProviderH2 - stringingDuplicateIdDeleteUser: [1] {}
[INFO ] 2021-12-25 19:02:29.233 [main] DataProviderH2 - connection: [1] {}
[INFO ] 2021-12-25 19:02:29.252 [main] DataProviderH2 - connection: [2] {}
[INFO ] 2021-12-25 19:02:29.252 [main] DataProviderH2 - connection: [4] {}
[INFO ] 2021-12-25 19:02:29.252 [main] DataProviderH2 - stringingDuplicateIdDeleteUser: [2] {}
[INFO ] 2021-12-25 19:02:29.252 [main] DataProviderH2 - closeConnection: [1] {}
[INFO ] 2021-12-25 19:02:29.268 [main] DataProviderH2 - writeToH2User: [1] {}
[INFO ] 2021-12-25 19:02:29.268 [main] DataProviderH2 - connection: [1] {}
[INFO ] 2021-12-25 19:02:29.281 [main] DataProviderH2 - connection: [2] {}
[INFO ] 2021-12-25 19:02:29.281 [main] DataProviderH2 - connection: [4] {}
[INFO ] 2021-12-25 19:02:29.281 [main] DataProviderH2 - writeToH2User: [2] {}
[INFO ] 2021-12-25 19:02:29.281 [main] DataProviderH2 - closeConnection: [1] {}
[INFO ] 2021-12-25 19:02:29.295 [main] DataProviderH2 - writeToH2User: [4] {}
[INFO ] 2021-12-25 19:02:29.296 [main] Barcode - readBarcode[1] {}
[INFO ] 2021-12-25 19:02:29.354 [main] Barcode - readBarcode[2] {}
[INFO ] 2021-12-25 19:02:29.354 [main] Barcode - readBarcode[3] {}
[INFO ] 2021-12-25 19:02:29.354 [main] Barcode - readBarcode[1] {}
[INFO ] 2021-12-25 19:02:29.413 [main] Barcode - readBarcode[2] {}
[INFO ] 2021-12-25 19:02:29.413 [main] Barcode - readBarcode[3] {}
[INFO ] 2021-12-25 19:02:29.413 [main] DataProviderH2 - writeToH2Meddicine: [1] {}
[INFO ] 2021-12-25 19:02:29.413 [main] DataProviderH2 - connection: [1] {}
[INFO ] 2021-12-25 19:02:29.426 [main] DataProviderH2 - connection: [2] {}
[INFO ] 2021-12-25 19:02:29.426 [main] DataProviderH2 - connection: [4] {}
[INFO ] 2021-12-25 19:02:29.426 [main] DataProviderH2 - writeToH2Meddicine: [2] {}
[INFO ] 2021-12-25 19:02:29.426 [main] DataProviderH2 - closeConnection: [1] {}
[INFO ] 2021-12-25 19:02:29.439 [main] DataProviderH2 - writeToH2Meddicine: [4] {}
[INFO ] 2021-12-25 20:52:49.682 [main] HistoryContent - putUserHistory: [1] {}
[INFO ] 2021-12-25 20:52:50.300 [main] HistoryContent - putUserHistory: [2] {}
[ERROR] 2021-12-25 20:52:50.306 [main] HistoryContent - putUserHistory: [3] {} Cannot invoke "java.util.Map.size()" because "m" is null
[INFO ] 2021-12-25 20:56:22.902 [main] HistoryContent - putUserHistory: [1] {}
[INFO ] 2021-12-25 20:56:23.518 [main] HistoryContent - putUserHistory: [2] {}
[INFO ] 2021-12-25 21:08:43.393 [main] HistoryContent - putUserHistory: [1] {}
[INFO ] 2021-12-25 21:08:43.755 [main] HistoryContent - putUserHistory: [2] {}
[ERROR] 2021-12-25 21:08:45.272 [main] HistoryContent - putUserHistory: [3] {} Can't find a codec for class project.model.Order.
[INFO ] 2021-12-25 21:09:42.799 [main] HistoryContent - putUserHistory: [1] {}
[INFO ] 2021-12-25 21:09:43.131 [main] HistoryContent - putUserHistory: [2] {}
[ERROR] 2021-12-25 21:09:44.538 [main] HistoryContent - putUserHistory: [3] {} Can't find a codec for class project.model.PharmacyProduct.
[INFO ] 2021-12-25 21:32:05.783 [main] HistoryContent - putUserHistory: [1] {}
[INFO ] 2021-12-25 21:32:06.463 [main] HistoryContent - putUserHistory: [2] {}
[INFO ] 2021-12-25 21:35:37.804 [main] DataProviderCsv - deleteMedicalDeviceByBarcode: [1] {}
[INFO ] 2021-12-25 21:35:37.807 [main] DataProviderCsv - getMedicalDevices: [1] {}
[INFO ] 2021-12-25 21:35:37.808 [main] DataProviderCsv - readCsvMedicalDevice: [1] {}
[INFO ] 2021-12-25 21:35:37.906 [main] DataProviderCsv - readCsvMedicalDevice: [3] {}
[INFO ] 2021-12-25 21:35:37.906 [main] DataProviderCsv - getMedicalDevices: [3] {}
[INFO ] 2021-12-25 21:35:37.906 [main] DataProviderCsv - isIdInDataMedicalDevice: [1] {}
[INFO ] 2021-12-25 21:35:37.907 [main] DataProviderCsv - getMedicalDevices: [1] {}
[INFO ] 2021-12-25 21:35:37.907 [main] DataProviderCsv - readCsvMedicalDevice: [1] {}
[INFO ] 2021-12-25 21:35:37.912 [main] DataProviderCsv - readCsvMedicalDevice: [3] {}
[INFO ] 2021-12-25 21:35:37.912 [main] DataProviderCsv - getMedicalDevices: [3] {}
[INFO ] 2021-12-25 21:35:37.913 [main] DataProviderCsv - isIdInDataMedicalDevice: [2] {} Element is found
[INFO ] 2021-12-25 21:35:37.914 [main] HistoryContent - putMedicalDeviceHistory: [1] {}
[INFO ] 2021-12-25 21:35:38.298 [main] HistoryContent - putMedicalDeviceHistory: [2] {}
[INFO ] 2021-12-25 21:35:39.851 [main] DataProviderCsv - writeCsvMedicine: [1] {}
[INFO ] 2021-12-25 21:35:39.921 [main] DataProviderCsv - writeCsvMedicine: [3] {}
[INFO ] 2021-12-25 21:35:39.922 [main] DataProviderCsv - deleteMedicalDeviceByBarcode: [3] {}
[INFO ] 2021-12-25 21:35:39.922 [main] DataProviderCsv - deleteMedicalDeviceByBarcode: [1] {}
[INFO ] 2021-12-25 21:35:39.923 [main] DataProviderCsv - getMedicalDevices: [1] {}
[INFO ] 2021-12-25 21:35:39.923 [main] DataProviderCsv - readCsvMedicalDevice: [1] {}
[INFO ] 2021-12-25 21:35:39.934 [main] DataProviderCsv - readCsvMedicalDevice: [3] {}
[INFO ] 2021-12-25 21:35:39.935 [main] DataProviderCsv - getMedicalDevices: [3] {}
[INFO ] 2021-12-25 21:35:39.935 [main] DataProviderCsv - isIdInDataMedicalDevice: [1] {}
[INFO ] 2021-12-25 21:35:39.936 [main] DataProviderCsv - getMedicalDevices: [1] {}
[INFO ] 2021-12-25 21:35:39.937 [main] DataProviderCsv - readCsvMedicalDevice: [1] {}
[INFO ] 2021-12-25 21:35:39.948 [main] DataProviderCsv - readCsvMedicalDevice: [3] {}
[INFO ] 2021-12-25 21:35:39.949 [main] DataProviderCsv - getMedicalDevices: [3] {}
[INFO ] 2021-12-25 21:35:39.949 [main] DataProviderCsv - isIdInDataMedicalDevice: [3] {} No Such Element
[INFO ] 2021-12-25 21:35:39.949 [main] DataProviderCsv - deleteMedicalDeviceByBarcode: [3] {}
[INFO ] 2021-12-25 21:35:40.003 [main] DataProviderCsv - searchPharmacyMedicalDeviceByCategory [1] {}
[INFO ] 2021-12-25 21:35:40.003 [main] DataProviderCsv - getMedicalDevices: [1] {}
[INFO ] 2021-12-25 21:35:40.004 [main] DataProviderCsv - readCsvMedicalDevice: [1] {}
[INFO ] 2021-12-25 21:35:40.020 [main] DataProviderCsv - readCsvMedicalDevice: [3] {}
[INFO ] 2021-12-25 21:35:40.021 [main] DataProviderCsv - getMedicalDevices: [3] {}
[INFO ] 2021-12-25 21:35:40.022 [main] DataProviderCsv - searchPharmacyMedicalDeviceByCategory [2] {}
[INFO ] 2021-12-25 21:35:40.040 [main] DataProviderCsv - getMeddicineByBarcode: [1] {}
[INFO ] 2021-12-25 21:35:40.041 [main] DataProviderCsv - getMeddicines: [1] {}
[INFO ] 2021-12-25 21:35:40.041 [main] DataProviderCsv - readCsvMedicine: [1] {}
[INFO ] 2021-12-25 21:35:40.063 [main] DataProviderCsv - readCsvMedicine: [3] {}
[INFO ] 2021-12-25 21:35:40.064 [main] DataProviderCsv - getMeddicines: [3] {}
[INFO ] 2021-12-25 21:35:40.064 [main] DataProviderCsv - isIdInDataMedicine: [1] {}
[INFO ] 2021-12-25 21:35:40.064 [main] DataProviderCsv - getMeddicines: [1] {}
[INFO ] 2021-12-25 21:35:40.064 [main] DataProviderCsv - readCsvMedicine: [1] {}
[INFO ] 2021-12-25 21:35:40.081 [main] DataProviderCsv - readCsvMedicine: [3] {}
[INFO ] 2021-12-25 21:35:40.082 [main] DataProviderCsv - getMeddicines: [3] {}
[INFO ] 2021-12-25 21:35:40.084 [main] DataProviderCsv - isIdInDataMedicine: [2] {} Element is found
[INFO ] 2021-12-25 21:35:40.086 [main] DataProviderCsv - getMeddicineByBarcode: [4] {}
[INFO ] 2021-12-25 21:35:40.087 [main] DataProviderCsv - getTheAnaloguesOfMedicine [1] {}
[INFO ] 2021-12-25 21:35:40.088 [main] DataProviderCsv - getMeddicines: [1] {}
[INFO ] 2021-12-25 21:35:40.088 [main] DataProviderCsv - readCsvMedicine: [1] {}
[INFO ] 2021-12-25 21:35:40.100 [main] DataProviderCsv - readCsvMedicine: [3] {}
[INFO ] 2021-12-25 21:35:40.101 [main] DataProviderCsv - getMeddicines: [3] {}
[INFO ] 2021-12-25 21:35:40.103 [main] DataProviderCsv - getTheAnaloguesOfMedicine [2] {}
[INFO ] 2021-12-25 21:35:40.105 [main] DataProviderCsv - getTheAnaloguesOfMedicine [4] {}
[INFO ] 2021-12-25 21:35:40.129 [main] Barcode - readBarcode[1] {}
[INFO ] 2021-12-25 21:35:40.228 [main] Barcode - readBarcode[2] {}
[INFO ] 2021-12-25 21:35:40.228 [main] Barcode - readBarcode[3] {}
[INFO ] 2021-12-25 21:35:40.228 [main] Barcode - readBarcode[1] {}
[INFO ] 2021-12-25 21:35:40.357 [main] Barcode - readBarcode[2] {}
[INFO ] 2021-12-25 21:35:40.357 [main] Barcode - readBarcode[3] {}
[INFO ] 2021-12-25 21:35:40.357 [main] Barcode - readBarcode[1] {}
[INFO ] 2021-12-25 21:35:40.456 [main] Barcode - readBarcode[2] {}
[INFO ] 2021-12-25 21:35:40.457 [main] Barcode - readBarcode[3] {}
[INFO ] 2021-12-25 21:35:40.457 [main] DataProviderCsv - appendMedicalDevices: [1] {}
[INFO ] 2021-12-25 21:35:40.457 [main] DataProviderCsv - stringingDuplicateBarcodeDevice: [1] {}
[INFO ] 2021-12-25 21:35:40.457 [main] DataProviderCsv - getMedicalDevices: [1] {}
[INFO ] 2021-12-25 21:35:40.457 [main] DataProviderCsv - readCsvMedicalDevice: [1] {}
[INFO ] 2021-12-25 21:35:40.462 [main] DataProviderCsv - readCsvMedicalDevice: [3] {}
[INFO ] 2021-12-25 21:35:40.462 [main] DataProviderCsv - getMedicalDevices: [3] {}
[INFO ] 2021-12-25 21:35:40.462 [main] DataProviderCsv - getMedicalDevices: [1] {}
[INFO ] 2021-12-25 21:35:40.462 [main] DataProviderCsv - readCsvMedicalDevice: [1] {}
[INFO ] 2021-12-25 21:35:40.466 [main] DataProviderCsv - readCsvMedicalDevice: [3] {}
[INFO ] 2021-12-25 21:35:40.466 [main] DataProviderCsv - getMedicalDevices: [3] {}
[INFO ] 2021-12-25 21:35:40.467 [main] DataProviderCsv - stringingDuplicateBarcodeDevice: [2] {}
[INFO ] 2021-12-25 21:35:40.467 [main] DataProviderCsv - writeCsvMedicine: [1] {}
[INFO ] 2021-12-25 21:35:40.474 [main] DataProviderCsv - writeCsvMedicine: [3] {}
