[INFO ] 2021-12-26 16:41:51.098 [main] DataProviderH2 - h2ToUserListUser: [1] {}
[INFO ] 2021-12-26 16:41:51.110 [main] DataProviderH2 - h2ToUserListUser: [2] {}
[INFO ] 2021-12-26 16:41:51.110 [main] DataProviderH2 - h2ToUserListUser: [4] {}
[INFO ] 2021-12-26 16:41:51.110 [main] DataProviderH2 - closeConnection: [1] {}
[INFO ] 2021-12-26 16:41:51.110 [main] DataProviderH2 - readFromH2: [2] {}
[INFO ] 2021-12-26 16:41:51.111 [main] DataProviderH2 - readFromH2: [4] {}
[INFO ] 2021-12-26 16:41:51.111 [main] DataProviderH2 - getUsers: [2] {}
[INFO ] 2021-12-26 16:41:51.111 [main] DataProviderH2 - getUsers: [4] {}
[ERROR] 2021-12-26 16:41:51.113 [main] DataProviderH2 - takeHistoryUsers: [2] {} No value present
[INFO ] 2021-12-26 16:41:51.123 [main] DataProviderH2 - closeConnection: [1] {}
[INFO ] 2021-12-26 16:41:51.143 [main] DataProviderH2 - updateOrders: [2] {}
[INFO ] 2021-12-26 16:42:42.146 [main] DataProviderH2 - getOrders: [1] {}
[INFO ] 2021-12-26 16:42:42.151 [main] DataProviderH2 - readH2Order: [1] {}
[INFO ] 2021-12-26 16:42:42.151 [main] DataProviderH2 - connection: [1] {}
[INFO ] 2021-12-26 16:42:42.370 [main] DataProviderH2 - connection: [2] {}
[INFO ] 2021-12-26 16:42:42.370 [main] DataProviderH2 - connection: [4] {}
[INFO ] 2021-12-26 16:42:42.371 [main] DataProviderH2 - h2ToOrderList: [1] {}
[INFO ] 2021-12-26 16:42:42.372 [main] DataProviderH2 - h2ToOrderList: [2] {}
[INFO ] 2021-12-26 16:42:42.372 [main] DataProviderH2 - h2ToOrderList: [4] {}
[INFO ] 2021-12-26 16:42:42.372 [main] DataProviderH2 - closeConnection: [1] {}
[INFO ] 2021-12-26 16:42:42.403 [main] DataProviderH2 - readH2Order: [2] {}
[INFO ] 2021-12-26 16:42:42.403 [main] DataProviderH2 - readH2Order: [4] {}
[INFO ] 2021-12-26 16:42:42.403 [main] DataProviderH2 - getOrders: [2] {}
[INFO ] 2021-12-26 16:42:42.403 [main] DataProviderH2 - getOrders: [4] {}
[INFO ] 2021-12-26 16:43:49.687 [main] DataProviderH2 - connection: [1] {}
[INFO ] 2021-12-26 16:43:49.924 [main] DataProviderH2 - connection: [2] {}
[INFO ] 2021-12-26 16:43:49.924 [main] DataProviderH2 - connection: [4] {}
[INFO ] 2021-12-26 16:43:49.925 [main] DataProviderH2 - takeHistoryUsers [1] {}
[INFO ] 2021-12-26 16:43:49.925 [main] DataProviderH2 - getUsers: [1] {}
[INFO ] 2021-12-26 16:43:49.925 [main] DataProviderH2 - readFromH2: [1] {}
[INFO ] 2021-12-26 16:43:49.925 [main] DataProviderH2 - connection: [1] {}
[INFO ] 2021-12-26 16:43:49.926 [main] DataProviderH2 - connection: [2] {}
[INFO ] 2021-12-26 16:43:49.926 [main] DataProviderH2 - connection: [4] {}
[INFO ] 2021-12-26 16:43:49.927 [main] DataProviderH2 - h2ToUserListUser: [1] {}
[INFO ] 2021-12-26 16:43:49.928 [main] DataProviderH2 - h2ToUserListUser: [2] {}
[INFO ] 2021-12-26 16:43:49.928 [main] DataProviderH2 - h2ToUserListUser: [4] {}
[INFO ] 2021-12-26 16:43:49.928 [main] DataProviderH2 - closeConnection: [1] {}
[INFO ] 2021-12-26 16:43:49.928 [main] DataProviderH2 - readFromH2: [2] {}
[INFO ] 2021-12-26 16:43:49.928 [main] DataProviderH2 - readFromH2: [4] {}
[INFO ] 2021-12-26 16:43:49.928 [main] DataProviderH2 - getUsers: [2] {}
[INFO ] 2021-12-26 16:43:49.929 [main] DataProviderH2 - getUsers: [4] {}
[ERROR] 2021-12-26 16:43:49.930 [main] DataProviderH2 - takeHistoryUsers: [2] {} No value present
[INFO ] 2021-12-26 16:43:49.950 [main] DataProviderH2 - closeConnection: [1] {}
[INFO ] 2021-12-26 16:43:49.968 [main] DataProviderH2 - updateOrders: [2] {}
[INFO ] 2021-12-26 16:44:48.002 [main] DataProviderH2 - connection: [1] {}
[INFO ] 2021-12-26 16:44:48.239 [main] DataProviderH2 - connection: [2] {}
[INFO ] 2021-12-26 16:44:48.239 [main] DataProviderH2 - connection: [4] {}
[INFO ] 2021-12-26 16:44:48.239 [main] DataProviderH2 - takeHistoryOrders [1] {}
[INFO ] 2021-12-26 16:44:48.239 [main] DataProviderH2 - getOrders: [1] {}
[INFO ] 2021-12-26 16:44:48.240 [main] DataProviderH2 - readH2Order: [1] {}
[INFO ] 2021-12-26 16:44:48.240 [main] DataProviderH2 - connection: [1] {}
[INFO ] 2021-12-26 16:44:48.241 [main] DataProviderH2 - connection: [2] {}
[INFO ] 2021-12-26 16:44:48.241 [main] DataProviderH2 - connection: [4] {}
[INFO ] 2021-12-26 16:44:48.242 [main] DataProviderH2 - h2ToOrderList: [1] {}
[INFO ] 2021-12-26 16:44:48.242 [main] DataProviderH2 - h2ToOrderList: [2] {}
[INFO ] 2021-12-26 16:44:48.243 [main] DataProviderH2 - h2ToOrderList: [4] {}
[INFO ] 2021-12-26 16:44:48.243 [main] DataProviderH2 - closeConnection: [1] {}
[INFO ] 2021-12-26 16:44:48.243 [main] DataProviderH2 - readH2Order: [2] {}
[INFO ] 2021-12-26 16:44:48.243 [main] DataProviderH2 - readH2Order: [4] {}
[INFO ] 2021-12-26 16:44:48.243 [main] DataProviderH2 - getOrders: [2] {}
[INFO ] 2021-12-26 16:44:48.243 [main] DataProviderH2 - getOrders: [4] {}
[ERROR] 2021-12-26 16:44:48.245 [main] DataProviderH2 - takeHistoryOrders: [2] {} No value present
[INFO ] 2021-12-26 16:44:48.253 [main] DataProviderH2 - closeConnection: [1] {}
[INFO ] 2021-12-26 16:44:48.271 [main] DataProviderH2 - updateOrders: [2] {}
[INFO ] 2021-12-26 16:53:50.853 [main] DataProviderH2 - connection: [1] {}
[INFO ] 2021-12-26 16:53:51.391 [main] DataProviderH2 - connection: [2] {}
[INFO ] 2021-12-26 16:53:51.391 [main] DataProviderH2 - connection: [4] {}
[INFO ] 2021-12-26 16:53:51.391 [main] DataProviderH2 - takeHistoryOrders [1] {}
[INFO ] 2021-12-26 16:53:51.392 [main] DataProviderH2 - getOrders: [1] {}
[INFO ] 2021-12-26 16:53:51.392 [main] DataProviderH2 - readH2Order: [1] {}
[INFO ] 2021-12-26 16:53:51.392 [main] DataProviderH2 - connection: [1] {}
[INFO ] 2021-12-26 16:53:51.394 [main] DataProviderH2 - connection: [2] {}
[INFO ] 2021-12-26 16:53:51.394 [main] DataProviderH2 - connection: [4] {}
[INFO ] 2021-12-26 16:53:51.395 [main] DataProviderH2 - h2ToOrderList: [1] {}
[INFO ] 2021-12-26 16:53:51.396 [main] DataProviderH2 - h2ToOrderList: [2] {}
[INFO ] 2021-12-26 16:53:51.396 [main] DataProviderH2 - h2ToOrderList: [4] {}
[INFO ] 2021-12-26 16:53:51.396 [main] DataProviderH2 - closeConnection: [1] {}
[INFO ] 2021-12-26 16:53:51.397 [main] DataProviderH2 - readH2Order: [2] {}
[INFO ] 2021-12-26 16:53:51.397 [main] DataProviderH2 - readH2Order: [4] {}
[INFO ] 2021-12-26 16:53:51.397 [main] DataProviderH2 - getOrders: [2] {}
[INFO ] 2021-12-26 16:53:51.397 [main] DataProviderH2 - getOrders: [4] {}
[INFO ] 2021-12-26 16:53:51.399 [main] DataProviderH2 - No such element
[INFO ] 2021-12-26 16:53:51.410 [main] DataProviderH2 - closeConnection: [1] {}
[INFO ] 2021-12-26 16:53:51.449 [main] DataProviderH2 - updateOrders: [2] {}
[INFO ] 2021-12-26 16:53:53.149 [main] DataProviderH2 - connection: [1] {}
[INFO ] 2021-12-26 16:53:53.540 [main] DataProviderH2 - connection: [2] {}
[INFO ] 2021-12-26 16:53:53.541 [main] DataProviderH2 - connection: [4] {}
[INFO ] 2021-12-26 16:53:53.541 [main] DataProviderH2 - takeHistoryOrders [1] {}
[INFO ] 2021-12-26 16:53:53.541 [main] DataProviderH2 - getOrders: [1] {}
[INFO ] 2021-12-26 16:53:53.541 [main] DataProviderH2 - readH2Order: [1] {}
[INFO ] 2021-12-26 16:53:53.541 [main] DataProviderH2 - connection: [1] {}
[INFO ] 2021-12-26 16:53:53.543 [main] DataProviderH2 - connection: [2] {}
[INFO ] 2021-12-26 16:53:53.543 [main] DataProviderH2 - connection: [4] {}
[INFO ] 2021-12-26 16:53:53.544 [main] DataProviderH2 - h2ToOrderList: [1] {}
[INFO ] 2021-12-26 16:53:53.544 [main] DataProviderH2 - h2ToOrderList: [2] {}
[INFO ] 2021-12-26 16:53:53.544 [main] DataProviderH2 - h2ToOrderList: [4] {}
[INFO ] 2021-12-26 16:53:53.545 [main] DataProviderH2 - closeConnection: [1] {}
[INFO ] 2021-12-26 16:53:53.545 [main] DataProviderH2 - readH2Order: [2] {}
[INFO ] 2021-12-26 16:53:53.545 [main] DataProviderH2 - readH2Order: [4] {}
[INFO ] 2021-12-26 16:53:53.545 [main] DataProviderH2 - getOrders: [2] {}
[INFO ] 2021-12-26 16:53:53.545 [main] DataProviderH2 - getOrders: [4] {}
[INFO ] 2021-12-26 16:53:53.548 [main] DataProviderH2 - No such element
[INFO ] 2021-12-26 16:53:53.559 [main] DataProviderH2 - closeConnection: [1] {}
[INFO ] 2021-12-26 16:53:53.585 [main] DataProviderH2 - updateOrders: [2] {}
[INFO ] 2021-12-26 16:54:13.500 [main] DataProviderH2 - getOrders: [1] {}
[INFO ] 2021-12-26 16:54:13.504 [main] DataProviderH2 - readH2Order: [1] {}
[INFO ] 2021-12-26 16:54:13.504 [main] DataProviderH2 - connection: [1] {}
[INFO ] 2021-12-26 16:54:13.736 [main] DataProviderH2 - connection: [2] {}
[INFO ] 2021-12-26 16:54:13.736 [main] DataProviderH2 - connection: [4] {}
[INFO ] 2021-12-26 16:54:13.737 [main] DataProviderH2 - h2ToOrderList: [1] {}
[INFO ] 2021-12-26 16:54:13.738 [main] DataProviderH2 - h2ToOrderList: [2] {}
[INFO ] 2021-12-26 16:54:13.738 [main] DataProviderH2 - h2ToOrderList: [4] {}
[INFO ] 2021-12-26 16:54:13.738 [main] DataProviderH2 - closeConnection: [1] {}
[INFO ] 2021-12-26 16:54:13.754 [main] DataProviderH2 - readH2Order: [2] {}
[INFO ] 2021-12-26 16:54:13.754 [main] DataProviderH2 - readH2Order: [4] {}
[INFO ] 2021-12-26 16:54:13.754 [main] DataProviderH2 - getOrders: [2] {}
[INFO ] 2021-12-26 16:54:13.754 [main] DataProviderH2 - getOrders: [4] {}
[INFO ] 2021-12-26 16:54:25.636 [main] DataProviderH2 - connection: [1] {}
[INFO ] 2021-12-26 16:54:25.885 [main] DataProviderH2 - connection: [2] {}
[INFO ] 2021-12-26 16:54:25.885 [main] DataProviderH2 - connection: [4] {}
[INFO ] 2021-12-26 16:54:25.885 [main] DataProviderH2 - takeHistoryOrders [1] {}
[INFO ] 2021-12-26 16:54:25.885 [main] DataProviderH2 - getOrders: [1] {}
[INFO ] 2021-12-26 16:54:25.885 [main] DataProviderH2 - readH2Order: [1] {}
[INFO ] 2021-12-26 16:54:25.885 [main] DataProviderH2 - connection: [1] {}
[INFO ] 2021-12-26 16:54:25.886 [main] DataProviderH2 - connection: [2] {}
[INFO ] 2021-12-26 16:54:25.886 [main] DataProviderH2 - connection: [4] {}
[INFO ] 2021-12-26 16:54:25.886 [main] DataProviderH2 - h2ToOrderList: [1] {}
[INFO ] 2021-12-26 16:54:25.886 [main] DataProviderH2 - h2ToOrderList: [2] {}
[INFO ] 2021-12-26 16:54:25.886 [main] DataProviderH2 - h2ToOrderList: [4] {}
[INFO ] 2021-12-26 16:54:25.887 [main] DataProviderH2 - closeConnection: [1] {}
[INFO ] 2021-12-26 16:54:25.887 [main] DataProviderH2 - readH2Order: [2] {}
[INFO ] 2021-12-26 16:54:25.887 [main] DataProviderH2 - readH2Order: [4] {}
