[INFO ] 2021-12-25 19:02:21.547 [main] DataProviderH2 - closeConnection: [1] {}
[INFO ] 2021-12-25 19:02:21.593 [main] DataProviderH2 - getUserById: [2] {}
[INFO ] 2021-12-25 19:02:21.600 [main] DataProviderH2 - getUsers: [1] {}
[INFO ] 2021-12-25 19:02:21.600 [main] DataProviderH2 - readFromH2: [1] {}
[INFO ] 2021-12-25 19:02:21.600 [main] DataProviderH2 - connection: [1] {}
[INFO ] 2021-12-25 19:02:21.613 [main] DataProviderH2 - connection: [2] {}
[INFO ] 2021-12-25 19:02:21.613 [main] DataProviderH2 - connection: [4] {}
[INFO ] 2021-12-25 19:02:21.613 [main] DataProviderH2 - h2ToUserListUser: [1] {}
[INFO ] 2021-12-25 19:02:21.613 [main] DataProviderH2 - h2ToUserListUser: [2] {}
[INFO ] 2021-12-25 19:02:21.613 [main] DataProviderH2 - h2ToUserListUser: [4] {}
[INFO ] 2021-12-25 19:02:21.614 [main] DataProviderH2 - closeConnection: [1] {}
[INFO ] 2021-12-25 19:02:21.630 [main] DataProviderH2 - readFromH2: [2] {}
[INFO ] 2021-12-25 19:02:21.631 [main] DataProviderH2 - readFromH2: [4] {}
[INFO ] 2021-12-25 19:02:21.631 [main] DataProviderH2 - getUsers: [2] {}
[INFO ] 2021-12-25 19:02:21.631 [main] DataProviderH2 - getUsers: [4] {}
[INFO ] 2021-12-25 19:02:21.632 [main] DataProviderH2 - stringingDuplicateIdDeleteUser: [1] {}
[INFO ] 2021-12-25 19:02:21.633 [main] DataProviderH2 - connection: [1] {}
[INFO ] 2021-12-25 19:02:21.651 [main] DataProviderH2 - connection: [2] {}
[INFO ] 2021-12-25 19:02:21.651 [main] DataProviderH2 - connection: [4] {}
[INFO ] 2021-12-25 19:02:21.652 [main] DataProviderH2 - stringingDuplicateIdDeleteUser: [2] {}
[INFO ] 2021-12-25 19:02:21.652 [main] DataProviderH2 - closeConnection: [1] {}
[INFO ] 2021-12-25 19:02:21.673 [main] DataProviderH2 - writeToH2User: [1] {}
[INFO ] 2021-12-25 19:02:21.673 [main] DataProviderH2 - connection: [1] {}
[INFO ] 2021-12-25 19:02:21.688 [main] DataProviderH2 - connection: [2] {}
[INFO ] 2021-12-25 19:02:21.688 [main] DataProviderH2 - connection: [4] {}
[INFO ] 2021-12-25 19:02:21.695 [main] DataProviderH2 - writeToH2User: [2] {}
[INFO ] 2021-12-25 19:02:21.695 [main] DataProviderH2 - closeConnection: [1] {}
[INFO ] 2021-12-25 19:02:21.715 [main] DataProviderH2 - writeToH2User: [4] {}
[INFO ] 2021-12-25 19:02:21.717 [main] DataProviderH2 - readFromH2: [1] {}
[INFO ] 2021-12-25 19:02:21.717 [main] DataProviderH2 - connection: [1] {}
[INFO ] 2021-12-25 19:02:21.731 [main] DataProviderH2 - connection: [2] {}
[INFO ] 2021-12-25 19:02:21.733 [main] DataProviderH2 - connection: [4] {}
[INFO ] 2021-12-25 19:02:21.733 [main] DataProviderH2 - h2ToUserListUser: [1] {}
[INFO ] 2021-12-25 19:02:21.733 [main] DataProviderH2 - h2ToUserListUser: [2] {}
[INFO ] 2021-12-25 19:02:21.733 [main] DataProviderH2 - h2ToUserListUser: [4] {}
[INFO ] 2021-12-25 19:02:21.733 [main] DataProviderH2 - closeConnection: [1] {}
[INFO ] 2021-12-25 19:02:21.756 [main] DataProviderH2 - readFromH2: [2] {}
[INFO ] 2021-12-25 19:02:21.756 [main] DataProviderH2 - readFromH2: [4] {}
[INFO ] 2021-12-25 19:02:21.758 [main] DataProviderH2 - deleteMedicalDeviceByBarcode: [1] {}
[INFO ] 2021-12-25 19:02:21.758 [main] DataProviderH2 - connection: [1] {}
[INFO ] 2021-12-25 19:02:21.777 [main] DataProviderH2 - connection: [2] {}
[INFO ] 2021-12-25 19:02:21.777 [main] DataProviderH2 - connection: [4] {}
[INFO ] 2021-12-25 19:02:21.777 [main] DataProviderH2 - takeHistoryMedicalDevice [1] {}
[INFO ] 2021-12-25 19:02:21.777 [main] DataProviderH2 - getMedicalDevices: [1] {}
[INFO ] 2021-12-25 19:02:21.777 [main] DataProviderH2 - readMedicalDeviceFromH2M: [1] {}
[INFO ] 2021-12-25 19:02:21.777 [main] DataProviderH2 - connection: [1] {}
[INFO ] 2021-12-25 19:02:21.779 [main] DataProviderH2 - connection: [2] {}
[INFO ] 2021-12-25 19:02:21.779 [main] DataProviderH2 - connection: [4] {}
[INFO ] 2021-12-25 19:02:21.780 [main] DataProviderH2 - h2ToMedicalDeviceList: [1] {}
[INFO ] 2021-12-25 19:02:21.780 [main] DataProviderH2 - h2ToMedicalDeviceList: [2] {}
[INFO ] 2021-12-25 19:02:21.780 [main] DataProviderH2 - h2ToMedicalDeviceList: [4] {}
[INFO ] 2021-12-25 19:02:21.780 [main] DataProviderH2 - closeConnection: [1] {}
[INFO ] 2021-12-25 19:02:21.780 [main] DataProviderH2 - readMedicalDeviceFromH2M: [2] {}
[INFO ] 2021-12-25 19:02:21.780 [main] DataProviderH2 - readMedicalDeviceFromH2M: [4] {}
[INFO ] 2021-12-25 19:02:21.780 [main] DataProviderH2 - getMedicalDevices: [2] {}
[INFO ] 2021-12-25 19:02:21.780 [main] DataProviderH2 - getMedicalDevices: [4] {}
[INFO ] 2021-12-25 19:02:21.781 [main] HistoryContent - putMedicalDeviceHistory: [1] {}
[INFO ] 2021-12-25 19:02:21.808 [main] HistoryContent - putMedicalDeviceHistory: [2] {}
[INFO ] 2021-12-25 19:02:22.685 [main] DataProviderH2 - deleteMedicalDeviceByBarcode: [2] {}
[INFO ] 2021-12-25 19:02:22.685 [main] DataProviderH2 - closeConnection: [1] {}
[INFO ] 2021-12-25 19:02:22.716 [main] DataProviderH2 - deleteMedicalDeviceByBarcode: [4] {}
[INFO ] 2021-12-25 19:02:22.720 [main] DataProviderH2 - searchPharmacyProductByCategory [1] {}
[INFO ] 2021-12-25 19:02:22.721 [main] DataProviderH2 - searchPharmacyProductByCategory [1] {}
[INFO ] 2021-12-25 19:02:22.721 [main] DataProviderH2 - getMeddicines: [1] {}
[INFO ] 2021-12-25 19:02:22.721 [main] DataProviderH2 - readMeddicinesFromH2M: [1] {}
[INFO ] 2021-12-25 19:02:22.721 [main] DataProviderH2 - connection: [1] {}
[INFO ] 2021-12-25 19:02:22.770 [main] DataProviderH2 - connection: [2] {}
[INFO ] 2021-12-25 19:02:22.770 [main] DataProviderH2 - connection: [4] {}
[INFO ] 2021-12-25 19:02:22.772 [main] DataProviderH2 - h2ToMeddicineList: [1] {}
[INFO ] 2021-12-25 19:02:22.773 [main] DataProviderH2 - h2ToMeddicineList: [2] {}
[INFO ] 2021-12-25 19:02:22.774 [main] DataProviderH2 - h2ToMeddicineList: [4] {}
[INFO ] 2021-12-25 19:02:22.774 [main] DataProviderH2 - closeConnection: [1] {}
[INFO ] 2021-12-25 19:02:22.805 [main] DataProviderH2 - readMeddicinesFromH2M: [2] {}
[INFO ] 2021-12-25 19:02:22.805 [main] DataProviderH2 - readFromH2: [4] {}
[INFO ] 2021-12-25 19:02:22.805 [main] DataProviderH2 - getMeddicines: [2] {}
[INFO ] 2021-12-25 19:02:22.805 [main] DataProviderH2 - getMeddicines: [4] {}
[INFO ] 2021-12-25 19:02:22.805 [main] DataProviderH2 - searchPharmacyProductByCategory [2] {}
[INFO ] 2021-12-25 19:02:22.806 [main] DataProviderH2 - searchPharmacyProductByCategory [2] {}
[INFO ] 2021-12-25 19:02:22.807 [main] DataProviderH2 - searchPharmacyMedicalDeviceByCategory [1] {}
[INFO ] 2021-12-25 19:02:22.807 [main] DataProviderH2 - getMedicalDevices: [1] {}
[INFO ] 2021-12-25 19:02:22.807 [main] DataProviderH2 - readMedicalDeviceFromH2M: [1] {}
[INFO ] 2021-12-25 19:02:22.807 [main] DataProviderH2 - connection: [1] {}
[INFO ] 2021-12-25 19:02:22.832 [main] DataProviderH2 - connection: [2] {}
[INFO ] 2021-12-25 19:02:22.832 [main] DataProviderH2 - connection: [4] {}
[INFO ] 2021-12-25 19:02:22.833 [main] DataProviderH2 - h2ToMedicalDeviceList: [1] {}
[INFO ] 2021-12-25 19:02:22.833 [main] DataProviderH2 - h2ToMedicalDeviceList: [2] {}
[INFO ] 2021-12-25 19:02:22.833 [main] DataProviderH2 - h2ToMedicalDeviceList: [4] {}
[INFO ] 2021-12-25 19:02:22.833 [main] DataProviderH2 - closeConnection: [1] {}
[INFO ] 2021-12-25 19:02:22.852 [main] DataProviderH2 - readMedicalDeviceFromH2M: [2] {}
[INFO ] 2021-12-25 19:02:22.854 [main] DataProviderH2 - readMedicalDeviceFromH2M: [4] {}
[INFO ] 2021-12-25 19:02:22.854 [main] DataProviderH2 - getMedicalDevices: [2] {}
[INFO ] 2021-12-25 19:02:22.854 [main] DataProviderH2 - getMedicalDevices: [4] {}
[INFO ] 2021-12-25 19:02:22.854 [main] DataProviderH2 - searchPharmacyMedicalDeviceByCategory [2] {}
[INFO ] 2021-12-25 19:02:22.854 [main] DataProviderH2 - searchPharmacyProductByCategory [4] {}
[INFO ] 2021-12-25 19:02:22.854 [main] DataProviderH2 - searchPharmacyProductByCategory [7] {}
[INFO ] 2021-12-25 19:02:22.858 [main] DataProviderH2 - sortPharmacyProductMinToMax [1] {}
[INFO ] 2021-12-25 19:02:22.859 [main] DataProviderH2 - sortPharmacyProductMinToMax [2] {}
[INFO ] 2021-12-25 19:02:22.862 [main] DataProviderH2 - getTheAnaloguesOfMedicine [1] {}
[INFO ] 2021-12-25 19:02:22.863 [main] DataProviderH2 - getTheAnaloguesOfMedicine [4] {}
[INFO ] 2021-12-25 19:02:22.865 [main] DataProviderH2 - appendUsers: [1] {}
[INFO ] 2021-12-25 19:02:22.866 [main] DataProviderH2 - stringingDuplicateIdDeleteUser: [1] {}
[INFO ] 2021-12-25 19:02:22.866 [main] DataProviderH2 - connection: [1] {}
[INFO ] 2021-12-25 19:02:22.887 [main] DataProviderH2 - connection: [2] {}
[INFO ] 2021-12-25 19:02:22.887 [main] DataProviderH2 - connection: [4] {}
[INFO ] 2021-12-25 19:02:22.888 [main] DataProviderH2 - stringingDuplicateIdDeleteUser: [2] {}
[INFO ] 2021-12-25 19:02:22.888 [main] DataProviderH2 - closeConnection: [1] {}
[INFO ] 2021-12-25 19:02:22.913 [main] DataProviderH2 - writeToH2User: [1] {}
[INFO ] 2021-12-25 19:02:22.914 [main] DataProviderH2 - connection: [1] {}
[INFO ] 2021-12-25 19:02:22.930 [main] DataProviderH2 - connection: [2] {}
[INFO ] 2021-12-25 19:02:22.930 [main] DataProviderH2 - connection: [4] {}
[INFO ] 2021-12-25 19:02:22.931 [main] DataProviderH2 - writeToH2User: [2] {}
[INFO ] 2021-12-25 19:02:22.931 [main] DataProviderH2 - closeConnection: [1] {}
[INFO ] 2021-12-25 19:02:22.950 [main] DataProviderH2 - writeToH2User: [4] {}
[INFO ] 2021-12-25 19:02:22.951 [main] DataProviderH2 - appendUsers: [2] {}
[INFO ] 2021-12-25 19:02:22.951 [main] DataProviderH2 - appendUsers: [5] {}
[INFO ] 2021-12-25 19:02:22.952 [main] DataProviderH2 - searchPharmacyProductByCategory [1] {}
[INFO ] 2021-12-25 19:02:22.953 [main] DataProviderH2 - searchPharmacyProductByCategory [1] {}
[INFO ] 2021-12-25 19:02:22.953 [main] DataProviderH2 - getMeddicines: [1] {}
[INFO ] 2021-12-25 19:02:22.953 [main] DataProviderH2 - readMeddicinesFromH2M: [1] {}
[INFO ] 2021-12-25 19:02:22.953 [main] DataProviderH2 - connection: [1] {}
[INFO ] 2021-12-25 19:02:22.977 [main] DataProviderH2 - connection: [2] {}
[INFO ] 2021-12-25 19:02:22.977 [main] DataProviderH2 - connection: [4] {}
[INFO ] 2021-12-25 19:02:22.978 [main] DataProviderH2 - h2ToMeddicineList: [1] {}
[INFO ] 2021-12-25 19:02:22.978 [main] DataProviderH2 - h2ToMeddicineList: [2] {}
