[INFO ] 2021-12-25 18:04:12.124 [main] DataProviderH2 - h2ToMeddicineList: [2] {}
[INFO ] 2021-12-25 18:04:12.135 [main] DataProviderH2 - h2ToMeddicineList: [4] {}
[INFO ] 2021-12-25 18:04:12.135 [main] DataProviderH2 - closeConnection: [1] {}
[INFO ] 2021-12-25 18:04:12.157 [main] DataProviderH2 - readMeddicinesFromH2M: [2] {}
[INFO ] 2021-12-25 18:04:12.157 [main] DataProviderH2 - readFromH2: [4] {}
[INFO ] 2021-12-25 18:04:12.158 [main] DataProviderH2 - getMeddicines: [2] {}
[INFO ] 2021-12-25 18:04:12.158 [main] DataProviderH2 - getMeddicines: [4] {}
[INFO ] 2021-12-25 18:04:12.159 [main] DataProviderH2 - searchPharmacyProductByCategory [2] {}
[INFO ] 2021-12-25 18:04:36.671 [main] DataProviderH2 - searchPharmacyMedicalDeviceByCategory [1] {}
[INFO ] 2021-12-25 18:04:36.686 [main] DataProviderH2 - getMedicalDevices: [1] {}
[INFO ] 2021-12-25 18:04:36.686 [main] DataProviderH2 - readMedicalDeviceFromH2M: [1] {}
[INFO ] 2021-12-25 18:04:36.686 [main] DataProviderH2 - connection: [1] {}
[INFO ] 2021-12-25 18:04:36.930 [main] DataProviderH2 - connection: [2] {}
[INFO ] 2021-12-25 18:04:36.930 [main] DataProviderH2 - connection: [4] {}
[INFO ] 2021-12-25 18:04:36.931 [main] DataProviderH2 - h2ToMedicalDeviceList: [1] {}
[INFO ] 2021-12-25 18:04:36.933 [main] DataProviderH2 - h2ToMedicalDeviceList: [2] {}
[INFO ] 2021-12-25 18:04:36.934 [main] DataProviderH2 - h2ToMedicalDeviceList: [4] {}
[INFO ] 2021-12-25 18:04:36.934 [main] DataProviderH2 - closeConnection: [1] {}
[INFO ] 2021-12-25 18:04:36.954 [main] DataProviderH2 - readMedicalDeviceFromH2M: [2] {}
[INFO ] 2021-12-25 18:04:36.955 [main] DataProviderH2 - readMedicalDeviceFromH2M: [4] {}
[INFO ] 2021-12-25 18:04:36.955 [main] DataProviderH2 - getMedicalDevices: [2] {}
[INFO ] 2021-12-25 18:04:36.955 [main] DataProviderH2 - getMedicalDevices: [4] {}
[INFO ] 2021-12-25 18:04:36.957 [main] DataProviderH2 - searchPharmacyMedicalDeviceByCategory [2] {}
[INFO ] 2021-12-25 18:05:15.697 [main] DataProviderH2 - searchPharmacyMedicalDeviceByCategory [1] {}
[INFO ] 2021-12-25 18:05:15.701 [main] DataProviderH2 - getMedicalDevices: [1] {}
[INFO ] 2021-12-25 18:05:15.702 [main] DataProviderH2 - readMedicalDeviceFromH2M: [1] {}
[INFO ] 2021-12-25 18:05:15.702 [main] DataProviderH2 - connection: [1] {}
[INFO ] 2021-12-25 18:05:15.977 [main] DataProviderH2 - connection: [2] {}
[INFO ] 2021-12-25 18:05:15.977 [main] DataProviderH2 - connection: [4] {}
[INFO ] 2021-12-25 18:05:15.977 [main] DataProviderH2 - h2ToMedicalDeviceList: [1] {}
[INFO ] 2021-12-25 18:05:15.979 [main] DataProviderH2 - h2ToMedicalDeviceList: [2] {}
[INFO ] 2021-12-25 18:05:15.979 [main] DataProviderH2 - h2ToMedicalDeviceList: [4] {}
[INFO ] 2021-12-25 18:05:15.979 [main] DataProviderH2 - closeConnection: [1] {}
[INFO ] 2021-12-25 18:05:16.002 [main] DataProviderH2 - readMedicalDeviceFromH2M: [2] {}
[INFO ] 2021-12-25 18:05:16.002 [main] DataProviderH2 - readMedicalDeviceFromH2M: [4] {}
[INFO ] 2021-12-25 18:05:16.002 [main] DataProviderH2 - getMedicalDevices: [2] {}
[INFO ] 2021-12-25 18:05:16.002 [main] DataProviderH2 - getMedicalDevices: [4] {}
[INFO ] 2021-12-25 18:05:16.003 [main] DataProviderH2 - searchPharmacyMedicalDeviceByCategory [2] {}
[INFO ] 2021-12-25 18:05:53.443 [main] DataProviderH2 - searchPharmacyMedicalDeviceByCategory [1] {}
[INFO ] 2021-12-25 18:05:53.450 [main] DataProviderH2 - getMedicalDevices: [1] {}
[INFO ] 2021-12-25 18:05:53.451 [main] DataProviderH2 - readMedicalDeviceFromH2M: [1] {}
[INFO ] 2021-12-25 18:05:53.451 [main] DataProviderH2 - connection: [1] {}
[INFO ] 2021-12-25 18:05:53.703 [main] DataProviderH2 - connection: [2] {}
[INFO ] 2021-12-25 18:05:53.703 [main] DataProviderH2 - connection: [4] {}
[INFO ] 2021-12-25 18:05:53.703 [main] DataProviderH2 - h2ToMedicalDeviceList: [1] {}
[INFO ] 2021-12-25 18:05:53.706 [main] DataProviderH2 - h2ToMedicalDeviceList: [2] {}
[INFO ] 2021-12-25 18:05:53.707 [main] DataProviderH2 - h2ToMedicalDeviceList: [4] {}
[INFO ] 2021-12-25 18:05:53.707 [main] DataProviderH2 - closeConnection: [1] {}
[INFO ] 2021-12-25 18:05:53.730 [main] DataProviderH2 - readMedicalDeviceFromH2M: [2] {}
[INFO ] 2021-12-25 18:05:53.730 [main] DataProviderH2 - readMedicalDeviceFromH2M: [4] {}
[INFO ] 2021-12-25 18:05:53.730 [main] DataProviderH2 - getMedicalDevices: [2] {}
[INFO ] 2021-12-25 18:05:53.730 [main] DataProviderH2 - getMedicalDevices: [4] {}
[INFO ] 2021-12-25 18:05:53.731 [main] DataProviderH2 - searchPharmacyMedicalDeviceByCategory [2] {}
[INFO ] 2021-12-25 18:11:10.964 [main] DataProviderH2 - updateMedicalDevice [1] {}
[INFO ] 2021-12-25 18:11:10.969 [main] DataProviderH2 - connection: [1] {}
[INFO ] 2021-12-25 18:11:11.278 [main] DataProviderH2 - connection: [2] {}
[INFO ] 2021-12-25 18:11:11.278 [main] DataProviderH2 - connection: [4] {}
[INFO ] 2021-12-25 18:11:11.278 [main] DataProviderH2 - takeHistoryMedicalDevice [1] {}
[INFO ] 2021-12-25 18:11:11.279 [main] DataProviderH2 - getMedicalDevices: [1] {}
[INFO ] 2021-12-25 18:11:11.279 [main] DataProviderH2 - readMedicalDeviceFromH2M: [1] {}
[INFO ] 2021-12-25 18:11:11.279 [main] DataProviderH2 - connection: [1] {}
[INFO ] 2021-12-25 18:11:11.280 [main] DataProviderH2 - connection: [2] {}
[INFO ] 2021-12-25 18:11:11.280 [main] DataProviderH2 - connection: [4] {}
[INFO ] 2021-12-25 18:11:11.280 [main] DataProviderH2 - h2ToMedicalDeviceList: [1] {}
[INFO ] 2021-12-25 18:11:11.281 [main] DataProviderH2 - h2ToMedicalDeviceList: [2] {}
[INFO ] 2021-12-25 18:11:11.281 [main] DataProviderH2 - h2ToMedicalDeviceList: [4] {}
[INFO ] 2021-12-25 18:11:11.281 [main] DataProviderH2 - closeConnection: [1] {}
[INFO ] 2021-12-25 18:11:11.281 [main] DataProviderH2 - readMedicalDeviceFromH2M: [2] {}
[INFO ] 2021-12-25 18:11:11.281 [main] DataProviderH2 - readMedicalDeviceFromH2M: [4] {}
[INFO ] 2021-12-25 18:11:11.282 [main] DataProviderH2 - getMedicalDevices: [2] {}
[INFO ] 2021-12-25 18:11:11.282 [main] DataProviderH2 - getMedicalDevices: [4] {}
[INFO ] 2021-12-25 18:11:11.284 [main] HistoryContent - putMedicalDeviceHistory: [1] {}
[INFO ] 2021-12-25 18:11:12.087 [main] HistoryContent - putMedicalDeviceHistory: [2] {}
[INFO ] 2021-12-25 18:11:13.938 [main] DataProviderH2 - closeConnection: [1] {}
[INFO ] 2021-12-25 18:11:13.974 [main] DataProviderH2 - updateMedicalDevice: [2] {}
[INFO ] 2021-12-25 18:11:13.974 [main] DataProviderH2 - updateMedicalDevice [4] {}
[INFO ] 2021-12-25 18:11:13.977 [main] DataProviderH2 - updateMedicalDevice [1] {}
[INFO ] 2021-12-25 18:11:13.978 [main] DataProviderH2 - connection: [1] {}
[INFO ] 2021-12-25 18:11:14.045 [main] DataProviderH2 - connection: [2] {}
[INFO ] 2021-12-25 18:11:14.046 [main] DataProviderH2 - connection: [4] {}
[INFO ] 2021-12-25 18:11:14.046 [main] DataProviderH2 - takeHistoryMedicalDevice [1] {}
[INFO ] 2021-12-25 18:11:14.046 [main] DataProviderH2 - getMedicalDevices: [1] {}
[INFO ] 2021-12-25 18:11:14.046 [main] DataProviderH2 - readMedicalDeviceFromH2M: [1] {}
[INFO ] 2021-12-25 18:11:14.047 [main] DataProviderH2 - connection: [1] {}
[INFO ] 2021-12-25 18:11:14.048 [main] DataProviderH2 - connection: [2] {}
[INFO ] 2021-12-25 18:11:14.049 [main] DataProviderH2 - connection: [4] {}
[INFO ] 2021-12-25 18:11:14.051 [main] DataProviderH2 - h2ToMedicalDeviceList: [1] {}
[INFO ] 2021-12-25 18:11:14.052 [main] DataProviderH2 - h2ToMedicalDeviceList: [2] {}
[INFO ] 2021-12-25 18:11:14.053 [main] DataProviderH2 - h2ToMedicalDeviceList: [4] {}
[INFO ] 2021-12-25 18:11:14.053 [main] DataProviderH2 - closeConnection: [1] {}
[INFO ] 2021-12-25 18:11:14.053 [main] DataProviderH2 - readMedicalDeviceFromH2M: [2] {}
[INFO ] 2021-12-25 18:11:14.054 [main] DataProviderH2 - readMedicalDeviceFromH2M: [4] {}
[INFO ] 2021-12-25 18:11:14.054 [main] DataProviderH2 - getMedicalDevices: [2] {}
[INFO ] 2021-12-25 18:11:14.054 [main] DataProviderH2 - getMedicalDevices: [4] {}
[INFO ] 2021-12-25 18:11:14.054 [main] HistoryContent - putMedicalDeviceHistory: [1] {}
[INFO ] 2021-12-25 18:11:14.105 [main] HistoryContent - putMedicalDeviceHistory: [2] {}
[INFO ] 2021-12-25 18:11:15.189 [main] DataProviderH2 - closeConnection: [1] {}
[INFO ] 2021-12-25 18:11:15.221 [main] DataProviderH2 - updateMedicalDevice: [2] {}
[INFO ] 2021-12-25 18:11:15.222 [main] DataProviderH2 - updateMedicalDevice [4] {}
[INFO ] 2021-12-25 18:11:15.223 [main] DataProviderH2 - updateMedicalDevice [1] {}
[INFO ] 2021-12-25 18:11:15.223 [main] DataProviderH2 - connection: [1] {}
[INFO ] 2021-12-25 18:11:15.277 [main] DataProviderH2 - connection: [2] {}
[INFO ] 2021-12-25 18:11:15.277 [main] DataProviderH2 - connection: [4] {}
[INFO ] 2021-12-25 18:11:15.278 [main] DataProviderH2 - takeHistoryMedicalDevice [1] {}
[INFO ] 2021-12-25 18:11:15.278 [main] DataProviderH2 - getMedicalDevices: [1] {}
[INFO ] 2021-12-25 18:11:15.278 [main] DataProviderH2 - readMedicalDeviceFromH2M: [1] {}
[INFO ] 2021-12-25 18:11:15.279 [main] DataProviderH2 - connection: [1] {}
[INFO ] 2021-12-25 18:11:15.283 [main] DataProviderH2 - connection: [2] {}
[INFO ] 2021-12-25 18:11:15.284 [main] DataProviderH2 - connection: [4] {}
[INFO ] 2021-12-25 18:11:15.285 [main] DataProviderH2 - h2ToMedicalDeviceList: [1] {}
[INFO ] 2021-12-25 18:11:15.286 [main] DataProviderH2 - h2ToMedicalDeviceList: [2] {}
[INFO ] 2021-12-25 18:11:15.286 [main] DataProviderH2 - h2ToMedicalDeviceList: [4] {}
[INFO ] 2021-12-25 18:11:15.286 [main] DataProviderH2 - closeConnection: [1] {}
[INFO ] 2021-12-25 18:11:15.288 [main] DataProviderH2 - readMedicalDeviceFromH2M: [2] {}
[INFO ] 2021-12-25 18:11:15.288 [main] DataProviderH2 - readMedicalDeviceFromH2M: [4] {}
[INFO ] 2021-12-25 18:11:15.289 [main] DataProviderH2 - getMedicalDevices: [2] {}
[INFO ] 2021-12-25 18:11:15.290 [main] DataProviderH2 - getMedicalDevices: [4] {}
[INFO ] 2021-12-25 18:11:15.290 [main] HistoryContent - putMedicalDeviceHistory: [1] {}
[INFO ] 2021-12-25 18:11:15.322 [main] HistoryContent - putMedicalDeviceHistory: [2] {}
[INFO ] 2021-12-25 18:11:16.492 [main] DataProviderH2 - closeConnection: [1] {}
[INFO ] 2021-12-25 18:11:16.513 [main] DataProviderH2 - updateMedicalDevice: [2] {}
[INFO ] 2021-12-25 18:11:16.513 [main] DataProviderH2 - updateMedicalDevice [4] {}
