[INFO ] 2021-12-25 19:02:22.978 [main] DataProviderH2 - h2ToMeddicineList: [4] {}
[INFO ] 2021-12-25 19:02:23.028 [main] DataProviderH2 - closeConnection: [1] {}
[INFO ] 2021-12-25 19:02:23.043 [main] DataProviderH2 - readMeddicinesFromH2M: [2] {}
[INFO ] 2021-12-25 19:02:23.043 [main] DataProviderH2 - readFromH2: [4] {}
[INFO ] 2021-12-25 19:02:23.043 [main] DataProviderH2 - getMeddicines: [2] {}
[INFO ] 2021-12-25 19:02:23.043 [main] DataProviderH2 - getMeddicines: [4] {}
[INFO ] 2021-12-25 19:02:23.043 [main] DataProviderH2 - searchPharmacyProductByCategory [2] {}
[INFO ] 2021-12-25 19:02:23.043 [main] DataProviderH2 - searchPharmacyProductByCategory [2] {}
[INFO ] 2021-12-25 19:02:23.043 [main] DataProviderH2 - searchPharmacyMedicalDeviceByCategory [1] {}
[INFO ] 2021-12-25 19:02:23.044 [main] DataProviderH2 - getMedicalDevices: [1] {}
[INFO ] 2021-12-25 19:02:23.044 [main] DataProviderH2 - readMedicalDeviceFromH2M: [1] {}
[INFO ] 2021-12-25 19:02:23.044 [main] DataProviderH2 - connection: [1] {}
[INFO ] 2021-12-25 19:02:23.057 [main] DataProviderH2 - connection: [2] {}
[INFO ] 2021-12-25 19:02:23.058 [main] DataProviderH2 - connection: [4] {}
[INFO ] 2021-12-25 19:02:23.059 [main] DataProviderH2 - h2ToMedicalDeviceList: [1] {}
[INFO ] 2021-12-25 19:02:23.059 [main] DataProviderH2 - h2ToMedicalDeviceList: [2] {}
[INFO ] 2021-12-25 19:02:23.059 [main] DataProviderH2 - h2ToMedicalDeviceList: [4] {}
[INFO ] 2021-12-25 19:02:23.059 [main] DataProviderH2 - closeConnection: [1] {}
[INFO ] 2021-12-25 19:02:23.075 [main] DataProviderH2 - readMedicalDeviceFromH2M: [2] {}
[INFO ] 2021-12-25 19:02:23.076 [main] DataProviderH2 - readMedicalDeviceFromH2M: [4] {}
[INFO ] 2021-12-25 19:02:23.076 [main] DataProviderH2 - getMedicalDevices: [2] {}
[INFO ] 2021-12-25 19:02:23.076 [main] DataProviderH2 - getMedicalDevices: [4] {}
[INFO ] 2021-12-25 19:02:23.076 [main] DataProviderH2 - searchPharmacyMedicalDeviceByCategory [2] {}
[INFO ] 2021-12-25 19:02:23.076 [main] DataProviderH2 - searchPharmacyProductByCategory [4] {}
[INFO ] 2021-12-25 19:02:23.076 [main] DataProviderH2 - searchPharmacyProductByCategory [7] {}
[INFO ] 2021-12-25 19:02:23.076 [main] DataProviderH2 - sortPharmacyProductMaxToMin [1] {}
[INFO ] 2021-12-25 19:02:23.077 [main] DataProviderH2 - sortPharmacyProductMaxToMin [2] {}
[INFO ] 2021-12-25 19:02:23.079 [main] DataProviderH2 - updateMedicalDevice [1] {}
[INFO ] 2021-12-25 19:02:23.080 [main] DataProviderH2 - connection: [1] {}
[INFO ] 2021-12-25 19:02:23.090 [main] DataProviderH2 - connection: [2] {}
[INFO ] 2021-12-25 19:02:23.090 [main] DataProviderH2 - connection: [4] {}
[INFO ] 2021-12-25 19:02:23.090 [main] DataProviderH2 - takeHistoryMedicalDevice [1] {}
[INFO ] 2021-12-25 19:02:23.090 [main] DataProviderH2 - getMedicalDevices: [1] {}
[INFO ] 2021-12-25 19:02:23.090 [main] DataProviderH2 - readMedicalDeviceFromH2M: [1] {}
[INFO ] 2021-12-25 19:02:23.090 [main] DataProviderH2 - connection: [1] {}
[INFO ] 2021-12-25 19:02:23.091 [main] DataProviderH2 - connection: [2] {}
[INFO ] 2021-12-25 19:02:23.091 [main] DataProviderH2 - connection: [4] {}
[INFO ] 2021-12-25 19:02:23.091 [main] DataProviderH2 - h2ToMedicalDeviceList: [1] {}
[INFO ] 2021-12-25 19:02:23.091 [main] DataProviderH2 - h2ToMedicalDeviceList: [2] {}
[INFO ] 2021-12-25 19:02:23.091 [main] DataProviderH2 - h2ToMedicalDeviceList: [4] {}
[INFO ] 2021-12-25 19:02:23.091 [main] DataProviderH2 - closeConnection: [1] {}
[INFO ] 2021-12-25 19:02:23.092 [main] DataProviderH2 - readMedicalDeviceFromH2M: [2] {}
[INFO ] 2021-12-25 19:02:23.092 [main] DataProviderH2 - readMedicalDeviceFromH2M: [4] {}
[INFO ] 2021-12-25 19:02:23.092 [main] DataProviderH2 - getMedicalDevices: [2] {}
[INFO ] 2021-12-25 19:02:23.092 [main] DataProviderH2 - getMedicalDevices: [4] {}
[ERROR] 2021-12-25 19:02:23.092 [main] DataProviderH2 - takeHistoryMedicalDevice: [2] {} No value present
[INFO ] 2021-12-25 19:02:23.103 [main] DataProviderH2 - closeConnection: [1] {}
[INFO ] 2021-12-25 19:02:23.119 [main] DataProviderH2 - updateMedicalDevice: [2] {}
[INFO ] 2021-12-25 19:02:23.119 [main] DataProviderH2 - updateMedicalDevice [4] {}
[INFO ] 2021-12-25 19:02:23.119 [main] DataProviderH2 - updateMedicalDevice [1] {}
[INFO ] 2021-12-25 19:02:23.119 [main] DataProviderH2 - connection: [1] {}
[INFO ] 2021-12-25 19:02:23.134 [main] DataProviderH2 - connection: [2] {}
[INFO ] 2021-12-25 19:02:23.134 [main] DataProviderH2 - connection: [4] {}
[INFO ] 2021-12-25 19:02:23.134 [main] DataProviderH2 - takeHistoryMedicalDevice [1] {}
[INFO ] 2021-12-25 19:02:23.134 [main] DataProviderH2 - getMedicalDevices: [1] {}
[INFO ] 2021-12-25 19:02:23.134 [main] DataProviderH2 - readMedicalDeviceFromH2M: [1] {}
[INFO ] 2021-12-25 19:02:23.134 [main] DataProviderH2 - connection: [1] {}
[INFO ] 2021-12-25 19:02:23.135 [main] DataProviderH2 - connection: [2] {}
[INFO ] 2021-12-25 19:02:23.135 [main] DataProviderH2 - connection: [4] {}
[INFO ] 2021-12-25 19:02:23.135 [main] DataProviderH2 - h2ToMedicalDeviceList: [1] {}
[INFO ] 2021-12-25 19:02:23.135 [main] DataProviderH2 - h2ToMedicalDeviceList: [2] {}
[INFO ] 2021-12-25 19:02:23.135 [main] DataProviderH2 - h2ToMedicalDeviceList: [4] {}
[INFO ] 2021-12-25 19:02:23.135 [main] DataProviderH2 - closeConnection: [1] {}
[INFO ] 2021-12-25 19:02:23.135 [main] DataProviderH2 - readMedicalDeviceFromH2M: [2] {}
[INFO ] 2021-12-25 19:02:23.136 [main] DataProviderH2 - readMedicalDeviceFromH2M: [4] {}
[INFO ] 2021-12-25 19:02:23.136 [main] DataProviderH2 - getMedicalDevices: [2] {}
[INFO ] 2021-12-25 19:02:23.136 [main] DataProviderH2 - getMedicalDevices: [4] {}
[INFO ] 2021-12-25 19:02:23.136 [main] HistoryContent - putMedicalDeviceHistory: [1] {}
[INFO ] 2021-12-25 19:02:23.161 [main] HistoryContent - putMedicalDeviceHistory: [2] {}
[INFO ] 2021-12-25 19:02:24.116 [main] DataProviderH2 - closeConnection: [1] {}
[INFO ] 2021-12-25 19:02:24.150 [main] DataProviderH2 - updateMedicalDevice: [2] {}
[INFO ] 2021-12-25 19:02:24.150 [main] DataProviderH2 - updateMedicalDevice [4] {}
[INFO ] 2021-12-25 19:02:24.150 [main] DataProviderH2 - updateMedicalDevice [1] {}
[INFO ] 2021-12-25 19:02:24.150 [main] DataProviderH2 - connection: [1] {}
[INFO ] 2021-12-25 19:02:24.190 [main] DataProviderH2 - connection: [2] {}
[INFO ] 2021-12-25 19:02:24.190 [main] DataProviderH2 - connection: [4] {}
[INFO ] 2021-12-25 19:02:24.192 [main] DataProviderH2 - takeHistoryMedicalDevice [1] {}
[INFO ] 2021-12-25 19:02:24.192 [main] DataProviderH2 - getMedicalDevices: [1] {}
[INFO ] 2021-12-25 19:02:24.192 [main] DataProviderH2 - readMedicalDeviceFromH2M: [1] {}
[INFO ] 2021-12-25 19:02:24.192 [main] DataProviderH2 - connection: [1] {}
[INFO ] 2021-12-25 19:02:24.194 [main] DataProviderH2 - connection: [2] {}
[INFO ] 2021-12-25 19:02:24.194 [main] DataProviderH2 - connection: [4] {}
[INFO ] 2021-12-25 19:02:24.197 [main] DataProviderH2 - h2ToMedicalDeviceList: [1] {}
[INFO ] 2021-12-25 19:02:24.198 [main] DataProviderH2 - h2ToMedicalDeviceList: [2] {}
[INFO ] 2021-12-25 19:02:24.198 [main] DataProviderH2 - h2ToMedicalDeviceList: [4] {}
[INFO ] 2021-12-25 19:02:24.198 [main] DataProviderH2 - closeConnection: [1] {}
[INFO ] 2021-12-25 19:02:24.199 [main] DataProviderH2 - readMedicalDeviceFromH2M: [2] {}
[INFO ] 2021-12-25 19:02:24.199 [main] DataProviderH2 - readMedicalDeviceFromH2M: [4] {}
[INFO ] 2021-12-25 19:02:24.199 [main] DataProviderH2 - getMedicalDevices: [2] {}
[INFO ] 2021-12-25 19:02:24.199 [main] DataProviderH2 - getMedicalDevices: [4] {}
[INFO ] 2021-12-25 19:02:24.199 [main] HistoryContent - putMedicalDeviceHistory: [1] {}
[INFO ] 2021-12-25 19:02:24.336 [main] HistoryContent - putMedicalDeviceHistory: [2] {}
[INFO ] 2021-12-25 19:02:25.663 [main] DataProviderH2 - closeConnection: [1] {}
[INFO ] 2021-12-25 19:02:25.694 [main] DataProviderH2 - updateMedicalDevice: [2] {}
[INFO ] 2021-12-25 19:02:25.694 [main] DataProviderH2 - updateMedicalDevice [4] {}
[INFO ] 2021-12-25 19:02:25.698 [main] Barcode - readBarcode[1] {}
[INFO ] 2021-12-25 19:02:25.884 [main] Barcode - readBarcode[2] {}
[INFO ] 2021-12-25 19:02:25.885 [main] Barcode - readBarcode[3] {}
[INFO ] 2021-12-25 19:02:25.886 [main] Barcode - readBarcode[1] {}
[INFO ] 2021-12-25 19:02:26.138 [main] Barcode - readBarcode[2] {}
[INFO ] 2021-12-25 19:02:26.139 [main] Barcode - readBarcode[3] {}
[INFO ] 2021-12-25 19:02:26.139 [main] Barcode - readBarcode[1] {}
[INFO ] 2021-12-25 19:02:26.296 [main] Barcode - readBarcode[2] {}
[INFO ] 2021-12-25 19:02:26.297 [main] Barcode - readBarcode[3] {}
[INFO ] 2021-12-25 19:02:26.297 [main] DataProviderH2 - appendMeddicines: [1] {}
[INFO ] 2021-12-25 19:02:26.297 [main] DataProviderH2 - stringingDuplicateBarcodeDeleteMedicalDevice: [1] {}
[INFO ] 2021-12-25 19:02:26.298 [main] DataProviderH2 - connection: [1] {}
[INFO ] 2021-12-25 19:02:26.336 [main] DataProviderH2 - connection: [2] {}
[INFO ] 2021-12-25 19:02:26.336 [main] DataProviderH2 - connection: [4] {}
[INFO ] 2021-12-25 19:02:26.340 [main] DataProviderH2 - stringingDuplicateBarcodeDeleteMedicalDevice: [2] {}
[INFO ] 2021-12-25 19:02:26.340 [main] DataProviderH2 - closeConnection: [1] {}
[INFO ] 2021-12-25 19:02:26.370 [main] DataProviderH2 - writeToH2MedicalDevice: [1] {}
[INFO ] 2021-12-25 19:02:26.370 [main] DataProviderH2 - connection: [1] {}
[INFO ] 2021-12-25 19:02:26.387 [main] DataProviderH2 - connection: [2] {}
[INFO ] 2021-12-25 19:02:26.390 [main] DataProviderH2 - connection: [4] {}
[INFO ] 2021-12-25 19:02:26.395 [main] DataProviderH2 - writeToH2MedicalDevice: [2] {}
[INFO ] 2021-12-25 19:02:26.395 [main] DataProviderH2 - closeConnection: [1] {}
[INFO ] 2021-12-25 19:02:26.416 [main] DataProviderH2 - writeToH2MedicalDevice: [4] {}
[INFO ] 2021-12-25 19:02:26.417 [main] DataProviderH2 - appendMedicalDevices: [2] {}
[INFO ] 2021-12-25 19:02:26.417 [main] DataProviderH2 - appendMedicalDevices: [5] {}
[INFO ] 2021-12-25 19:02:26.419 [main] DataProviderH2 - readMeddicinesFromH2M: [1] {}
[INFO ] 2021-12-25 19:02:26.419 [main] DataProviderH2 - connection: [1] {}
[INFO ] 2021-12-25 19:02:26.445 [main] DataProviderH2 - connection: [2] {}
[INFO ] 2021-12-25 19:02:26.445 [main] DataProviderH2 - connection: [4] {}
