[INFO ] 2021-12-25 21:35:40.474 [main] DataProviderCsv - appendMedicalDevices: [3] {}
[INFO ] 2021-12-25 21:35:40.504 [main] DataProviderCsv - getMedicalDevices: [1] {}
[INFO ] 2021-12-25 21:35:40.505 [main] DataProviderCsv - readCsvMedicalDevice: [1] {}
[INFO ] 2021-12-25 21:35:40.509 [main] DataProviderCsv - readCsvMedicalDevice: [3] {}
[INFO ] 2021-12-25 21:35:40.509 [main] DataProviderCsv - getMedicalDevices: [3] {}
[INFO ] 2021-12-25 21:35:40.513 [main] Barcode - readBarcode[1] {}
[INFO ] 2021-12-25 21:35:40.578 [main] Barcode - readBarcode[2] {}
[INFO ] 2021-12-25 21:35:40.579 [main] Barcode - readBarcode[3] {}
[INFO ] 2021-12-25 21:35:40.580 [main] DataProviderCsv - updateMeddicine: [1] {}
[INFO ] 2021-12-25 21:35:40.581 [main] DataProviderCsv - getMeddicines: [1] {}
[INFO ] 2021-12-25 21:35:40.581 [main] DataProviderCsv - readCsvMedicine: [1] {}
[INFO ] 2021-12-25 21:35:40.594 [main] DataProviderCsv - readCsvMedicine: [3] {}
[INFO ] 2021-12-25 21:35:40.594 [main] DataProviderCsv - getMeddicines: [3] {}
[INFO ] 2021-12-25 21:35:40.594 [main] DataProviderCsv - isIdInDataMedicine: [1] {}
[INFO ] 2021-12-25 21:35:40.595 [main] DataProviderCsv - getMeddicines: [1] {}
[INFO ] 2021-12-25 21:35:40.595 [main] DataProviderCsv - readCsvMedicine: [1] {}
[INFO ] 2021-12-25 21:35:40.606 [main] DataProviderCsv - readCsvMedicine: [3] {}
[INFO ] 2021-12-25 21:35:40.606 [main] DataProviderCsv - getMeddicines: [3] {}
[INFO ] 2021-12-25 21:35:40.606 [main] DataProviderCsv - isIdInDataMedicine: [2] {} Element is found
[INFO ] 2021-12-25 21:35:40.607 [main] HistoryContent - putMeddicineHistory: [1] {}
[INFO ] 2021-12-25 21:35:40.706 [main] HistoryContent - putMeddicineHistory: [2] {}
[INFO ] 2021-12-25 21:35:41.695 [main] DataProviderCsv - appendUsers: [1] {}
[INFO ] 2021-12-25 21:35:41.695 [main] DataProviderCsv - stringingDuplicateId: [1] {}
[INFO ] 2021-12-25 21:35:41.696 [main] DataProviderCsv - getMeddicines: [1] {}
[INFO ] 2021-12-25 21:35:41.696 [main] DataProviderCsv - readCsvMedicine: [1] {}
[INFO ] 2021-12-25 21:35:41.706 [main] DataProviderCsv - readCsvMedicine: [3] {}
[INFO ] 2021-12-25 21:35:41.707 [main] DataProviderCsv - getMeddicines: [3] {}
[INFO ] 2021-12-25 21:35:41.707 [main] DataProviderCsv - getMeddicines: [1] {}
[INFO ] 2021-12-25 21:35:41.707 [main] DataProviderCsv - readCsvMedicine: [1] {}
[INFO ] 2021-12-25 21:35:41.715 [main] DataProviderCsv - readCsvMedicine: [3] {}
[INFO ] 2021-12-25 21:35:41.715 [main] DataProviderCsv - getMeddicines: [3] {}
[INFO ] 2021-12-25 21:35:41.715 [main] DataProviderCsv - stringingDuplicateId: [2] {}
[INFO ] 2021-12-25 21:35:41.716 [main] DataProviderCsv - writeCsvMedicine: [1] {}
[INFO ] 2021-12-25 21:35:41.729 [main] DataProviderCsv - writeCsvMedicine: [3] {}
[INFO ] 2021-12-25 21:35:41.729 [main] DataProviderCsv - appendUsers: [5] {}
[INFO ] 2021-12-25 21:35:41.729 [main] DataProviderCsv - updateMeddicine: [3] {}
[INFO ] 2021-12-25 21:35:41.731 [main] DataProviderCsv - searchPharmacyProductByCategory [1] {}
[INFO ] 2021-12-25 21:35:41.731 [main] DataProviderCsv - searchPharmacyProductByCategory [1] {}
[INFO ] 2021-12-25 21:35:41.732 [main] DataProviderCsv - getMeddicines: [1] {}
[INFO ] 2021-12-25 21:35:41.732 [main] DataProviderCsv - readCsvMedicine: [1] {}
[INFO ] 2021-12-25 21:35:41.740 [main] DataProviderCsv - readCsvMedicine: [3] {}
[INFO ] 2021-12-25 21:35:41.740 [main] DataProviderCsv - getMeddicines: [3] {}
[INFO ] 2021-12-25 21:35:41.741 [main] DataProviderCsv - searchPharmacyProductByCategory [2] {}
[INFO ] 2021-12-25 21:35:41.741 [main] DataProviderCsv - searchPharmacyProductByCategory [2] {}
[INFO ] 2021-12-25 21:35:41.741 [main] DataProviderCsv - searchPharmacyMedicalDeviceByCategory [1] {}
[INFO ] 2021-12-25 21:35:41.741 [main] DataProviderCsv - getMedicalDevices: [1] {}
[INFO ] 2021-12-25 21:35:41.742 [main] DataProviderCsv - readCsvMedicalDevice: [1] {}
[INFO ] 2021-12-25 21:35:41.749 [main] DataProviderCsv - readCsvMedicalDevice: [3] {}
[INFO ] 2021-12-25 21:35:41.749 [main] DataProviderCsv - getMedicalDevices: [3] {}
[INFO ] 2021-12-25 21:35:41.749 [main] DataProviderCsv - searchPharmacyMedicalDeviceByCategory [2] {}
[INFO ] 2021-12-25 21:35:41.750 [main] DataProviderCsv - searchPharmacyProductByCategory [3] {} This category is empty
[INFO ] 2021-12-25 21:35:41.751 [main] DataProviderCsv - searchPharmacyProductByCategory [7] {}
[INFO ] 2021-12-25 21:35:41.753 [main] DataProviderCsv - readCsvMedicine: [1] {}
[INFO ] 2021-12-25 21:35:41.762 [main] DataProviderCsv - readCsvMedicine: [3] {}
[INFO ] 2021-12-25 21:35:41.766 [main] DataProviderCsv - searchPharmacyMedicalDeviceByCategory [1] {}
[INFO ] 2021-12-25 21:35:41.766 [main] DataProviderCsv - getMedicalDevices: [1] {}
[INFO ] 2021-12-25 21:35:41.767 [main] DataProviderCsv - readCsvMedicalDevice: [1] {}
[INFO ] 2021-12-25 21:35:41.775 [main] DataProviderCsv - readCsvMedicalDevice: [3] {}
[INFO ] 2021-12-25 21:35:41.775 [main] DataProviderCsv - getMedicalDevices: [3] {}
[INFO ] 2021-12-25 21:35:41.775 [main] DataProviderCsv - searchPharmacyMedicalDeviceByCategory [2] {}
[INFO ] 2021-12-25 21:35:41.778 [main] DataProviderCsv - getTheAnaloguesByBarcode [1] {}
[INFO ] 2021-12-25 21:35:41.778 [main] DataProviderCsv - getMeddicineByBarcode: [1] {}
[INFO ] 2021-12-25 21:35:41.779 [main] DataProviderCsv - getMeddicines: [1] {}
[INFO ] 2021-12-25 21:35:41.779 [main] DataProviderCsv - readCsvMedicine: [1] {}
[INFO ] 2021-12-25 21:35:41.788 [main] DataProviderCsv - readCsvMedicine: [3] {}
[INFO ] 2021-12-25 21:35:41.788 [main] DataProviderCsv - getMeddicines: [3] {}
[INFO ] 2021-12-25 21:35:41.788 [main] DataProviderCsv - isIdInDataMedicine: [1] {}
[INFO ] 2021-12-25 21:35:41.788 [main] DataProviderCsv - getMeddicines: [1] {}
[INFO ] 2021-12-25 21:35:41.789 [main] DataProviderCsv - readCsvMedicine: [1] {}
[INFO ] 2021-12-25 21:35:41.799 [main] DataProviderCsv - readCsvMedicine: [3] {}
[INFO ] 2021-12-25 21:35:41.799 [main] DataProviderCsv - getMeddicines: [3] {}
[INFO ] 2021-12-25 21:35:41.799 [main] DataProviderCsv - isIdInDataMedicine: [3] {} No Such Element
[INFO ] 2021-12-25 21:35:41.799 [main] DataProviderCsv - getMeddicineByBarcode: [2] {}
[INFO ] 2021-12-25 21:35:41.800 [main] DataProviderCsv - getMeddicineByBarcode: [4] {}
[INFO ] 2021-12-25 21:35:41.800 [main] DataProviderCsv - getTheAnaloguesOfMedicine [1] {}
[INFO ] 2021-12-25 21:35:41.800 [main] DataProviderCsv - getTheAnaloguesOfMedicine [4] {}
[INFO ] 2021-12-25 21:35:41.800 [main] DataProviderCsv - getTheAnaloguesByBarcode [2] {}
[INFO ] 2021-12-25 21:35:41.804 [main] DataProviderCsv - searchPharmacyProductByCategory [1] {}
[INFO ] 2021-12-25 21:35:41.804 [main] DataProviderCsv - getMeddicines: [1] {}
[INFO ] 2021-12-25 21:35:41.804 [main] DataProviderCsv - readCsvMedicine: [1] {}
[INFO ] 2021-12-25 21:35:41.812 [main] DataProviderCsv - readCsvMedicine: [3] {}
[INFO ] 2021-12-25 21:35:41.813 [main] DataProviderCsv - getMeddicines: [3] {}
[INFO ] 2021-12-25 21:35:41.813 [main] DataProviderCsv - searchPharmacyProductByCategory [2] {}
[INFO ] 2021-12-25 21:35:41.818 [main] Barcode - readBarcode[1] {}
[INFO ] 2021-12-25 21:35:41.888 [main] Barcode - readBarcode[2] {}
[INFO ] 2021-12-25 21:35:41.889 [main] Barcode - readBarcode[3] {}
[INFO ] 2021-12-25 21:35:41.889 [main] DataProviderCsv - updateMedicalDevice: [1] {}
[INFO ] 2021-12-25 21:35:41.889 [main] DataProviderCsv - getMedicalDevices: [1] {}
[INFO ] 2021-12-25 21:35:41.889 [main] DataProviderCsv - readCsvMedicalDevice: [1] {}
[INFO ] 2021-12-25 21:35:41.896 [main] DataProviderCsv - readCsvMedicalDevice: [3] {}
[INFO ] 2021-12-25 21:35:41.896 [main] DataProviderCsv - getMedicalDevices: [3] {}
[INFO ] 2021-12-25 21:35:41.896 [main] DataProviderCsv - isIdInDataMedicalDevice: [1] {}
[INFO ] 2021-12-25 21:35:41.896 [main] DataProviderCsv - getMedicalDevices: [1] {}
[INFO ] 2021-12-25 21:35:41.896 [main] DataProviderCsv - readCsvMedicalDevice: [1] {}
[INFO ] 2021-12-25 21:35:41.903 [main] DataProviderCsv - readCsvMedicalDevice: [3] {}
[INFO ] 2021-12-25 21:35:41.904 [main] DataProviderCsv - getMedicalDevices: [3] {}
[INFO ] 2021-12-25 21:35:41.904 [main] DataProviderCsv - isIdInDataMedicalDevice: [2] {} Element is found
[INFO ] 2021-12-25 21:35:41.905 [main] HistoryContent - putMedicalDeviceHistory: [1] {}
[INFO ] 2021-12-25 21:35:41.931 [main] HistoryContent - putMedicalDeviceHistory: [2] {}
[INFO ] 2021-12-25 21:35:42.786 [main] DataProviderCsv - appendMedicalDevices: [1] {}
[INFO ] 2021-12-25 21:35:42.786 [main] DataProviderCsv - stringingDuplicateBarcodeDevice: [1] {}
[INFO ] 2021-12-25 21:35:42.786 [main] DataProviderCsv - getMedicalDevices: [1] {}
[INFO ] 2021-12-25 21:35:42.787 [main] DataProviderCsv - readCsvMedicalDevice: [1] {}
[INFO ] 2021-12-25 21:35:42.798 [main] DataProviderCsv - readCsvMedicalDevice: [3] {}
[INFO ] 2021-12-25 21:35:42.798 [main] DataProviderCsv - getMedicalDevices: [3] {}
[INFO ] 2021-12-25 21:35:42.798 [main] DataProviderCsv - getMedicalDevices: [1] {}
[INFO ] 2021-12-25 21:35:42.798 [main] DataProviderCsv - readCsvMedicalDevice: [1] {}
[INFO ] 2021-12-25 21:35:42.809 [main] DataProviderCsv - readCsvMedicalDevice: [3] {}
[INFO ] 2021-12-25 21:35:42.809 [main] DataProviderCsv - getMedicalDevices: [3] {}
[INFO ] 2021-12-25 21:35:42.810 [main] DataProviderCsv - stringingDuplicateBarcodeDevice: [2] {}
[INFO ] 2021-12-25 21:35:42.810 [main] DataProviderCsv - writeCsvMedicine: [1] {}
[INFO ] 2021-12-25 21:35:42.820 [main] DataProviderCsv - writeCsvMedicine: [3] {}
[INFO ] 2021-12-25 21:35:42.821 [main] DataProviderCsv - appendMedicalDevices: [3] {}
[INFO ] 2021-12-25 21:35:42.821 [main] DataProviderCsv - updateMedicalDevice: [3] {}
[INFO ] 2021-12-25 21:35:42.826 [main] DataProviderCsv - deleteUserById: [1] {}
[INFO ] 2021-12-25 21:35:42.827 [main] DataProviderCsv - getUsers: [1] {}
[INFO ] 2021-12-25 21:35:42.827 [main] DataProviderCsv - readCsv: [1] {}
[INFO ] 2021-12-25 21:35:42.854 [main] DataProviderCsv - readCsv: [3] {}
[INFO ] 2021-12-25 21:35:42.854 [main] DataProviderCsv - getUsers: [3] {}
[INFO ] 2021-12-25 21:35:42.854 [main] DataProviderCsv - isIdInData: [1] {}
[INFO ] 2021-12-25 21:35:42.855 [main] DataProviderCsv - getUsers: [1] {}
