[INFO ] 2021-12-26 17:11:03.421 [main] DataProviderH2 - h2ToOrderList: [1] {}
[INFO ] 2021-12-26 17:11:03.440 [main] DataProviderH2 - h2ToOrderList: [2] {}
[INFO ] 2021-12-26 17:11:03.440 [main] DataProviderH2 - h2ToOrderList: [4] {}
[INFO ] 2021-12-26 17:11:03.440 [main] DataProviderH2 - closeConnection: [1] {}
[INFO ] 2021-12-26 17:11:03.440 [main] DataProviderH2 - readH2Order: [2] {}
[INFO ] 2021-12-26 17:11:03.440 [main] DataProviderH2 - readH2Order: [4] {}
[INFO ] 2021-12-26 17:11:03.440 [main] DataProviderH2 - getOrders: [2] {}
[INFO ] 2021-12-26 17:11:03.440 [main] DataProviderH2 - getOrders: [4] {}
[INFO ] 2021-12-26 17:11:03.442 [main] DataProviderH2 - No such element
[ERROR] 2021-12-26 17:11:03.451 [main] DataProviderH2 - updateOrders: [6] {} Метод разрешен только для запросов. Используйте execute или executeUpdate вместо executeQuery
Method is only allowed for a query. Use execute or executeUpdate instead of executeQuery; SQL statement:
INSERT INTO ORDERS VALUES (1, 'ccccbbbb999') [90002-200]
[INFO ] 2021-12-26 17:11:44.474 [main] DataProviderH2 - updateOrders: [1] {}
[INFO ] 2021-12-26 17:11:44.478 [main] DataProviderH2 - connection: [1] {}
[INFO ] 2021-12-26 17:11:44.709 [main] DataProviderH2 - connection: [2] {}
[INFO ] 2021-12-26 17:11:44.710 [main] DataProviderH2 - connection: [4] {}
[INFO ] 2021-12-26 17:11:44.710 [main] DataProviderH2 - isInDataOrder [1] {}
[INFO ] 2021-12-26 17:11:44.710 [main] DataProviderH2 - getOrders: [1] {}
[INFO ] 2021-12-26 17:11:44.710 [main] DataProviderH2 - readH2Order: [1] {}
[INFO ] 2021-12-26 17:11:44.710 [main] DataProviderH2 - connection: [1] {}
[INFO ] 2021-12-26 17:11:44.711 [main] DataProviderH2 - connection: [2] {}
[INFO ] 2021-12-26 17:11:44.711 [main] DataProviderH2 - connection: [4] {}
[INFO ] 2021-12-26 17:11:44.712 [main] DataProviderH2 - h2ToOrderList: [1] {}
[INFO ] 2021-12-26 17:11:44.712 [main] DataProviderH2 - h2ToOrderList: [2] {}
[INFO ] 2021-12-26 17:11:44.712 [main] DataProviderH2 - h2ToOrderList: [4] {}
[INFO ] 2021-12-26 17:11:44.712 [main] DataProviderH2 - closeConnection: [1] {}
[INFO ] 2021-12-26 17:11:44.713 [main] DataProviderH2 - readH2Order: [2] {}
[INFO ] 2021-12-26 17:11:44.713 [main] DataProviderH2 - readH2Order: [4] {}
[INFO ] 2021-12-26 17:11:44.713 [main] DataProviderH2 - getOrders: [2] {}
[INFO ] 2021-12-26 17:11:44.713 [main] DataProviderH2 - getOrders: [4] {}
[INFO ] 2021-12-26 17:11:44.714 [main] DataProviderH2 - No such element
[INFO ] 2021-12-26 17:11:44.730 [main] DataProviderH2 - updateOrders: [4] {}
[INFO ] 2021-12-26 17:11:44.730 [main] DataProviderH2 - closeConnection: [1] {}
[INFO ] 2021-12-26 17:11:44.754 [main] DataProviderH2 - updateOrders: [5] {}
[INFO ] 2021-12-26 17:11:53.442 [main] DataProviderH2 - getOrders: [1] {}
[INFO ] 2021-12-26 17:11:53.446 [main] DataProviderH2 - readH2Order: [1] {}
[INFO ] 2021-12-26 17:11:53.446 [main] DataProviderH2 - connection: [1] {}
[INFO ] 2021-12-26 17:11:53.679 [main] DataProviderH2 - connection: [2] {}
[INFO ] 2021-12-26 17:11:53.679 [main] DataProviderH2 - connection: [4] {}
[INFO ] 2021-12-26 17:11:53.680 [main] DataProviderH2 - h2ToOrderList: [1] {}
[INFO ] 2021-12-26 17:11:53.681 [main] DataProviderH2 - h2ToOrderList: [2] {}
[INFO ] 2021-12-26 17:11:53.681 [main] DataProviderH2 - h2ToOrderList: [4] {}
[INFO ] 2021-12-26 17:11:53.681 [main] DataProviderH2 - closeConnection: [1] {}
[INFO ] 2021-12-26 17:11:53.701 [main] DataProviderH2 - readH2Order: [2] {}
[INFO ] 2021-12-26 17:11:53.701 [main] DataProviderH2 - readH2Order: [4] {}
[INFO ] 2021-12-26 17:11:53.701 [main] DataProviderH2 - getOrders: [2] {}
[INFO ] 2021-12-26 17:11:53.701 [main] DataProviderH2 - getOrders: [4] {}
[INFO ] 2021-12-26 17:12:12.195 [main] DataProviderH2 - updateOrders: [1] {}
[INFO ] 2021-12-26 17:12:12.199 [main] DataProviderH2 - connection: [1] {}
[INFO ] 2021-12-26 17:12:12.424 [main] DataProviderH2 - connection: [2] {}
[INFO ] 2021-12-26 17:12:12.425 [main] DataProviderH2 - connection: [4] {}
[INFO ] 2021-12-26 17:12:12.425 [main] DataProviderH2 - isInDataOrder [1] {}
[INFO ] 2021-12-26 17:12:12.425 [main] DataProviderH2 - getOrders: [1] {}
[INFO ] 2021-12-26 17:12:12.425 [main] DataProviderH2 - readH2Order: [1] {}
[INFO ] 2021-12-26 17:12:12.425 [main] DataProviderH2 - connection: [1] {}
[INFO ] 2021-12-26 17:12:12.426 [main] DataProviderH2 - connection: [2] {}
[INFO ] 2021-12-26 17:12:12.426 [main] DataProviderH2 - connection: [4] {}
[INFO ] 2021-12-26 17:12:12.427 [main] DataProviderH2 - h2ToOrderList: [1] {}
[INFO ] 2021-12-26 17:12:12.427 [main] DataProviderH2 - h2ToOrderList: [2] {}
[INFO ] 2021-12-26 17:12:12.427 [main] DataProviderH2 - h2ToOrderList: [4] {}
[INFO ] 2021-12-26 17:12:12.427 [main] DataProviderH2 - closeConnection: [1] {}
[INFO ] 2021-12-26 17:12:12.428 [main] DataProviderH2 - readH2Order: [2] {}
[INFO ] 2021-12-26 17:12:12.428 [main] DataProviderH2 - readH2Order: [4] {}
[INFO ] 2021-12-26 17:12:12.428 [main] DataProviderH2 - getOrders: [2] {}
[INFO ] 2021-12-26 17:12:12.428 [main] DataProviderH2 - getOrders: [4] {}
[INFO ] 2021-12-26 17:12:12.430 [main] DataProviderH2 - takeHistoryOrders [1] {}
[INFO ] 2021-12-26 17:12:12.430 [main] DataProviderH2 - isInDataOrder [1] {}
[INFO ] 2021-12-26 17:12:12.430 [main] DataProviderH2 - getOrders: [1] {}
[INFO ] 2021-12-26 17:12:12.430 [main] DataProviderH2 - readH2Order: [1] {}
[INFO ] 2021-12-26 17:12:12.430 [main] DataProviderH2 - connection: [1] {}
[INFO ] 2021-12-26 17:12:12.431 [main] DataProviderH2 - connection: [2] {}
[INFO ] 2021-12-26 17:12:12.431 [main] DataProviderH2 - connection: [4] {}
[INFO ] 2021-12-26 17:12:12.432 [main] DataProviderH2 - h2ToOrderList: [1] {}
[INFO ] 2021-12-26 17:12:12.432 [main] DataProviderH2 - h2ToOrderList: [2] {}
[INFO ] 2021-12-26 17:12:12.432 [main] DataProviderH2 - h2ToOrderList: [4] {}
[INFO ] 2021-12-26 17:12:12.432 [main] DataProviderH2 - closeConnection: [1] {}
[INFO ] 2021-12-26 17:12:12.432 [main] DataProviderH2 - readH2Order: [2] {}
[INFO ] 2021-12-26 17:12:12.432 [main] DataProviderH2 - readH2Order: [4] {}
[INFO ] 2021-12-26 17:12:12.433 [main] DataProviderH2 - getOrders: [2] {}
[INFO ] 2021-12-26 17:12:12.433 [main] DataProviderH2 - getOrders: [4] {}
[INFO ] 2021-12-26 17:12:12.433 [main] DataProviderH2 - getOrders: [1] {}
[INFO ] 2021-12-26 17:12:12.433 [main] DataProviderH2 - readH2Order: [1] {}
[INFO ] 2021-12-26 17:12:12.433 [main] DataProviderH2 - connection: [1] {}
[INFO ] 2021-12-26 17:12:12.434 [main] DataProviderH2 - connection: [2] {}
[INFO ] 2021-12-26 17:12:12.434 [main] DataProviderH2 - connection: [4] {}
[INFO ] 2021-12-26 17:12:12.435 [main] DataProviderH2 - h2ToOrderList: [1] {}
[INFO ] 2021-12-26 17:12:12.435 [main] DataProviderH2 - h2ToOrderList: [2] {}
[INFO ] 2021-12-26 17:12:12.435 [main] DataProviderH2 - h2ToOrderList: [4] {}
[INFO ] 2021-12-26 17:12:12.435 [main] DataProviderH2 - closeConnection: [1] {}
[INFO ] 2021-12-26 17:12:12.435 [main] DataProviderH2 - readH2Order: [2] {}
[INFO ] 2021-12-26 17:12:12.435 [main] DataProviderH2 - readH2Order: [4] {}
[INFO ] 2021-12-26 17:12:12.436 [main] DataProviderH2 - getOrders: [2] {}
[INFO ] 2021-12-26 17:12:12.436 [main] DataProviderH2 - getOrders: [4] {}
[INFO ] 2021-12-26 17:12:12.437 [main] HistoryContent - putOrderHistory: [1] {}
[INFO ] 2021-12-26 17:12:12.853 [main] HistoryContent - putOrderHistory: [2] {}
[INFO ] 2021-12-26 17:12:14.213 [main] DataProviderH2 - updateOrders: [3] {}
[INFO ] 2021-12-26 17:12:14.214 [main] DataProviderH2 - closeConnection: [1] {}
[INFO ] 2021-12-26 17:12:14.248 [main] DataProviderH2 - updateOrders: [5] {}
[INFO ] 2021-12-26 17:12:26.063 [main] DataProviderH2 - getOrders: [1] {}
[INFO ] 2021-12-26 17:12:26.067 [main] DataProviderH2 - readH2Order: [1] {}
[INFO ] 2021-12-26 17:12:26.067 [main] DataProviderH2 - connection: [1] {}
[INFO ] 2021-12-26 17:12:26.292 [main] DataProviderH2 - connection: [2] {}
[INFO ] 2021-12-26 17:12:26.293 [main] DataProviderH2 - connection: [4] {}
[INFO ] 2021-12-26 17:12:26.293 [main] DataProviderH2 - h2ToOrderList: [1] {}
[INFO ] 2021-12-26 17:12:26.294 [main] DataProviderH2 - h2ToOrderList: [2] {}
[INFO ] 2021-12-26 17:12:26.294 [main] DataProviderH2 - h2ToOrderList: [4] {}
[INFO ] 2021-12-26 17:12:26.295 [main] DataProviderH2 - closeConnection: [1] {}
[INFO ] 2021-12-26 17:12:26.310 [main] DataProviderH2 - readH2Order: [2] {}
[INFO ] 2021-12-26 17:12:26.311 [main] DataProviderH2 - readH2Order: [4] {}
[INFO ] 2021-12-26 17:12:26.311 [main] DataProviderH2 - getOrders: [2] {}
[INFO ] 2021-12-26 17:12:26.311 [main] DataProviderH2 - getOrders: [4] {}
[INFO ] 2021-12-26 17:12:53.678 [main] DataProviderH2 - getUserById: [1] {}
[INFO ] 2021-12-26 17:12:53.682 [main] DataProviderH2 - connection: [1] {}
[INFO ] 2021-12-26 17:12:53.918 [main] DataProviderH2 - connection: [2] {}
[INFO ] 2021-12-26 17:12:53.918 [main] DataProviderH2 - connection: [4] {}
[INFO ] 2021-12-26 17:12:53.922 [main] DataProviderH2 - h2ToUserListUser: [1] {}
[INFO ] 2021-12-26 17:12:53.923 [main] DataProviderH2 - h2ToUserListUser: [2] {}
[INFO ] 2021-12-26 17:12:53.924 [main] DataProviderH2 - h2ToUserListUser: [4] {}
[INFO ] 2021-12-26 17:12:53.924 [main] DataProviderH2 - closeConnection: [1] {}
[INFO ] 2021-12-26 17:12:53.949 [main] DataProviderH2 - getUserById: [2] {}
[INFO ] 2021-12-26 17:13:23.217 [main] DataProviderH2 - getUserById: [1] {}
[INFO ] 2021-12-26 17:13:23.220 [main] DataProviderH2 - connection: [1] {}
[INFO ] 2021-12-26 17:13:23.457 [main] DataProviderH2 - connection: [2] {}
[INFO ] 2021-12-26 17:13:23.457 [main] DataProviderH2 - connection: [4] {}
[INFO ] 2021-12-26 17:13:23.461 [main] DataProviderH2 - h2ToUserListUser: [1] {}
[INFO ] 2021-12-26 17:13:23.462 [main] DataProviderH2 - h2ToUserListUser: [2] {}
[INFO ] 2021-12-26 17:13:23.463 [main] DataProviderH2 - h2ToUserListUser: [4] {}
[INFO ] 2021-12-26 17:13:23.463 [main] DataProviderH2 - closeConnection: [1] {}
[INFO ] 2021-12-26 17:13:23.480 [main] DataProviderH2 - getUserById: [2] {}
[INFO ] 2021-12-26 17:14:21.872 [main] DataProviderH2 - searchPharmacyProductByName [1] {}
[INFO ] 2021-12-26 17:14:21.875 [main] DataProviderH2 - searchMeddicineByName [1] {}
