[INFO ] 2021-12-26 15:45:03.733 [main] DataProviderCsv - getOrders: [3] {}
[INFO ] 2021-12-26 15:45:03.760 [main] DataProviderCsv - stringingDuplicateIdOrder: [2] {}
[INFO ] 2021-12-26 15:45:03.762 [main] DataProviderCsv - writeCsvOrder: [1] {}
[INFO ] 2021-12-26 15:45:03.803 [main] DataProviderCsv - writeCsvOrder: [2] {}
[INFO ] 2021-12-26 15:45:03.804 [main] DataProviderCsv - writeCsvOrder: [4] {}
[INFO ] 2021-12-26 15:45:03.804 [main] DataProviderCsv - appendOrders: [5] {}
[INFO ] 2021-12-26 15:45:03.805 [main] DataProviderCsv - updateOrders: [3] {}
[INFO ] 2021-12-26 15:45:03.805 [main] DataProviderCsv - updateUsers: [1] {}
[INFO ] 2021-12-26 15:45:03.805 [main] DataProviderCsv - getUsers: [1] {}
[INFO ] 2021-12-26 15:45:03.806 [main] DataProviderCsv - readCsv: [1] {}
[INFO ] 2021-12-26 15:45:03.843 [main] DataProviderCsv - readCsv: [3] {}
[INFO ] 2021-12-26 15:45:03.844 [main] DataProviderCsv - getUsers: [3] {}
[INFO ] 2021-12-26 15:45:03.844 [main] DataProviderCsv - isIdInData: [1] {}
[INFO ] 2021-12-26 15:45:03.844 [main] DataProviderCsv - getUsers: [1] {}
[INFO ] 2021-12-26 15:45:03.845 [main] DataProviderCsv - readCsv: [1] {}
[INFO ] 2021-12-26 15:45:03.853 [main] DataProviderCsv - readCsv: [3] {}
[INFO ] 2021-12-26 15:45:03.853 [main] DataProviderCsv - getUsers: [3] {}
[INFO ] 2021-12-26 15:45:03.854 [main] DataProviderCsv - isIdInData: [2] {} Element is found
[INFO ] 2021-12-26 15:45:03.854 [main] HistoryContent - putUserHistory: [1] {}
[INFO ] 2021-12-26 15:45:04.073 [main] HistoryContent - putUserHistory: [2] {}
[INFO ] 2021-12-26 15:45:04.901 [main] DataProviderCsv - appendUsers: [1] {}
[INFO ] 2021-12-26 15:45:04.901 [main] DataProviderCsv - stringingDuplicateId: [1] {}
[INFO ] 2021-12-26 15:45:04.901 [main] DataProviderCsv - getUsers: [1] {}
[INFO ] 2021-12-26 15:45:04.901 [main] DataProviderCsv - readCsv: [1] {}
[INFO ] 2021-12-26 15:45:04.910 [main] DataProviderCsv - readCsv: [3] {}
[INFO ] 2021-12-26 15:45:04.911 [main] DataProviderCsv - getUsers: [3] {}
[INFO ] 2021-12-26 15:45:04.911 [main] DataProviderCsv - getUsers: [1] {}
[INFO ] 2021-12-26 15:45:04.911 [main] DataProviderCsv - readCsv: [1] {}
[INFO ] 2021-12-26 15:45:04.919 [main] DataProviderCsv - readCsv: [3] {}
[INFO ] 2021-12-26 15:45:04.919 [main] DataProviderCsv - getUsers: [3] {}
[INFO ] 2021-12-26 15:45:04.920 [main] DataProviderCsv - stringingDuplicateId: [2] {}
[INFO ] 2021-12-26 15:45:04.920 [main] DataProviderCsv - writeCsv: [1] {}
[INFO ] 2021-12-26 15:45:04.927 [main] DataProviderCsv - writeCsv: [3] {}
[INFO ] 2021-12-26 15:45:04.927 [main] DataProviderCsv - appendUsers: [5] {}
[INFO ] 2021-12-26 15:45:04.928 [main] DataProviderCsv - updateUsers: [3] {}
[INFO ] 2021-12-26 15:45:04.928 [main] DataProviderCsv - createOrder [2] {}
[INFO ] 2021-12-26 15:45:04.932 [main] DataProviderCsv - updateUsers: [1] {}
[INFO ] 2021-12-26 15:45:04.933 [main] DataProviderCsv - getUsers: [1] {}
[INFO ] 2021-12-26 15:45:04.933 [main] DataProviderCsv - readCsv: [1] {}
[INFO ] 2021-12-26 15:45:04.937 [main] DataProviderCsv - readCsv: [3] {}
[INFO ] 2021-12-26 15:45:04.938 [main] DataProviderCsv - getUsers: [3] {}
[INFO ] 2021-12-26 15:45:04.938 [main] DataProviderCsv - isIdInData: [1] {}
[INFO ] 2021-12-26 15:45:04.938 [main] DataProviderCsv - getUsers: [1] {}
[INFO ] 2021-12-26 15:45:04.938 [main] DataProviderCsv - readCsv: [1] {}
[INFO ] 2021-12-26 15:45:04.943 [main] DataProviderCsv - readCsv: [3] {}
[INFO ] 2021-12-26 15:45:04.943 [main] DataProviderCsv - getUsers: [3] {}
[INFO ] 2021-12-26 15:45:04.943 [main] DataProviderCsv - isIdInData: [2] {} Element is found
[INFO ] 2021-12-26 15:45:04.944 [main] HistoryContent - putUserHistory: [1] {}
[INFO ] 2021-12-26 15:45:04.969 [main] HistoryContent - putUserHistory: [2] {}
[INFO ] 2021-12-26 15:45:05.877 [main] DataProviderCsv - appendUsers: [1] {}
[INFO ] 2021-12-26 15:45:05.881 [main] DataProviderCsv - stringingDuplicateId: [1] {}
[INFO ] 2021-12-26 15:45:05.881 [main] DataProviderCsv - getUsers: [1] {}
[INFO ] 2021-12-26 15:45:05.881 [main] DataProviderCsv - readCsv: [1] {}
[INFO ] 2021-12-26 15:45:05.887 [main] DataProviderCsv - readCsv: [3] {}
[INFO ] 2021-12-26 15:45:05.887 [main] DataProviderCsv - getUsers: [3] {}
[INFO ] 2021-12-26 15:45:05.887 [main] DataProviderCsv - getUsers: [1] {}
[INFO ] 2021-12-26 15:45:05.887 [main] DataProviderCsv - readCsv: [1] {}
[INFO ] 2021-12-26 15:45:05.892 [main] DataProviderCsv - readCsv: [3] {}
[INFO ] 2021-12-26 15:45:05.892 [main] DataProviderCsv - getUsers: [3] {}
[INFO ] 2021-12-26 15:45:05.893 [main] DataProviderCsv - stringingDuplicateId: [2] {}
[INFO ] 2021-12-26 15:45:05.893 [main] DataProviderCsv - writeCsv: [1] {}
[INFO ] 2021-12-26 15:45:05.900 [main] DataProviderCsv - writeCsv: [3] {}
[INFO ] 2021-12-26 15:45:05.900 [main] DataProviderCsv - appendUsers: [5] {}
[INFO ] 2021-12-26 15:45:05.901 [main] DataProviderCsv - updateUsers: [3] {}
[INFO ] 2021-12-26 15:46:29.941 [main] DataProviderXml - searchPharmacyProductByName [1] {}
[INFO ] 2021-12-26 15:46:29.945 [main] DataProviderXml - searchMeddicineByName [1] {}
[INFO ] 2021-12-26 15:46:29.946 [main] DataProviderXml - getMeddicines: [1] {}
[INFO ] 2021-12-26 15:46:29.948 [main] DataProviderXml - readXmlMedicine: [1] {}
[INFO ] 2021-12-26 15:46:30.053 [main] DataProviderXml - readXmlMedicine: [3] {}
[INFO ] 2021-12-26 15:46:30.053 [main] DataProviderXml - getMeddicines: [3] {}
[INFO ] 2021-12-26 15:46:30.053 [main] DataProviderXml - searchMeddicineByName [2] {}
[INFO ] 2021-12-26 15:46:30.054 [main] DataProviderXml - searchMedicalDeviceByName [1] {}
[INFO ] 2021-12-26 15:46:30.054 [main] DataProviderXml - getMedicalDevices: [1] {}
[INFO ] 2021-12-26 15:46:30.054 [main] DataProviderXml - readXmlMedicalDevice: [1] {}
[INFO ] 2021-12-26 15:46:30.057 [main] DataProviderXml - readXmlMedicine: [3] {}
[INFO ] 2021-12-26 15:46:30.057 [main] DataProviderXml - getMeddicines: [3] {}
[INFO ] 2021-12-26 15:46:30.058 [main] DataProviderXml - searchMedicalDeviceByName [2] {}
[INFO ] 2021-12-26 15:46:30.058 [main] DataProviderXml - searchPharmacyProductByName [2] {}
[INFO ] 2021-12-26 15:46:30.058 [main] DataProviderXml - searchPharmacyProductByName [3] {}
[INFO ] 2021-12-26 15:46:30.058 [main] DataProviderXml - searchPharmacyProductByName [5] {}
[INFO ] 2021-12-26 15:46:30.059 [main] DataProviderXml - createOrder [1] {}
[INFO ] 2021-12-26 15:46:30.059 [main] DataProviderXml - updateOrders: [1] {}
[INFO ] 2021-12-26 15:46:30.059 [main] DataProviderXml - getOrders: [1] {}
[INFO ] 2021-12-26 15:46:30.059 [main] DataProviderXml - readXmlOrder: [1] {}
[INFO ] 2021-12-26 15:46:30.065 [main] DataProviderXml - readXmlOrder: [3] {}
[INFO ] 2021-12-26 15:46:30.065 [main] DataProviderXml - getOrders: [3] {}
[INFO ] 2021-12-26 15:46:30.065 [main] DataProviderXml - isIdInDataOrder: [1] {}
[INFO ] 2021-12-26 15:46:30.065 [main] DataProviderXml - getOrders: [1] {}
[INFO ] 2021-12-26 15:46:30.065 [main] DataProviderXml - readXmlOrder: [1] {}
[INFO ] 2021-12-26 15:46:30.068 [main] DataProviderXml - readXmlOrder: [3] {}
[INFO ] 2021-12-26 15:46:30.068 [main] DataProviderXml - getOrders: [3] {}
[INFO ] 2021-12-26 15:46:30.070 [main] DataProviderXml - isIdInDataOrder: [2] {} Element is found
[INFO ] 2021-12-26 15:46:30.071 [main] HistoryContent - putOrderHistory: [1] {}
[INFO ] 2021-12-26 15:46:30.436 [main] HistoryContent - putOrderHistory: [2] {}
[INFO ] 2021-12-26 15:46:31.725 [main] DataProviderXml - appendOrders: [1] {}
[INFO ] 2021-12-26 15:46:31.725 [main] DataProviderXml - stringingDuplicateIdOrder: [1] {}
[INFO ] 2021-12-26 15:46:31.728 [main] DataProviderXml - getOrders: [1] {}
[INFO ] 2021-12-26 15:46:31.728 [main] DataProviderXml - readXmlOrder: [1] {}
[INFO ] 2021-12-26 15:46:31.736 [main] DataProviderXml - readXmlOrder: [3] {}
[INFO ] 2021-12-26 15:46:31.737 [main] DataProviderXml - getOrders: [3] {}
[INFO ] 2021-12-26 15:46:31.737 [main] DataProviderXml - getOrders: [1] {}
[INFO ] 2021-12-26 15:46:31.738 [main] DataProviderXml - readXmlOrder: [1] {}
[INFO ] 2021-12-26 15:46:31.745 [main] DataProviderXml - readXmlOrder: [3] {}
[INFO ] 2021-12-26 15:46:31.745 [main] DataProviderXml - getOrders: [3] {}
[INFO ] 2021-12-26 15:46:31.747 [main] DataProviderXml - stringingDuplicateIdOrder: [2] {}
[INFO ] 2021-12-26 15:46:31.748 [main] DataProviderXml - writeXmlOrder: [1] {}
[INFO ] 2021-12-26 15:46:31.805 [main] DataProviderXml - writeXmlOrder: [3] {}
[INFO ] 2021-12-26 15:46:31.806 [main] DataProviderXml - appendOrders: [3] {}
[INFO ] 2021-12-26 15:46:31.806 [main] DataProviderXml - updateOrders: [3] {}
[INFO ] 2021-12-26 15:46:31.807 [main] DataProviderXml - updateUsers: [1] {}
[INFO ] 2021-12-26 15:46:31.807 [main] DataProviderXml - getUsers: [1] {}
[INFO ] 2021-12-26 15:46:31.808 [main] DataProviderXml - readXml: [1] {}
[INFO ] 2021-12-26 15:46:31.817 [main] DataProviderXml - readXml: [3] {}
[INFO ] 2021-12-26 15:46:31.817 [main] DataProviderXml - getUsers: [3] {}
[INFO ] 2021-12-26 15:46:31.818 [main] DataProviderXml - isIdInData: [1] {}
[INFO ] 2021-12-26 15:46:31.818 [main] DataProviderXml - getUsers: [1] {}
[INFO ] 2021-12-26 15:46:31.818 [main] DataProviderXml - readXml: [1] {}
[INFO ] 2021-12-26 15:46:31.826 [main] DataProviderXml - readXml: [3] {}
[INFO ] 2021-12-26 15:46:31.827 [main] DataProviderXml - getUsers: [3] {}
[INFO ] 2021-12-26 15:46:31.828 [main] DataProviderXml - isIdInData: [3] {} No Such Element
[INFO ] 2021-12-26 15:46:31.829 [main] DataProviderXml - appendUsers: [1] {}
[INFO ] 2021-12-26 15:46:31.829 [main] DataProviderXml - stringingDuplicateId: [1] {}
[INFO ] 2021-12-26 15:46:31.829 [main] DataProviderXml - getUsers: [1] {}
[INFO ] 2021-12-26 15:46:31.830 [main] DataProviderXml - readXml: [1] {}
[INFO ] 2021-12-26 15:46:31.836 [main] DataProviderXml - readXml: [3] {}
[INFO ] 2021-12-26 15:46:31.838 [main] DataProviderXml - getUsers: [3] {}
[INFO ] 2021-12-26 15:46:31.838 [main] DataProviderXml - getUsers: [1] {}
[INFO ] 2021-12-26 15:46:31.839 [main] DataProviderXml - readXml: [1] {}
[INFO ] 2021-12-26 15:46:31.848 [main] DataProviderXml - readXml: [3] {}
[INFO ] 2021-12-26 15:46:31.848 [main] DataProviderXml - getUsers: [3] {}
