[INFO ] 2021-12-25 17:21:14.016 [main] DataProviderXml - readXmlMedicalDevice: [1] {}
[INFO ] 2021-12-25 17:21:14.028 [main] DataProviderXml - readXmlMedicine: [3] {}
[INFO ] 2021-12-25 17:21:14.028 [main] DataProviderXml - getMeddicines: [3] {}
[INFO ] 2021-12-25 17:21:14.028 [main] DataProviderXml - searchPharmacyMedicalDeviceByCategory [2] {}
[INFO ] 2021-12-25 17:21:14.030 [main] DataProviderXml - searchPharmacyProductByCategory [3] {} This category is empty
[INFO ] 2021-12-25 17:21:14.030 [main] DataProviderXml - searchPharmacyProductByCategory [7] {}
[INFO ] 2021-12-25 17:21:14.030 [main] DataProviderXml - sortPharmacyProductMinToMax [1] {}
[INFO ] 2021-12-25 17:21:14.030 [main] DataProviderXml - sortPharmacyProductMinToMax [2] {}
[INFO ] 2021-12-25 17:25:50.743 [main] DataProviderXml - searchPharmacyProductByCategory [1] {}
[INFO ] 2021-12-25 17:25:50.747 [main] DataProviderXml - searchPharmacyProductByCategory [1] {}
[INFO ] 2021-12-25 17:25:50.748 [main] DataProviderXml - getMeddicines: [1] {}
[INFO ] 2021-12-25 17:25:50.750 [main] DataProviderXml - readXmlMedicine: [1] {}
[INFO ] 2021-12-25 17:25:50.880 [main] DataProviderXml - readXmlMedicine: [3] {}
[INFO ] 2021-12-25 17:25:50.882 [main] DataProviderXml - getMeddicines: [3] {}
[INFO ] 2021-12-25 17:25:50.883 [main] DataProviderXml - searchPharmacyProductByCategory [2] {}
[INFO ] 2021-12-25 17:25:50.883 [main] DataProviderXml - searchPharmacyProductByCategory [2] {}
[INFO ] 2021-12-25 17:25:50.883 [main] DataProviderXml - searchPharmacyMedicalDeviceByCategory [1] {}
[INFO ] 2021-12-25 17:25:50.883 [main] DataProviderXml - getMedicalDevices: [1] {}
[INFO ] 2021-12-25 17:25:50.884 [main] DataProviderXml - readXmlMedicalDevice: [1] {}
[INFO ] 2021-12-25 17:25:50.888 [main] DataProviderXml - readXmlMedicine: [3] {}
[INFO ] 2021-12-25 17:25:50.888 [main] DataProviderXml - getMeddicines: [3] {}
[INFO ] 2021-12-25 17:25:50.888 [main] DataProviderXml - searchPharmacyMedicalDeviceByCategory [2] {}
[INFO ] 2021-12-25 17:25:50.889 [main] DataProviderXml - searchPharmacyProductByCategory [4] {}
[INFO ] 2021-12-25 17:25:50.889 [main] DataProviderXml - searchPharmacyProductByCategory [7] {}
[INFO ] 2021-12-25 17:26:13.209 [main] DataProviderXml - searchPharmacyProductByCategory [1] {}
[INFO ] 2021-12-25 17:26:13.214 [main] DataProviderXml - searchPharmacyProductByCategory [1] {}
[INFO ] 2021-12-25 17:26:13.215 [main] DataProviderXml - getMeddicines: [1] {}
[INFO ] 2021-12-25 17:26:13.216 [main] DataProviderXml - readXmlMedicine: [1] {}
[INFO ] 2021-12-25 17:26:13.360 [main] DataProviderXml - readXmlMedicine: [3] {}
[INFO ] 2021-12-25 17:26:13.360 [main] DataProviderXml - getMeddicines: [3] {}
[INFO ] 2021-12-25 17:26:13.362 [main] DataProviderXml - searchPharmacyProductByCategory [2] {}
[INFO ] 2021-12-25 17:26:13.362 [main] DataProviderXml - searchPharmacyProductByCategory [2] {}
[INFO ] 2021-12-25 17:26:13.362 [main] DataProviderXml - searchPharmacyMedicalDeviceByCategory [1] {}
[INFO ] 2021-12-25 17:26:13.362 [main] DataProviderXml - getMedicalDevices: [1] {}
[INFO ] 2021-12-25 17:26:13.363 [main] DataProviderXml - readXmlMedicalDevice: [1] {}
[INFO ] 2021-12-25 17:26:13.366 [main] DataProviderXml - readXmlMedicine: [3] {}
[INFO ] 2021-12-25 17:26:13.366 [main] DataProviderXml - getMeddicines: [3] {}
[INFO ] 2021-12-25 17:26:13.367 [main] DataProviderXml - searchPharmacyMedicalDeviceByCategory [2] {}
[INFO ] 2021-12-25 17:26:13.367 [main] DataProviderXml - searchPharmacyProductByCategory [4] {}
[INFO ] 2021-12-25 17:26:13.367 [main] DataProviderXml - searchPharmacyProductByCategory [7] {}
[INFO ] 2021-12-25 17:26:36.055 [main] DataProviderXml - searchPharmacyProductByCategory [1] {}
[INFO ] 2021-12-25 17:26:36.060 [main] DataProviderXml - searchPharmacyProductByCategory [1] {}
[INFO ] 2021-12-25 17:26:36.061 [main] DataProviderXml - getMeddicines: [1] {}
[INFO ] 2021-12-25 17:26:36.062 [main] DataProviderXml - readXmlMedicine: [1] {}
[INFO ] 2021-12-25 17:26:36.172 [main] DataProviderXml - readXmlMedicine: [3] {}
[INFO ] 2021-12-25 17:26:36.172 [main] DataProviderXml - getMeddicines: [3] {}
[INFO ] 2021-12-25 17:26:36.173 [main] DataProviderXml - searchPharmacyProductByCategory [2] {}
[INFO ] 2021-12-25 17:26:36.173 [main] DataProviderXml - searchPharmacyProductByCategory [2] {}
[INFO ] 2021-12-25 17:26:36.173 [main] DataProviderXml - searchPharmacyMedicalDeviceByCategory [1] {}
[INFO ] 2021-12-25 17:26:36.173 [main] DataProviderXml - getMedicalDevices: [1] {}
[INFO ] 2021-12-25 17:26:36.173 [main] DataProviderXml - readXmlMedicalDevice: [1] {}
[INFO ] 2021-12-25 17:26:36.177 [main] DataProviderXml - readXmlMedicine: [3] {}
[INFO ] 2021-12-25 17:26:36.177 [main] DataProviderXml - getMeddicines: [3] {}
[INFO ] 2021-12-25 17:26:36.178 [main] DataProviderXml - searchPharmacyMedicalDeviceByCategory [2] {}
[INFO ] 2021-12-25 17:26:36.178 [main] DataProviderXml - searchPharmacyProductByCategory [3] {} This category is empty
[INFO ] 2021-12-25 17:26:36.178 [main] DataProviderXml - searchPharmacyProductByCategory [7] {}
[INFO ] 2021-12-25 17:27:46.454 [main] DataProviderCsv - searchPharmacyProductByCategory [1] {}
[INFO ] 2021-12-25 17:27:46.457 [main] DataProviderCsv - searchPharmacyProductByCategory [1] {}
[INFO ] 2021-12-25 17:27:46.458 [main] DataProviderCsv - getMeddicines: [1] {}
[INFO ] 2021-12-25 17:27:46.459 [main] DataProviderCsv - readCsvMedicine: [1] {}
[INFO ] 2021-12-25 17:27:46.559 [main] DataProviderCsv - readCsvMedicine: [3] {}
[INFO ] 2021-12-25 17:27:46.559 [main] DataProviderCsv - getMeddicines: [3] {}
[INFO ] 2021-12-25 17:27:46.560 [main] DataProviderCsv - searchPharmacyProductByCategory [2] {}
[INFO ] 2021-12-25 17:27:46.560 [main] DataProviderCsv - searchPharmacyProductByCategory [5] {}
[INFO ] 2021-12-25 17:27:46.560 [main] DataProviderCsv - searchPharmacyProductByCategory [7] {}
[INFO ] 2021-12-25 17:28:55.152 [main] DataProviderXml - searchPharmacyProductByCategory [1] {}
[INFO ] 2021-12-25 17:28:55.152 [main] DataProviderXml - searchPharmacyProductByCategory [1] {}
[INFO ] 2021-12-25 17:28:55.156 [main] DataProviderXml - getMeddicines: [1] {}
[INFO ] 2021-12-25 17:28:55.157 [main] DataProviderXml - readXmlMedicine: [1] {}
[INFO ] 2021-12-25 17:28:55.271 [main] DataProviderXml - readXmlMedicine: [3] {}
[INFO ] 2021-12-25 17:28:55.271 [main] DataProviderXml - getMeddicines: [3] {}
[INFO ] 2021-12-25 17:28:55.272 [main] DataProviderXml - searchPharmacyProductByCategory [2] {}
[INFO ] 2021-12-25 17:28:55.272 [main] DataProviderXml - searchPharmacyProductByCategory [5] {}
[INFO ] 2021-12-25 17:28:55.272 [main] DataProviderXml - searchPharmacyProductByCategory [7] {}
[INFO ] 2021-12-25 17:29:31.480 [main] DataProviderXml - getTheAnaloguesByBarcode [1] {}
[INFO ] 2021-12-25 17:29:31.484 [main] DataProviderXml - getMeddicineByBarcode: [1] {}
[INFO ] 2021-12-25 17:29:31.485 [main] DataProviderXml - getMeddicines: [1] {}
[INFO ] 2021-12-25 17:29:31.485 [main] DataProviderXml - readXmlMedicine: [1] {}
[INFO ] 2021-12-25 17:29:31.607 [main] DataProviderXml - readXmlMedicine: [3] {}
[INFO ] 2021-12-25 17:29:31.607 [main] DataProviderXml - getMeddicines: [3] {}
[INFO ] 2021-12-25 17:29:31.608 [main] DataProviderXml - isIdInDataMedicine: [1] {}
[INFO ] 2021-12-25 17:29:31.608 [main] DataProviderXml - getMeddicines: [1] {}
[INFO ] 2021-12-25 17:29:31.608 [main] DataProviderXml - readXmlMedicine: [1] {}
[INFO ] 2021-12-25 17:29:31.611 [main] DataProviderXml - readXmlMedicine: [3] {}
[INFO ] 2021-12-25 17:29:31.611 [main] DataProviderXml - getMeddicines: [3] {}
[INFO ] 2021-12-25 17:29:31.613 [main] DataProviderXml - isIdInDataMedicine: [2] {} Element is found
[INFO ] 2021-12-25 17:29:31.614 [main] DataProviderXml - getUserById: [4] {}
[INFO ] 2021-12-25 17:29:31.614 [main] DataProviderXml - getTheAnaloguesOfMedicine [1] {}
[INFO ] 2021-12-25 17:29:31.614 [main] DataProviderXml - getMeddicines: [1] {}
[INFO ] 2021-12-25 17:29:31.614 [main] DataProviderXml - readXmlMedicine: [1] {}
[INFO ] 2021-12-25 17:29:31.619 [main] DataProviderXml - readXmlMedicine: [3] {}
[INFO ] 2021-12-25 17:29:31.619 [main] DataProviderXml - getMeddicines: [3] {}
[INFO ] 2021-12-25 17:29:31.620 [main] DataProviderXml - getTheAnaloguesOfMedicine [2] {}
[INFO ] 2021-12-25 17:29:31.620 [main] DataProviderXml - getTheAnaloguesOfMedicine [4] {}
[INFO ] 2021-12-25 17:29:31.620 [main] DataProviderXml - getTheAnaloguesByBarcode [2] {}
[INFO ] 2021-12-25 17:29:46.226 [main] DataProviderXml - getTheAnaloguesByBarcode [1] {}
[INFO ] 2021-12-25 17:29:46.233 [main] DataProviderXml - getMeddicineByBarcode: [1] {}
[INFO ] 2021-12-25 17:29:46.234 [main] DataProviderXml - getMeddicines: [1] {}
[INFO ] 2021-12-25 17:29:46.234 [main] DataProviderXml - readXmlMedicine: [1] {}
[INFO ] 2021-12-25 17:29:46.370 [main] DataProviderXml - readXmlMedicine: [3] {}
[INFO ] 2021-12-25 17:29:46.370 [main] DataProviderXml - getMeddicines: [3] {}
[INFO ] 2021-12-25 17:29:46.371 [main] DataProviderXml - isIdInDataMedicine: [1] {}
[INFO ] 2021-12-25 17:29:46.371 [main] DataProviderXml - getMeddicines: [1] {}
[INFO ] 2021-12-25 17:29:46.371 [main] DataProviderXml - readXmlMedicine: [1] {}
[INFO ] 2021-12-25 17:29:46.375 [main] DataProviderXml - readXmlMedicine: [3] {}
[INFO ] 2021-12-25 17:29:46.376 [main] DataProviderXml - getMeddicines: [3] {}
[INFO ] 2021-12-25 17:29:46.377 [main] DataProviderXml - isIdInDataMedicine: [3] {} No Such Element
[INFO ] 2021-12-25 17:29:46.377 [main] DataProviderXml - getMeddicineByBarcode: [2] {} No Such Element
[INFO ] 2021-12-25 17:29:46.377 [main] DataProviderXml - getUserById: [4] {}
[INFO ] 2021-12-25 17:29:46.377 [main] DataProviderXml - getTheAnaloguesOfMedicine [1] {}
[INFO ] 2021-12-25 17:29:46.377 [main] DataProviderXml - getTheAnaloguesOfMedicine [4] {}
[INFO ] 2021-12-25 17:29:46.377 [main] DataProviderXml - getTheAnaloguesByBarcode [2] {}
[INFO ] 2021-12-25 17:30:21.624 [main] DataProviderXml - searchPharmacyProductByCategory [1] {}
[INFO ] 2021-12-25 17:30:21.628 [main] DataProviderXml - searchPharmacyProductByCategory [1] {}
[INFO ] 2021-12-25 17:30:21.628 [main] DataProviderXml - getMeddicines: [1] {}
