[INFO ] 2021-12-25 18:12:18.940 [main] DataProviderH2 - searchPharmacyMedicalDeviceByCategory [1] {}
[INFO ] 2021-12-25 18:12:18.951 [main] DataProviderH2 - getMedicalDevices: [1] {}
[INFO ] 2021-12-25 18:12:18.952 [main] DataProviderH2 - readMedicalDeviceFromH2M: [1] {}
[INFO ] 2021-12-25 18:12:18.952 [main] DataProviderH2 - connection: [1] {}
[INFO ] 2021-12-25 18:12:19.220 [main] DataProviderH2 - connection: [2] {}
[INFO ] 2021-12-25 18:12:19.220 [main] DataProviderH2 - connection: [4] {}
[INFO ] 2021-12-25 18:12:19.221 [main] DataProviderH2 - h2ToMedicalDeviceList: [1] {}
[INFO ] 2021-12-25 18:12:19.225 [main] DataProviderH2 - h2ToMedicalDeviceList: [2] {}
[INFO ] 2021-12-25 18:12:19.225 [main] DataProviderH2 - h2ToMedicalDeviceList: [4] {}
[INFO ] 2021-12-25 18:12:19.226 [main] DataProviderH2 - closeConnection: [1] {}
[INFO ] 2021-12-25 18:12:19.247 [main] DataProviderH2 - readMedicalDeviceFromH2M: [2] {}
[INFO ] 2021-12-25 18:12:19.247 [main] DataProviderH2 - readMedicalDeviceFromH2M: [4] {}
[INFO ] 2021-12-25 18:12:19.247 [main] DataProviderH2 - getMedicalDevices: [2] {}
[INFO ] 2021-12-25 18:12:19.247 [main] DataProviderH2 - getMedicalDevices: [4] {}
[INFO ] 2021-12-25 18:12:19.248 [main] DataProviderH2 - searchPharmacyMedicalDeviceByCategory [2] {}
[INFO ] 2021-12-25 18:12:55.083 [main] DataProviderH2 - updateMedicalDevice [1] {}
[INFO ] 2021-12-25 18:12:55.088 [main] DataProviderH2 - connection: [1] {}
[INFO ] 2021-12-25 18:12:55.350 [main] DataProviderH2 - connection: [2] {}
[INFO ] 2021-12-25 18:12:55.350 [main] DataProviderH2 - connection: [4] {}
[INFO ] 2021-12-25 18:12:55.350 [main] DataProviderH2 - takeHistoryMedicalDevice [1] {}
[INFO ] 2021-12-25 18:12:55.351 [main] DataProviderH2 - getMedicalDevices: [1] {}
[INFO ] 2021-12-25 18:12:55.351 [main] DataProviderH2 - readMedicalDeviceFromH2M: [1] {}
[INFO ] 2021-12-25 18:12:55.351 [main] DataProviderH2 - connection: [1] {}
[INFO ] 2021-12-25 18:12:55.352 [main] DataProviderH2 - connection: [2] {}
[INFO ] 2021-12-25 18:12:55.352 [main] DataProviderH2 - connection: [4] {}
[INFO ] 2021-12-25 18:12:55.352 [main] DataProviderH2 - h2ToMedicalDeviceList: [1] {}
[INFO ] 2021-12-25 18:12:55.353 [main] DataProviderH2 - h2ToMedicalDeviceList: [2] {}
[INFO ] 2021-12-25 18:12:55.353 [main] DataProviderH2 - h2ToMedicalDeviceList: [4] {}
[INFO ] 2021-12-25 18:12:55.353 [main] DataProviderH2 - closeConnection: [1] {}
[INFO ] 2021-12-25 18:12:55.353 [main] DataProviderH2 - readMedicalDeviceFromH2M: [2] {}
[INFO ] 2021-12-25 18:12:55.353 [main] DataProviderH2 - readMedicalDeviceFromH2M: [4] {}
[INFO ] 2021-12-25 18:12:55.353 [main] DataProviderH2 - getMedicalDevices: [2] {}
[INFO ] 2021-12-25 18:12:55.353 [main] DataProviderH2 - getMedicalDevices: [4] {}
[INFO ] 2021-12-25 18:12:55.359 [main] HistoryContent - putMedicalDeviceHistory: [1] {}
[INFO ] 2021-12-25 18:12:55.786 [main] HistoryContent - putMedicalDeviceHistory: [2] {}
[INFO ] 2021-12-25 18:12:57.062 [main] DataProviderH2 - closeConnection: [1] {}
[INFO ] 2021-12-25 18:12:57.095 [main] DataProviderH2 - updateMedicalDevice: [2] {}
[INFO ] 2021-12-25 18:12:57.095 [main] DataProviderH2 - updateMedicalDevice [4] {}
[INFO ] 2021-12-25 18:12:57.096 [main] DataProviderH2 - updateMedicalDevice [1] {}
[INFO ] 2021-12-25 18:12:57.096 [main] DataProviderH2 - connection: [1] {}
[INFO ] 2021-12-25 18:12:57.142 [main] DataProviderH2 - connection: [2] {}
[INFO ] 2021-12-25 18:12:57.142 [main] DataProviderH2 - connection: [4] {}
[INFO ] 2021-12-25 18:12:57.143 [main] DataProviderH2 - takeHistoryMedicalDevice [1] {}
[INFO ] 2021-12-25 18:12:57.143 [main] DataProviderH2 - getMedicalDevices: [1] {}
[INFO ] 2021-12-25 18:12:57.143 [main] DataProviderH2 - readMedicalDeviceFromH2M: [1] {}
[INFO ] 2021-12-25 18:12:57.143 [main] DataProviderH2 - connection: [1] {}
[INFO ] 2021-12-25 18:12:57.144 [main] DataProviderH2 - connection: [2] {}
[INFO ] 2021-12-25 18:12:57.144 [main] DataProviderH2 - connection: [4] {}
[INFO ] 2021-12-25 18:12:57.146 [main] DataProviderH2 - h2ToMedicalDeviceList: [1] {}
[INFO ] 2021-12-25 18:12:57.147 [main] DataProviderH2 - h2ToMedicalDeviceList: [2] {}
[INFO ] 2021-12-25 18:12:57.147 [main] DataProviderH2 - h2ToMedicalDeviceList: [4] {}
[INFO ] 2021-12-25 18:12:57.147 [main] DataProviderH2 - closeConnection: [1] {}
[INFO ] 2021-12-25 18:12:57.148 [main] DataProviderH2 - readMedicalDeviceFromH2M: [2] {}
[INFO ] 2021-12-25 18:12:57.148 [main] DataProviderH2 - readMedicalDeviceFromH2M: [4] {}
[INFO ] 2021-12-25 18:12:57.148 [main] DataProviderH2 - getMedicalDevices: [2] {}
[INFO ] 2021-12-25 18:12:57.149 [main] DataProviderH2 - getMedicalDevices: [4] {}
[INFO ] 2021-12-25 18:12:57.149 [main] HistoryContent - putMedicalDeviceHistory: [1] {}
[INFO ] 2021-12-25 18:12:57.176 [main] HistoryContent - putMedicalDeviceHistory: [2] {}
[INFO ] 2021-12-25 18:12:58.082 [main] DataProviderH2 - closeConnection: [1] {}
[INFO ] 2021-12-25 18:12:58.123 [main] DataProviderH2 - updateMedicalDevice: [2] {}
[INFO ] 2021-12-25 18:12:58.123 [main] DataProviderH2 - updateMedicalDevice [4] {}
[INFO ] 2021-12-25 18:12:58.124 [main] DataProviderH2 - updateMedicalDevice [1] {}
[INFO ] 2021-12-25 18:12:58.124 [main] DataProviderH2 - connection: [1] {}
[INFO ] 2021-12-25 18:12:58.179 [main] DataProviderH2 - connection: [2] {}
[INFO ] 2021-12-25 18:12:58.179 [main] DataProviderH2 - connection: [4] {}
[INFO ] 2021-12-25 18:12:58.180 [main] DataProviderH2 - takeHistoryMedicalDevice [1] {}
[INFO ] 2021-12-25 18:12:58.180 [main] DataProviderH2 - getMedicalDevices: [1] {}
[INFO ] 2021-12-25 18:12:58.180 [main] DataProviderH2 - readMedicalDeviceFromH2M: [1] {}
[INFO ] 2021-12-25 18:12:58.180 [main] DataProviderH2 - connection: [1] {}
[INFO ] 2021-12-25 18:12:58.184 [main] DataProviderH2 - connection: [2] {}
[INFO ] 2021-12-25 18:12:58.186 [main] DataProviderH2 - connection: [4] {}
[INFO ] 2021-12-25 18:12:58.187 [main] DataProviderH2 - h2ToMedicalDeviceList: [1] {}
[INFO ] 2021-12-25 18:12:58.188 [main] DataProviderH2 - h2ToMedicalDeviceList: [2] {}
[INFO ] 2021-12-25 18:12:58.189 [main] DataProviderH2 - h2ToMedicalDeviceList: [4] {}
[INFO ] 2021-12-25 18:12:58.189 [main] DataProviderH2 - closeConnection: [1] {}
[INFO ] 2021-12-25 18:12:58.190 [main] DataProviderH2 - readMedicalDeviceFromH2M: [2] {}
[INFO ] 2021-12-25 18:12:58.190 [main] DataProviderH2 - readMedicalDeviceFromH2M: [4] {}
[INFO ] 2021-12-25 18:12:58.191 [main] DataProviderH2 - getMedicalDevices: [2] {}
[INFO ] 2021-12-25 18:12:58.191 [main] DataProviderH2 - getMedicalDevices: [4] {}
[INFO ] 2021-12-25 18:12:58.200 [main] HistoryContent - putMedicalDeviceHistory: [1] {}
[INFO ] 2021-12-25 18:12:58.231 [main] HistoryContent - putMedicalDeviceHistory: [2] {}
[INFO ] 2021-12-25 18:12:58.997 [main] DataProviderH2 - closeConnection: [1] {}
[INFO ] 2021-12-25 18:12:59.043 [main] DataProviderH2 - updateMedicalDevice: [2] {}
[INFO ] 2021-12-25 18:12:59.044 [main] DataProviderH2 - updateMedicalDevice [4] {}
[INFO ] 2021-12-25 18:13:10.085 [main] DataProviderH2 - searchPharmacyMedicalDeviceByCategory [1] {}
[INFO ] 2021-12-25 18:13:10.092 [main] DataProviderH2 - getMedicalDevices: [1] {}
[INFO ] 2021-12-25 18:13:10.094 [main] DataProviderH2 - readMedicalDeviceFromH2M: [1] {}
[INFO ] 2021-12-25 18:13:10.094 [main] DataProviderH2 - connection: [1] {}
[INFO ] 2021-12-25 18:13:10.355 [main] DataProviderH2 - connection: [2] {}
[INFO ] 2021-12-25 18:13:10.355 [main] DataProviderH2 - connection: [4] {}
[INFO ] 2021-12-25 18:13:10.356 [main] DataProviderH2 - h2ToMedicalDeviceList: [1] {}
[INFO ] 2021-12-25 18:13:10.358 [main] DataProviderH2 - h2ToMedicalDeviceList: [2] {}
[INFO ] 2021-12-25 18:13:10.358 [main] DataProviderH2 - h2ToMedicalDeviceList: [4] {}
[INFO ] 2021-12-25 18:13:10.358 [main] DataProviderH2 - closeConnection: [1] {}
[INFO ] 2021-12-25 18:13:10.379 [main] DataProviderH2 - readMedicalDeviceFromH2M: [2] {}
[INFO ] 2021-12-25 18:13:10.380 [main] DataProviderH2 - readMedicalDeviceFromH2M: [4] {}
[INFO ] 2021-12-25 18:13:10.380 [main] DataProviderH2 - getMedicalDevices: [2] {}
[INFO ] 2021-12-25 18:13:10.380 [main] DataProviderH2 - getMedicalDevices: [4] {}
[INFO ] 2021-12-25 18:13:10.381 [main] DataProviderH2 - searchPharmacyMedicalDeviceByCategory [2] {}
[INFO ] 2021-12-25 18:14:20.029 [main] DataProviderH2 - searchPharmacyMedicalDeviceByCategory [1] {}
[INFO ] 2021-12-25 18:14:20.035 [main] DataProviderH2 - getMedicalDevices: [1] {}
[INFO ] 2021-12-25 18:14:20.036 [main] DataProviderH2 - readMedicalDeviceFromH2M: [1] {}
[INFO ] 2021-12-25 18:14:20.036 [main] DataProviderH2 - connection: [1] {}
[INFO ] 2021-12-25 18:14:20.302 [main] DataProviderH2 - connection: [2] {}
[INFO ] 2021-12-25 18:14:20.303 [main] DataProviderH2 - connection: [4] {}
[INFO ] 2021-12-25 18:14:20.303 [main] DataProviderH2 - h2ToMedicalDeviceList: [1] {}
[INFO ] 2021-12-25 18:14:20.305 [main] DataProviderH2 - h2ToMedicalDeviceList: [2] {}
[INFO ] 2021-12-25 18:14:20.305 [main] DataProviderH2 - h2ToMedicalDeviceList: [4] {}
[INFO ] 2021-12-25 18:14:20.306 [main] DataProviderH2 - closeConnection: [1] {}
[INFO ] 2021-12-25 18:14:20.325 [main] DataProviderH2 - readMedicalDeviceFromH2M: [2] {}
[INFO ] 2021-12-25 18:14:20.326 [main] DataProviderH2 - readMedicalDeviceFromH2M: [4] {}
[INFO ] 2021-12-25 18:14:20.326 [main] DataProviderH2 - getMedicalDevices: [2] {}
[INFO ] 2021-12-25 18:14:20.326 [main] DataProviderH2 - getMedicalDevices: [4] {}
[INFO ] 2021-12-25 18:14:20.327 [main] DataProviderH2 - searchPharmacyMedicalDeviceByCategory [2] {}
[INFO ] 2021-12-25 18:14:45.778 [main] DataProviderH2 - searchPharmacyProductByCategory [1] {}
[INFO ] 2021-12-25 18:14:45.781 [main] DataProviderH2 - searchPharmacyProductByCategory [1] {}
[INFO ] 2021-12-25 18:14:45.782 [main] DataProviderH2 - getMeddicines: [1] {}
[INFO ] 2021-12-25 18:14:45.783 [main] DataProviderH2 - readMeddicinesFromH2M: [1] {}
[INFO ] 2021-12-25 18:14:45.784 [main] DataProviderH2 - connection: [1] {}
[INFO ] 2021-12-25 18:14:46.040 [main] DataProviderH2 - connection: [2] {}
[INFO ] 2021-12-25 18:14:46.040 [main] DataProviderH2 - connection: [4] {}
[INFO ] 2021-12-25 18:14:46.041 [main] DataProviderH2 - h2ToMeddicineList: [1] {}
