[INFO ] 2021-12-23 20:04:50.538 [main] DataProviderH2 - connection: [4] {}
[ERROR] 2021-12-23 20:04:50.548 [main] DataProviderH2 - writeToH2User: [3] {} Cannot invoke "java.sql.Connection.createStatement()" because "connection" is null
[INFO ] 2021-12-23 20:04:50.550 [main] DataProviderH2 - writeToH2User: [4] {}
[INFO ] 2021-12-23 20:05:05.562 [main] DataProviderH2 - writeToH2User: [1] {}
[INFO ] 2021-12-23 20:05:05.567 [main] DataProviderH2 - connection: [1] {}
[INFO ] 2021-12-23 20:05:05.810 [main] DataProviderH2 - connection: [2] {}
[INFO ] 2021-12-23 20:05:05.810 [main] DataProviderH2 - connection: [4] {}
[ERROR] 2021-12-23 20:05:05.826 [main] DataProviderH2 - writeToH2User: [3] {} Таблица "USER" не найдена
Table "USER" not found; SQL statement:
INSERT INTO USER VALUES (10, 'Name10', 'Pass10') [42102-200]
[INFO ] 2021-12-23 20:05:05.828 [main] DataProviderH2 - writeToH2User: [4] {}
[INFO ] 2021-12-23 20:05:55.512 [main] DataProviderH2 - writeToH2User: [1] {}
[INFO ] 2021-12-23 20:05:55.519 [main] DataProviderH2 - connection: [1] {}
[INFO ] 2021-12-23 20:05:55.747 [main] DataProviderH2 - connection: [2] {}
[INFO ] 2021-12-23 20:05:55.747 [main] DataProviderH2 - connection: [4] {}
[ERROR] 2021-12-23 20:05:55.770 [main] DataProviderH2 - writeToH2User: [3] {} Таблица "USER" не найдена
Table "USER" not found; SQL statement:
INSERT INTO USER VALUES (10, 'Name10', 'Pass10') [42102-200]
[INFO ] 2021-12-23 20:05:55.772 [main] DataProviderH2 - writeToH2User: [4] {}
[INFO ] 2021-12-23 20:08:25.191 [main] DataProviderH2 - connection: [1] {}
[INFO ] 2021-12-23 20:08:25.445 [main] DataProviderH2 - connection: [2] {}
[INFO ] 2021-12-23 20:08:25.445 [main] DataProviderH2 - connection: [4] {}
[INFO ] 2021-12-23 20:09:34.270 [main] DataProviderH2 - connection: [1] {}
[INFO ] 2021-12-23 20:09:34.490 [main] DataProviderH2 - connection: [2] {}
[INFO ] 2021-12-23 20:09:34.490 [main] DataProviderH2 - connection: [4] {}
[INFO ] 2021-12-23 20:11:36.193 [main] DataProviderH2 - connection: [1] {}
[INFO ] 2021-12-23 20:11:36.450 [main] DataProviderH2 - connection: [2] {}
[INFO ] 2021-12-23 20:11:36.451 [main] DataProviderH2 - connection: [4] {}
[INFO ] 2021-12-23 20:12:05.689 [main] DataProviderH2 - connection: [1] {}
[INFO ] 2021-12-23 20:12:05.928 [main] DataProviderH2 - connection: [2] {}
[INFO ] 2021-12-23 20:12:05.928 [main] DataProviderH2 - connection: [4] {}
[INFO ] 2021-12-23 20:14:40.399 [main] DataProviderH2 - connection: [1] {}
[INFO ] 2021-12-23 20:14:40.619 [main] DataProviderH2 - connection: [2] {}
[INFO ] 2021-12-23 20:14:40.619 [main] DataProviderH2 - connection: [4] {}
[INFO ] 2021-12-23 20:15:11.862 [main] DataProviderH2 - connection: [1] {}
[INFO ] 2021-12-23 20:15:12.149 [main] DataProviderH2 - connection: [2] {}
[INFO ] 2021-12-23 20:15:12.149 [main] DataProviderH2 - connection: [4] {}
[INFO ] 2021-12-23 20:15:36.224 [main] DataProviderH2 - readFromH2: [1] {}
[INFO ] 2021-12-23 20:15:36.228 [main] DataProviderH2 - connection: [1] {}
[INFO ] 2021-12-23 20:15:36.475 [main] DataProviderH2 - connection: [2] {}
[INFO ] 2021-12-23 20:15:36.476 [main] DataProviderH2 - connection: [4] {}
[INFO ] 2021-12-23 20:15:36.476 [main] DataProviderH2 - h2ToUserListUser: [1] {}
[INFO ] 2021-12-23 20:15:36.477 [main] DataProviderH2 - h2ToUserListUser: [2] {}
[INFO ] 2021-12-23 20:15:36.478 [main] DataProviderH2 - h2ToUserListUser: [4] {}
[INFO ] 2021-12-23 20:15:36.478 [main] DataProviderH2 - closeConnection: [1] {}
[INFO ] 2021-12-23 20:15:36.497 [main] DataProviderH2 - readFromH2: [2] {}
[INFO ] 2021-12-23 20:15:36.498 [main] DataProviderH2 - readFromH2: [4] {}
[INFO ] 2021-12-23 20:15:54.106 [main] DataProviderH2 - writeToH2User: [1] {}
[INFO ] 2021-12-23 20:15:54.113 [main] DataProviderH2 - connection: [1] {}
[INFO ] 2021-12-23 20:15:54.392 [main] DataProviderH2 - connection: [2] {}
[INFO ] 2021-12-23 20:15:54.392 [main] DataProviderH2 - connection: [4] {}
[INFO ] 2021-12-23 20:15:54.404 [main] DataProviderH2 - writeToH2User: [2] {}
[INFO ] 2021-12-23 20:15:54.404 [main] DataProviderH2 - closeConnection: [1] {}
[INFO ] 2021-12-23 20:15:54.426 [main] DataProviderH2 - writeToH2User: [4] {}
[INFO ] 2021-12-23 20:16:08.148 [main] DataProviderH2 - readFromH2: [1] {}
[INFO ] 2021-12-23 20:16:08.153 [main] DataProviderH2 - connection: [1] {}
[INFO ] 2021-12-23 20:16:08.437 [main] DataProviderH2 - connection: [2] {}
[INFO ] 2021-12-23 20:16:08.437 [main] DataProviderH2 - connection: [4] {}
[INFO ] 2021-12-23 20:16:08.438 [main] DataProviderH2 - h2ToUserListUser: [1] {}
[INFO ] 2021-12-23 20:16:08.439 [main] DataProviderH2 - h2ToUserListUser: [2] {}
[INFO ] 2021-12-23 20:16:08.439 [main] DataProviderH2 - h2ToUserListUser: [4] {}
[INFO ] 2021-12-23 20:16:08.440 [main] DataProviderH2 - closeConnection: [1] {}
[INFO ] 2021-12-23 20:16:08.463 [main] DataProviderH2 - readFromH2: [2] {}
[INFO ] 2021-12-23 20:16:08.463 [main] DataProviderH2 - readFromH2: [4] {}
[INFO ] 2021-12-23 20:16:22.765 [main] DataProviderH2 - getUsers: [1] {}
[INFO ] 2021-12-23 20:16:22.771 [main] DataProviderH2 - readFromH2: [1] {}
[INFO ] 2021-12-23 20:16:22.772 [main] DataProviderH2 - connection: [1] {}
[INFO ] 2021-12-23 20:16:23.024 [main] DataProviderH2 - connection: [2] {}
[INFO ] 2021-12-23 20:16:23.024 [main] DataProviderH2 - connection: [4] {}
[INFO ] 2021-12-23 20:16:23.025 [main] DataProviderH2 - h2ToUserListUser: [1] {}
[INFO ] 2021-12-23 20:16:23.026 [main] DataProviderH2 - h2ToUserListUser: [2] {}
[INFO ] 2021-12-23 20:16:23.026 [main] DataProviderH2 - h2ToUserListUser: [4] {}
[INFO ] 2021-12-23 20:16:23.026 [main] DataProviderH2 - closeConnection: [1] {}
[INFO ] 2021-12-23 20:16:23.047 [main] DataProviderH2 - readFromH2: [2] {}
[INFO ] 2021-12-23 20:16:23.047 [main] DataProviderH2 - readFromH2: [4] {}
[INFO ] 2021-12-23 20:16:23.047 [main] DataProviderH2 - getUsers: [2] {}
[INFO ] 2021-12-23 20:16:23.047 [main] DataProviderH2 - getUsers: [4] {}
[INFO ] 2021-12-23 20:16:34.553 [main] DataProviderH2 - appendUsers: [1] {}
[INFO ] 2021-12-23 20:16:34.557 [main] DataProviderH2 - stringingDuplicateIdDeleteUser: [1] {}
[INFO ] 2021-12-23 20:16:34.557 [main] DataProviderH2 - connection: [1] {}
[INFO ] 2021-12-23 20:16:34.800 [main] DataProviderH2 - connection: [2] {}
[INFO ] 2021-12-23 20:16:34.801 [main] DataProviderH2 - connection: [4] {}
[INFO ] 2021-12-23 20:16:34.808 [main] DataProviderH2 - stringingDuplicateIdDeleteUser: [2] {}
[INFO ] 2021-12-23 20:16:34.808 [main] DataProviderH2 - closeConnection: [1] {}
[INFO ] 2021-12-23 20:16:34.828 [main] DataProviderH2 - writeToH2User: [1] {}
[INFO ] 2021-12-23 20:16:34.828 [main] DataProviderH2 - connection: [1] {}
[INFO ] 2021-12-23 20:16:34.844 [main] DataProviderH2 - connection: [2] {}
[INFO ] 2021-12-23 20:16:34.845 [main] DataProviderH2 - connection: [4] {}
[INFO ] 2021-12-23 20:16:34.865 [main] DataProviderH2 - writeToH2User: [2] {}
[INFO ] 2021-12-23 20:16:34.866 [main] DataProviderH2 - closeConnection: [1] {}
[INFO ] 2021-12-23 20:16:34.882 [main] DataProviderH2 - writeToH2User: [4] {}
[INFO ] 2021-12-23 20:16:34.882 [main] DataProviderH2 - appendUsers: [2] {}
[INFO ] 2021-12-23 20:16:34.883 [main] DataProviderH2 - appendUsers: [5] {}
[INFO ] 2021-12-23 20:16:43.835 [main] DataProviderH2 - getUsers: [1] {}
[INFO ] 2021-12-23 20:16:43.840 [main] DataProviderH2 - readFromH2: [1] {}
[INFO ] 2021-12-23 20:16:43.840 [main] DataProviderH2 - connection: [1] {}
[INFO ] 2021-12-23 20:16:44.107 [main] DataProviderH2 - connection: [2] {}
[INFO ] 2021-12-23 20:16:44.107 [main] DataProviderH2 - connection: [4] {}
[INFO ] 2021-12-23 20:16:44.107 [main] DataProviderH2 - h2ToUserListUser: [1] {}
[INFO ] 2021-12-23 20:16:44.109 [main] DataProviderH2 - h2ToUserListUser: [2] {}
[INFO ] 2021-12-23 20:16:44.109 [main] DataProviderH2 - h2ToUserListUser: [4] {}
[INFO ] 2021-12-23 20:16:44.109 [main] DataProviderH2 - closeConnection: [1] {}
[INFO ] 2021-12-23 20:16:44.131 [main] DataProviderH2 - readFromH2: [2] {}
[INFO ] 2021-12-23 20:16:44.131 [main] DataProviderH2 - readFromH2: [4] {}
[INFO ] 2021-12-23 20:16:44.131 [main] DataProviderH2 - getUsers: [2] {}
[INFO ] 2021-12-23 20:16:44.131 [main] DataProviderH2 - getUsers: [4] {}
[INFO ] 2021-12-23 20:17:04.802 [main] DataProviderH2 - deleteUserById: [1] {}
[INFO ] 2021-12-23 20:17:04.808 [main] DataProviderH2 - connection: [1] {}
[INFO ] 2021-12-23 20:17:05.076 [main] DataProviderH2 - connection: [2] {}
[INFO ] 2021-12-23 20:17:05.076 [main] DataProviderH2 - connection: [4] {}
[INFO ] 2021-12-23 20:17:05.087 [main] DataProviderH2 - closeConnection: [1] {}
[INFO ] 2021-12-23 20:17:05.109 [main] DataProviderH2 - deleteUserById: [4] {}
[INFO ] 2021-12-23 20:17:55.846 [main] DataProviderH2 - getUsers: [1] {}
[INFO ] 2021-12-23 20:17:55.851 [main] DataProviderH2 - readFromH2: [1] {}
[INFO ] 2021-12-23 20:17:55.851 [main] DataProviderH2 - connection: [1] {}
[INFO ] 2021-12-23 20:17:56.108 [main] DataProviderH2 - connection: [2] {}
[INFO ] 2021-12-23 20:17:56.109 [main] DataProviderH2 - connection: [4] {}
[INFO ] 2021-12-23 20:17:56.109 [main] DataProviderH2 - h2ToUserListUser: [1] {}
[INFO ] 2021-12-23 20:17:56.110 [main] DataProviderH2 - h2ToUserListUser: [2] {}
[INFO ] 2021-12-23 20:17:56.111 [main] DataProviderH2 - h2ToUserListUser: [4] {}
[INFO ] 2021-12-23 20:17:56.111 [main] DataProviderH2 - closeConnection: [1] {}
[INFO ] 2021-12-23 20:17:56.147 [main] DataProviderH2 - readFromH2: [2] {}
[INFO ] 2021-12-23 20:17:56.147 [main] DataProviderH2 - readFromH2: [4] {}
[INFO ] 2021-12-23 20:17:56.147 [main] DataProviderH2 - getUsers: [2] {}
[INFO ] 2021-12-23 20:17:56.147 [main] DataProviderH2 - getUsers: [4] {}
[INFO ] 2021-12-23 20:18:12.362 [main] DataProviderH2 - deleteUserById: [1] {}
[INFO ] 2021-12-23 20:18:12.366 [main] DataProviderH2 - connection: [1] {}
[INFO ] 2021-12-23 20:18:12.635 [main] DataProviderH2 - connection: [2] {}
[INFO ] 2021-12-23 20:18:12.636 [main] DataProviderH2 - connection: [4] {}
[INFO ] 2021-12-23 20:18:12.643 [main] DataProviderH2 - closeConnection: [1] {}
[INFO ] 2021-12-23 20:18:12.664 [main] DataProviderH2 - deleteUserById: [4] {}
