[INFO ] 2021-12-26 16:40:16.576 [main] DataProviderH2 - connection: [1] {}
[INFO ] 2021-12-26 16:40:16.822 [main] DataProviderH2 - connection: [2] {}
[INFO ] 2021-12-26 16:40:16.823 [main] DataProviderH2 - connection: [4] {}
[INFO ] 2021-12-26 16:40:16.823 [main] DataProviderH2 - h2ToOrderList: [1] {}
[INFO ] 2021-12-26 16:40:16.824 [main] DataProviderH2 - h2ToOrderList: [2] {}
[INFO ] 2021-12-26 16:40:16.825 [main] DataProviderH2 - h2ToOrderList: [4] {}
[INFO ] 2021-12-26 16:40:16.825 [main] DataProviderH2 - closeConnection: [1] {}
[INFO ] 2021-12-26 16:40:16.841 [main] DataProviderH2 - readH2Order: [2] {}
[INFO ] 2021-12-26 16:40:16.842 [main] DataProviderH2 - readH2Order: [4] {}
[INFO ] 2021-12-26 16:40:33.170 [main] DataProviderH2 - getOrders: [1] {}
[INFO ] 2021-12-26 16:40:33.185 [main] DataProviderH2 - readH2Order: [1] {}
[INFO ] 2021-12-26 16:40:33.185 [main] DataProviderH2 - connection: [1] {}
[INFO ] 2021-12-26 16:40:33.434 [main] DataProviderH2 - connection: [2] {}
[INFO ] 2021-12-26 16:40:33.435 [main] DataProviderH2 - connection: [4] {}
[INFO ] 2021-12-26 16:40:33.436 [main] DataProviderH2 - h2ToOrderList: [1] {}
[INFO ] 2021-12-26 16:40:33.437 [main] DataProviderH2 - h2ToOrderList: [2] {}
[INFO ] 2021-12-26 16:40:33.437 [main] DataProviderH2 - h2ToOrderList: [4] {}
[INFO ] 2021-12-26 16:40:33.437 [main] DataProviderH2 - closeConnection: [1] {}
[INFO ] 2021-12-26 16:40:33.465 [main] DataProviderH2 - readH2Order: [2] {}
[INFO ] 2021-12-26 16:40:33.466 [main] DataProviderH2 - readH2Order: [4] {}
[INFO ] 2021-12-26 16:40:33.466 [main] DataProviderH2 - getOrders: [2] {}
[INFO ] 2021-12-26 16:40:33.466 [main] DataProviderH2 - getOrders: [4] {}
[INFO ] 2021-12-26 16:40:42.418 [main] DataProviderH2 - appendOrders: [1] {}
[INFO ] 2021-12-26 16:40:42.422 [main] DataProviderH2 - stringingDuplicateIdOrder: [1] {}
[INFO ] 2021-12-26 16:40:42.423 [main] DataProviderH2 - connection: [1] {}
[INFO ] 2021-12-26 16:40:42.689 [main] DataProviderH2 - connection: [2] {}
[INFO ] 2021-12-26 16:40:42.690 [main] DataProviderH2 - connection: [4] {}
[INFO ] 2021-12-26 16:40:42.711 [main] DataProviderH2 - stringingDuplicateIdOrder: [2] {}
[INFO ] 2021-12-26 16:40:42.711 [main] DataProviderH2 - closeConnection: [1] {}
[INFO ] 2021-12-26 16:40:42.738 [main] DataProviderH2 - writeH2Order: [1] {}
[INFO ] 2021-12-26 16:40:42.738 [main] DataProviderH2 - connection: [1] {}
[INFO ] 2021-12-26 16:40:42.768 [main] DataProviderH2 - connection: [2] {}
[INFO ] 2021-12-26 16:40:42.768 [main] DataProviderH2 - connection: [4] {}
[INFO ] 2021-12-26 16:40:42.777 [main] DataProviderH2 - writeH2Order: [2] {}
[INFO ] 2021-12-26 16:40:42.778 [main] DataProviderH2 - closeConnection: [1] {}
[INFO ] 2021-12-26 16:40:42.799 [main] DataProviderH2 - writeH2Order: [4] {}
[INFO ] 2021-12-26 16:40:42.799 [main] DataProviderH2 - appendOrders: [2] {}
[INFO ] 2021-12-26 16:40:42.799 [main] DataProviderH2 - appendOrders: [5] {}
[INFO ] 2021-12-26 16:40:51.443 [main] DataProviderH2 - getOrders: [1] {}
[INFO ] 2021-12-26 16:40:51.447 [main] DataProviderH2 - readH2Order: [1] {}
[INFO ] 2021-12-26 16:40:51.447 [main] DataProviderH2 - connection: [1] {}
[INFO ] 2021-12-26 16:40:51.651 [main] DataProviderH2 - connection: [2] {}
[INFO ] 2021-12-26 16:40:51.651 [main] DataProviderH2 - connection: [4] {}
[INFO ] 2021-12-26 16:40:51.652 [main] DataProviderH2 - h2ToOrderList: [1] {}
[INFO ] 2021-12-26 16:40:51.653 [main] DataProviderH2 - h2ToOrderList: [2] {}
[INFO ] 2021-12-26 16:40:51.653 [main] DataProviderH2 - h2ToOrderList: [4] {}
[INFO ] 2021-12-26 16:40:51.653 [main] DataProviderH2 - closeConnection: [1] {}
[INFO ] 2021-12-26 16:40:51.671 [main] DataProviderH2 - readH2Order: [2] {}
[INFO ] 2021-12-26 16:40:51.671 [main] DataProviderH2 - readH2Order: [4] {}
[INFO ] 2021-12-26 16:40:51.671 [main] DataProviderH2 - getOrders: [2] {}
[INFO ] 2021-12-26 16:40:51.671 [main] DataProviderH2 - getOrders: [4] {}
[INFO ] 2021-12-26 16:41:04.260 [main] DataProviderH2 - appendOrders: [1] {}
[INFO ] 2021-12-26 16:41:04.264 [main] DataProviderH2 - stringingDuplicateIdOrder: [1] {}
[INFO ] 2021-12-26 16:41:04.265 [main] DataProviderH2 - connection: [1] {}
[INFO ] 2021-12-26 16:41:04.515 [main] DataProviderH2 - connection: [2] {}
[INFO ] 2021-12-26 16:41:04.515 [main] DataProviderH2 - connection: [4] {}
[INFO ] 2021-12-26 16:41:04.515 [main] DataProviderH2 - stringingDuplicateIdOrder: [2] {}
[INFO ] 2021-12-26 16:41:04.515 [main] DataProviderH2 - closeConnection: [1] {}
[INFO ] 2021-12-26 16:41:04.536 [main] DataProviderH2 - writeH2Order: [1] {}
[INFO ] 2021-12-26 16:41:04.536 [main] DataProviderH2 - connection: [1] {}
[INFO ] 2021-12-26 16:41:04.551 [main] DataProviderH2 - connection: [2] {}
[INFO ] 2021-12-26 16:41:04.551 [main] DataProviderH2 - connection: [4] {}
[INFO ] 2021-12-26 16:41:04.551 [main] DataProviderH2 - writeH2Order: [2] {}
[INFO ] 2021-12-26 16:41:04.551 [main] DataProviderH2 - closeConnection: [1] {}
[INFO ] 2021-12-26 16:41:04.568 [main] DataProviderH2 - writeH2Order: [4] {}
[INFO ] 2021-12-26 16:41:04.569 [main] DataProviderH2 - appendOrders: [2] {}
[INFO ] 2021-12-26 16:41:04.569 [main] DataProviderH2 - appendOrders: [5] {}
[INFO ] 2021-12-26 16:41:12.171 [main] DataProviderH2 - getOrders: [1] {}
[INFO ] 2021-12-26 16:41:12.175 [main] DataProviderH2 - readH2Order: [1] {}
[INFO ] 2021-12-26 16:41:12.175 [main] DataProviderH2 - connection: [1] {}
[INFO ] 2021-12-26 16:41:12.398 [main] DataProviderH2 - connection: [2] {}
[INFO ] 2021-12-26 16:41:12.398 [main] DataProviderH2 - connection: [4] {}
[INFO ] 2021-12-26 16:41:12.399 [main] DataProviderH2 - h2ToOrderList: [1] {}
[INFO ] 2021-12-26 16:41:12.400 [main] DataProviderH2 - h2ToOrderList: [2] {}
[INFO ] 2021-12-26 16:41:12.400 [main] DataProviderH2 - h2ToOrderList: [4] {}
[INFO ] 2021-12-26 16:41:12.400 [main] DataProviderH2 - closeConnection: [1] {}
[INFO ] 2021-12-26 16:41:12.420 [main] DataProviderH2 - readH2Order: [2] {}
[INFO ] 2021-12-26 16:41:12.421 [main] DataProviderH2 - readH2Order: [4] {}
[INFO ] 2021-12-26 16:41:12.421 [main] DataProviderH2 - getOrders: [2] {}
[INFO ] 2021-12-26 16:41:12.421 [main] DataProviderH2 - getOrders: [4] {}
[INFO ] 2021-12-26 16:41:24.807 [main] DataProviderH2 - deleteOrderById: [1] {}
[INFO ] 2021-12-26 16:41:24.811 [main] DataProviderH2 - connection: [1] {}
[INFO ] 2021-12-26 16:41:25.039 [main] DataProviderH2 - connection: [2] {}
[INFO ] 2021-12-26 16:41:25.040 [main] DataProviderH2 - connection: [4] {}
[INFO ] 2021-12-26 16:41:25.040 [main] DataProviderH2 - takeHistoryOrders [1] {}
[INFO ] 2021-12-26 16:41:25.040 [main] DataProviderH2 - getOrders: [1] {}
[INFO ] 2021-12-26 16:41:25.040 [main] DataProviderH2 - readH2Order: [1] {}
[INFO ] 2021-12-26 16:41:25.040 [main] DataProviderH2 - connection: [1] {}
[INFO ] 2021-12-26 16:41:25.041 [main] DataProviderH2 - connection: [2] {}
[INFO ] 2021-12-26 16:41:25.041 [main] DataProviderH2 - connection: [4] {}
[INFO ] 2021-12-26 16:41:25.042 [main] DataProviderH2 - h2ToOrderList: [1] {}
[INFO ] 2021-12-26 16:41:25.043 [main] DataProviderH2 - h2ToOrderList: [2] {}
[INFO ] 2021-12-26 16:41:25.043 [main] DataProviderH2 - h2ToOrderList: [4] {}
[INFO ] 2021-12-26 16:41:25.043 [main] DataProviderH2 - closeConnection: [1] {}
[INFO ] 2021-12-26 16:41:25.044 [main] DataProviderH2 - readH2Order: [2] {}
[INFO ] 2021-12-26 16:41:25.044 [main] DataProviderH2 - readH2Order: [4] {}
[INFO ] 2021-12-26 16:41:25.044 [main] DataProviderH2 - getOrders: [2] {}
[INFO ] 2021-12-26 16:41:25.044 [main] DataProviderH2 - getOrders: [4] {}
[INFO ] 2021-12-26 16:41:25.047 [main] HistoryContent - putOrderHistory: [1] {}
[INFO ] 2021-12-26 16:41:25.371 [main] HistoryContent - putOrderHistory: [2] {}
[INFO ] 2021-12-26 16:41:26.804 [main] DataProviderH2 - closeConnection: [1] {}
[INFO ] 2021-12-26 16:41:26.837 [main] DataProviderH2 - deleteUserById: [4] {}
[INFO ] 2021-12-26 16:41:38.146 [main] DataProviderH2 - deleteOrderById: [1] {}
[INFO ] 2021-12-26 16:41:38.150 [main] DataProviderH2 - connection: [1] {}
[INFO ] 2021-12-26 16:41:38.403 [main] DataProviderH2 - connection: [2] {}
[INFO ] 2021-12-26 16:41:38.403 [main] DataProviderH2 - connection: [4] {}
[INFO ] 2021-12-26 16:41:38.403 [main] DataProviderH2 - takeHistoryOrders [1] {}
[INFO ] 2021-12-26 16:41:38.403 [main] DataProviderH2 - getOrders: [1] {}
[INFO ] 2021-12-26 16:41:38.403 [main] DataProviderH2 - readH2Order: [1] {}
[INFO ] 2021-12-26 16:41:38.404 [main] DataProviderH2 - connection: [1] {}
[INFO ] 2021-12-26 16:41:38.405 [main] DataProviderH2 - connection: [2] {}
[INFO ] 2021-12-26 16:41:38.405 [main] DataProviderH2 - connection: [4] {}
[INFO ] 2021-12-26 16:41:38.406 [main] DataProviderH2 - h2ToOrderList: [1] {}
[INFO ] 2021-12-26 16:41:38.407 [main] DataProviderH2 - h2ToOrderList: [2] {}
[INFO ] 2021-12-26 16:41:38.407 [main] DataProviderH2 - h2ToOrderList: [4] {}
[INFO ] 2021-12-26 16:41:38.407 [main] DataProviderH2 - closeConnection: [1] {}
[INFO ] 2021-12-26 16:41:38.407 [main] DataProviderH2 - readH2Order: [2] {}
[INFO ] 2021-12-26 16:41:38.407 [main] DataProviderH2 - readH2Order: [4] {}
[INFO ] 2021-12-26 16:41:38.408 [main] DataProviderH2 - getOrders: [2] {}
[INFO ] 2021-12-26 16:41:38.408 [main] DataProviderH2 - getOrders: [4] {}
[ERROR] 2021-12-26 16:41:38.409 [main] DataProviderH2 - takeHistoryOrders: [2] {} No value present
[INFO ] 2021-12-26 16:41:38.417 [main] DataProviderH2 - closeConnection: [1] {}
[INFO ] 2021-12-26 16:41:38.436 [main] DataProviderH2 - deleteUserById: [4] {}
[INFO ] 2021-12-26 16:41:50.853 [main] DataProviderH2 - connection: [1] {}
[INFO ] 2021-12-26 16:41:51.096 [main] DataProviderH2 - connection: [2] {}
[INFO ] 2021-12-26 16:41:51.096 [main] DataProviderH2 - connection: [4] {}
[INFO ] 2021-12-26 16:41:51.096 [main] DataProviderH2 - takeHistoryUsers [1] {}
[INFO ] 2021-12-26 16:41:51.096 [main] DataProviderH2 - getUsers: [1] {}
[INFO ] 2021-12-26 16:41:51.096 [main] DataProviderH2 - readFromH2: [1] {}
[INFO ] 2021-12-26 16:41:51.096 [main] DataProviderH2 - connection: [1] {}
[INFO ] 2021-12-26 16:41:51.098 [main] DataProviderH2 - connection: [2] {}
[INFO ] 2021-12-26 16:41:51.098 [main] DataProviderH2 - connection: [4] {}
