[INFO ] 2021-12-26 14:38:59.427 [main] DataProviderCsv - appendUsers: [1] {}
[INFO ] 2021-12-26 14:38:59.452 [main] DataProviderCsv - stringingDuplicateId: [1] {}
[INFO ] 2021-12-26 14:38:59.452 [main] DataProviderCsv - getUsers: [1] {}
[INFO ] 2021-12-26 14:38:59.453 [main] DataProviderCsv - readCsv: [1] {}
[INFO ] 2021-12-26 14:38:59.467 [main] DataProviderCsv - readCsv: [3] {}
[INFO ] 2021-12-26 14:38:59.468 [main] DataProviderCsv - getUsers: [3] {}
[INFO ] 2021-12-26 14:38:59.468 [main] DataProviderCsv - getUsers: [1] {}
[INFO ] 2021-12-26 14:38:59.468 [main] DataProviderCsv - readCsv: [1] {}
[INFO ] 2021-12-26 14:38:59.481 [main] DataProviderCsv - readCsv: [3] {}
[INFO ] 2021-12-26 14:38:59.481 [main] DataProviderCsv - getUsers: [3] {}
[INFO ] 2021-12-26 14:38:59.484 [main] DataProviderCsv - stringingDuplicateId: [2] {}
[INFO ] 2021-12-26 14:38:59.484 [main] DataProviderCsv - writeCsv: [1] {}
[INFO ] 2021-12-26 14:38:59.498 [main] DataProviderCsv - writeCsv: [3] {}
[INFO ] 2021-12-26 14:38:59.498 [main] DataProviderCsv - appendUsers: [5] {}
[INFO ] 2021-12-26 14:38:59.498 [main] DataProviderCsv - updateUsers: [3] {}
[INFO ] 2021-12-26 14:39:42.702 [main] DataProviderCsv - searchPharmacyProductByName [1] {}
[INFO ] 2021-12-26 14:39:42.708 [main] DataProviderCsv - searchMeddicineByName [1] {}
[INFO ] 2021-12-26 14:39:42.709 [main] DataProviderCsv - getMeddicines: [1] {}
[INFO ] 2021-12-26 14:39:42.710 [main] DataProviderCsv - readCsvMedicine: [1] {}
[INFO ] 2021-12-26 14:39:42.803 [main] DataProviderCsv - readCsvMedicine: [3] {}
[INFO ] 2021-12-26 14:39:42.804 [main] DataProviderCsv - getMeddicines: [3] {}
[INFO ] 2021-12-26 14:39:42.804 [main] DataProviderCsv - searchMeddicineByName [2] {}
[INFO ] 2021-12-26 14:39:42.805 [main] DataProviderCsv - searchMedicalDeviceByName [1] {}
[INFO ] 2021-12-26 14:39:42.805 [main] DataProviderCsv - getMedicalDevices: [1] {}
[INFO ] 2021-12-26 14:39:42.805 [main] DataProviderCsv - readCsvMedicalDevice: [1] {}
[INFO ] 2021-12-26 14:39:42.817 [main] DataProviderCsv - readCsvMedicalDevice: [3] {}
[INFO ] 2021-12-26 14:39:42.817 [main] DataProviderCsv - getMedicalDevices: [3] {}
[INFO ] 2021-12-26 14:39:42.818 [main] DataProviderCsv - searchMedicalDeviceByName [2] {}
[INFO ] 2021-12-26 14:39:42.818 [main] DataProviderCsv - searchPharmacyProductByName [2] {}
[INFO ] 2021-12-26 14:39:42.818 [main] DataProviderCsv - searchPharmacyProductByName [3] {}
[INFO ] 2021-12-26 14:39:42.818 [main] DataProviderCsv - searchPharmacyProductByName [5] {}
[INFO ] 2021-12-26 14:39:42.818 [main] DataProviderCsv - createOrderCsv [1] {}
[INFO ] 2021-12-26 14:39:42.821 [main] DataProviderCsv - updateOrders: [1] {}
[INFO ] 2021-12-26 14:39:42.821 [main] DataProviderCsv - getOrders: [1] {}
[INFO ] 2021-12-26 14:39:42.821 [main] DataProviderCsv - readCsvOrder: [1] {}
[INFO ] 2021-12-26 14:39:42.827 [main] DataProviderCsv - readCsvOrder: [3] {}
[INFO ] 2021-12-26 14:39:42.827 [main] DataProviderCsv - getOrders: [3] {}
[INFO ] 2021-12-26 14:39:42.827 [main] DataProviderCsv - isIdInDataOrder: [1] {}
[INFO ] 2021-12-26 14:39:42.827 [main] DataProviderCsv - getOrders: [1] {}
[INFO ] 2021-12-26 14:39:42.827 [main] DataProviderCsv - readCsvOrder: [1] {}
[INFO ] 2021-12-26 14:39:42.837 [main] DataProviderCsv - readCsvOrder: [3] {}
[INFO ] 2021-12-26 14:39:42.837 [main] DataProviderCsv - getOrders: [3] {}
[INFO ] 2021-12-26 14:39:42.839 [main] DataProviderCsv - isIdInDataOrder: [2] {} Element is found
[INFO ] 2021-12-26 14:39:42.842 [main] HistoryContent - putOrderHistory: [1] {}
[INFO ] 2021-12-26 14:39:43.319 [main] HistoryContent - putOrderHistory: [2] {}
[INFO ] 2021-12-26 14:39:44.792 [main] DataProviderCsv - appendOrders: [1] {}
[INFO ] 2021-12-26 14:39:44.793 [main] DataProviderCsv - stringingDuplicateIdOrder: [1] {}
[INFO ] 2021-12-26 14:39:44.793 [main] DataProviderCsv - getOrders: [1] {}
[INFO ] 2021-12-26 14:39:44.793 [main] DataProviderCsv - readCsvOrder: [1] {}
[INFO ] 2021-12-26 14:39:44.803 [main] DataProviderCsv - readCsvOrder: [3] {}
[INFO ] 2021-12-26 14:39:44.803 [main] DataProviderCsv - getOrders: [3] {}
[INFO ] 2021-12-26 14:39:44.804 [main] DataProviderCsv - getOrders: [1] {}
[INFO ] 2021-12-26 14:39:44.804 [main] DataProviderCsv - readCsvOrder: [1] {}
[INFO ] 2021-12-26 14:39:44.814 [main] DataProviderCsv - readCsvOrder: [3] {}
[INFO ] 2021-12-26 14:39:44.815 [main] DataProviderCsv - getOrders: [3] {}
[INFO ] 2021-12-26 14:39:44.816 [main] DataProviderCsv - stringingDuplicateIdOrder: [2] {}
[INFO ] 2021-12-26 14:39:44.816 [main] DataProviderCsv - writeCsvOrder: [1] {}
[INFO ] 2021-12-26 14:39:44.873 [main] DataProviderCsv - writeCsvOrder: [2] {}
[INFO ] 2021-12-26 14:39:44.874 [main] DataProviderCsv - writeCsvOrder: [4] {}
[INFO ] 2021-12-26 14:39:44.874 [main] DataProviderCsv - appendOrders: [5] {}
[INFO ] 2021-12-26 14:39:44.875 [main] DataProviderCsv - updateOrders: [3] {}
[INFO ] 2021-12-26 14:39:44.875 [main] DataProviderCsv - createOrderCsv [2] {}
[INFO ] 2021-12-26 14:39:44.884 [main] DataProviderCsv - updateUsers: [1] {}
[INFO ] 2021-12-26 14:39:44.888 [main] DataProviderCsv - getUsers: [1] {}
[INFO ] 2021-12-26 14:39:44.888 [main] DataProviderCsv - readCsv: [1] {}
[INFO ] 2021-12-26 14:39:44.912 [main] DataProviderCsv - readCsv: [3] {}
[INFO ] 2021-12-26 14:39:44.913 [main] DataProviderCsv - getUsers: [3] {}
[INFO ] 2021-12-26 14:39:44.913 [main] DataProviderCsv - isIdInData: [1] {}
[INFO ] 2021-12-26 14:39:44.914 [main] DataProviderCsv - getUsers: [1] {}
[INFO ] 2021-12-26 14:39:44.914 [main] DataProviderCsv - readCsv: [1] {}
[INFO ] 2021-12-26 14:39:44.946 [main] DataProviderCsv - readCsv: [3] {}
[INFO ] 2021-12-26 14:39:44.946 [main] DataProviderCsv - getUsers: [3] {}
[INFO ] 2021-12-26 14:39:44.949 [main] DataProviderCsv - isIdInData: [2] {} Element is found
[INFO ] 2021-12-26 14:39:44.952 [main] HistoryContent - putUserHistory: [1] {}
[INFO ] 2021-12-26 14:39:44.983 [main] HistoryContent - putUserHistory: [2] {}
[INFO ] 2021-12-26 14:39:45.935 [main] DataProviderCsv - appendUsers: [1] {}
[INFO ] 2021-12-26 14:39:45.935 [main] DataProviderCsv - stringingDuplicateId: [1] {}
[INFO ] 2021-12-26 14:39:45.935 [main] DataProviderCsv - getUsers: [1] {}
[INFO ] 2021-12-26 14:39:45.936 [main] DataProviderCsv - readCsv: [1] {}
[INFO ] 2021-12-26 14:39:45.945 [main] DataProviderCsv - readCsv: [3] {}
[INFO ] 2021-12-26 14:39:45.946 [main] DataProviderCsv - getUsers: [3] {}
[INFO ] 2021-12-26 14:39:45.946 [main] DataProviderCsv - getUsers: [1] {}
[INFO ] 2021-12-26 14:39:45.946 [main] DataProviderCsv - readCsv: [1] {}
[INFO ] 2021-12-26 14:39:45.956 [main] DataProviderCsv - readCsv: [3] {}
[INFO ] 2021-12-26 14:39:45.956 [main] DataProviderCsv - getUsers: [3] {}
[INFO ] 2021-12-26 14:39:45.958 [main] DataProviderCsv - stringingDuplicateId: [2] {}
[INFO ] 2021-12-26 14:39:45.958 [main] DataProviderCsv - writeCsv: [1] {}
[INFO ] 2021-12-26 14:39:45.967 [main] DataProviderCsv - writeCsv: [3] {}
[INFO ] 2021-12-26 14:39:45.967 [main] DataProviderCsv - appendUsers: [5] {}
[INFO ] 2021-12-26 14:39:45.968 [main] DataProviderCsv - updateUsers: [3] {}
[INFO ] 2021-12-26 15:27:31.940 [main] DataProviderXml - writeXmlOrder: [1] {}
[INFO ] 2021-12-26 15:27:32.072 [main] DataProviderXml - writeXmlOrder: [3] {}
[INFO ] 2021-12-26 15:27:55.761 [main] DataProviderXml - writeXmlOrder: [1] {}
[INFO ] 2021-12-26 15:27:55.854 [main] DataProviderXml - writeXmlOrder: [3] {}
[INFO ] 2021-12-26 15:28:13.952 [main] DataProviderXml - readXmlOrder: [1] {}
[INFO ] 2021-12-26 15:28:14.056 [main] DataProviderXml - readXmlOrder: [3] {}
[INFO ] 2021-12-26 15:28:34.099 [main] DataProviderXml - writeXmlOrder: [1] {}
[INFO ] 2021-12-26 15:28:34.216 [main] DataProviderXml - writeXmlOrder: [3] {}
[INFO ] 2021-12-26 15:30:04.834 [main] DataProviderXml - readXmlOrder: [1] {}
[INFO ] 2021-12-26 15:30:04.948 [main] DataProviderXml - readXmlOrder: [3] {}
[INFO ] 2021-12-26 15:30:22.648 [main] DataProviderXml - getOrders: [1] {}
[INFO ] 2021-12-26 15:30:22.657 [main] DataProviderXml - readXmlOrder: [1] {}
[INFO ] 2021-12-26 15:30:22.773 [main] DataProviderXml - readXmlOrder: [3] {}
[INFO ] 2021-12-26 15:30:22.773 [main] DataProviderXml - getOrders: [3] {}
[INFO ] 2021-12-26 15:30:33.149 [main] DataProviderXml - getOrders: [1] {}
[INFO ] 2021-12-26 15:30:33.160 [main] DataProviderXml - readXmlOrder: [1] {}
[INFO ] 2021-12-26 15:30:33.302 [main] DataProviderXml - readXmlOrder: [3] {}
[INFO ] 2021-12-26 15:30:33.302 [main] DataProviderXml - getOrders: [3] {}
[INFO ] 2021-12-26 15:30:45.686 [main] DataProviderXml - getOrders: [1] {}
[INFO ] 2021-12-26 15:30:45.690 [main] DataProviderXml - readXmlOrder: [1] {}
[ERROR] 2021-12-26 15:30:45.811 [main] DataProviderXml - readXmlOrder: [2] {}Unable to satisfy @org.simpleframework.xml.Element(name="order", type=void.class, data=false, required=true) on field 'orderId' long project.model.User.orderId for class project.model.User at line 3
[INFO ] 2021-12-26 15:30:45.813 [main] DataProviderXml - readXmlOrder: [3] {}
[INFO ] 2021-12-26 15:30:45.813 [main] DataProviderXml - getOrders: [3] {}
[INFO ] 2021-12-26 15:31:34.167 [main] DataProviderXml - getOrders: [1] {}
[INFO ] 2021-12-26 15:31:34.171 [main] DataProviderXml - readXmlOrder: [1] {}
[ERROR] 2021-12-26 15:31:34.290 [main] DataProviderXml - readXmlOrder: [2] {}Unable to satisfy @org.simpleframework.xml.Element(name="order", type=void.class, data=false, required=true) on field 'orderId' long project.model.User.orderId for class project.model.User at line 3
[INFO ] 2021-12-26 15:31:34.293 [main] DataProviderXml - readXmlOrder: [3] {}
[INFO ] 2021-12-26 15:31:34.293 [main] DataProviderXml - getOrders: [3] {}
[INFO ] 2021-12-26 15:32:36.579 [main] DataProviderXml - appendOrders: [1] {}
[INFO ] 2021-12-26 15:32:36.584 [main] DataProviderXml - stringingDuplicateIdOrder: [1] {}
[INFO ] 2021-12-26 15:32:36.584 [main] DataProviderXml - getOrders: [1] {}
[INFO ] 2021-12-26 15:32:36.584 [main] DataProviderXml - readXmlOrder: [1] {}
[INFO ] 2021-12-26 15:32:36.730 [main] DataProviderXml - readXmlOrder: [3] {}
[INFO ] 2021-12-26 15:32:36.730 [main] DataProviderXml - getOrders: [3] {}
