[INFO ] 2021-12-25 19:01:13.414 [main] DataProviderH2 - connection: [2] {}
[INFO ] 2021-12-25 19:01:13.422 [main] DataProviderH2 - connection: [4] {}
[INFO ] 2021-12-25 19:01:13.423 [main] DataProviderH2 - h2ToMeddicineList: [1] {}
[INFO ] 2021-12-25 19:01:13.428 [main] DataProviderH2 - h2ToMeddicineList: [2] {}
[INFO ] 2021-12-25 19:01:13.428 [main] DataProviderH2 - h2ToMeddicineList: [4] {}
[INFO ] 2021-12-25 19:01:13.428 [main] DataProviderH2 - closeConnection: [1] {}
[INFO ] 2021-12-25 19:01:13.450 [main] DataProviderH2 - readMeddicinesFromH2M: [2] {}
[INFO ] 2021-12-25 19:01:13.451 [main] DataProviderH2 - readFromH2: [4] {}
[INFO ] 2021-12-25 19:01:13.451 [main] DataProviderH2 - getMeddicines: [2] {}
[INFO ] 2021-12-25 19:01:13.451 [main] DataProviderH2 - getMeddicines: [4] {}
[INFO ] 2021-12-25 19:01:13.452 [main] DataProviderH2 - searchPharmacyProductByCategory [2] {}
[INFO ] 2021-12-25 19:01:13.453 [main] DataProviderH2 - searchPharmacyProductByCategory [2] {}
[INFO ] 2021-12-25 19:01:13.453 [main] DataProviderH2 - searchPharmacyMedicalDeviceByCategory [1] {}
[INFO ] 2021-12-25 19:01:13.453 [main] DataProviderH2 - getMedicalDevices: [1] {}
[INFO ] 2021-12-25 19:01:13.453 [main] DataProviderH2 - readMedicalDeviceFromH2M: [1] {}
[INFO ] 2021-12-25 19:01:13.453 [main] DataProviderH2 - connection: [1] {}
[INFO ] 2021-12-25 19:01:13.470 [main] DataProviderH2 - connection: [2] {}
[INFO ] 2021-12-25 19:01:13.470 [main] DataProviderH2 - connection: [4] {}
[INFO ] 2021-12-25 19:01:13.470 [main] DataProviderH2 - h2ToMedicalDeviceList: [1] {}
[INFO ] 2021-12-25 19:01:13.471 [main] DataProviderH2 - h2ToMedicalDeviceList: [2] {}
[INFO ] 2021-12-25 19:01:13.472 [main] DataProviderH2 - h2ToMedicalDeviceList: [4] {}
[INFO ] 2021-12-25 19:01:13.472 [main] DataProviderH2 - closeConnection: [1] {}
[INFO ] 2021-12-25 19:01:13.489 [main] DataProviderH2 - readMedicalDeviceFromH2M: [2] {}
[INFO ] 2021-12-25 19:01:13.490 [main] DataProviderH2 - readMedicalDeviceFromH2M: [4] {}
[INFO ] 2021-12-25 19:01:13.490 [main] DataProviderH2 - getMedicalDevices: [2] {}
[INFO ] 2021-12-25 19:01:13.490 [main] DataProviderH2 - getMedicalDevices: [4] {}
[INFO ] 2021-12-25 19:01:13.492 [main] DataProviderH2 - searchPharmacyMedicalDeviceByCategory [2] {}
[INFO ] 2021-12-25 19:01:13.492 [main] DataProviderH2 - searchPharmacyProductByCategory [4] {}
[INFO ] 2021-12-25 19:01:13.492 [main] DataProviderH2 - searchPharmacyProductByCategory [7] {}
[INFO ] 2021-12-25 19:01:13.496 [main] DataProviderH2 - sortPharmacyProductMinToMax [1] {}
[INFO ] 2021-12-25 19:01:13.497 [main] DataProviderH2 - sortPharmacyProductMinToMax [2] {}
[INFO ] 2021-12-25 19:01:59.108 [main] DataProviderH2 - searchPharmacyProductByCategory [1] {}
[INFO ] 2021-12-25 19:01:59.108 [main] DataProviderH2 - searchPharmacyProductByCategory [1] {}
[INFO ] 2021-12-25 19:01:59.111 [main] DataProviderH2 - getMeddicines: [1] {}
[INFO ] 2021-12-25 19:01:59.114 [main] DataProviderH2 - readMeddicinesFromH2M: [1] {}
[INFO ] 2021-12-25 19:01:59.114 [main] DataProviderH2 - connection: [1] {}
[INFO ] 2021-12-25 19:01:59.369 [main] DataProviderH2 - connection: [2] {}
[INFO ] 2021-12-25 19:01:59.370 [main] DataProviderH2 - connection: [4] {}
[INFO ] 2021-12-25 19:01:59.370 [main] DataProviderH2 - h2ToMeddicineList: [1] {}
[INFO ] 2021-12-25 19:01:59.376 [main] DataProviderH2 - h2ToMeddicineList: [2] {}
[INFO ] 2021-12-25 19:01:59.376 [main] DataProviderH2 - h2ToMeddicineList: [4] {}
[INFO ] 2021-12-25 19:01:59.376 [main] DataProviderH2 - closeConnection: [1] {}
[INFO ] 2021-12-25 19:01:59.402 [main] DataProviderH2 - readMeddicinesFromH2M: [2] {}
[INFO ] 2021-12-25 19:01:59.402 [main] DataProviderH2 - readFromH2: [4] {}
[INFO ] 2021-12-25 19:01:59.403 [main] DataProviderH2 - getMeddicines: [2] {}
[INFO ] 2021-12-25 19:01:59.403 [main] DataProviderH2 - getMeddicines: [4] {}
[INFO ] 2021-12-25 19:01:59.403 [main] DataProviderH2 - searchPharmacyProductByCategory [2] {}
[INFO ] 2021-12-25 19:01:59.404 [main] DataProviderH2 - searchPharmacyProductByCategory [2] {}
[INFO ] 2021-12-25 19:01:59.404 [main] DataProviderH2 - searchPharmacyMedicalDeviceByCategory [1] {}
[INFO ] 2021-12-25 19:01:59.405 [main] DataProviderH2 - getMedicalDevices: [1] {}
[INFO ] 2021-12-25 19:01:59.405 [main] DataProviderH2 - readMedicalDeviceFromH2M: [1] {}
[INFO ] 2021-12-25 19:01:59.405 [main] DataProviderH2 - connection: [1] {}
[INFO ] 2021-12-25 19:01:59.422 [main] DataProviderH2 - connection: [2] {}
[INFO ] 2021-12-25 19:01:59.422 [main] DataProviderH2 - connection: [4] {}
[INFO ] 2021-12-25 19:01:59.423 [main] DataProviderH2 - h2ToMedicalDeviceList: [1] {}
[INFO ] 2021-12-25 19:01:59.424 [main] DataProviderH2 - h2ToMedicalDeviceList: [2] {}
[INFO ] 2021-12-25 19:01:59.424 [main] DataProviderH2 - h2ToMedicalDeviceList: [4] {}
[INFO ] 2021-12-25 19:01:59.424 [main] DataProviderH2 - closeConnection: [1] {}
[INFO ] 2021-12-25 19:01:59.462 [main] DataProviderH2 - readMedicalDeviceFromH2M: [2] {}
[INFO ] 2021-12-25 19:01:59.462 [main] DataProviderH2 - readMedicalDeviceFromH2M: [4] {}
[INFO ] 2021-12-25 19:01:59.462 [main] DataProviderH2 - getMedicalDevices: [2] {}
[INFO ] 2021-12-25 19:01:59.462 [main] DataProviderH2 - getMedicalDevices: [4] {}
[INFO ] 2021-12-25 19:01:59.463 [main] DataProviderH2 - searchPharmacyMedicalDeviceByCategory [2] {}
[INFO ] 2021-12-25 19:01:59.463 [main] DataProviderH2 - searchPharmacyProductByCategory [4] {}
[INFO ] 2021-12-25 19:01:59.463 [main] DataProviderH2 - searchPharmacyProductByCategory [7] {}
[INFO ] 2021-12-25 19:01:59.469 [main] DataProviderH2 - sortPharmacyProductMaxToMin [1] {}
[INFO ] 2021-12-25 19:01:59.470 [main] DataProviderH2 - sortPharmacyProductMaxToMin [2] {}
[INFO ] 2021-12-25 19:02:17.155 [main] DataProviderH2 - getMedicalDevices: [1] {}
[INFO ] 2021-12-25 19:02:17.162 [main] DataProviderH2 - readMedicalDeviceFromH2M: [1] {}
[INFO ] 2021-12-25 19:02:17.162 [main] DataProviderH2 - connection: [1] {}
[INFO ] 2021-12-25 19:02:17.418 [main] DataProviderH2 - connection: [2] {}
[INFO ] 2021-12-25 19:02:17.419 [main] DataProviderH2 - connection: [4] {}
[INFO ] 2021-12-25 19:02:17.419 [main] DataProviderH2 - h2ToMedicalDeviceList: [1] {}
[INFO ] 2021-12-25 19:02:17.421 [main] DataProviderH2 - h2ToMedicalDeviceList: [2] {}
[INFO ] 2021-12-25 19:02:17.422 [main] DataProviderH2 - h2ToMedicalDeviceList: [4] {}
[INFO ] 2021-12-25 19:02:17.422 [main] DataProviderH2 - closeConnection: [1] {}
[INFO ] 2021-12-25 19:02:17.443 [main] DataProviderH2 - readMedicalDeviceFromH2M: [2] {}
[INFO ] 2021-12-25 19:02:17.443 [main] DataProviderH2 - readMedicalDeviceFromH2M: [4] {}
[INFO ] 2021-12-25 19:02:17.443 [main] DataProviderH2 - getMedicalDevices: [2] {}
[INFO ] 2021-12-25 19:02:17.443 [main] DataProviderH2 - getMedicalDevices: [4] {}
[INFO ] 2021-12-25 19:02:17.472 [main] DataProviderH2 - searchPharmacyMedicalDeviceByCategory [1] {}
[INFO ] 2021-12-25 19:02:17.473 [main] DataProviderH2 - getMedicalDevices: [1] {}
[INFO ] 2021-12-25 19:02:17.473 [main] DataProviderH2 - readMedicalDeviceFromH2M: [1] {}
[INFO ] 2021-12-25 19:02:17.473 [main] DataProviderH2 - connection: [1] {}
[INFO ] 2021-12-25 19:02:17.489 [main] DataProviderH2 - connection: [2] {}
[INFO ] 2021-12-25 19:02:17.489 [main] DataProviderH2 - connection: [4] {}
[INFO ] 2021-12-25 19:02:17.489 [main] DataProviderH2 - h2ToMedicalDeviceList: [1] {}
[INFO ] 2021-12-25 19:02:17.489 [main] DataProviderH2 - h2ToMedicalDeviceList: [2] {}
[INFO ] 2021-12-25 19:02:17.490 [main] DataProviderH2 - h2ToMedicalDeviceList: [4] {}
[INFO ] 2021-12-25 19:02:17.490 [main] DataProviderH2 - closeConnection: [1] {}
[INFO ] 2021-12-25 19:02:17.508 [main] DataProviderH2 - readMedicalDeviceFromH2M: [2] {}
[INFO ] 2021-12-25 19:02:17.508 [main] DataProviderH2 - readMedicalDeviceFromH2M: [4] {}
[INFO ] 2021-12-25 19:02:17.509 [main] DataProviderH2 - getMedicalDevices: [2] {}
[INFO ] 2021-12-25 19:02:17.509 [main] DataProviderH2 - getMedicalDevices: [4] {}
[INFO ] 2021-12-25 19:02:17.510 [main] DataProviderH2 - searchPharmacyMedicalDeviceByCategory [2] {}
[INFO ] 2021-12-25 19:02:17.522 [main] Barcode - readBarcode[1] {}
[INFO ] 2021-12-25 19:02:17.696 [main] Barcode - readBarcode[2] {}
[INFO ] 2021-12-25 19:02:17.696 [main] Barcode - readBarcode[3] {}
[INFO ] 2021-12-25 19:02:17.697 [main] DataProviderH2 - getTheAnaloguesOfMedicine [1] {}
[INFO ] 2021-12-25 19:02:17.697 [main] DataProviderH2 - getMeddicines: [1] {}
[INFO ] 2021-12-25 19:02:17.697 [main] DataProviderH2 - readMeddicinesFromH2M: [1] {}
[INFO ] 2021-12-25 19:02:17.697 [main] DataProviderH2 - connection: [1] {}
[INFO ] 2021-12-25 19:02:17.722 [main] DataProviderH2 - connection: [2] {}
[INFO ] 2021-12-25 19:02:17.722 [main] DataProviderH2 - connection: [4] {}
[INFO ] 2021-12-25 19:02:17.722 [main] DataProviderH2 - h2ToMeddicineList: [1] {}
[INFO ] 2021-12-25 19:02:17.722 [main] DataProviderH2 - h2ToMeddicineList: [2] {}
[INFO ] 2021-12-25 19:02:17.723 [main] DataProviderH2 - h2ToMeddicineList: [4] {}
[INFO ] 2021-12-25 19:02:17.723 [main] DataProviderH2 - closeConnection: [1] {}
[INFO ] 2021-12-25 19:02:17.740 [main] DataProviderH2 - readMeddicinesFromH2M: [2] {}
[INFO ] 2021-12-25 19:02:17.740 [main] DataProviderH2 - readFromH2: [4] {}
[INFO ] 2021-12-25 19:02:17.740 [main] DataProviderH2 - getMeddicines: [2] {}
[INFO ] 2021-12-25 19:02:17.741 [main] DataProviderH2 - getMeddicines: [4] {}
[INFO ] 2021-12-25 19:02:17.741 [main] DataProviderH2 - getTheAnaloguesOfMedicine [2] {}
[INFO ] 2021-12-25 19:02:17.741 [main] DataProviderH2 - getTheAnaloguesOfMedicine [4] {}
[INFO ] 2021-12-25 19:02:17.751 [main] Barcode - readBarcode[1] {}
[INFO ] 2021-12-25 19:02:17.914 [main] Barcode - readBarcode[2] {}
[INFO ] 2021-12-25 19:02:17.915 [main] Barcode - readBarcode[3] {}
[INFO ] 2021-12-25 19:02:17.915 [main] DataProviderH2 - updateMeddicine [1] {}
[INFO ] 2021-12-25 19:02:17.916 [main] DataProviderH2 - connection: [1] {}
[INFO ] 2021-12-25 19:02:17.957 [main] DataProviderH2 - connection: [2] {}
[INFO ] 2021-12-25 19:02:17.957 [main] DataProviderH2 - connection: [4] {}
[INFO ] 2021-12-25 19:02:17.958 [main] DataProviderH2 - takeHistoryMeddicine [1] {}
