[INFO ] 2021-12-19 14:30:48.512 [main] DataProviderCsv - readCsv: [3] {}
[INFO ] 2021-12-19 14:30:48.521 [main] DataProviderCsv - getUsers: [3] {}
[INFO ] 2021-12-19 14:30:48.521 [main] DataProviderCsv - getUsers: [1] {}
[INFO ] 2021-12-19 14:30:48.521 [main] DataProviderCsv - readCsv: [1] {}
[INFO ] 2021-12-19 14:30:48.529 [main] DataProviderCsv - readCsv: [3] {}
[INFO ] 2021-12-19 14:30:48.529 [main] DataProviderCsv - getUsers: [3] {}
[INFO ] 2021-12-19 14:30:48.530 [main] DataProviderCsv - stringingDuplicateId: [2] {}
[INFO ] 2021-12-19 14:30:48.530 [main] DataProviderCsv - writeCsv: [1] {}
[INFO ] 2021-12-19 14:30:48.534 [main] DataProviderCsv - writeCsv: [3] {}
[INFO ] 2021-12-19 14:30:48.534 [main] DataProviderCsv - appendUsers: [5] {}
[INFO ] 2021-12-19 14:30:48.535 [main] DataProviderCsv - updateUsers: [3] {}
[INFO ] 2021-12-19 14:30:48.535 [main] DataProviderCsv - getUsers: [1] {}
[INFO ] 2021-12-19 14:30:48.535 [main] DataProviderCsv - readCsv: [1] {}
[INFO ] 2021-12-19 14:30:48.541 [main] DataProviderCsv - readCsv: [3] {}
[INFO ] 2021-12-19 14:30:48.541 [main] DataProviderCsv - getUsers: [3] {}
[INFO ] 2021-12-19 14:30:48.544 [main] DataProviderCsv - getUserById: [1] {}
[INFO ] 2021-12-19 14:30:48.544 [main] DataProviderCsv - getUsers: [1] {}
[INFO ] 2021-12-19 14:30:48.544 [main] DataProviderCsv - readCsv: [1] {}
[INFO ] 2021-12-19 14:30:48.550 [main] DataProviderCsv - readCsv: [3] {}
[INFO ] 2021-12-19 14:30:48.550 [main] DataProviderCsv - getUsers: [3] {}
[INFO ] 2021-12-19 14:30:48.550 [main] DataProviderCsv - isIdInData: [1] {}
[INFO ] 2021-12-19 14:30:48.550 [main] DataProviderCsv - getUsers: [1] {}
[INFO ] 2021-12-19 14:30:48.550 [main] DataProviderCsv - readCsv: [1] {}
[INFO ] 2021-12-19 14:30:48.556 [main] DataProviderCsv - readCsv: [3] {}
[INFO ] 2021-12-19 14:30:48.556 [main] DataProviderCsv - getUsers: [3] {}
[INFO ] 2021-12-19 14:30:48.556 [main] DataProviderCsv - isIdInData: [2] {} Element is found
[INFO ] 2021-12-19 14:30:48.556 [main] DataProviderCsv - getUserById: [4] {}
[INFO ] 2021-12-19 14:31:00.357 [main] DataProviderXml - deleteUserById: [1] {}
[INFO ] 2021-12-19 14:31:00.364 [main] DataProviderXml - getUsers: [1] {}
[INFO ] 2021-12-19 14:31:00.365 [main] DataProviderXml - readXml: [1] {}
[INFO ] 2021-12-19 14:31:00.490 [main] DataProviderXml - readXml: [3] {}
[INFO ] 2021-12-19 14:31:00.491 [main] DataProviderXml - getUsers: [3] {}
[INFO ] 2021-12-19 14:31:00.491 [main] DataProviderXml - isIdInData: [1] {}
[INFO ] 2021-12-19 14:31:00.492 [main] DataProviderXml - getUsers: [1] {}
[INFO ] 2021-12-19 14:31:00.492 [main] DataProviderXml - readXml: [1] {}
[INFO ] 2021-12-19 14:31:00.496 [main] DataProviderXml - readXml: [3] {}
[INFO ] 2021-12-19 14:31:00.496 [main] DataProviderXml - getUsers: [3] {}
[INFO ] 2021-12-19 14:31:00.498 [main] DataProviderXml - isIdInData: [2] {} Element is found
[INFO ] 2021-12-19 14:31:00.499 [main] DataProviderXml - writeXml: [1] {}
[INFO ] 2021-12-19 14:31:00.529 [main] DataProviderXml - writeXml: [3] {}
[INFO ] 2021-12-19 14:31:00.529 [main] DataProviderXml - deleteUserById: [4] {}
[INFO ] 2021-12-19 14:31:00.544 [main] DataProviderXml - getUserById: [1] {}
[INFO ] 2021-12-19 14:31:00.544 [main] DataProviderXml - getUsers: [1] {}
[INFO ] 2021-12-19 14:31:00.544 [main] DataProviderXml - readXml: [1] {}
[INFO ] 2021-12-19 14:31:00.550 [main] DataProviderXml - readXml: [3] {}
[INFO ] 2021-12-19 14:31:00.550 [main] DataProviderXml - getUsers: [3] {}
[INFO ] 2021-12-19 14:31:00.550 [main] DataProviderXml - isIdInData: [1] {}
[INFO ] 2021-12-19 14:31:00.551 [main] DataProviderXml - getUsers: [1] {}
[INFO ] 2021-12-19 14:31:00.551 [main] DataProviderXml - readXml: [1] {}
[INFO ] 2021-12-19 14:31:00.561 [main] DataProviderXml - readXml: [3] {}
[INFO ] 2021-12-19 14:31:00.561 [main] DataProviderXml - getUsers: [3] {}
[INFO ] 2021-12-19 14:31:00.561 [main] DataProviderXml - isIdInData: [2] {} Element is found
[INFO ] 2021-12-19 14:31:00.562 [main] DataProviderXml - getUserById: [4] {}
[INFO ] 2021-12-19 14:31:00.562 [main] DataProviderXml - updateUsers: [1] {}
[INFO ] 2021-12-19 14:31:00.563 [main] DataProviderXml - getUsers: [1] {}
[INFO ] 2021-12-19 14:31:00.563 [main] DataProviderXml - readXml: [1] {}
[INFO ] 2021-12-19 14:31:00.569 [main] DataProviderXml - readXml: [3] {}
[INFO ] 2021-12-19 14:31:00.570 [main] DataProviderXml - getUsers: [3] {}
[INFO ] 2021-12-19 14:31:00.570 [main] DataProviderXml - isIdInData: [1] {}
[INFO ] 2021-12-19 14:31:00.570 [main] DataProviderXml - getUsers: [1] {}
[INFO ] 2021-12-19 14:31:00.570 [main] DataProviderXml - readXml: [1] {}
[INFO ] 2021-12-19 14:31:00.576 [main] DataProviderXml - readXml: [3] {}
[INFO ] 2021-12-19 14:31:00.577 [main] DataProviderXml - getUsers: [3] {}
[INFO ] 2021-12-19 14:31:00.578 [main] DataProviderXml - isIdInData: [2] {} Element is found
[INFO ] 2021-12-19 14:31:00.578 [main] DataProviderXml - appendUsers: [1] {}
[INFO ] 2021-12-19 14:31:00.578 [main] DataProviderXml - stringingDuplicateId: [1] {}
[INFO ] 2021-12-19 14:31:00.578 [main] DataProviderXml - getUsers: [1] {}
[INFO ] 2021-12-19 14:31:00.578 [main] DataProviderXml - readXml: [1] {}
[INFO ] 2021-12-19 14:31:00.587 [main] DataProviderXml - readXml: [3] {}
[INFO ] 2021-12-19 14:31:00.588 [main] DataProviderXml - getUsers: [3] {}
[INFO ] 2021-12-19 14:31:00.588 [main] DataProviderXml - getUsers: [1] {}
[INFO ] 2021-12-19 14:31:00.589 [main] DataProviderXml - readXml: [1] {}
[INFO ] 2021-12-19 14:31:00.595 [main] DataProviderXml - readXml: [3] {}
[INFO ] 2021-12-19 14:31:00.595 [main] DataProviderXml - getUsers: [3] {}
[INFO ] 2021-12-19 14:31:00.596 [main] DataProviderXml - stringingDuplicateId: [2] {}
[INFO ] 2021-12-19 14:31:00.597 [main] DataProviderXml - writeXml: [1] {}
[INFO ] 2021-12-19 14:31:00.601 [main] DataProviderXml - writeXml: [3] {}
[INFO ] 2021-12-19 14:31:00.602 [main] DataProviderXml - appendUsers: [5] {}
[INFO ] 2021-12-19 14:31:00.602 [main] DataProviderXml - updateUsers: [3] {}
[INFO ] 2021-12-19 14:31:00.607 [main] DataProviderXml - appendUsers: [1] {}
[INFO ] 2021-12-19 14:31:00.607 [main] DataProviderXml - stringingDuplicateId: [1] {}
[INFO ] 2021-12-19 14:31:00.607 [main] DataProviderXml - getUsers: [1] {}
[INFO ] 2021-12-19 14:31:00.608 [main] DataProviderXml - readXml: [1] {}
[INFO ] 2021-12-19 14:31:00.613 [main] DataProviderXml - readXml: [3] {}
[INFO ] 2021-12-19 14:31:00.613 [main] DataProviderXml - getUsers: [3] {}
[INFO ] 2021-12-19 14:31:00.614 [main] DataProviderXml - getUsers: [1] {}
[INFO ] 2021-12-19 14:31:00.614 [main] DataProviderXml - readXml: [1] {}
[INFO ] 2021-12-19 14:31:00.619 [main] DataProviderXml - readXml: [3] {}
[INFO ] 2021-12-19 14:31:00.620 [main] DataProviderXml - getUsers: [3] {}
[INFO ] 2021-12-19 14:31:00.620 [main] DataProviderXml - stringingDuplicateId: [2] {}
[INFO ] 2021-12-19 14:31:00.620 [main] DataProviderXml - writeXml: [1] {}
[INFO ] 2021-12-19 14:31:00.627 [main] DataProviderXml - writeXml: [3] {}
[INFO ] 2021-12-19 14:31:00.628 [main] DataProviderXml - appendUsers: [5] {}
[INFO ] 2021-12-19 14:31:00.632 [main] DataProviderXml - appendUsers: [1] {}
[INFO ] 2021-12-19 14:31:00.632 [main] DataProviderXml - stringingDuplicateId: [1] {}
[INFO ] 2021-12-19 14:31:00.632 [main] DataProviderXml - getUsers: [1] {}
[INFO ] 2021-12-19 14:31:00.632 [main] DataProviderXml - readXml: [1] {}
[INFO ] 2021-12-19 14:31:00.638 [main] DataProviderXml - readXml: [3] {}
[INFO ] 2021-12-19 14:31:00.638 [main] DataProviderXml - getUsers: [3] {}
[INFO ] 2021-12-19 14:31:00.640 [main] DataProviderXml - getUsers: [1] {}
[INFO ] 2021-12-19 14:31:00.641 [main] DataProviderXml - readXml: [1] {}
[INFO ] 2021-12-19 14:31:00.647 [main] DataProviderXml - readXml: [3] {}
[INFO ] 2021-12-19 14:31:00.647 [main] DataProviderXml - getUsers: [3] {}
[INFO ] 2021-12-19 14:31:00.647 [main] DataProviderXml - stringingDuplicateId: [2] {}
[INFO ] 2021-12-19 14:31:00.647 [main] DataProviderXml - writeXml: [1] {}
[INFO ] 2021-12-19 14:31:00.652 [main] DataProviderXml - writeXml: [3] {}
[INFO ] 2021-12-19 14:31:00.653 [main] DataProviderXml - appendUsers: [5] {}
[INFO ] 2021-12-19 14:31:00.653 [main] DataProviderXml - getUsers: [1] {}
[INFO ] 2021-12-19 14:31:00.653 [main] DataProviderXml - readXml: [1] {}
[INFO ] 2021-12-19 14:31:00.660 [main] DataProviderXml - readXml: [3] {}
[INFO ] 2021-12-19 14:31:00.661 [main] DataProviderXml - getUsers: [3] {}
[INFO ] 2021-12-19 14:31:00.661 [main] DataProviderXml - getUsers: [1] {}
[INFO ] 2021-12-19 14:31:00.661 [main] DataProviderXml - readXml: [1] {}
[INFO ] 2021-12-19 14:31:00.666 [main] DataProviderXml - readXml: [3] {}
[INFO ] 2021-12-19 14:31:00.666 [main] DataProviderXml - getUsers: [3] {}
[INFO ] 2021-12-19 14:31:00.690 [main] DataProviderXml - updateUsers: [1] {}
[INFO ] 2021-12-19 14:31:00.690 [main] DataProviderXml - getUsers: [1] {}
[INFO ] 2021-12-19 14:31:00.691 [main] DataProviderXml - readXml: [1] {}
[INFO ] 2021-12-19 14:31:00.696 [main] DataProviderXml - readXml: [3] {}
[INFO ] 2021-12-19 14:31:00.696 [main] DataProviderXml - getUsers: [3] {}
[INFO ] 2021-12-19 14:31:00.697 [main] DataProviderXml - isIdInData: [1] {}
[INFO ] 2021-12-19 14:31:00.697 [main] DataProviderXml - getUsers: [1] {}
[INFO ] 2021-12-19 14:31:00.697 [main] DataProviderXml - readXml: [1] {}
[INFO ] 2021-12-19 14:31:00.702 [main] DataProviderXml - readXml: [3] {}
[INFO ] 2021-12-19 14:31:00.703 [main] DataProviderXml - getUsers: [3] {}
[INFO ] 2021-12-19 14:31:00.703 [main] DataProviderXml - isIdInData: [2] {} Element is found
[INFO ] 2021-12-19 14:31:00.703 [main] DataProviderXml - appendUsers: [1] {}
[INFO ] 2021-12-19 14:31:00.703 [main] DataProviderXml - stringingDuplicateId: [1] {}
[INFO ] 2021-12-19 14:31:00.703 [main] DataProviderXml - getUsers: [1] {}
[INFO ] 2021-12-19 14:31:00.704 [main] DataProviderXml - readXml: [1] {}
[INFO ] 2021-12-19 14:31:00.709 [main] DataProviderXml - readXml: [3] {}
[INFO ] 2021-12-19 14:31:00.710 [main] DataProviderXml - getUsers: [3] {}
[INFO ] 2021-12-19 14:31:00.710 [main] DataProviderXml - getUsers: [1] {}
[INFO ] 2021-12-19 14:31:00.710 [main] DataProviderXml - readXml: [1] {}
