[INFO ] 2021-12-24 14:18:29.092 [main] HistoryContent - putUserHistory: [2] {}
[INFO ] 2021-12-24 14:39:32.233 [main] Barcode - readBarcode[1] {}
[INFO ] 2021-12-24 14:39:32.697 [main] Barcode - readBarcode[2] {}
[INFO ] 2021-12-24 14:39:32.697 [main] Barcode - readBarcode[3] {}
[INFO ] 2021-12-24 14:39:32.700 [main] HistoryContent - putMeddicineHistory: [1] {}
[INFO ] 2021-12-24 14:39:33.047 [main] HistoryContent - putMeddicineHistory: [2] {}
[INFO ] 2021-12-24 14:43:19.646 [main] Barcode - readBarcode[1] {}
[INFO ] 2021-12-24 14:43:19.738 [main] Barcode - readBarcode[2] {}
[INFO ] 2021-12-24 14:43:19.739 [main] Barcode - readBarcode[3] {}
[INFO ] 2021-12-24 14:43:19.741 [main] HistoryContent - putMedicalDeviceHistory: [1] {}
[INFO ] 2021-12-24 14:43:20.081 [main] HistoryContent - putMedicalDeviceHistory: [2] {}
[INFO ] 2021-12-24 14:53:14.471 [main] DataProviderH2 - getMedicalDevices: [1] {}
[INFO ] 2021-12-24 14:53:14.475 [main] DataProviderH2 - readMedicalDeviceFromH2M: [1] {}
[INFO ] 2021-12-24 14:53:14.475 [main] DataProviderH2 - connection: [1] {}
[INFO ] 2021-12-24 14:53:14.817 [main] DataProviderH2 - connection: [2] {}
[INFO ] 2021-12-24 14:53:14.817 [main] DataProviderH2 - connection: [4] {}
[INFO ] 2021-12-24 14:53:14.818 [main] DataProviderH2 - h2ToMedicalDeviceList: [1] {}
[INFO ] 2021-12-24 14:53:14.820 [main] DataProviderH2 - h2ToMedicalDeviceList: [2] {}
[INFO ] 2021-12-24 14:53:14.820 [main] DataProviderH2 - h2ToMedicalDeviceList: [4] {}
[INFO ] 2021-12-24 14:53:14.821 [main] DataProviderH2 - closeConnection: [1] {}
[INFO ] 2021-12-24 14:53:14.841 [main] DataProviderH2 - readMedicalDeviceFromH2M: [2] {}
[INFO ] 2021-12-24 14:53:14.841 [main] DataProviderH2 - readMedicalDeviceFromH2M: [4] {}
[INFO ] 2021-12-24 14:53:14.841 [main] DataProviderH2 - getMedicalDevices: [2] {}
[INFO ] 2021-12-24 14:53:14.841 [main] DataProviderH2 - getMedicalDevices: [4] {}
[INFO ] 2021-12-24 14:53:14.867 [main] Barcode - readBarcode[1] {}
[INFO ] 2021-12-24 14:53:14.941 [main] Barcode - readBarcode[2] {}
[INFO ] 2021-12-24 14:53:14.941 [main] Barcode - readBarcode[3] {}
[INFO ] 2021-12-24 14:53:14.941 [main] DataProviderH2 - updateMeddicine [1] {}
[INFO ] 2021-12-24 14:53:14.942 [main] DataProviderH2 - connection: [1] {}
[INFO ] 2021-12-24 14:53:14.960 [main] DataProviderH2 - connection: [2] {}
[INFO ] 2021-12-24 14:53:14.961 [main] DataProviderH2 - connection: [4] {}
[INFO ] 2021-12-24 14:53:14.961 [main] DataProviderH2 - takeHistoryMeddicine [1] {}
[INFO ] 2021-12-24 14:53:14.961 [main] DataProviderH2 - getMeddicines: [1] {}
[INFO ] 2021-12-24 14:53:14.961 [main] DataProviderH2 - readMeddicinesFromH2M: [1] {}
[INFO ] 2021-12-24 14:53:14.961 [main] DataProviderH2 - connection: [1] {}
[INFO ] 2021-12-24 14:53:14.963 [main] DataProviderH2 - connection: [2] {}
[INFO ] 2021-12-24 14:53:14.963 [main] DataProviderH2 - connection: [4] {}
[INFO ] 2021-12-24 14:53:14.964 [main] DataProviderH2 - h2ToMeddicineList: [1] {}
[INFO ] 2021-12-24 14:53:14.964 [main] DataProviderH2 - h2ToMeddicineList: [2] {}
[INFO ] 2021-12-24 14:53:14.964 [main] DataProviderH2 - h2ToMeddicineList: [4] {}
[INFO ] 2021-12-24 14:53:14.964 [main] DataProviderH2 - closeConnection: [1] {}
[INFO ] 2021-12-24 14:53:14.964 [main] DataProviderH2 - readMeddicinesFromH2M: [2] {}
[INFO ] 2021-12-24 14:53:14.964 [main] DataProviderH2 - readFromH2: [4] {}
[INFO ] 2021-12-24 14:53:14.965 [main] DataProviderH2 - getMeddicines: [2] {}
[INFO ] 2021-12-24 14:53:14.965 [main] DataProviderH2 - getMeddicines: [4] {}
[INFO ] 2021-12-24 14:53:14.969 [main] HistoryContent - putMeddicineHistory: [1] {}
[INFO ] 2021-12-24 14:53:15.319 [main] HistoryContent - putMeddicineHistory: [2] {}
[INFO ] 2021-12-24 14:53:16.653 [main] DataProviderH2 - closeConnection: [1] {}
[INFO ] 2021-12-24 14:53:16.686 [main] DataProviderH2 - updateMeddicine: [2] {}
[INFO ] 2021-12-24 14:53:16.687 [main] DataProviderH2 - updateMeddicine [4] {}
[INFO ] 2021-12-24 14:53:16.694 [main] DataProviderH2 - deleteMeddicineByBarcode: [1] {}
[INFO ] 2021-12-24 14:53:16.694 [main] DataProviderH2 - connection: [1] {}
[INFO ] 2021-12-24 14:53:16.719 [main] DataProviderH2 - connection: [2] {}
[INFO ] 2021-12-24 14:53:16.719 [main] DataProviderH2 - connection: [4] {}
[INFO ] 2021-12-24 14:53:16.720 [main] DataProviderH2 - takeHistoryMeddicine [1] {}
[INFO ] 2021-12-24 14:53:16.720 [main] DataProviderH2 - getMeddicines: [1] {}
[INFO ] 2021-12-24 14:53:16.720 [main] DataProviderH2 - readMeddicinesFromH2M: [1] {}
[INFO ] 2021-12-24 14:53:16.720 [main] DataProviderH2 - connection: [1] {}
[INFO ] 2021-12-24 14:53:16.722 [main] DataProviderH2 - connection: [2] {}
[INFO ] 2021-12-24 14:53:16.722 [main] DataProviderH2 - connection: [4] {}
[INFO ] 2021-12-24 14:53:16.723 [main] DataProviderH2 - h2ToMeddicineList: [1] {}
[INFO ] 2021-12-24 14:53:16.724 [main] DataProviderH2 - h2ToMeddicineList: [2] {}
[INFO ] 2021-12-24 14:53:16.724 [main] DataProviderH2 - h2ToMeddicineList: [4] {}
[INFO ] 2021-12-24 14:53:16.724 [main] DataProviderH2 - closeConnection: [1] {}
[INFO ] 2021-12-24 14:53:16.725 [main] DataProviderH2 - readMeddicinesFromH2M: [2] {}
[INFO ] 2021-12-24 14:53:16.725 [main] DataProviderH2 - readFromH2: [4] {}
[INFO ] 2021-12-24 14:53:16.725 [main] DataProviderH2 - getMeddicines: [2] {}
[INFO ] 2021-12-24 14:53:16.725 [main] DataProviderH2 - getMeddicines: [4] {}
[INFO ] 2021-12-24 14:53:16.725 [main] HistoryContent - putMeddicineHistory: [1] {}
[INFO ] 2021-12-24 14:53:16.753 [main] HistoryContent - putMeddicineHistory: [2] {}
[INFO ] 2021-12-24 14:53:17.713 [main] DataProviderH2 - closeConnection: [1] {}
[INFO ] 2021-12-24 14:53:17.736 [main] DataProviderH2 - deleteMeddicineByBarcode: [4] {}
[INFO ] 2021-12-24 14:53:17.738 [main] DataProviderH2 - getUserById: [1] {}
[INFO ] 2021-12-24 14:53:17.739 [main] DataProviderH2 - connection: [1] {}
[INFO ] 2021-12-24 14:53:17.752 [main] DataProviderH2 - connection: [2] {}
[INFO ] 2021-12-24 14:53:17.752 [main] DataProviderH2 - connection: [4] {}
[INFO ] 2021-12-24 14:53:17.759 [main] DataProviderH2 - h2ToUserListUser: [1] {}
[INFO ] 2021-12-24 14:53:17.761 [main] DataProviderH2 - h2ToUserListUser: [2] {}
[INFO ] 2021-12-24 14:53:17.761 [main] DataProviderH2 - h2ToUserListUser: [4] {}
[INFO ] 2021-12-24 14:53:17.761 [main] DataProviderH2 - closeConnection: [1] {}
[INFO ] 2021-12-24 14:53:17.777 [main] DataProviderH2 - getUserById: [2] {}
[INFO ] 2021-12-24 14:53:17.787 [main] DataProviderH2 - getUsers: [1] {}
[INFO ] 2021-12-24 14:53:17.787 [main] DataProviderH2 - readFromH2: [1] {}
[INFO ] 2021-12-24 14:53:17.787 [main] DataProviderH2 - connection: [1] {}
[INFO ] 2021-12-24 14:53:17.813 [main] DataProviderH2 - connection: [2] {}
[INFO ] 2021-12-24 14:53:17.814 [main] DataProviderH2 - connection: [4] {}
[INFO ] 2021-12-24 14:53:17.814 [main] DataProviderH2 - h2ToUserListUser: [1] {}
[INFO ] 2021-12-24 14:53:17.815 [main] DataProviderH2 - h2ToUserListUser: [2] {}
[INFO ] 2021-12-24 14:53:17.815 [main] DataProviderH2 - h2ToUserListUser: [4] {}
[INFO ] 2021-12-24 14:53:17.815 [main] DataProviderH2 - closeConnection: [1] {}
[INFO ] 2021-12-24 14:53:17.831 [main] DataProviderH2 - readFromH2: [2] {}
[INFO ] 2021-12-24 14:53:17.832 [main] DataProviderH2 - readFromH2: [4] {}
[INFO ] 2021-12-24 14:53:17.832 [main] DataProviderH2 - getUsers: [2] {}
[INFO ] 2021-12-24 14:53:17.832 [main] DataProviderH2 - getUsers: [4] {}
[INFO ] 2021-12-24 14:53:17.834 [main] DataProviderH2 - stringingDuplicateIdDeleteUser: [1] {}
[INFO ] 2021-12-24 14:53:17.834 [main] DataProviderH2 - connection: [1] {}
[INFO ] 2021-12-24 14:53:17.855 [main] DataProviderH2 - connection: [2] {}
[INFO ] 2021-12-24 14:53:17.855 [main] DataProviderH2 - connection: [4] {}
[INFO ] 2021-12-24 14:53:17.856 [main] DataProviderH2 - stringingDuplicateIdDeleteUser: [2] {}
[INFO ] 2021-12-24 14:53:17.856 [main] DataProviderH2 - closeConnection: [1] {}
[INFO ] 2021-12-24 14:53:17.873 [main] DataProviderH2 - writeToH2User: [1] {}
[INFO ] 2021-12-24 14:53:17.873 [main] DataProviderH2 - connection: [1] {}
[INFO ] 2021-12-24 14:53:17.888 [main] DataProviderH2 - connection: [2] {}
[INFO ] 2021-12-24 14:53:17.889 [main] DataProviderH2 - connection: [4] {}
[INFO ] 2021-12-24 14:53:17.901 [main] DataProviderH2 - writeToH2User: [2] {}
[INFO ] 2021-12-24 14:53:17.901 [main] DataProviderH2 - closeConnection: [1] {}
[INFO ] 2021-12-24 14:53:17.918 [main] DataProviderH2 - writeToH2User: [4] {}
[INFO ] 2021-12-24 14:53:17.920 [main] DataProviderH2 - readFromH2: [1] {}
[INFO ] 2021-12-24 14:53:17.920 [main] DataProviderH2 - connection: [1] {}
[INFO ] 2021-12-24 14:53:17.937 [main] DataProviderH2 - connection: [2] {}
[INFO ] 2021-12-24 14:53:17.937 [main] DataProviderH2 - connection: [4] {}
[INFO ] 2021-12-24 14:53:17.937 [main] DataProviderH2 - h2ToUserListUser: [1] {}
[INFO ] 2021-12-24 14:53:17.937 [main] DataProviderH2 - h2ToUserListUser: [2] {}
[INFO ] 2021-12-24 14:53:17.937 [main] DataProviderH2 - h2ToUserListUser: [4] {}
[INFO ] 2021-12-24 14:53:17.938 [main] DataProviderH2 - closeConnection: [1] {}
[INFO ] 2021-12-24 14:53:17.954 [main] DataProviderH2 - readFromH2: [2] {}
[INFO ] 2021-12-24 14:53:17.954 [main] DataProviderH2 - readFromH2: [4] {}
[INFO ] 2021-12-24 14:53:17.955 [main] DataProviderH2 - deleteMedicalDeviceByBarcode: [1] {}
[INFO ] 2021-12-24 14:53:17.956 [main] DataProviderH2 - connection: [1] {}
[INFO ] 2021-12-24 14:53:17.972 [main] DataProviderH2 - connection: [2] {}
[INFO ] 2021-12-24 14:53:17.972 [main] DataProviderH2 - connection: [4] {}
[INFO ] 2021-12-24 14:53:17.972 [main] DataProviderH2 - takeHistoryMedicalDevice [1] {}
[INFO ] 2021-12-24 14:53:17.972 [main] DataProviderH2 - getMedicalDevices: [1] {}
[INFO ] 2021-12-24 14:53:17.973 [main] DataProviderH2 - readMedicalDeviceFromH2M: [1] {}
[INFO ] 2021-12-24 14:53:17.973 [main] DataProviderH2 - connection: [1] {}
[INFO ] 2021-12-24 14:53:17.974 [main] DataProviderH2 - connection: [2] {}
[INFO ] 2021-12-24 14:53:17.974 [main] DataProviderH2 - connection: [4] {}
[INFO ] 2021-12-24 14:53:17.975 [main] DataProviderH2 - h2ToMedicalDeviceList: [1] {}
[INFO ] 2021-12-24 14:53:17.975 [main] DataProviderH2 - h2ToMedicalDeviceList: [2] {}
