[INFO ] 2021-12-25 19:02:28.827 [main] DataProviderH2 - closeConnection: [1] {}
[INFO ] 2021-12-25 19:02:28.885 [main] DataProviderH2 - readMedicalDeviceFromH2M: [2] {}
[INFO ] 2021-12-25 19:02:28.886 [main] DataProviderH2 - readMedicalDeviceFromH2M: [4] {}
[INFO ] 2021-12-25 19:02:28.886 [main] DataProviderH2 - getMedicalDevices: [2] {}
[INFO ] 2021-12-25 19:02:28.886 [main] DataProviderH2 - getMedicalDevices: [4] {}
[INFO ] 2021-12-25 19:02:28.886 [main] DataProviderH2 - searchMedicalDeviceByName [2] {}
[INFO ] 2021-12-25 19:02:28.886 [main] DataProviderH2 - searchPharmacyProductByName [5] {}
[INFO ] 2021-12-25 19:02:28.888 [main] DataProviderH2 - connection: [1] {}
[INFO ] 2021-12-25 19:02:28.903 [main] DataProviderH2 - connection: [2] {}
[INFO ] 2021-12-25 19:02:28.904 [main] DataProviderH2 - connection: [4] {}
[INFO ] 2021-12-25 19:02:28.927 [main] DataProviderH2 - searchPharmacyProductByCategory [1] {}
[INFO ] 2021-12-25 19:02:28.927 [main] DataProviderH2 - getMeddicines: [1] {}
[INFO ] 2021-12-25 19:02:28.927 [main] DataProviderH2 - readMeddicinesFromH2M: [1] {}
[INFO ] 2021-12-25 19:02:28.928 [main] DataProviderH2 - connection: [1] {}
[INFO ] 2021-12-25 19:02:28.940 [main] DataProviderH2 - connection: [2] {}
[INFO ] 2021-12-25 19:02:28.940 [main] DataProviderH2 - connection: [4] {}
[INFO ] 2021-12-25 19:02:28.940 [main] DataProviderH2 - h2ToMeddicineList: [1] {}
[INFO ] 2021-12-25 19:02:28.940 [main] DataProviderH2 - h2ToMeddicineList: [2] {}
[INFO ] 2021-12-25 19:02:28.940 [main] DataProviderH2 - h2ToMeddicineList: [4] {}
[INFO ] 2021-12-25 19:02:28.940 [main] DataProviderH2 - closeConnection: [1] {}
[INFO ] 2021-12-25 19:02:28.957 [main] DataProviderH2 - readMeddicinesFromH2M: [2] {}
[INFO ] 2021-12-25 19:02:28.957 [main] DataProviderH2 - readFromH2: [4] {}
[INFO ] 2021-12-25 19:02:28.957 [main] DataProviderH2 - getMeddicines: [2] {}
[INFO ] 2021-12-25 19:02:28.957 [main] DataProviderH2 - getMeddicines: [4] {}
[INFO ] 2021-12-25 19:02:28.957 [main] DataProviderH2 - searchPharmacyProductByCategory [2] {}
[INFO ] 2021-12-25 19:02:28.958 [main] DataProviderH2 - writeToH2User: [1] {}
[INFO ] 2021-12-25 19:02:28.958 [main] DataProviderH2 - connection: [1] {}
[INFO ] 2021-12-25 19:02:28.975 [main] DataProviderH2 - connection: [2] {}
[INFO ] 2021-12-25 19:02:28.975 [main] DataProviderH2 - connection: [4] {}
[INFO ] 2021-12-25 19:02:28.975 [main] DataProviderH2 - writeToH2User: [2] {}
[INFO ] 2021-12-25 19:02:28.975 [main] DataProviderH2 - closeConnection: [1] {}
[INFO ] 2021-12-25 19:02:28.993 [main] DataProviderH2 - writeToH2User: [4] {}
[INFO ] 2021-12-25 19:02:28.994 [main] DataProviderH2 - getMedicalDeviceByBarcode: [1] {}
[INFO ] 2021-12-25 19:02:28.994 [main] DataProviderH2 - connection: [1] {}
[INFO ] 2021-12-25 19:02:29.003 [main] DataProviderH2 - connection: [2] {}
[INFO ] 2021-12-25 19:02:29.003 [main] DataProviderH2 - connection: [4] {}
[INFO ] 2021-12-25 19:02:29.003 [main] DataProviderH2 - h2ToMedicalDeviceList: [1] {}
[INFO ] 2021-12-25 19:02:29.003 [main] DataProviderH2 - h2ToMedicalDeviceList: [2] {}
[INFO ] 2021-12-25 19:02:29.003 [main] DataProviderH2 - h2ToMedicalDeviceList: [4] {}
[INFO ] 2021-12-25 19:02:29.003 [main] DataProviderH2 - closeConnection: [1] {}
[INFO ] 2021-12-25 19:02:29.018 [main] DataProviderH2 - getMedicalDeviceByBarcode: [2] {}
[INFO ] 2021-12-25 19:02:29.018 [main] DataProviderH2 - getMedicalDeviceByBarcode: [1] {}
[INFO ] 2021-12-25 19:02:29.018 [main] DataProviderH2 - connection: [1] {}
[INFO ] 2021-12-25 19:02:29.031 [main] DataProviderH2 - connection: [2] {}
[INFO ] 2021-12-25 19:02:29.031 [main] DataProviderH2 - connection: [4] {}
[INFO ] 2021-12-25 19:02:29.032 [main] DataProviderH2 - h2ToMedicalDeviceList: [1] {}
[INFO ] 2021-12-25 19:02:29.032 [main] DataProviderH2 - h2ToMedicalDeviceList: [2] {}
[INFO ] 2021-12-25 19:02:29.032 [main] DataProviderH2 - h2ToMedicalDeviceList: [4] {}
[INFO ] 2021-12-25 19:02:29.032 [main] DataProviderH2 - closeConnection: [1] {}
[INFO ] 2021-12-25 19:02:29.046 [main] DataProviderH2 - getMedicalDeviceByBarcode: [2] {}
[INFO ] 2021-12-25 19:02:29.047 [main] DataProviderH2 - searchPharmacyProductByCategory [1] {}
[INFO ] 2021-12-25 19:02:29.047 [main] DataProviderH2 - searchPharmacyProductByCategory [1] {}
[INFO ] 2021-12-25 19:02:29.048 [main] DataProviderH2 - getMeddicines: [1] {}
[INFO ] 2021-12-25 19:02:29.048 [main] DataProviderH2 - readMeddicinesFromH2M: [1] {}
[INFO ] 2021-12-25 19:02:29.048 [main] DataProviderH2 - connection: [1] {}
[INFO ] 2021-12-25 19:02:29.058 [main] DataProviderH2 - connection: [2] {}
[INFO ] 2021-12-25 19:02:29.058 [main] DataProviderH2 - connection: [4] {}
[INFO ] 2021-12-25 19:02:29.058 [main] DataProviderH2 - h2ToMeddicineList: [1] {}
[INFO ] 2021-12-25 19:02:29.058 [main] DataProviderH2 - h2ToMeddicineList: [2] {}
[INFO ] 2021-12-25 19:02:29.058 [main] DataProviderH2 - h2ToMeddicineList: [4] {}
[INFO ] 2021-12-25 19:02:29.059 [main] DataProviderH2 - closeConnection: [1] {}
[INFO ] 2021-12-25 19:02:29.074 [main] DataProviderH2 - readMeddicinesFromH2M: [2] {}
[INFO ] 2021-12-25 19:02:29.076 [main] DataProviderH2 - readFromH2: [4] {}
[INFO ] 2021-12-25 19:02:29.076 [main] DataProviderH2 - getMeddicines: [2] {}
[INFO ] 2021-12-25 19:02:29.076 [main] DataProviderH2 - getMeddicines: [4] {}
[INFO ] 2021-12-25 19:02:29.076 [main] DataProviderH2 - searchPharmacyProductByCategory [2] {}
[INFO ] 2021-12-25 19:02:29.076 [main] DataProviderH2 - searchPharmacyProductByCategory [2] {}
[INFO ] 2021-12-25 19:02:29.076 [main] DataProviderH2 - searchPharmacyMedicalDeviceByCategory [1] {}
[INFO ] 2021-12-25 19:02:29.076 [main] DataProviderH2 - getMedicalDevices: [1] {}
[INFO ] 2021-12-25 19:02:29.076 [main] DataProviderH2 - readMedicalDeviceFromH2M: [1] {}
[INFO ] 2021-12-25 19:02:29.076 [main] DataProviderH2 - connection: [1] {}
[INFO ] 2021-12-25 19:02:29.087 [main] DataProviderH2 - connection: [2] {}
[INFO ] 2021-12-25 19:02:29.087 [main] DataProviderH2 - connection: [4] {}
[INFO ] 2021-12-25 19:02:29.087 [main] DataProviderH2 - h2ToMedicalDeviceList: [1] {}
[INFO ] 2021-12-25 19:02:29.087 [main] DataProviderH2 - h2ToMedicalDeviceList: [2] {}
[INFO ] 2021-12-25 19:02:29.087 [main] DataProviderH2 - h2ToMedicalDeviceList: [4] {}
[INFO ] 2021-12-25 19:02:29.087 [main] DataProviderH2 - closeConnection: [1] {}
[INFO ] 2021-12-25 19:02:29.106 [main] DataProviderH2 - readMedicalDeviceFromH2M: [2] {}
[INFO ] 2021-12-25 19:02:29.106 [main] DataProviderH2 - readMedicalDeviceFromH2M: [4] {}
[INFO ] 2021-12-25 19:02:29.106 [main] DataProviderH2 - getMedicalDevices: [2] {}
[INFO ] 2021-12-25 19:02:29.106 [main] DataProviderH2 - getMedicalDevices: [4] {}
[INFO ] 2021-12-25 19:02:29.106 [main] DataProviderH2 - searchPharmacyMedicalDeviceByCategory [2] {}
[INFO ] 2021-12-25 19:02:29.106 [main] DataProviderH2 - searchPharmacyProductByCategory [3] {} This category is empty
[INFO ] 2021-12-25 19:02:29.106 [main] DataProviderH2 - searchPharmacyProductByCategory [7] {}
[INFO ] 2021-12-25 19:02:29.107 [main] DataProviderH2 - getMeddicines: [1] {}
[INFO ] 2021-12-25 19:02:29.107 [main] DataProviderH2 - readMeddicinesFromH2M: [1] {}
[INFO ] 2021-12-25 19:02:29.107 [main] DataProviderH2 - connection: [1] {}
[INFO ] 2021-12-25 19:02:29.118 [main] DataProviderH2 - connection: [2] {}
[INFO ] 2021-12-25 19:02:29.119 [main] DataProviderH2 - connection: [4] {}
[INFO ] 2021-12-25 19:02:29.119 [main] DataProviderH2 - h2ToMeddicineList: [1] {}
[INFO ] 2021-12-25 19:02:29.119 [main] DataProviderH2 - h2ToMeddicineList: [2] {}
[INFO ] 2021-12-25 19:02:29.119 [main] DataProviderH2 - h2ToMeddicineList: [4] {}
[INFO ] 2021-12-25 19:02:29.119 [main] DataProviderH2 - closeConnection: [1] {}
[INFO ] 2021-12-25 19:02:29.133 [main] DataProviderH2 - readMeddicinesFromH2M: [2] {}
[INFO ] 2021-12-25 19:02:29.134 [main] DataProviderH2 - readFromH2: [4] {}
[INFO ] 2021-12-25 19:02:29.134 [main] DataProviderH2 - getMeddicines: [2] {}
[INFO ] 2021-12-25 19:02:29.134 [main] DataProviderH2 - getMeddicines: [4] {}
[INFO ] 2021-12-25 19:02:29.136 [main] DataProviderH2 - searchPharmacyProductByName [1] {}
[INFO ] 2021-12-25 19:02:29.136 [main] DataProviderH2 - searchMeddicineByName [1] {}
[INFO ] 2021-12-25 19:02:29.136 [main] DataProviderH2 - getMeddicines: [1] {}
[INFO ] 2021-12-25 19:02:29.136 [main] DataProviderH2 - readMeddicinesFromH2M: [1] {}
[INFO ] 2021-12-25 19:02:29.136 [main] DataProviderH2 - connection: [1] {}
[INFO ] 2021-12-25 19:02:29.147 [main] DataProviderH2 - connection: [2] {}
[INFO ] 2021-12-25 19:02:29.147 [main] DataProviderH2 - connection: [4] {}
[INFO ] 2021-12-25 19:02:29.147 [main] DataProviderH2 - h2ToMeddicineList: [1] {}
[INFO ] 2021-12-25 19:02:29.147 [main] DataProviderH2 - h2ToMeddicineList: [2] {}
[INFO ] 2021-12-25 19:02:29.147 [main] DataProviderH2 - h2ToMeddicineList: [4] {}
[INFO ] 2021-12-25 19:02:29.148 [main] DataProviderH2 - closeConnection: [1] {}
[INFO ] 2021-12-25 19:02:29.163 [main] DataProviderH2 - readMeddicinesFromH2M: [2] {}
[INFO ] 2021-12-25 19:02:29.164 [main] DataProviderH2 - readFromH2: [4] {}
[INFO ] 2021-12-25 19:02:29.164 [main] DataProviderH2 - getMeddicines: [2] {}
[INFO ] 2021-12-25 19:02:29.164 [main] DataProviderH2 - getMeddicines: [4] {}
[INFO ] 2021-12-25 19:02:29.164 [main] DataProviderH2 - searchMeddicineByName [2] {}
[INFO ] 2021-12-25 19:02:29.164 [main] DataProviderH2 - searchMedicalDeviceByName [1] {}
[INFO ] 2021-12-25 19:02:29.164 [main] DataProviderH2 - getMedicalDevices: [1] {}
[INFO ] 2021-12-25 19:02:29.164 [main] DataProviderH2 - readMedicalDeviceFromH2M: [1] {}
[INFO ] 2021-12-25 19:02:29.164 [main] DataProviderH2 - connection: [1] {}
[INFO ] 2021-12-25 19:02:29.174 [main] DataProviderH2 - connection: [2] {}
[INFO ] 2021-12-25 19:02:29.174 [main] DataProviderH2 - connection: [4] {}
[INFO ] 2021-12-25 19:02:29.174 [main] DataProviderH2 - h2ToMedicalDeviceList: [1] {}
[INFO ] 2021-12-25 19:02:29.174 [main] DataProviderH2 - h2ToMedicalDeviceList: [2] {}
[INFO ] 2021-12-25 19:02:29.174 [main] DataProviderH2 - h2ToMedicalDeviceList: [4] {}
[INFO ] 2021-12-25 19:02:29.174 [main] DataProviderH2 - closeConnection: [1] {}
