[ERROR] 2021-12-25 18:33:47.232 [main] DataProviderH2 - getTheAnaloguesByBarcode [3] {} class java.util.ArrayList cannot be cast to class project.model.Meddicine (java.util.ArrayList is in module java.base of loader 'bootstrap'; project.model.Meddicine is in unnamed module of loader 'app')
[INFO ] 2021-12-25 18:51:23.191 [main] DataProviderH2 - getTheAnaloguesByBarcode [1] {}
[INFO ] 2021-12-25 18:51:23.199 [main] DataProviderH2 - getMeddicineByBarcode: [1] {}
[INFO ] 2021-12-25 18:51:23.200 [main] DataProviderH2 - connection: [1] {}
[INFO ] 2021-12-25 18:51:23.466 [main] DataProviderH2 - connection: [2] {}
[INFO ] 2021-12-25 18:51:23.467 [main] DataProviderH2 - connection: [4] {}
[INFO ] 2021-12-25 18:51:23.468 [main] DataProviderH2 - h2ToMeddicineList: [1] {}
[INFO ] 2021-12-25 18:51:23.472 [main] DataProviderH2 - h2ToMeddicineList: [2] {}
[INFO ] 2021-12-25 18:51:23.472 [main] DataProviderH2 - h2ToMeddicineList: [4] {}
[INFO ] 2021-12-25 18:51:23.472 [main] DataProviderH2 - closeConnection: [1] {}
[INFO ] 2021-12-25 18:51:23.491 [main] DataProviderH2 - getMeddicineByBarcode: [2] {}
[ERROR] 2021-12-25 18:51:23.491 [main] DataProviderH2 - getTheAnaloguesByBarcode [3] {} class java.util.ArrayList cannot be cast to class project.model.Meddicine (java.util.ArrayList is in module java.base of loader 'bootstrap'; project.model.Meddicine is in unnamed module of loader 'app')
[INFO ] 2021-12-25 18:53:33.931 [main] DataProviderH2 - getTheAnaloguesByBarcode [1] {}
[INFO ] 2021-12-25 18:53:33.932 [main] DataProviderH2 - readMeddicinesFromH2M: [1] {}
[INFO ] 2021-12-25 18:53:33.936 [main] DataProviderH2 - connection: [1] {}
[INFO ] 2021-12-25 18:53:34.198 [main] DataProviderH2 - connection: [2] {}
[INFO ] 2021-12-25 18:53:34.198 [main] DataProviderH2 - connection: [4] {}
[INFO ] 2021-12-25 18:53:34.199 [main] DataProviderH2 - h2ToMeddicineList: [1] {}
[INFO ] 2021-12-25 18:53:34.201 [main] DataProviderH2 - h2ToMeddicineList: [2] {}
[INFO ] 2021-12-25 18:53:34.201 [main] DataProviderH2 - h2ToMeddicineList: [4] {}
[INFO ] 2021-12-25 18:53:34.201 [main] DataProviderH2 - closeConnection: [1] {}
[INFO ] 2021-12-25 18:53:34.223 [main] DataProviderH2 - readMeddicinesFromH2M: [2] {}
[INFO ] 2021-12-25 18:53:34.223 [main] DataProviderH2 - readFromH2: [4] {}
[INFO ] 2021-12-25 18:53:34.224 [main] DataProviderH2 - getTheAnaloguesOfMedicine [1] {}
[INFO ] 2021-12-25 18:53:34.224 [main] DataProviderH2 - getMeddicines: [1] {}
[INFO ] 2021-12-25 18:53:34.225 [main] DataProviderH2 - readMeddicinesFromH2M: [1] {}
[INFO ] 2021-12-25 18:53:34.225 [main] DataProviderH2 - connection: [1] {}
[INFO ] 2021-12-25 18:53:34.250 [main] DataProviderH2 - connection: [2] {}
[INFO ] 2021-12-25 18:53:34.250 [main] DataProviderH2 - connection: [4] {}
[INFO ] 2021-12-25 18:53:34.251 [main] DataProviderH2 - h2ToMeddicineList: [1] {}
[INFO ] 2021-12-25 18:53:34.251 [main] DataProviderH2 - h2ToMeddicineList: [2] {}
[INFO ] 2021-12-25 18:53:34.251 [main] DataProviderH2 - h2ToMeddicineList: [4] {}
[INFO ] 2021-12-25 18:53:34.251 [main] DataProviderH2 - closeConnection: [1] {}
[INFO ] 2021-12-25 18:53:34.271 [main] DataProviderH2 - readMeddicinesFromH2M: [2] {}
[INFO ] 2021-12-25 18:53:34.271 [main] DataProviderH2 - readFromH2: [4] {}
[INFO ] 2021-12-25 18:53:34.271 [main] DataProviderH2 - getMeddicines: [2] {}
[INFO ] 2021-12-25 18:53:34.272 [main] DataProviderH2 - getMeddicines: [4] {}
[INFO ] 2021-12-25 18:53:34.272 [main] DataProviderH2 - getTheAnaloguesOfMedicine [2] {}
[INFO ] 2021-12-25 18:53:34.272 [main] DataProviderH2 - getTheAnaloguesOfMedicine [4] {}
[INFO ] 2021-12-25 18:53:34.273 [main] DataProviderH2 - getTheAnaloguesByBarcode [2] {}
[INFO ] 2021-12-25 18:54:10.124 [main] DataProviderH2 - getTheAnaloguesByBarcode [1] {}
[INFO ] 2021-12-25 18:54:10.128 [main] DataProviderH2 - readMeddicinesFromH2M: [1] {}
[INFO ] 2021-12-25 18:54:10.129 [main] DataProviderH2 - connection: [1] {}
[INFO ] 2021-12-25 18:54:10.400 [main] DataProviderH2 - connection: [2] {}
[INFO ] 2021-12-25 18:54:10.401 [main] DataProviderH2 - connection: [4] {}
[INFO ] 2021-12-25 18:54:10.402 [main] DataProviderH2 - h2ToMeddicineList: [1] {}
[INFO ] 2021-12-25 18:54:10.407 [main] DataProviderH2 - h2ToMeddicineList: [2] {}
[INFO ] 2021-12-25 18:54:10.407 [main] DataProviderH2 - h2ToMeddicineList: [4] {}
[INFO ] 2021-12-25 18:54:10.407 [main] DataProviderH2 - closeConnection: [1] {}
[INFO ] 2021-12-25 18:54:10.425 [main] DataProviderH2 - readMeddicinesFromH2M: [2] {}
[INFO ] 2021-12-25 18:54:10.426 [main] DataProviderH2 - readFromH2: [4] {}
[ERROR] 2021-12-25 18:54:10.427 [main] DataProviderH2 - getTheAnaloguesByBarcode [3] {} No value present
[INFO ] 2021-12-25 18:55:28.500 [main] DataProviderH2 - getTheAnaloguesByBarcode [1] {}
[INFO ] 2021-12-25 18:55:28.504 [main] DataProviderH2 - readMeddicinesFromH2M: [1] {}
[INFO ] 2021-12-25 18:55:28.505 [main] DataProviderH2 - connection: [1] {}
[INFO ] 2021-12-25 18:55:28.777 [main] DataProviderH2 - connection: [2] {}
[INFO ] 2021-12-25 18:55:28.777 [main] DataProviderH2 - connection: [4] {}
[INFO ] 2021-12-25 18:55:28.778 [main] DataProviderH2 - h2ToMeddicineList: [1] {}
[INFO ] 2021-12-25 18:55:28.780 [main] DataProviderH2 - h2ToMeddicineList: [2] {}
[INFO ] 2021-12-25 18:55:28.781 [main] DataProviderH2 - h2ToMeddicineList: [4] {}
[INFO ] 2021-12-25 18:55:28.781 [main] DataProviderH2 - closeConnection: [1] {}
[INFO ] 2021-12-25 18:55:28.801 [main] DataProviderH2 - readMeddicinesFromH2M: [2] {}
[INFO ] 2021-12-25 18:55:28.802 [main] DataProviderH2 - readFromH2: [4] {}
[ERROR] 2021-12-25 18:55:28.803 [main] DataProviderH2 - getTheAnaloguesByBarcode [3] {} No value present
[INFO ] 2021-12-25 19:00:08.532 [main] DataProviderH2 - getTheAnaloguesByBarcode [1] {}
[INFO ] 2021-12-25 19:00:08.535 [main] DataProviderH2 - readMeddicinesFromH2M: [1] {}
[INFO ] 2021-12-25 19:00:08.536 [main] DataProviderH2 - connection: [1] {}
[INFO ] 2021-12-25 19:00:08.810 [main] DataProviderH2 - connection: [2] {}
[INFO ] 2021-12-25 19:00:08.810 [main] DataProviderH2 - connection: [4] {}
[INFO ] 2021-12-25 19:00:08.810 [main] DataProviderH2 - h2ToMeddicineList: [1] {}
[INFO ] 2021-12-25 19:00:08.812 [main] DataProviderH2 - h2ToMeddicineList: [2] {}
[INFO ] 2021-12-25 19:00:08.813 [main] DataProviderH2 - h2ToMeddicineList: [4] {}
[INFO ] 2021-12-25 19:00:08.813 [main] DataProviderH2 - closeConnection: [1] {}
[INFO ] 2021-12-25 19:00:08.831 [main] DataProviderH2 - readMeddicinesFromH2M: [2] {}
[INFO ] 2021-12-25 19:00:08.832 [main] DataProviderH2 - readFromH2: [4] {}
[INFO ] 2021-12-25 19:00:08.832 [main] DataProviderH2 - getTheAnaloguesByBarcode [3] {}
[INFO ] 2021-12-25 19:00:42.229 [main] DataProviderH2 - searchPharmacyProductByCategory [1] {}
[INFO ] 2021-12-25 19:00:42.232 [main] DataProviderH2 - searchPharmacyProductByCategory [1] {}
[INFO ] 2021-12-25 19:00:42.233 [main] DataProviderH2 - getMeddicines: [1] {}
[INFO ] 2021-12-25 19:00:42.234 [main] DataProviderH2 - readMeddicinesFromH2M: [1] {}
[INFO ] 2021-12-25 19:00:42.234 [main] DataProviderH2 - connection: [1] {}
[INFO ] 2021-12-25 19:00:42.510 [main] DataProviderH2 - connection: [2] {}
[INFO ] 2021-12-25 19:00:42.510 [main] DataProviderH2 - connection: [4] {}
[INFO ] 2021-12-25 19:00:42.511 [main] DataProviderH2 - h2ToMeddicineList: [1] {}
[INFO ] 2021-12-25 19:00:42.514 [main] DataProviderH2 - h2ToMeddicineList: [2] {}
[INFO ] 2021-12-25 19:00:42.514 [main] DataProviderH2 - h2ToMeddicineList: [4] {}
[INFO ] 2021-12-25 19:00:42.514 [main] DataProviderH2 - closeConnection: [1] {}
[INFO ] 2021-12-25 19:00:42.534 [main] DataProviderH2 - readMeddicinesFromH2M: [2] {}
[INFO ] 2021-12-25 19:00:42.535 [main] DataProviderH2 - readFromH2: [4] {}
[INFO ] 2021-12-25 19:00:42.535 [main] DataProviderH2 - getMeddicines: [2] {}
[INFO ] 2021-12-25 19:00:42.535 [main] DataProviderH2 - getMeddicines: [4] {}
[INFO ] 2021-12-25 19:00:42.535 [main] DataProviderH2 - searchPharmacyProductByCategory [2] {}
[INFO ] 2021-12-25 19:00:42.536 [main] DataProviderH2 - searchPharmacyProductByCategory [2] {}
[INFO ] 2021-12-25 19:00:42.536 [main] DataProviderH2 - searchPharmacyMedicalDeviceByCategory [1] {}
[INFO ] 2021-12-25 19:00:42.536 [main] DataProviderH2 - getMedicalDevices: [1] {}
[INFO ] 2021-12-25 19:00:42.536 [main] DataProviderH2 - readMedicalDeviceFromH2M: [1] {}
[INFO ] 2021-12-25 19:00:42.536 [main] DataProviderH2 - connection: [1] {}
[INFO ] 2021-12-25 19:00:42.563 [main] DataProviderH2 - connection: [2] {}
[INFO ] 2021-12-25 19:00:42.563 [main] DataProviderH2 - connection: [4] {}
[INFO ] 2021-12-25 19:00:42.563 [main] DataProviderH2 - h2ToMedicalDeviceList: [1] {}
[INFO ] 2021-12-25 19:00:42.565 [main] DataProviderH2 - h2ToMedicalDeviceList: [2] {}
[INFO ] 2021-12-25 19:00:42.565 [main] DataProviderH2 - h2ToMedicalDeviceList: [4] {}
[INFO ] 2021-12-25 19:00:42.565 [main] DataProviderH2 - closeConnection: [1] {}
[INFO ] 2021-12-25 19:00:42.586 [main] DataProviderH2 - readMedicalDeviceFromH2M: [2] {}
[INFO ] 2021-12-25 19:00:42.586 [main] DataProviderH2 - readMedicalDeviceFromH2M: [4] {}
[INFO ] 2021-12-25 19:00:42.586 [main] DataProviderH2 - getMedicalDevices: [2] {}
[INFO ] 2021-12-25 19:00:42.586 [main] DataProviderH2 - getMedicalDevices: [4] {}
[INFO ] 2021-12-25 19:00:42.587 [main] DataProviderH2 - searchPharmacyMedicalDeviceByCategory [2] {}
[INFO ] 2021-12-25 19:00:42.587 [main] DataProviderH2 - searchPharmacyProductByCategory [3] {} This category is empty
[INFO ] 2021-12-25 19:00:42.587 [main] DataProviderH2 - searchPharmacyProductByCategory [7] {}
[INFO ] 2021-12-25 19:00:42.588 [main] DataProviderH2 - sortPharmacyProductMinToMax [1] {}
[INFO ] 2021-12-25 19:00:42.589 [main] DataProviderH2 - sortPharmacyProductMinToMax [2] {}
[INFO ] 2021-12-25 19:01:13.132 [main] DataProviderH2 - searchPharmacyProductByCategory [1] {}
[INFO ] 2021-12-25 19:01:13.137 [main] DataProviderH2 - searchPharmacyProductByCategory [1] {}
[INFO ] 2021-12-25 19:01:13.138 [main] DataProviderH2 - getMeddicines: [1] {}
[INFO ] 2021-12-25 19:01:13.139 [main] DataProviderH2 - readMeddicinesFromH2M: [1] {}
[INFO ] 2021-12-25 19:01:13.140 [main] DataProviderH2 - connection: [1] {}
