[INFO ] 2021-12-26 17:14:21.876 [main] DataProviderH2 - getMeddicines: [1] {}
[INFO ] 2021-12-26 17:14:21.885 [main] DataProviderH2 - readMeddicinesFromH2M: [1] {}
[INFO ] 2021-12-26 17:14:21.885 [main] DataProviderH2 - connection: [1] {}
[INFO ] 2021-12-26 17:14:22.092 [main] DataProviderH2 - connection: [2] {}
[INFO ] 2021-12-26 17:14:22.093 [main] DataProviderH2 - connection: [4] {}
[INFO ] 2021-12-26 17:14:22.094 [main] DataProviderH2 - h2ToMeddicineList: [1] {}
[INFO ] 2021-12-26 17:14:22.096 [main] DataProviderH2 - h2ToMeddicineList: [2] {}
[INFO ] 2021-12-26 17:14:22.096 [main] DataProviderH2 - h2ToMeddicineList: [4] {}
[INFO ] 2021-12-26 17:14:22.096 [main] DataProviderH2 - closeConnection: [1] {}
[INFO ] 2021-12-26 17:14:22.112 [main] DataProviderH2 - readMeddicinesFromH2M: [2] {}
[INFO ] 2021-12-26 17:14:22.113 [main] DataProviderH2 - readFromH2: [4] {}
[INFO ] 2021-12-26 17:14:22.113 [main] DataProviderH2 - getMeddicines: [2] {}
[INFO ] 2021-12-26 17:14:22.113 [main] DataProviderH2 - getMeddicines: [4] {}
[INFO ] 2021-12-26 17:14:22.114 [main] DataProviderH2 - searchMeddicineByName [2] {}
[INFO ] 2021-12-26 17:14:22.114 [main] DataProviderH2 - searchMedicalDeviceByName [1] {}
[INFO ] 2021-12-26 17:14:22.114 [main] DataProviderH2 - getMedicalDevices: [1] {}
[INFO ] 2021-12-26 17:14:22.115 [main] DataProviderH2 - readMedicalDeviceFromH2M: [1] {}
[INFO ] 2021-12-26 17:14:22.115 [main] DataProviderH2 - connection: [1] {}
[INFO ] 2021-12-26 17:14:22.135 [main] DataProviderH2 - connection: [2] {}
[INFO ] 2021-12-26 17:14:22.135 [main] DataProviderH2 - connection: [4] {}
[INFO ] 2021-12-26 17:14:22.136 [main] DataProviderH2 - h2ToMedicalDeviceList: [1] {}
[INFO ] 2021-12-26 17:14:22.137 [main] DataProviderH2 - h2ToMedicalDeviceList: [2] {}
[INFO ] 2021-12-26 17:14:22.137 [main] DataProviderH2 - h2ToMedicalDeviceList: [4] {}
[INFO ] 2021-12-26 17:14:22.137 [main] DataProviderH2 - closeConnection: [1] {}
[INFO ] 2021-12-26 17:14:22.150 [main] DataProviderH2 - readMedicalDeviceFromH2M: [2] {}
[INFO ] 2021-12-26 17:14:22.151 [main] DataProviderH2 - readMedicalDeviceFromH2M: [4] {}
[INFO ] 2021-12-26 17:14:22.151 [main] DataProviderH2 - getMedicalDevices: [2] {}
[INFO ] 2021-12-26 17:14:22.151 [main] DataProviderH2 - getMedicalDevices: [4] {}
[INFO ] 2021-12-26 17:14:22.151 [main] DataProviderH2 - searchMedicalDeviceByName [2] {}
[INFO ] 2021-12-26 17:14:22.152 [main] DataProviderH2 - searchPharmacyProductByName [2] {}
[INFO ] 2021-12-26 17:14:22.152 [main] DataProviderH2 - searchPharmacyProductByName [3] {}
[INFO ] 2021-12-26 17:14:22.152 [main] DataProviderH2 - searchPharmacyProductByName [5] {}
[INFO ] 2021-12-26 17:14:22.152 [main] DataProviderH2 - createOrder [1] {}
[INFO ] 2021-12-26 17:14:22.153 [main] DataProviderH2 - updateOrders: [1] {}
[INFO ] 2021-12-26 17:14:22.153 [main] DataProviderH2 - connection: [1] {}
[INFO ] 2021-12-26 17:14:22.171 [main] DataProviderH2 - connection: [2] {}
[INFO ] 2021-12-26 17:14:22.171 [main] DataProviderH2 - connection: [4] {}
[INFO ] 2021-12-26 17:14:22.171 [main] DataProviderH2 - isInDataOrder [1] {}
[INFO ] 2021-12-26 17:14:22.172 [main] DataProviderH2 - getOrders: [1] {}
[INFO ] 2021-12-26 17:14:22.172 [main] DataProviderH2 - readH2Order: [1] {}
[INFO ] 2021-12-26 17:14:22.172 [main] DataProviderH2 - connection: [1] {}
[INFO ] 2021-12-26 17:14:22.172 [main] DataProviderH2 - connection: [2] {}
[INFO ] 2021-12-26 17:14:22.172 [main] DataProviderH2 - connection: [4] {}
[INFO ] 2021-12-26 17:14:22.172 [main] DataProviderH2 - h2ToOrderList: [1] {}
[INFO ] 2021-12-26 17:14:22.173 [main] DataProviderH2 - h2ToOrderList: [2] {}
[INFO ] 2021-12-26 17:14:22.173 [main] DataProviderH2 - h2ToOrderList: [4] {}
[INFO ] 2021-12-26 17:14:22.173 [main] DataProviderH2 - closeConnection: [1] {}
[INFO ] 2021-12-26 17:14:22.173 [main] DataProviderH2 - readH2Order: [2] {}
[INFO ] 2021-12-26 17:14:22.173 [main] DataProviderH2 - readH2Order: [4] {}
[INFO ] 2021-12-26 17:14:22.173 [main] DataProviderH2 - getOrders: [2] {}
[INFO ] 2021-12-26 17:14:22.174 [main] DataProviderH2 - getOrders: [4] {}
[INFO ] 2021-12-26 17:14:22.175 [main] DataProviderH2 - takeHistoryOrders [1] {}
[INFO ] 2021-12-26 17:14:22.175 [main] DataProviderH2 - isInDataOrder [1] {}
[INFO ] 2021-12-26 17:14:22.175 [main] DataProviderH2 - getOrders: [1] {}
[INFO ] 2021-12-26 17:14:22.176 [main] DataProviderH2 - readH2Order: [1] {}
[INFO ] 2021-12-26 17:14:22.176 [main] DataProviderH2 - connection: [1] {}
[INFO ] 2021-12-26 17:14:22.177 [main] DataProviderH2 - connection: [2] {}
[INFO ] 2021-12-26 17:14:22.177 [main] DataProviderH2 - connection: [4] {}
[INFO ] 2021-12-26 17:14:22.177 [main] DataProviderH2 - h2ToOrderList: [1] {}
[INFO ] 2021-12-26 17:14:22.178 [main] DataProviderH2 - h2ToOrderList: [2] {}
[INFO ] 2021-12-26 17:14:22.178 [main] DataProviderH2 - h2ToOrderList: [4] {}
[INFO ] 2021-12-26 17:14:22.178 [main] DataProviderH2 - closeConnection: [1] {}
[INFO ] 2021-12-26 17:14:22.178 [main] DataProviderH2 - readH2Order: [2] {}
[INFO ] 2021-12-26 17:14:22.178 [main] DataProviderH2 - readH2Order: [4] {}
[INFO ] 2021-12-26 17:14:22.178 [main] DataProviderH2 - getOrders: [2] {}
[INFO ] 2021-12-26 17:14:22.179 [main] DataProviderH2 - getOrders: [4] {}
[INFO ] 2021-12-26 17:14:22.179 [main] DataProviderH2 - getOrders: [1] {}
[INFO ] 2021-12-26 17:14:22.179 [main] DataProviderH2 - readH2Order: [1] {}
[INFO ] 2021-12-26 17:14:22.179 [main] DataProviderH2 - connection: [1] {}
[INFO ] 2021-12-26 17:14:22.180 [main] DataProviderH2 - connection: [2] {}
[INFO ] 2021-12-26 17:14:22.180 [main] DataProviderH2 - connection: [4] {}
[INFO ] 2021-12-26 17:14:22.181 [main] DataProviderH2 - h2ToOrderList: [1] {}
[INFO ] 2021-12-26 17:14:22.181 [main] DataProviderH2 - h2ToOrderList: [2] {}
[INFO ] 2021-12-26 17:14:22.181 [main] DataProviderH2 - h2ToOrderList: [4] {}
[INFO ] 2021-12-26 17:14:22.181 [main] DataProviderH2 - closeConnection: [1] {}
[INFO ] 2021-12-26 17:14:22.181 [main] DataProviderH2 - readH2Order: [2] {}
[INFO ] 2021-12-26 17:14:22.181 [main] DataProviderH2 - readH2Order: [4] {}
[INFO ] 2021-12-26 17:14:22.181 [main] DataProviderH2 - getOrders: [2] {}
[INFO ] 2021-12-26 17:14:22.182 [main] DataProviderH2 - getOrders: [4] {}
[INFO ] 2021-12-26 17:14:22.186 [main] HistoryContent - putOrderHistory: [1] {}
[INFO ] 2021-12-26 17:14:22.564 [main] HistoryContent - putOrderHistory: [2] {}
[INFO ] 2021-12-26 17:14:23.832 [main] DataProviderH2 - updateOrders: [3] {}
[INFO ] 2021-12-26 17:14:23.833 [main] DataProviderH2 - closeConnection: [1] {}
[INFO ] 2021-12-26 17:14:23.853 [main] DataProviderH2 - updateOrders: [5] {}
[INFO ] 2021-12-26 17:14:23.854 [main] DataProviderH2 - connection: [1] {}
[INFO ] 2021-12-26 17:14:23.868 [main] DataProviderH2 - connection: [2] {}
[INFO ] 2021-12-26 17:14:23.869 [main] DataProviderH2 - connection: [4] {}
[INFO ] 2021-12-26 17:14:23.869 [main] DataProviderH2 - takeHistoryUsers [1] {}
[INFO ] 2021-12-26 17:14:23.869 [main] DataProviderH2 - getUsers: [1] {}
[INFO ] 2021-12-26 17:14:23.869 [main] DataProviderH2 - readFromH2: [1] {}
[INFO ] 2021-12-26 17:14:23.869 [main] DataProviderH2 - connection: [1] {}
[INFO ] 2021-12-26 17:14:23.870 [main] DataProviderH2 - connection: [2] {}
[INFO ] 2021-12-26 17:14:23.871 [main] DataProviderH2 - connection: [4] {}
[INFO ] 2021-12-26 17:14:23.871 [main] DataProviderH2 - h2ToUserListUser: [1] {}
[INFO ] 2021-12-26 17:14:23.871 [main] DataProviderH2 - h2ToUserListUser: [2] {}
[INFO ] 2021-12-26 17:14:23.871 [main] DataProviderH2 - h2ToUserListUser: [4] {}
[INFO ] 2021-12-26 17:14:23.871 [main] DataProviderH2 - closeConnection: [1] {}
[INFO ] 2021-12-26 17:14:23.871 [main] DataProviderH2 - readFromH2: [2] {}
[INFO ] 2021-12-26 17:14:23.871 [main] DataProviderH2 - readFromH2: [4] {}
[INFO ] 2021-12-26 17:14:23.872 [main] DataProviderH2 - getUsers: [2] {}
[INFO ] 2021-12-26 17:14:23.872 [main] DataProviderH2 - getUsers: [4] {}
[ERROR] 2021-12-26 17:14:23.872 [main] DataProviderH2 - takeHistoryUsers: [2] {} No value present
[INFO ] 2021-12-26 17:14:23.881 [main] DataProviderH2 - closeConnection: [1] {}
[INFO ] 2021-12-26 17:14:23.897 [main] DataProviderH2 - updateUsers: [2] {}
[INFO ] 2021-12-26 17:14:23.897 [main] DataProviderH2 - createOrder [2] {}
[INFO ] 2021-12-26 17:22:41.435 [main] DataProviderH2 - searchPharmacyProductByName [1] {}
[INFO ] 2021-12-26 17:22:41.437 [main] DataProviderH2 - searchMeddicineByName [1] {}
[INFO ] 2021-12-26 17:22:41.438 [main] DataProviderH2 - getMeddicines: [1] {}
[INFO ] 2021-12-26 17:22:41.439 [main] DataProviderH2 - readMeddicinesFromH2M: [1] {}
[INFO ] 2021-12-26 17:22:41.439 [main] DataProviderH2 - connection: [1] {}
[INFO ] 2021-12-26 17:22:41.678 [main] DataProviderH2 - connection: [2] {}
[INFO ] 2021-12-26 17:22:41.679 [main] DataProviderH2 - connection: [4] {}
[INFO ] 2021-12-26 17:22:41.679 [main] DataProviderH2 - h2ToMeddicineList: [1] {}
[INFO ] 2021-12-26 17:22:41.682 [main] DataProviderH2 - h2ToMeddicineList: [2] {}
[INFO ] 2021-12-26 17:22:41.683 [main] DataProviderH2 - h2ToMeddicineList: [4] {}
[INFO ] 2021-12-26 17:22:41.683 [main] DataProviderH2 - closeConnection: [1] {}
[INFO ] 2021-12-26 17:22:41.701 [main] DataProviderH2 - readMeddicinesFromH2M: [2] {}
[INFO ] 2021-12-26 17:22:41.701 [main] DataProviderH2 - readFromH2: [4] {}
[INFO ] 2021-12-26 17:22:41.701 [main] DataProviderH2 - getMeddicines: [2] {}
[INFO ] 2021-12-26 17:22:41.701 [main] DataProviderH2 - getMeddicines: [4] {}
[INFO ] 2021-12-26 17:22:41.702 [main] DataProviderH2 - searchMeddicineByName [2] {}
[INFO ] 2021-12-26 17:22:41.702 [main] DataProviderH2 - searchMedicalDeviceByName [1] {}
[INFO ] 2021-12-26 17:22:41.702 [main] DataProviderH2 - getMedicalDevices: [1] {}
[INFO ] 2021-12-26 17:22:41.702 [main] DataProviderH2 - readMedicalDeviceFromH2M: [1] {}
[INFO ] 2021-12-26 17:22:41.702 [main] DataProviderH2 - connection: [1] {}
[INFO ] 2021-12-26 17:22:41.727 [main] DataProviderH2 - connection: [2] {}
[INFO ] 2021-12-26 17:22:41.727 [main] DataProviderH2 - connection: [4] {}
[INFO ] 2021-12-26 17:22:41.727 [main] DataProviderH2 - h2ToMedicalDeviceList: [1] {}
[INFO ] 2021-12-26 17:22:41.728 [main] DataProviderH2 - h2ToMedicalDeviceList: [2] {}
