[INFO ] 2021-12-25 17:08:27.662 [main] DataProviderXml - searchPharmacyProductByCategory [5] {}
[INFO ] 2021-12-25 17:08:27.669 [main] DataProviderXml - searchPharmacyProductByCategory [7] {}
[INFO ] 2021-12-25 17:09:16.033 [main] DataProviderXml - searchPharmacyProductByCategory [1] {}
[INFO ] 2021-12-25 17:09:16.036 [main] DataProviderXml - searchPharmacyProductByCategory [1] {}
[INFO ] 2021-12-25 17:09:16.037 [main] DataProviderXml - getMeddicines: [1] {}
[INFO ] 2021-12-25 17:09:16.038 [main] DataProviderXml - readXmlMedicine: [1] {}
[INFO ] 2021-12-25 17:09:16.133 [main] DataProviderXml - readXmlMedicine: [3] {}
[INFO ] 2021-12-25 17:09:16.133 [main] DataProviderXml - getMeddicines: [3] {}
[INFO ] 2021-12-25 17:09:16.134 [main] DataProviderXml - searchPharmacyProductByCategory [2] {}
[INFO ] 2021-12-25 17:09:16.142 [main] DataProviderXml - searchPharmacyProductByCategory [2] {}
[INFO ] 2021-12-25 17:09:16.142 [main] DataProviderXml - searchPharmacyMedicalDeviceByCategory [1] {}
[INFO ] 2021-12-25 17:09:16.142 [main] DataProviderXml - getMedicalDevices: [1] {}
[INFO ] 2021-12-25 17:09:16.142 [main] DataProviderXml - readXmlMedicalDevice: [1] {}
[INFO ] 2021-12-25 17:09:16.145 [main] DataProviderXml - readXmlMedicine: [3] {}
[INFO ] 2021-12-25 17:09:16.145 [main] DataProviderXml - getMeddicines: [3] {}
[INFO ] 2021-12-25 17:09:16.146 [main] DataProviderXml - searchPharmacyMedicalDeviceByCategory [2] {}
[INFO ] 2021-12-25 17:09:16.146 [main] DataProviderXml - searchPharmacyProductByCategory [4] {}
[INFO ] 2021-12-25 17:09:16.146 [main] DataProviderXml - searchPharmacyProductByCategory [7] {}
[INFO ] 2021-12-25 17:09:43.952 [main] DataProviderXml - searchPharmacyProductByCategory [1] {}
[INFO ] 2021-12-25 17:09:43.955 [main] DataProviderXml - searchPharmacyProductByCategory [1] {}
[INFO ] 2021-12-25 17:09:43.956 [main] DataProviderXml - getMeddicines: [1] {}
[INFO ] 2021-12-25 17:09:43.958 [main] DataProviderXml - readXmlMedicine: [1] {}
[INFO ] 2021-12-25 17:09:44.059 [main] DataProviderXml - readXmlMedicine: [3] {}
[INFO ] 2021-12-25 17:09:44.059 [main] DataProviderXml - getMeddicines: [3] {}
[INFO ] 2021-12-25 17:09:44.059 [main] DataProviderXml - searchPharmacyProductByCategory [2] {}
[INFO ] 2021-12-25 17:09:44.059 [main] DataProviderXml - searchPharmacyProductByCategory [5] {}
[INFO ] 2021-12-25 17:09:44.060 [main] DataProviderXml - searchPharmacyProductByCategory [7] {}
[INFO ] 2021-12-25 17:10:29.261 [main] DataProviderXml - searchPharmacyProductByCategory [1] {}
[INFO ] 2021-12-25 17:10:29.264 [main] DataProviderXml - searchPharmacyProductByCategory [1] {}
[INFO ] 2021-12-25 17:10:29.265 [main] DataProviderXml - getMeddicines: [1] {}
[INFO ] 2021-12-25 17:10:29.266 [main] DataProviderXml - readXmlMedicine: [1] {}
[INFO ] 2021-12-25 17:10:29.359 [main] DataProviderXml - readXmlMedicine: [3] {}
[INFO ] 2021-12-25 17:10:29.359 [main] DataProviderXml - getMeddicines: [3] {}
[INFO ] 2021-12-25 17:10:29.360 [main] DataProviderXml - searchPharmacyProductByCategory [2] {}
[INFO ] 2021-12-25 17:10:29.360 [main] DataProviderXml - searchPharmacyProductByCategory [2] {}
[INFO ] 2021-12-25 17:10:29.360 [main] DataProviderXml - searchPharmacyMedicalDeviceByCategory [1] {}
[INFO ] 2021-12-25 17:10:29.360 [main] DataProviderXml - getMedicalDevices: [1] {}
[INFO ] 2021-12-25 17:10:29.360 [main] DataProviderXml - readXmlMedicalDevice: [1] {}
[INFO ] 2021-12-25 17:10:29.363 [main] DataProviderXml - readXmlMedicine: [3] {}
[INFO ] 2021-12-25 17:10:29.364 [main] DataProviderXml - getMeddicines: [3] {}
[INFO ] 2021-12-25 17:10:29.364 [main] DataProviderXml - searchPharmacyMedicalDeviceByCategory [2] {}
[INFO ] 2021-12-25 17:10:29.364 [main] DataProviderXml - searchPharmacyProductByCategory [3] {} This category is empty
[INFO ] 2021-12-25 17:10:29.365 [main] DataProviderXml - searchPharmacyProductByCategory [7] {}
[INFO ] 2021-12-25 17:11:21.352 [main] DataProviderXml - searchPharmacyProductByName [1] {}
[INFO ] 2021-12-25 17:11:21.354 [main] DataProviderXml - searchMeddicineByName [1] {}
[INFO ] 2021-12-25 17:11:21.355 [main] DataProviderXml - getMeddicines: [1] {}
[INFO ] 2021-12-25 17:11:21.356 [main] DataProviderXml - readXmlMedicine: [1] {}
[INFO ] 2021-12-25 17:11:21.450 [main] DataProviderXml - readXmlMedicine: [3] {}
[INFO ] 2021-12-25 17:11:21.451 [main] DataProviderXml - getMeddicines: [3] {}
[INFO ] 2021-12-25 17:11:21.452 [main] DataProviderXml - searchMeddicineByName [2] {}
[INFO ] 2021-12-25 17:11:21.452 [main] DataProviderXml - searchMedicalDeviceByName [1] {}
[INFO ] 2021-12-25 17:11:21.452 [main] DataProviderXml - getMedicalDevices: [1] {}
[INFO ] 2021-12-25 17:11:21.452 [main] DataProviderXml - readXmlMedicalDevice: [1] {}
[INFO ] 2021-12-25 17:11:21.455 [main] DataProviderXml - readXmlMedicine: [3] {}
[INFO ] 2021-12-25 17:11:21.456 [main] DataProviderXml - getMeddicines: [3] {}
[INFO ] 2021-12-25 17:11:21.456 [main] DataProviderXml - searchMedicalDeviceByName [2] {}
[INFO ] 2021-12-25 17:11:21.456 [main] DataProviderXml - searchPharmacyProductByName [2] {}
[INFO ] 2021-12-25 17:11:21.456 [main] DataProviderXml - searchPharmacyProductByName [3] {}
[INFO ] 2021-12-25 17:11:21.457 [main] DataProviderXml - searchPharmacyProductByName [5] {}
[INFO ] 2021-12-25 17:11:52.097 [main] DataProviderCsv - searchPharmacyProductByName [1] {}
[INFO ] 2021-12-25 17:11:52.101 [main] DataProviderCsv - searchMeddicineByName [1] {}
[INFO ] 2021-12-25 17:11:52.102 [main] DataProviderCsv - getMeddicines: [1] {}
[INFO ] 2021-12-25 17:11:52.103 [main] DataProviderCsv - readCsvMedicine: [1] {}
[INFO ] 2021-12-25 17:11:52.192 [main] DataProviderCsv - readCsvMedicine: [3] {}
[INFO ] 2021-12-25 17:11:52.192 [main] DataProviderCsv - getMeddicines: [3] {}
[INFO ] 2021-12-25 17:11:52.193 [main] DataProviderCsv - searchMeddicineByName [2] {}
[INFO ] 2021-12-25 17:11:52.193 [main] DataProviderCsv - searchMedicalDeviceByName [1] {}
[INFO ] 2021-12-25 17:11:52.193 [main] DataProviderCsv - getMedicalDevices: [1] {}
[INFO ] 2021-12-25 17:11:52.193 [main] DataProviderCsv - readCsvMedicalDevice: [1] {}
[INFO ] 2021-12-25 17:11:52.201 [main] DataProviderCsv - readCsvMedicalDevice: [3] {}
[INFO ] 2021-12-25 17:11:52.201 [main] DataProviderCsv - getMedicalDevices: [3] {}
[INFO ] 2021-12-25 17:11:52.201 [main] DataProviderCsv - searchMedicalDeviceByName [2] {}
[INFO ] 2021-12-25 17:11:52.201 [main] DataProviderCsv - searchPharmacyProductByName [5] {}
[INFO ] 2021-12-25 17:12:30.958 [main] DataProviderXml - getMeddicineByBarcode: [1] {}
[INFO ] 2021-12-25 17:12:30.961 [main] DataProviderXml - getMeddicines: [1] {}
[INFO ] 2021-12-25 17:12:30.961 [main] DataProviderXml - readXmlMedicine: [1] {}
[ERROR] 2021-12-25 17:12:31.001 [main] DataProviderXml - readXmlMedicine: [2] {}ParseError at [row,col]:[1,1]
Message: Content is not allowed in prolog.
[INFO ] 2021-12-25 17:12:31.003 [main] DataProviderXml - readXmlMedicine: [3] {}
[INFO ] 2021-12-25 17:12:31.004 [main] DataProviderXml - getMeddicines: [3] {}
[INFO ] 2021-12-25 17:12:31.004 [main] DataProviderXml - isIdInDataMedicine: [1] {}
[INFO ] 2021-12-25 17:12:31.004 [main] DataProviderXml - getMeddicines: [1] {}
[INFO ] 2021-12-25 17:12:31.004 [main] DataProviderXml - readXmlMedicine: [1] {}
[ERROR] 2021-12-25 17:12:31.005 [main] DataProviderXml - readXmlMedicine: [2] {}ParseError at [row,col]:[1,1]
Message: Content is not allowed in prolog.
[INFO ] 2021-12-25 17:12:31.007 [main] DataProviderXml - readXmlMedicine: [3] {}
[INFO ] 2021-12-25 17:12:31.007 [main] DataProviderXml - getMeddicines: [3] {}
[INFO ] 2021-12-25 17:12:31.009 [main] DataProviderXml - isIdInDataMedicine: [3] {} No Such Element
[INFO ] 2021-12-25 17:12:31.009 [main] DataProviderXml - getMeddicineByBarcode: [2] {} No Such Element
[INFO ] 2021-12-25 17:12:31.009 [main] DataProviderXml - getUserById: [4] {}
[INFO ] 2021-12-25 17:12:31.009 [main] DataProviderXml - getTheAnaloguesOfMedicine [1] {}
[INFO ] 2021-12-25 17:12:31.010 [main] DataProviderXml - getTheAnaloguesOfMedicine [4] {}
[INFO ] 2021-12-25 17:14:14.013 [main] DataProviderXml - getMeddicineByBarcode: [1] {}
[INFO ] 2021-12-25 17:14:14.016 [main] DataProviderXml - getMeddicines: [1] {}
[INFO ] 2021-12-25 17:14:14.016 [main] DataProviderXml - readXmlMedicine: [1] {}
[INFO ] 2021-12-25 17:14:14.126 [main] DataProviderXml - readXmlMedicine: [3] {}
[INFO ] 2021-12-25 17:14:14.127 [main] DataProviderXml - getMeddicines: [3] {}
[INFO ] 2021-12-25 17:14:14.127 [main] DataProviderXml - isIdInDataMedicine: [1] {}
[INFO ] 2021-12-25 17:14:14.127 [main] DataProviderXml - getMeddicines: [1] {}
[INFO ] 2021-12-25 17:14:14.127 [main] DataProviderXml - readXmlMedicine: [1] {}
[INFO ] 2021-12-25 17:14:14.131 [main] DataProviderXml - readXmlMedicine: [3] {}
[INFO ] 2021-12-25 17:14:14.131 [main] DataProviderXml - getMeddicines: [3] {}
[INFO ] 2021-12-25 17:14:14.132 [main] DataProviderXml - isIdInDataMedicine: [2] {} Element is found
[INFO ] 2021-12-25 17:14:14.133 [main] DataProviderXml - getUserById: [4] {}
[INFO ] 2021-12-25 17:14:14.133 [main] DataProviderXml - getTheAnaloguesOfMedicine [1] {}
[INFO ] 2021-12-25 17:14:14.133 [main] DataProviderXml - getMeddicines: [1] {}
[INFO ] 2021-12-25 17:14:14.133 [main] DataProviderXml - readXmlMedicine: [1] {}
[INFO ] 2021-12-25 17:14:14.137 [main] DataProviderXml - readXmlMedicine: [3] {}
[INFO ] 2021-12-25 17:14:14.137 [main] DataProviderXml - getMeddicines: [3] {}
[INFO ] 2021-12-25 17:14:14.138 [main] DataProviderXml - getTheAnaloguesOfMedicine [2] {}
[INFO ] 2021-12-25 17:14:14.138 [main] DataProviderXml - getTheAnaloguesOfMedicine [4] {}
[INFO ] 2021-12-25 17:15:12.173 [main] DataProviderXml - getMeddicineByBarcode: [1] {}
[INFO ] 2021-12-25 17:15:12.177 [main] DataProviderXml - getMeddicines: [1] {}
[INFO ] 2021-12-25 17:15:12.177 [main] DataProviderXml - readXmlMedicine: [1] {}
[INFO ] 2021-12-25 17:15:12.293 [main] DataProviderXml - readXmlMedicine: [3] {}
[INFO ] 2021-12-25 17:15:12.293 [main] DataProviderXml - getMeddicines: [3] {}
[INFO ] 2021-12-25 17:15:12.293 [main] DataProviderXml - isIdInDataMedicine: [1] {}
[INFO ] 2021-12-25 17:15:12.293 [main] DataProviderXml - getMeddicines: [1] {}
