[INFO ] 2021-12-25 19:02:26.446 [main] DataProviderH2 - h2ToMeddicineList: [1] {}
[INFO ] 2021-12-25 19:02:26.498 [main] DataProviderH2 - h2ToMeddicineList: [2] {}
[INFO ] 2021-12-25 19:02:26.498 [main] DataProviderH2 - h2ToMeddicineList: [4] {}
[INFO ] 2021-12-25 19:02:26.498 [main] DataProviderH2 - closeConnection: [1] {}
[INFO ] 2021-12-25 19:02:26.512 [main] DataProviderH2 - readMeddicinesFromH2M: [2] {}
[INFO ] 2021-12-25 19:02:26.513 [main] DataProviderH2 - readFromH2: [4] {}
[INFO ] 2021-12-25 19:02:26.515 [main] DataProviderH2 - getMeddicineByBarcode: [1] {}
[INFO ] 2021-12-25 19:02:26.515 [main] DataProviderH2 - connection: [1] {}
[INFO ] 2021-12-25 19:02:26.528 [main] DataProviderH2 - connection: [2] {}
[INFO ] 2021-12-25 19:02:26.528 [main] DataProviderH2 - connection: [4] {}
[INFO ] 2021-12-25 19:02:26.529 [main] DataProviderH2 - h2ToMeddicineList: [1] {}
[INFO ] 2021-12-25 19:02:26.529 [main] DataProviderH2 - h2ToMeddicineList: [2] {}
[INFO ] 2021-12-25 19:02:26.529 [main] DataProviderH2 - h2ToMeddicineList: [4] {}
[INFO ] 2021-12-25 19:02:26.529 [main] DataProviderH2 - closeConnection: [1] {}
[INFO ] 2021-12-25 19:02:26.547 [main] DataProviderH2 - getMeddicineByBarcode: [2] {}
[INFO ] 2021-12-25 19:02:26.547 [main] DataProviderH2 - getMeddicineByBarcode: [1] {}
[INFO ] 2021-12-25 19:02:26.547 [main] DataProviderH2 - connection: [1] {}
[INFO ] 2021-12-25 19:02:26.557 [main] DataProviderH2 - connection: [2] {}
[INFO ] 2021-12-25 19:02:26.557 [main] DataProviderH2 - connection: [4] {}
[INFO ] 2021-12-25 19:02:26.558 [main] DataProviderH2 - h2ToMeddicineList: [1] {}
[INFO ] 2021-12-25 19:02:26.558 [main] DataProviderH2 - h2ToMeddicineList: [2] {}
[INFO ] 2021-12-25 19:02:26.558 [main] DataProviderH2 - h2ToMeddicineList: [4] {}
[INFO ] 2021-12-25 19:02:26.558 [main] DataProviderH2 - closeConnection: [1] {}
[INFO ] 2021-12-25 19:02:26.572 [main] DataProviderH2 - getMeddicineByBarcode: [2] {}
[INFO ] 2021-12-25 19:02:26.573 [main] DataProviderH2 - getTheAnaloguesByBarcode [1] {}
[INFO ] 2021-12-25 19:02:26.574 [main] DataProviderH2 - readMeddicinesFromH2M: [1] {}
[INFO ] 2021-12-25 19:02:26.574 [main] DataProviderH2 - connection: [1] {}
[INFO ] 2021-12-25 19:02:26.589 [main] DataProviderH2 - connection: [2] {}
[INFO ] 2021-12-25 19:02:26.589 [main] DataProviderH2 - connection: [4] {}
[INFO ] 2021-12-25 19:02:26.589 [main] DataProviderH2 - h2ToMeddicineList: [1] {}
[INFO ] 2021-12-25 19:02:26.589 [main] DataProviderH2 - h2ToMeddicineList: [2] {}
[INFO ] 2021-12-25 19:02:26.590 [main] DataProviderH2 - h2ToMeddicineList: [4] {}
[INFO ] 2021-12-25 19:02:26.590 [main] DataProviderH2 - closeConnection: [1] {}
[INFO ] 2021-12-25 19:02:26.608 [main] DataProviderH2 - readMeddicinesFromH2M: [2] {}
[INFO ] 2021-12-25 19:02:26.608 [main] DataProviderH2 - readFromH2: [4] {}
[INFO ] 2021-12-25 19:02:26.608 [main] DataProviderH2 - getTheAnaloguesByBarcode [3] {}
[INFO ] 2021-12-25 19:02:26.610 [main] Barcode - readBarcode[1] {}
[INFO ] 2021-12-25 19:02:26.668 [main] Barcode - readBarcode[2] {}
[INFO ] 2021-12-25 19:02:26.668 [main] Barcode - readBarcode[3] {}
[INFO ] 2021-12-25 19:02:26.668 [main] Barcode - readBarcode[1] {}
[INFO ] 2021-12-25 19:02:26.903 [main] Barcode - readBarcode[2] {}
[INFO ] 2021-12-25 19:02:26.904 [main] Barcode - readBarcode[3] {}
[INFO ] 2021-12-25 19:02:26.904 [main] Barcode - readBarcode[1] {}
[INFO ] 2021-12-25 19:02:27.096 [main] Barcode - readBarcode[2] {}
[INFO ] 2021-12-25 19:02:27.097 [main] Barcode - readBarcode[3] {}
[INFO ] 2021-12-25 19:02:27.097 [main] DataProviderH2 - appendMeddicines: [1] {}
[INFO ] 2021-12-25 19:02:27.097 [main] DataProviderH2 - stringingDuplicateIdDeleteMeddicine: [1] {}
[INFO ] 2021-12-25 19:02:27.098 [main] DataProviderH2 - connection: [1] {}
[INFO ] 2021-12-25 19:02:27.131 [main] DataProviderH2 - connection: [2] {}
[INFO ] 2021-12-25 19:02:27.131 [main] DataProviderH2 - connection: [4] {}
[INFO ] 2021-12-25 19:02:27.134 [main] DataProviderH2 - stringingDuplicateIdDeleteMeddicine: [2] {}
[INFO ] 2021-12-25 19:02:27.134 [main] DataProviderH2 - closeConnection: [1] {}
[INFO ] 2021-12-25 19:02:27.159 [main] DataProviderH2 - writeToH2Meddicine: [1] {}
[INFO ] 2021-12-25 19:02:27.160 [main] DataProviderH2 - connection: [1] {}
[INFO ] 2021-12-25 19:02:27.172 [main] DataProviderH2 - connection: [2] {}
[INFO ] 2021-12-25 19:02:27.172 [main] DataProviderH2 - connection: [4] {}
[INFO ] 2021-12-25 19:02:27.176 [main] DataProviderH2 - writeToH2Meddicine: [2] {}
[INFO ] 2021-12-25 19:02:27.176 [main] DataProviderH2 - closeConnection: [1] {}
[INFO ] 2021-12-25 19:02:27.189 [main] DataProviderH2 - writeToH2Meddicine: [4] {}
[INFO ] 2021-12-25 19:02:27.190 [main] DataProviderH2 - appendMeddicines: [2] {}
[INFO ] 2021-12-25 19:02:27.190 [main] DataProviderH2 - appendMeddicines: [5] {}
[INFO ] 2021-12-25 19:02:27.191 [main] DataProviderH2 - deleteUserById: [1] {}
[INFO ] 2021-12-25 19:02:27.191 [main] DataProviderH2 - connection: [1] {}
[INFO ] 2021-12-25 19:02:27.207 [main] DataProviderH2 - connection: [2] {}
[INFO ] 2021-12-25 19:02:27.207 [main] DataProviderH2 - connection: [4] {}
[INFO ] 2021-12-25 19:02:27.207 [main] DataProviderH2 - takeHistoryUsers [1] {}
[INFO ] 2021-12-25 19:02:27.207 [main] DataProviderH2 - getUsers: [1] {}
[INFO ] 2021-12-25 19:02:27.207 [main] DataProviderH2 - readFromH2: [1] {}
[INFO ] 2021-12-25 19:02:27.207 [main] DataProviderH2 - connection: [1] {}
[INFO ] 2021-12-25 19:02:27.209 [main] DataProviderH2 - connection: [2] {}
[INFO ] 2021-12-25 19:02:27.209 [main] DataProviderH2 - connection: [4] {}
[INFO ] 2021-12-25 19:02:27.209 [main] DataProviderH2 - h2ToUserListUser: [1] {}
[INFO ] 2021-12-25 19:02:27.209 [main] DataProviderH2 - h2ToUserListUser: [2] {}
[INFO ] 2021-12-25 19:02:27.209 [main] DataProviderH2 - h2ToUserListUser: [4] {}
[INFO ] 2021-12-25 19:02:27.209 [main] DataProviderH2 - closeConnection: [1] {}
[INFO ] 2021-12-25 19:02:27.209 [main] DataProviderH2 - readFromH2: [2] {}
[INFO ] 2021-12-25 19:02:27.210 [main] DataProviderH2 - readFromH2: [4] {}
[INFO ] 2021-12-25 19:02:27.210 [main] DataProviderH2 - getUsers: [2] {}
[INFO ] 2021-12-25 19:02:27.210 [main] DataProviderH2 - getUsers: [4] {}
[INFO ] 2021-12-25 19:02:27.211 [main] HistoryContent - putUserHistory: [1] {}
[INFO ] 2021-12-25 19:02:27.235 [main] HistoryContent - putUserHistory: [2] {}
[INFO ] 2021-12-25 19:02:27.887 [main] DataProviderH2 - closeConnection: [1] {}
[INFO ] 2021-12-25 19:02:27.914 [main] DataProviderH2 - deleteUserById: [4] {}
[INFO ] 2021-12-25 19:02:27.918 [main] DataProviderH2 - connection: [1] {}
[INFO ] 2021-12-25 19:02:27.953 [main] DataProviderH2 - connection: [2] {}
[INFO ] 2021-12-25 19:02:27.953 [main] DataProviderH2 - connection: [4] {}
[INFO ] 2021-12-25 19:02:27.954 [main] DataProviderH2 - takeHistoryUsers [1] {}
[INFO ] 2021-12-25 19:02:27.954 [main] DataProviderH2 - getUsers: [1] {}
[INFO ] 2021-12-25 19:02:27.954 [main] DataProviderH2 - readFromH2: [1] {}
[INFO ] 2021-12-25 19:02:27.954 [main] DataProviderH2 - connection: [1] {}
[INFO ] 2021-12-25 19:02:27.958 [main] DataProviderH2 - connection: [2] {}
[INFO ] 2021-12-25 19:02:27.959 [main] DataProviderH2 - connection: [4] {}
[INFO ] 2021-12-25 19:02:27.959 [main] DataProviderH2 - h2ToUserListUser: [1] {}
[INFO ] 2021-12-25 19:02:27.960 [main] DataProviderH2 - h2ToUserListUser: [2] {}
[INFO ] 2021-12-25 19:02:27.960 [main] DataProviderH2 - h2ToUserListUser: [4] {}
[INFO ] 2021-12-25 19:02:27.960 [main] DataProviderH2 - closeConnection: [1] {}
[INFO ] 2021-12-25 19:02:27.960 [main] DataProviderH2 - readFromH2: [2] {}
[INFO ] 2021-12-25 19:02:27.960 [main] DataProviderH2 - readFromH2: [4] {}
[INFO ] 2021-12-25 19:02:27.960 [main] DataProviderH2 - getUsers: [2] {}
[INFO ] 2021-12-25 19:02:27.960 [main] DataProviderH2 - getUsers: [4] {}
[INFO ] 2021-12-25 19:02:27.960 [main] HistoryContent - putUserHistory: [1] {}
[INFO ] 2021-12-25 19:02:27.992 [main] HistoryContent - putUserHistory: [2] {}
[INFO ] 2021-12-25 19:02:28.691 [main] DataProviderH2 - closeConnection: [1] {}
[INFO ] 2021-12-25 19:02:28.728 [main] DataProviderH2 - updateUsers: [2] {}
[INFO ] 2021-12-25 19:02:28.732 [main] DataProviderH2 - searchPharmacyProductByName [1] {}
[INFO ] 2021-12-25 19:02:28.732 [main] DataProviderH2 - searchMeddicineByName [1] {}
[INFO ] 2021-12-25 19:02:28.732 [main] DataProviderH2 - getMeddicines: [1] {}
[INFO ] 2021-12-25 19:02:28.732 [main] DataProviderH2 - readMeddicinesFromH2M: [1] {}
[INFO ] 2021-12-25 19:02:28.732 [main] DataProviderH2 - connection: [1] {}
[INFO ] 2021-12-25 19:02:28.768 [main] DataProviderH2 - connection: [2] {}
[INFO ] 2021-12-25 19:02:28.768 [main] DataProviderH2 - connection: [4] {}
[INFO ] 2021-12-25 19:02:28.769 [main] DataProviderH2 - h2ToMeddicineList: [1] {}
[INFO ] 2021-12-25 19:02:28.769 [main] DataProviderH2 - h2ToMeddicineList: [2] {}
[INFO ] 2021-12-25 19:02:28.769 [main] DataProviderH2 - h2ToMeddicineList: [4] {}
[INFO ] 2021-12-25 19:02:28.769 [main] DataProviderH2 - closeConnection: [1] {}
[INFO ] 2021-12-25 19:02:28.796 [main] DataProviderH2 - readMeddicinesFromH2M: [2] {}
[INFO ] 2021-12-25 19:02:28.796 [main] DataProviderH2 - readFromH2: [4] {}
[INFO ] 2021-12-25 19:02:28.796 [main] DataProviderH2 - getMeddicines: [2] {}
[INFO ] 2021-12-25 19:02:28.800 [main] DataProviderH2 - getMeddicines: [4] {}
[INFO ] 2021-12-25 19:02:28.800 [main] DataProviderH2 - searchMeddicineByName [2] {}
[INFO ] 2021-12-25 19:02:28.800 [main] DataProviderH2 - searchMedicalDeviceByName [1] {}
[INFO ] 2021-12-25 19:02:28.807 [main] DataProviderH2 - getMedicalDevices: [1] {}
[INFO ] 2021-12-25 19:02:28.807 [main] DataProviderH2 - readMedicalDeviceFromH2M: [1] {}
[INFO ] 2021-12-25 19:02:28.807 [main] DataProviderH2 - connection: [1] {}
[INFO ] 2021-12-25 19:02:28.826 [main] DataProviderH2 - connection: [2] {}
[INFO ] 2021-12-25 19:02:28.826 [main] DataProviderH2 - connection: [4] {}
[INFO ] 2021-12-25 19:02:28.827 [main] DataProviderH2 - h2ToMedicalDeviceList: [1] {}
[INFO ] 2021-12-25 19:02:28.827 [main] DataProviderH2 - h2ToMedicalDeviceList: [2] {}
[INFO ] 2021-12-25 19:02:28.827 [main] DataProviderH2 - h2ToMedicalDeviceList: [4] {}
