[INFO ] 2021-12-25 19:02:17.958 [main] DataProviderH2 - getMeddicines: [1] {}
[INFO ] 2021-12-25 19:02:18.068 [main] DataProviderH2 - readMeddicinesFromH2M: [1] {}
[INFO ] 2021-12-25 19:02:18.068 [main] DataProviderH2 - connection: [1] {}
[INFO ] 2021-12-25 19:02:18.071 [main] DataProviderH2 - connection: [2] {}
[INFO ] 2021-12-25 19:02:18.072 [main] DataProviderH2 - connection: [4] {}
[INFO ] 2021-12-25 19:02:18.073 [main] DataProviderH2 - h2ToMeddicineList: [1] {}
[INFO ] 2021-12-25 19:02:18.074 [main] DataProviderH2 - h2ToMeddicineList: [2] {}
[INFO ] 2021-12-25 19:02:18.074 [main] DataProviderH2 - h2ToMeddicineList: [4] {}
[INFO ] 2021-12-25 19:02:18.075 [main] DataProviderH2 - closeConnection: [1] {}
[INFO ] 2021-12-25 19:02:18.076 [main] DataProviderH2 - readMeddicinesFromH2M: [2] {}
[INFO ] 2021-12-25 19:02:18.077 [main] DataProviderH2 - readFromH2: [4] {}
[INFO ] 2021-12-25 19:02:18.077 [main] DataProviderH2 - getMeddicines: [2] {}
[INFO ] 2021-12-25 19:02:18.078 [main] DataProviderH2 - getMeddicines: [4] {}
[INFO ] 2021-12-25 19:02:18.082 [main] HistoryContent - putMeddicineHistory: [1] {}
[INFO ] 2021-12-25 19:02:18.645 [main] HistoryContent - putMeddicineHistory: [2] {}
[INFO ] 2021-12-25 19:02:20.166 [main] DataProviderH2 - closeConnection: [1] {}
[INFO ] 2021-12-25 19:02:20.208 [main] DataProviderH2 - updateMeddicine: [2] {}
[INFO ] 2021-12-25 19:02:20.209 [main] DataProviderH2 - updateMeddicine [4] {}
[INFO ] 2021-12-25 19:02:20.214 [main] DataProviderH2 - searchPharmacyProductByCategory [1] {}
[INFO ] 2021-12-25 19:02:20.215 [main] DataProviderH2 - searchPharmacyProductByCategory [1] {}
[INFO ] 2021-12-25 19:02:20.215 [main] DataProviderH2 - getMeddicines: [1] {}
[INFO ] 2021-12-25 19:02:20.216 [main] DataProviderH2 - readMeddicinesFromH2M: [1] {}
[INFO ] 2021-12-25 19:02:20.216 [main] DataProviderH2 - connection: [1] {}
[INFO ] 2021-12-25 19:02:20.249 [main] DataProviderH2 - connection: [2] {}
[INFO ] 2021-12-25 19:02:20.249 [main] DataProviderH2 - connection: [4] {}
[INFO ] 2021-12-25 19:02:20.250 [main] DataProviderH2 - h2ToMeddicineList: [1] {}
[INFO ] 2021-12-25 19:02:20.250 [main] DataProviderH2 - h2ToMeddicineList: [2] {}
[INFO ] 2021-12-25 19:02:20.250 [main] DataProviderH2 - h2ToMeddicineList: [4] {}
[INFO ] 2021-12-25 19:02:20.251 [main] DataProviderH2 - closeConnection: [1] {}
[INFO ] 2021-12-25 19:02:20.273 [main] DataProviderH2 - readMeddicinesFromH2M: [2] {}
[INFO ] 2021-12-25 19:02:20.273 [main] DataProviderH2 - readFromH2: [4] {}
[INFO ] 2021-12-25 19:02:20.273 [main] DataProviderH2 - getMeddicines: [2] {}
[INFO ] 2021-12-25 19:02:20.273 [main] DataProviderH2 - getMeddicines: [4] {}
[INFO ] 2021-12-25 19:02:20.275 [main] DataProviderH2 - searchPharmacyProductByCategory [2] {}
[INFO ] 2021-12-25 19:02:20.275 [main] DataProviderH2 - searchPharmacyProductByCategory [2] {}
[INFO ] 2021-12-25 19:02:20.275 [main] DataProviderH2 - searchPharmacyMedicalDeviceByCategory [1] {}
[INFO ] 2021-12-25 19:02:20.275 [main] DataProviderH2 - getMedicalDevices: [1] {}
[INFO ] 2021-12-25 19:02:20.275 [main] DataProviderH2 - readMedicalDeviceFromH2M: [1] {}
[INFO ] 2021-12-25 19:02:20.275 [main] DataProviderH2 - connection: [1] {}
[INFO ] 2021-12-25 19:02:20.292 [main] DataProviderH2 - connection: [2] {}
[INFO ] 2021-12-25 19:02:20.293 [main] DataProviderH2 - connection: [4] {}
[INFO ] 2021-12-25 19:02:20.293 [main] DataProviderH2 - h2ToMedicalDeviceList: [1] {}
[INFO ] 2021-12-25 19:02:20.294 [main] DataProviderH2 - h2ToMedicalDeviceList: [2] {}
[INFO ] 2021-12-25 19:02:20.294 [main] DataProviderH2 - h2ToMedicalDeviceList: [4] {}
[INFO ] 2021-12-25 19:02:20.294 [main] DataProviderH2 - closeConnection: [1] {}
[INFO ] 2021-12-25 19:02:20.313 [main] DataProviderH2 - readMedicalDeviceFromH2M: [2] {}
[INFO ] 2021-12-25 19:02:20.314 [main] DataProviderH2 - readMedicalDeviceFromH2M: [4] {}
[INFO ] 2021-12-25 19:02:20.314 [main] DataProviderH2 - getMedicalDevices: [2] {}
[INFO ] 2021-12-25 19:02:20.314 [main] DataProviderH2 - getMedicalDevices: [4] {}
[INFO ] 2021-12-25 19:02:20.314 [main] DataProviderH2 - searchPharmacyMedicalDeviceByCategory [2] {}
[INFO ] 2021-12-25 19:02:20.314 [main] DataProviderH2 - searchPharmacyProductByCategory [3] {} This category is empty
[INFO ] 2021-12-25 19:02:20.314 [main] DataProviderH2 - searchPharmacyProductByCategory [7] {}
[INFO ] 2021-12-25 19:02:20.316 [main] DataProviderH2 - deleteMeddicineByBarcode: [1] {}
[INFO ] 2021-12-25 19:02:20.316 [main] DataProviderH2 - connection: [1] {}
[INFO ] 2021-12-25 19:02:20.330 [main] DataProviderH2 - connection: [2] {}
[INFO ] 2021-12-25 19:02:20.331 [main] DataProviderH2 - connection: [4] {}
[INFO ] 2021-12-25 19:02:20.331 [main] DataProviderH2 - takeHistoryMeddicine [1] {}
[INFO ] 2021-12-25 19:02:20.331 [main] DataProviderH2 - getMeddicines: [1] {}
[INFO ] 2021-12-25 19:02:20.331 [main] DataProviderH2 - readMeddicinesFromH2M: [1] {}
[INFO ] 2021-12-25 19:02:20.331 [main] DataProviderH2 - connection: [1] {}
[INFO ] 2021-12-25 19:02:20.332 [main] DataProviderH2 - connection: [2] {}
[INFO ] 2021-12-25 19:02:20.332 [main] DataProviderH2 - connection: [4] {}
[INFO ] 2021-12-25 19:02:20.333 [main] DataProviderH2 - h2ToMeddicineList: [1] {}
[INFO ] 2021-12-25 19:02:20.333 [main] DataProviderH2 - h2ToMeddicineList: [2] {}
[INFO ] 2021-12-25 19:02:20.333 [main] DataProviderH2 - h2ToMeddicineList: [4] {}
[INFO ] 2021-12-25 19:02:20.333 [main] DataProviderH2 - closeConnection: [1] {}
[INFO ] 2021-12-25 19:02:20.333 [main] DataProviderH2 - readMeddicinesFromH2M: [2] {}
[INFO ] 2021-12-25 19:02:20.333 [main] DataProviderH2 - readFromH2: [4] {}
[INFO ] 2021-12-25 19:02:20.333 [main] DataProviderH2 - getMeddicines: [2] {}
[INFO ] 2021-12-25 19:02:20.334 [main] DataProviderH2 - getMeddicines: [4] {}
[INFO ] 2021-12-25 19:02:20.334 [main] HistoryContent - putMeddicineHistory: [1] {}
[INFO ] 2021-12-25 19:02:20.411 [main] HistoryContent - putMeddicineHistory: [2] {}
[INFO ] 2021-12-25 19:02:21.299 [main] DataProviderH2 - closeConnection: [1] {}
[INFO ] 2021-12-25 19:02:21.341 [main] DataProviderH2 - deleteMeddicineByBarcode: [4] {}
[INFO ] 2021-12-25 19:02:21.347 [main] DataProviderH2 - searchPharmacyMedicalDeviceByCategory [1] {}
[INFO ] 2021-12-25 19:02:21.348 [main] DataProviderH2 - getMedicalDevices: [1] {}
[INFO ] 2021-12-25 19:02:21.348 [main] DataProviderH2 - readMedicalDeviceFromH2M: [1] {}
[INFO ] 2021-12-25 19:02:21.348 [main] DataProviderH2 - connection: [1] {}
[INFO ] 2021-12-25 19:02:21.418 [main] DataProviderH2 - connection: [2] {}
[INFO ] 2021-12-25 19:02:21.418 [main] DataProviderH2 - connection: [4] {}
[INFO ] 2021-12-25 19:02:21.419 [main] DataProviderH2 - h2ToMedicalDeviceList: [1] {}
[INFO ] 2021-12-25 19:02:21.420 [main] DataProviderH2 - h2ToMedicalDeviceList: [2] {}
[INFO ] 2021-12-25 19:02:21.420 [main] DataProviderH2 - h2ToMedicalDeviceList: [4] {}
[INFO ] 2021-12-25 19:02:21.420 [main] DataProviderH2 - closeConnection: [1] {}
[INFO ] 2021-12-25 19:02:21.440 [main] DataProviderH2 - readMedicalDeviceFromH2M: [2] {}
[INFO ] 2021-12-25 19:02:21.441 [main] DataProviderH2 - readMedicalDeviceFromH2M: [4] {}
[INFO ] 2021-12-25 19:02:21.441 [main] DataProviderH2 - getMedicalDevices: [2] {}
[INFO ] 2021-12-25 19:02:21.441 [main] DataProviderH2 - getMedicalDevices: [4] {}
[INFO ] 2021-12-25 19:02:21.441 [main] DataProviderH2 - searchPharmacyMedicalDeviceByCategory [2] {}
[INFO ] 2021-12-25 19:02:21.444 [main] DataProviderH2 - getTheAnaloguesByBarcode [1] {}
[INFO ] 2021-12-25 19:02:21.444 [main] DataProviderH2 - readMeddicinesFromH2M: [1] {}
[INFO ] 2021-12-25 19:02:21.444 [main] DataProviderH2 - connection: [1] {}
[INFO ] 2021-12-25 19:02:21.470 [main] DataProviderH2 - connection: [2] {}
[INFO ] 2021-12-25 19:02:21.470 [main] DataProviderH2 - connection: [4] {}
[INFO ] 2021-12-25 19:02:21.470 [main] DataProviderH2 - h2ToMeddicineList: [1] {}
[INFO ] 2021-12-25 19:02:21.471 [main] DataProviderH2 - h2ToMeddicineList: [2] {}
[INFO ] 2021-12-25 19:02:21.471 [main] DataProviderH2 - h2ToMeddicineList: [4] {}
[INFO ] 2021-12-25 19:02:21.471 [main] DataProviderH2 - closeConnection: [1] {}
[INFO ] 2021-12-25 19:02:21.489 [main] DataProviderH2 - readMeddicinesFromH2M: [2] {}
[INFO ] 2021-12-25 19:02:21.489 [main] DataProviderH2 - readFromH2: [4] {}
[INFO ] 2021-12-25 19:02:21.490 [main] DataProviderH2 - getTheAnaloguesByBarcode [3] {}
[INFO ] 2021-12-25 19:02:21.492 [main] DataProviderH2 - searchPharmacyProductByCategory [1] {}
[INFO ] 2021-12-25 19:02:21.493 [main] DataProviderH2 - getMeddicines: [1] {}
[INFO ] 2021-12-25 19:02:21.493 [main] DataProviderH2 - readMeddicinesFromH2M: [1] {}
[INFO ] 2021-12-25 19:02:21.493 [main] DataProviderH2 - connection: [1] {}
[INFO ] 2021-12-25 19:02:21.508 [main] DataProviderH2 - connection: [2] {}
[INFO ] 2021-12-25 19:02:21.508 [main] DataProviderH2 - connection: [4] {}
[INFO ] 2021-12-25 19:02:21.508 [main] DataProviderH2 - h2ToMeddicineList: [1] {}
[INFO ] 2021-12-25 19:02:21.508 [main] DataProviderH2 - h2ToMeddicineList: [2] {}
[INFO ] 2021-12-25 19:02:21.509 [main] DataProviderH2 - h2ToMeddicineList: [4] {}
[INFO ] 2021-12-25 19:02:21.509 [main] DataProviderH2 - closeConnection: [1] {}
[INFO ] 2021-12-25 19:02:21.527 [main] DataProviderH2 - readMeddicinesFromH2M: [2] {}
[INFO ] 2021-12-25 19:02:21.527 [main] DataProviderH2 - readFromH2: [4] {}
[INFO ] 2021-12-25 19:02:21.527 [main] DataProviderH2 - getMeddicines: [2] {}
[INFO ] 2021-12-25 19:02:21.527 [main] DataProviderH2 - getMeddicines: [4] {}
[INFO ] 2021-12-25 19:02:21.527 [main] DataProviderH2 - searchPharmacyProductByCategory [2] {}
[INFO ] 2021-12-25 19:02:21.528 [main] DataProviderH2 - getUserById: [1] {}
[INFO ] 2021-12-25 19:02:21.528 [main] DataProviderH2 - connection: [1] {}
[INFO ] 2021-12-25 19:02:21.539 [main] DataProviderH2 - connection: [2] {}
[INFO ] 2021-12-25 19:02:21.539 [main] DataProviderH2 - connection: [4] {}
[INFO ] 2021-12-25 19:02:21.544 [main] DataProviderH2 - h2ToUserListUser: [1] {}
[INFO ] 2021-12-25 19:02:21.545 [main] DataProviderH2 - h2ToUserListUser: [2] {}
[INFO ] 2021-12-25 19:02:21.546 [main] DataProviderH2 - h2ToUserListUser: [4] {}
