[INFO ] 2022-02-05 12:26:32.860 [main] DataProviderCsv - readCsvMedicine: [1] {}
[INFO ] 2022-02-05 12:26:32.970 [main] DataProviderCsv - readCsvMedicine: [3] {}
[INFO ] 2022-02-05 12:26:32.972 [main] DataProviderCsv - getMeddicines: [3] {}
[INFO ] 2022-02-05 12:26:32.973 [main] DataProviderCsv - searchPharmacyProductByCategory [2] {}
[INFO ] 2022-02-05 12:26:32.974 [main] DataProviderCsv - searchPharmacyProductByCategory [5] {}
[INFO ] 2022-02-05 12:26:32.974 [main] DataProviderCsv - searchPharmacyProductByCategory [7] {}
[INFO ] 2022-02-05 12:26:32.974 [main] DataProviderCsv - sortPharmacyProductMaxToMin [1] {}
[INFO ] 2022-02-05 12:26:32.976 [main] DataProviderCsv - sortPharmacyProductMaxToMin [2] {}
[INFO ] 2022-02-05 12:26:45.552 [main] DataProviderCsv - searchPharmacyProductByCategory [1] {}
[INFO ] 2022-02-05 12:26:45.563 [main] DataProviderCsv - searchPharmacyProductByCategory [1] {}
[INFO ] 2022-02-05 12:26:45.563 [main] DataProviderCsv - getMeddicines: [1] {}
[INFO ] 2022-02-05 12:26:45.564 [main] DataProviderCsv - readCsvMedicine: [1] {}
[INFO ] 2022-02-05 12:26:45.644 [main] DataProviderCsv - readCsvMedicine: [3] {}
[INFO ] 2022-02-05 12:26:45.645 [main] DataProviderCsv - getMeddicines: [3] {}
[INFO ] 2022-02-05 12:26:45.646 [main] DataProviderCsv - searchPharmacyProductByCategory [2] {}
[INFO ] 2022-02-05 12:26:45.646 [main] DataProviderCsv - searchPharmacyProductByCategory [5] {}
[INFO ] 2022-02-05 12:26:45.646 [main] DataProviderCsv - searchPharmacyProductByCategory [7] {}
[INFO ] 2022-02-05 12:26:59.247 [main] DataProviderCsv - searchPharmacyProductByCategory [1] {}
[INFO ] 2022-02-05 12:26:59.250 [main] DataProviderCsv - searchPharmacyProductByCategory [1] {}
[INFO ] 2022-02-05 12:26:59.250 [main] DataProviderCsv - getMeddicines: [1] {}
[INFO ] 2022-02-05 12:26:59.251 [main] DataProviderCsv - readCsvMedicine: [1] {}
[INFO ] 2022-02-05 12:26:59.341 [main] DataProviderCsv - readCsvMedicine: [3] {}
[INFO ] 2022-02-05 12:26:59.342 [main] DataProviderCsv - getMeddicines: [3] {}
[INFO ] 2022-02-05 12:26:59.343 [main] DataProviderCsv - searchPharmacyProductByCategory [2] {}
[INFO ] 2022-02-05 12:26:59.343 [main] DataProviderCsv - searchPharmacyProductByCategory [5] {}
[INFO ] 2022-02-05 12:26:59.343 [main] DataProviderCsv - searchPharmacyProductByCategory [7] {}
[INFO ] 2022-02-05 12:26:59.344 [main] DataProviderCsv - sortPharmacyProductMinToMax [1] {}
[INFO ] 2022-02-05 12:26:59.345 [main] DataProviderCsv - sortPharmacyProductMinToMax [2] {}
[INFO ] 2022-02-05 12:27:53.777 [main] DataProviderCsv - searchPharmacyProductByCategory [1] {}
[INFO ] 2022-02-05 12:27:53.779 [main] DataProviderCsv - searchPharmacyProductByCategory [1] {}
[INFO ] 2022-02-05 12:27:53.779 [main] DataProviderCsv - getMeddicines: [1] {}
[INFO ] 2022-02-05 12:27:53.780 [main] DataProviderCsv - readCsvMedicine: [1] {}
[INFO ] 2022-02-05 12:27:53.870 [main] DataProviderCsv - readCsvMedicine: [3] {}
[INFO ] 2022-02-05 12:27:53.872 [main] DataProviderCsv - getMeddicines: [3] {}
[INFO ] 2022-02-05 12:27:53.873 [main] DataProviderCsv - searchPharmacyProductByCategory [2] {}
[INFO ] 2022-02-05 12:27:53.873 [main] DataProviderCsv - searchPharmacyProductByCategory [2] {}
[INFO ] 2022-02-05 12:27:53.873 [main] DataProviderCsv - searchPharmacyMedicalDeviceByCategory [1] {}
[INFO ] 2022-02-05 12:27:53.873 [main] DataProviderCsv - getMedicalDevices: [1] {}
[INFO ] 2022-02-05 12:27:53.873 [main] DataProviderCsv - readCsvMedicalDevice: [1] {}
[INFO ] 2022-02-05 12:27:53.881 [main] DataProviderCsv - readCsvMedicalDevice: [3] {}
[INFO ] 2022-02-05 12:27:53.881 [main] DataProviderCsv - getMedicalDevices: [3] {}
[INFO ] 2022-02-05 12:27:53.881 [main] DataProviderCsv - searchPharmacyMedicalDeviceByCategory [2] {}
[INFO ] 2022-02-05 12:27:53.882 [main] DataProviderCsv - searchPharmacyProductByCategory [3] {} This category is empty
[INFO ] 2022-02-05 12:27:53.882 [main] DataProviderCsv - searchPharmacyProductByCategory [7] {}
[INFO ] 2022-02-05 12:27:53.882 [main] DataProviderCsv - sortPharmacyProductMinToMax [1] {}
[INFO ] 2022-02-05 12:27:53.883 [main] DataProviderCsv - sortPharmacyProductMinToMax [2] {}
[INFO ] 2022-02-05 12:28:15.989 [main] DataProviderCsv - searchPharmacyProductByCategory [1] {}
[INFO ] 2022-02-05 12:28:15.992 [main] DataProviderCsv - searchPharmacyProductByCategory [1] {}
[INFO ] 2022-02-05 12:28:15.992 [main] DataProviderCsv - getMeddicines: [1] {}
[INFO ] 2022-02-05 12:28:15.993 [main] DataProviderCsv - readCsvMedicine: [1] {}
[INFO ] 2022-02-05 12:28:16.082 [main] DataProviderCsv - readCsvMedicine: [3] {}
[INFO ] 2022-02-05 12:28:16.083 [main] DataProviderCsv - getMeddicines: [3] {}
[INFO ] 2022-02-05 12:28:16.083 [main] DataProviderCsv - searchPharmacyProductByCategory [2] {}
[INFO ] 2022-02-05 12:28:16.083 [main] DataProviderCsv - searchPharmacyProductByCategory [5] {}
[INFO ] 2022-02-05 12:28:16.083 [main] DataProviderCsv - searchPharmacyProductByCategory [7] {}
[INFO ] 2022-02-05 12:28:44.458 [main] DataProviderCsv - searchPharmacyProductByCategory [1] {}
[INFO ] 2022-02-05 12:28:44.462 [main] DataProviderCsv - searchPharmacyProductByCategory [1] {}
[INFO ] 2022-02-05 12:28:44.463 [main] DataProviderCsv - getMeddicines: [1] {}
[INFO ] 2022-02-05 12:28:44.464 [main] DataProviderCsv - readCsvMedicine: [1] {}
[INFO ] 2022-02-05 12:28:44.541 [main] DataProviderCsv - readCsvMedicine: [3] {}
[INFO ] 2022-02-05 12:28:44.542 [main] DataProviderCsv - getMeddicines: [3] {}
[INFO ] 2022-02-05 12:28:44.543 [main] DataProviderCsv - searchPharmacyProductByCategory [2] {}
[INFO ] 2022-02-05 12:28:44.543 [main] DataProviderCsv - searchPharmacyProductByCategory [5] {}
[INFO ] 2022-02-05 12:28:44.543 [main] DataProviderCsv - searchPharmacyProductByCategory [7] {}
[INFO ] 2022-02-05 12:28:44.544 [main] DataProviderCsv - sortPharmacyProductMinToMax [1] {}
[INFO ] 2022-02-05 12:28:44.544 [main] DataProviderCsv - sortPharmacyProductMinToMax [2] {}
[INFO ] 2022-02-05 12:28:51.592 [main] DataProviderCsv - searchPharmacyProductByCategory [1] {}
[INFO ] 2022-02-05 12:28:51.598 [main] DataProviderCsv - searchPharmacyProductByCategory [1] {}
[INFO ] 2022-02-05 12:28:51.598 [main] DataProviderCsv - getMeddicines: [1] {}
[INFO ] 2022-02-05 12:28:51.599 [main] DataProviderCsv - readCsvMedicine: [1] {}
[INFO ] 2022-02-05 12:28:51.676 [main] DataProviderCsv - readCsvMedicine: [3] {}
[INFO ] 2022-02-05 12:28:51.677 [main] DataProviderCsv - getMeddicines: [3] {}
[INFO ] 2022-02-05 12:28:51.677 [main] DataProviderCsv - searchPharmacyProductByCategory [2] {}
[INFO ] 2022-02-05 12:28:51.678 [main] DataProviderCsv - searchPharmacyProductByCategory [2] {}
[INFO ] 2022-02-05 12:28:51.678 [main] DataProviderCsv - searchPharmacyMedicalDeviceByCategory [1] {}
[INFO ] 2022-02-05 12:28:51.678 [main] DataProviderCsv - getMedicalDevices: [1] {}
[INFO ] 2022-02-05 12:28:51.678 [main] DataProviderCsv - readCsvMedicalDevice: [1] {}
[INFO ] 2022-02-05 12:28:51.685 [main] DataProviderCsv - readCsvMedicalDevice: [3] {}
[INFO ] 2022-02-05 12:28:51.686 [main] DataProviderCsv - getMedicalDevices: [3] {}
[INFO ] 2022-02-05 12:28:51.686 [main] DataProviderCsv - searchPharmacyMedicalDeviceByCategory [2] {}
[INFO ] 2022-02-05 12:28:51.686 [main] DataProviderCsv - searchPharmacyProductByCategory [3] {} This category is empty
[INFO ] 2022-02-05 12:28:51.686 [main] DataProviderCsv - searchPharmacyProductByCategory [7] {}
[INFO ] 2022-02-05 12:28:51.686 [main] DataProviderCsv - sortPharmacyProductMinToMax [1] {}
[INFO ] 2022-02-05 12:28:51.687 [main] DataProviderCsv - sortPharmacyProductMinToMax [2] {}
[INFO ] 2022-02-05 12:35:03.185 [main] DataProviderCsv - createOrder [1] {}
[INFO ] 2022-02-05 12:35:03.189 [main] DataProviderCsv - getUserById: [1] {}
[INFO ] 2022-02-05 12:35:03.189 [main] DataProviderCsv - getUsers: [1] {}
[INFO ] 2022-02-05 12:35:03.190 [main] DataProviderCsv - readCsv: [1] {}
[INFO ] 2022-02-05 12:35:03.274 [main] DataProviderCsv - readCsv: [3] {}
[INFO ] 2022-02-05 12:35:03.275 [main] DataProviderCsv - getUsers: [3] {}
[INFO ] 2022-02-05 12:35:03.275 [main] DataProviderCsv - isIdInData: [1] {}
[INFO ] 2022-02-05 12:35:03.275 [main] DataProviderCsv - getUsers: [1] {}
[INFO ] 2022-02-05 12:35:03.275 [main] DataProviderCsv - readCsv: [1] {}
[INFO ] 2022-02-05 12:35:03.280 [main] DataProviderCsv - readCsv: [3] {}
[INFO ] 2022-02-05 12:35:03.280 [main] DataProviderCsv - getUsers: [3] {}
[INFO ] 2022-02-05 12:35:03.282 [main] DataProviderCsv - isIdInData: [3] {} No Such Element
[INFO ] 2022-02-05 12:35:03.284 [main] DataProviderCsv - getUserById: [2] {} No Such Element id = 900
[INFO ] 2022-02-05 12:35:03.285 [main] DataProviderCsv - getUserById: [4] {}
[INFO ] 2022-02-05 12:35:03.285 [main] DataProviderCsv - createOrder [2] {} No such user
[INFO ] 2022-02-05 12:35:03.285 [main] DataProviderCsv - createOrder [3] {}
[INFO ] 2022-02-05 12:35:03.288 [main] DataProviderCsv - updateUsers: [1] {}
[INFO ] 2022-02-05 12:35:03.288 [main] DataProviderCsv - getUsers: [1] {}
[INFO ] 2022-02-05 12:35:03.288 [main] DataProviderCsv - readCsv: [1] {}
[INFO ] 2022-02-05 12:35:03.293 [main] DataProviderCsv - readCsv: [3] {}
[INFO ] 2022-02-05 12:35:03.293 [main] DataProviderCsv - getUsers: [3] {}
[INFO ] 2022-02-05 12:35:03.293 [main] DataProviderCsv - isIdInData: [1] {}
[INFO ] 2022-02-05 12:35:03.293 [main] DataProviderCsv - getUsers: [1] {}
[INFO ] 2022-02-05 12:35:03.293 [main] DataProviderCsv - readCsv: [1] {}
[INFO ] 2022-02-05 12:35:03.302 [main] DataProviderCsv - readCsv: [3] {}
[INFO ] 2022-02-05 12:35:03.303 [main] DataProviderCsv - getUsers: [3] {}
[INFO ] 2022-02-05 12:35:03.303 [main] DataProviderCsv - isIdInData: [2] {} Element is found
[INFO ] 2022-02-05 12:35:03.313 [main] HistoryContent - putUserHistory: [1] {}
[INFO ] 2022-02-05 12:35:03.942 [main] HistoryContent - putUserHistory: [2] {}
[INFO ] 2022-02-05 12:35:05.718 [main] DataProviderCsv - appendUsers: [1] {}
[INFO ] 2022-02-05 12:35:05.719 [main] DataProviderCsv - stringingDuplicateId: [1] {}
[INFO ] 2022-02-05 12:35:05.719 [main] DataProviderCsv - getUsers: [1] {}
[INFO ] 2022-02-05 12:35:05.720 [main] DataProviderCsv - readCsv: [1] {}
