[INFO ] 2022-01-29 17:03:36.834 [main] DataProviderH2 - connection: [2] {}
[INFO ] 2022-01-29 17:03:36.841 [main] DataProviderH2 - connection: [4] {}
[INFO ] 2022-01-29 17:03:36.841 [main] DataProviderH2 - h2ToMedicalDeviceList: [1] {}
[INFO ] 2022-01-29 17:03:36.842 [main] DataProviderH2 - h2ToMedicalDeviceList: [2] {}
[INFO ] 2022-01-29 17:03:36.842 [main] DataProviderH2 - h2ToMedicalDeviceList: [4] {}
[INFO ] 2022-01-29 17:03:36.842 [main] DataProviderH2 - closeConnection: [1] {}
[INFO ] 2022-01-29 17:03:36.861 [main] DataProviderH2 - readMedicalDeviceFromH2M: [2] {}
[INFO ] 2022-01-29 17:03:36.861 [main] DataProviderH2 - readMedicalDeviceFromH2M: [4] {}
[INFO ] 2022-01-29 17:03:36.862 [main] DataProviderH2 - getMedicalDevices: [2] {}
[INFO ] 2022-01-29 17:03:36.862 [main] DataProviderH2 - getMedicalDevices: [4] {}
[INFO ] 2022-01-29 17:03:36.862 [main] DataProviderH2 - searchMedicalDeviceByName [2] {}
[INFO ] 2022-01-29 17:03:36.863 [main] DataProviderH2 - searchPharmacyProductByName [2] {}
[INFO ] 2022-01-29 17:03:36.863 [main] DataProviderH2 - searchPharmacyProductByName [3] {}
[INFO ] 2022-01-29 17:03:36.863 [main] DataProviderH2 - searchPharmacyProductByName [5] {}
[INFO ] 2022-01-29 17:03:36.863 [main] DataProviderH2 - updateOrders: [1] {}
[INFO ] 2022-01-29 17:03:36.863 [main] DataProviderH2 - connection: [1] {}
[INFO ] 2022-01-29 17:03:36.889 [main] DataProviderH2 - connection: [2] {}
[INFO ] 2022-01-29 17:03:36.889 [main] DataProviderH2 - connection: [4] {}
[INFO ] 2022-01-29 17:03:36.890 [main] DataProviderH2 - isInDataOrder [1] {}
[INFO ] 2022-01-29 17:03:36.890 [main] DataProviderH2 - getOrders: [1] {}
[INFO ] 2022-01-29 17:03:36.890 [main] DataProviderH2 - readH2Order: [1] {}
[INFO ] 2022-01-29 17:03:36.891 [main] DataProviderH2 - connection: [1] {}
[INFO ] 2022-01-29 17:03:36.894 [main] DataProviderH2 - connection: [2] {}
[INFO ] 2022-01-29 17:03:36.894 [main] DataProviderH2 - connection: [4] {}
[INFO ] 2022-01-29 17:03:36.895 [main] DataProviderH2 - h2ToOrderList: [1] {}
[INFO ] 2022-01-29 17:03:36.896 [main] DataProviderH2 - h2ToOrderList: [2] {}
[INFO ] 2022-01-29 17:03:36.896 [main] DataProviderH2 - h2ToOrderList: [4] {}
[INFO ] 2022-01-29 17:03:36.896 [main] DataProviderH2 - closeConnection: [1] {}
[INFO ] 2022-01-29 17:03:36.897 [main] DataProviderH2 - readH2Order: [2] {}
[INFO ] 2022-01-29 17:03:36.897 [main] DataProviderH2 - readH2Order: [4] {}
[INFO ] 2022-01-29 17:03:36.897 [main] DataProviderH2 - getOrders: [2] {}
[INFO ] 2022-01-29 17:03:36.897 [main] DataProviderH2 - getOrders: [4] {}
[INFO ] 2022-01-29 17:03:36.899 [main] DataProviderH2 - takeHistoryOrders [1] {}
[INFO ] 2022-01-29 17:03:36.899 [main] DataProviderH2 - isInDataOrder [1] {}
[INFO ] 2022-01-29 17:03:36.899 [main] DataProviderH2 - getOrders: [1] {}
[INFO ] 2022-01-29 17:03:36.899 [main] DataProviderH2 - readH2Order: [1] {}
[INFO ] 2022-01-29 17:03:36.900 [main] DataProviderH2 - connection: [1] {}
[INFO ] 2022-01-29 17:03:36.901 [main] DataProviderH2 - connection: [2] {}
[INFO ] 2022-01-29 17:03:36.901 [main] DataProviderH2 - connection: [4] {}
[INFO ] 2022-01-29 17:03:36.902 [main] DataProviderH2 - h2ToOrderList: [1] {}
[INFO ] 2022-01-29 17:03:36.902 [main] DataProviderH2 - h2ToOrderList: [2] {}
[INFO ] 2022-01-29 17:03:36.902 [main] DataProviderH2 - h2ToOrderList: [4] {}
[INFO ] 2022-01-29 17:03:36.902 [main] DataProviderH2 - closeConnection: [1] {}
[INFO ] 2022-01-29 17:03:36.902 [main] DataProviderH2 - readH2Order: [2] {}
[INFO ] 2022-01-29 17:03:36.903 [main] DataProviderH2 - readH2Order: [4] {}
[INFO ] 2022-01-29 17:03:36.903 [main] DataProviderH2 - getOrders: [2] {}
[INFO ] 2022-01-29 17:03:36.903 [main] DataProviderH2 - getOrders: [4] {}
[INFO ] 2022-01-29 17:03:36.903 [main] DataProviderH2 - getOrders: [1] {}
[INFO ] 2022-01-29 17:03:36.903 [main] DataProviderH2 - readH2Order: [1] {}
[INFO ] 2022-01-29 17:03:36.903 [main] DataProviderH2 - connection: [1] {}
[INFO ] 2022-01-29 17:03:36.904 [main] DataProviderH2 - connection: [2] {}
[INFO ] 2022-01-29 17:03:36.904 [main] DataProviderH2 - connection: [4] {}
[INFO ] 2022-01-29 17:03:36.905 [main] DataProviderH2 - h2ToOrderList: [1] {}
[INFO ] 2022-01-29 17:03:36.905 [main] DataProviderH2 - h2ToOrderList: [2] {}
[INFO ] 2022-01-29 17:03:36.905 [main] DataProviderH2 - h2ToOrderList: [4] {}
[INFO ] 2022-01-29 17:03:36.905 [main] DataProviderH2 - closeConnection: [1] {}
[INFO ] 2022-01-29 17:03:36.906 [main] DataProviderH2 - readH2Order: [2] {}
[INFO ] 2022-01-29 17:03:36.906 [main] DataProviderH2 - readH2Order: [4] {}
[INFO ] 2022-01-29 17:03:36.906 [main] DataProviderH2 - getOrders: [2] {}
[INFO ] 2022-01-29 17:03:36.906 [main] DataProviderH2 - getOrders: [4] {}
[INFO ] 2022-01-29 17:03:36.909 [main] HistoryContent - putOrderHistory: [1] {}
[INFO ] 2022-01-29 17:03:37.397 [main] HistoryContent - putOrderHistory: [2] {}
[INFO ] 2022-01-29 17:03:38.885 [main] DataProviderH2 - updateOrders: [3] {}
[INFO ] 2022-01-29 17:03:38.886 [main] DataProviderH2 - closeConnection: [1] {}
[INFO ] 2022-01-29 17:03:38.909 [main] DataProviderH2 - updateOrders: [5] {}
[INFO ] 2022-01-29 17:03:38.909 [main] DataProviderH2 - createOrder [3] {}
[INFO ] 2022-01-29 17:03:38.913 [main] PharmacyAplication - Order{orderId=13, pharmacyProductBarcode='I2/5:1520152015201520'}
[INFO ] 2022-02-05 12:06:11.371 [main] DataProviderCsv - getTheAnaloguesOfMedicine [1] {}
[INFO ] 2022-02-05 12:06:11.375 [main] DataProviderCsv - searchMeddicineByName [1] {}
[INFO ] 2022-02-05 12:06:11.375 [main] DataProviderCsv - getMeddicines: [1] {}
[INFO ] 2022-02-05 12:06:11.376 [main] DataProviderCsv - readCsvMedicine: [1] {}
[INFO ] 2022-02-05 12:06:11.476 [main] DataProviderCsv - readCsvMedicine: [3] {}
[INFO ] 2022-02-05 12:06:11.477 [main] DataProviderCsv - getMeddicines: [3] {}
[INFO ] 2022-02-05 12:06:11.478 [main] DataProviderCsv - searchMeddicineByName [2] {}
[INFO ] 2022-02-05 12:06:11.478 [main] DataProviderCsv - getTheAnaloguesOfMedicine [3] {} No such meddicine
[INFO ] 2022-02-05 12:06:11.478 [main] DataProviderCsv - getTheAnaloguesByBarcode [1] {}
[INFO ] 2022-02-05 12:06:11.478 [main] DataProviderCsv - getMeddicineByBarcode: [1] {}
[INFO ] 2022-02-05 12:06:11.478 [main] DataProviderCsv - getMeddicines: [1] {}
[INFO ] 2022-02-05 12:06:11.479 [main] DataProviderCsv - readCsvMedicine: [1] {}
[INFO ] 2022-02-05 12:06:11.484 [main] DataProviderCsv - readCsvMedicine: [3] {}
[INFO ] 2022-02-05 12:06:11.484 [main] DataProviderCsv - getMeddicines: [3] {}
[INFO ] 2022-02-05 12:06:11.484 [main] DataProviderCsv - isIdInDataMedicine: [1] {}
[INFO ] 2022-02-05 12:06:11.484 [main] DataProviderCsv - getMeddicines: [1] {}
[INFO ] 2022-02-05 12:06:11.484 [main] DataProviderCsv - readCsvMedicine: [1] {}
[INFO ] 2022-02-05 12:06:11.495 [main] DataProviderCsv - readCsvMedicine: [3] {}
[INFO ] 2022-02-05 12:06:11.495 [main] DataProviderCsv - getMeddicines: [3] {}
[INFO ] 2022-02-05 12:06:11.496 [main] DataProviderCsv - isIdInDataMedicine: [3] {} No Such Element
[INFO ] 2022-02-05 12:06:11.496 [main] DataProviderCsv - getMeddicineByBarcode: [2] {}
[INFO ] 2022-02-05 12:06:11.496 [main] DataProviderCsv - getMeddicineByBarcode: [4] {}
[INFO ] 2022-02-05 12:06:11.497 [main] DataProviderCsv - getTheAnaloguesByBarcode [3] {} No such meddicine
[INFO ] 2022-02-05 12:06:11.497 [main] DataProviderCsv - getTheAnaloguesOfMedicine [5] {}
[INFO ] 2022-02-05 12:19:41.995 [main] DataProviderCsv - searchPharmacyProductByName [1] {}
[INFO ] 2022-02-05 12:19:41.999 [main] DataProviderCsv - searchMeddicineByName [1] {}
[INFO ] 2022-02-05 12:19:41.999 [main] DataProviderCsv - getMeddicines: [1] {}
[INFO ] 2022-02-05 12:19:42.001 [main] DataProviderCsv - readCsvMedicine: [1] {}
[INFO ] 2022-02-05 12:19:42.094 [main] DataProviderCsv - readCsvMedicine: [3] {}
[INFO ] 2022-02-05 12:19:42.095 [main] DataProviderCsv - getMeddicines: [3] {}
[INFO ] 2022-02-05 12:19:42.096 [main] DataProviderCsv - searchMeddicineByName [2] {}
[INFO ] 2022-02-05 12:19:42.096 [main] DataProviderCsv - searchMedicalDeviceByName [1] {}
[INFO ] 2022-02-05 12:19:42.096 [main] DataProviderCsv - getMedicalDevices: [1] {}
[INFO ] 2022-02-05 12:19:42.096 [main] DataProviderCsv - readCsvMedicalDevice: [1] {}
[INFO ] 2022-02-05 12:19:42.104 [main] DataProviderCsv - readCsvMedicalDevice: [3] {}
[INFO ] 2022-02-05 12:19:42.104 [main] DataProviderCsv - getMedicalDevices: [3] {}
[INFO ] 2022-02-05 12:19:42.105 [main] DataProviderCsv - searchMedicalDeviceByName [2] {}
[INFO ] 2022-02-05 12:19:42.105 [main] DataProviderCsv - searchPharmacyProductByName [2] {}
[INFO ] 2022-02-05 12:19:42.105 [main] DataProviderCsv - searchPharmacyProductByName [3] {}
[INFO ] 2022-02-05 12:19:42.105 [main] DataProviderCsv - searchPharmacyProductByName [5] {}
[INFO ] 2022-02-05 12:19:47.888 [main] DataProviderCsv - searchPharmacyProductByName [1] {}
[INFO ] 2022-02-05 12:19:47.893 [main] DataProviderCsv - searchMeddicineByName [1] {}
[INFO ] 2022-02-05 12:19:47.893 [main] DataProviderCsv - getMeddicines: [1] {}
[INFO ] 2022-02-05 12:19:47.894 [main] DataProviderCsv - readCsvMedicine: [1] {}
[INFO ] 2022-02-05 12:19:47.979 [main] DataProviderCsv - readCsvMedicine: [3] {}
[INFO ] 2022-02-05 12:19:47.980 [main] DataProviderCsv - getMeddicines: [3] {}
[INFO ] 2022-02-05 12:19:47.981 [main] DataProviderCsv - searchMeddicineByName [2] {}
[INFO ] 2022-02-05 12:19:47.981 [main] DataProviderCsv - searchMedicalDeviceByName [1] {}
[INFO ] 2022-02-05 12:19:47.981 [main] DataProviderCsv - getMedicalDevices: [1] {}
[INFO ] 2022-02-05 12:19:47.981 [main] DataProviderCsv - readCsvMedicalDevice: [1] {}
[INFO ] 2022-02-05 12:19:47.988 [main] DataProviderCsv - readCsvMedicalDevice: [3] {}
[INFO ] 2022-02-05 12:19:47.988 [main] DataProviderCsv - getMedicalDevices: [3] {}
[INFO ] 2022-02-05 12:19:47.989 [main] DataProviderCsv - searchMedicalDeviceByName [2] {}
[INFO ] 2022-02-05 12:19:47.989 [main] DataProviderCsv - searchPharmacyProductByName [5] {}
[INFO ] 2022-02-05 12:26:32.855 [main] DataProviderCsv - searchPharmacyProductByCategory [1] {}
[INFO ] 2022-02-05 12:26:32.859 [main] DataProviderCsv - searchPharmacyProductByCategory [1] {}
[INFO ] 2022-02-05 12:26:32.859 [main] DataProviderCsv - getMeddicines: [1] {}
