[INFO ] 2022-02-05 12:35:05.734 [main] DataProviderCsv - readCsv: [3] {}
[INFO ] 2022-02-05 12:35:05.748 [main] DataProviderCsv - getUsers: [3] {}
[INFO ] 2022-02-05 12:35:05.748 [main] DataProviderCsv - getUsers: [1] {}
[INFO ] 2022-02-05 12:35:05.748 [main] DataProviderCsv - readCsv: [1] {}
[INFO ] 2022-02-05 12:35:05.753 [main] DataProviderCsv - readCsv: [3] {}
[INFO ] 2022-02-05 12:35:05.753 [main] DataProviderCsv - getUsers: [3] {}
[INFO ] 2022-02-05 12:35:05.754 [main] DataProviderCsv - stringingDuplicateId: [2] {}
[INFO ] 2022-02-05 12:35:05.754 [main] DataProviderCsv - writeCsv: [1] {}
[INFO ] 2022-02-05 12:35:05.778 [main] DataProviderCsv - writeCsv: [3] {}
[INFO ] 2022-02-05 12:35:05.779 [main] DataProviderCsv - appendUsers: [5] {}
[INFO ] 2022-02-05 12:35:05.779 [main] DataProviderCsv - updateUsers: [3] {}
[INFO ] 2022-02-05 12:41:44.713 [main] DataProviderCsv - pharmacyProductName [1] {}
[INFO ] 2022-02-05 12:41:44.716 [main] DataProviderCsv - searchPharmacyProductByName [1] {}
[INFO ] 2022-02-05 12:41:44.716 [main] DataProviderCsv - searchMeddicineByName [1] {}
[INFO ] 2022-02-05 12:41:44.716 [main] DataProviderCsv - getMeddicines: [1] {}
[INFO ] 2022-02-05 12:41:44.717 [main] DataProviderCsv - readCsvMedicine: [1] {}
[INFO ] 2022-02-05 12:41:44.800 [main] DataProviderCsv - readCsvMedicine: [3] {}
[INFO ] 2022-02-05 12:41:44.801 [main] DataProviderCsv - getMeddicines: [3] {}
[INFO ] 2022-02-05 12:41:44.803 [main] DataProviderCsv - searchMeddicineByName [2] {}
[INFO ] 2022-02-05 12:41:44.803 [main] DataProviderCsv - searchMedicalDeviceByName [1] {}
[INFO ] 2022-02-05 12:41:44.803 [main] DataProviderCsv - getMedicalDevices: [1] {}
[INFO ] 2022-02-05 12:41:44.803 [main] DataProviderCsv - readCsvMedicalDevice: [1] {}
[INFO ] 2022-02-05 12:41:44.809 [main] DataProviderCsv - readCsvMedicalDevice: [3] {}
[INFO ] 2022-02-05 12:41:44.810 [main] DataProviderCsv - getMedicalDevices: [3] {}
[INFO ] 2022-02-05 12:41:44.810 [main] DataProviderCsv - searchMedicalDeviceByName [2] {}
[INFO ] 2022-02-05 12:41:44.810 [main] DataProviderCsv - searchPharmacyProductByName [2] {}
[INFO ] 2022-02-05 12:41:44.810 [main] DataProviderCsv - searchPharmacyProductByName [3] {}
[INFO ] 2022-02-05 12:41:44.810 [main] DataProviderCsv - searchPharmacyProductByName [5] {}
[INFO ] 2022-02-05 12:41:44.811 [main] DataProviderCsv - searchPharmacyProductByName [1] {}
[INFO ] 2022-02-05 12:41:44.811 [main] DataProviderCsv - searchMeddicineByName [1] {}
[INFO ] 2022-02-05 12:41:44.811 [main] DataProviderCsv - getMeddicines: [1] {}
[INFO ] 2022-02-05 12:41:44.811 [main] DataProviderCsv - readCsvMedicine: [1] {}
[INFO ] 2022-02-05 12:41:44.821 [main] DataProviderCsv - readCsvMedicine: [3] {}
[INFO ] 2022-02-05 12:41:44.821 [main] DataProviderCsv - getMeddicines: [3] {}
[INFO ] 2022-02-05 12:41:44.821 [main] DataProviderCsv - searchMeddicineByName [2] {}
[INFO ] 2022-02-05 12:41:44.822 [main] DataProviderCsv - searchMedicalDeviceByName [1] {}
[INFO ] 2022-02-05 12:41:44.822 [main] DataProviderCsv - getMedicalDevices: [1] {}
[INFO ] 2022-02-05 12:41:44.822 [main] DataProviderCsv - readCsvMedicalDevice: [1] {}
[INFO ] 2022-02-05 12:41:44.826 [main] DataProviderCsv - readCsvMedicalDevice: [3] {}
[INFO ] 2022-02-05 12:41:44.827 [main] DataProviderCsv - getMedicalDevices: [3] {}
[INFO ] 2022-02-05 12:41:44.827 [main] DataProviderCsv - searchMedicalDeviceByName [2] {}
[INFO ] 2022-02-05 12:41:44.827 [main] DataProviderCsv - searchPharmacyProductByName [2] {}
[INFO ] 2022-02-05 12:41:44.827 [main] DataProviderCsv - searchPharmacyProductByName [3] {}
[INFO ] 2022-02-05 12:41:44.827 [main] DataProviderCsv - searchPharmacyProductByName [5] {}
[INFO ] 2022-02-05 12:41:44.827 [main] DataProviderCsv - updateOrders: [1] {}
[INFO ] 2022-02-05 12:41:44.827 [main] DataProviderCsv - getOrders: [1] {}
[INFO ] 2022-02-05 12:41:44.827 [main] DataProviderCsv - readCsvOrder: [1] {}
[INFO ] 2022-02-05 12:41:44.840 [main] DataProviderCsv - readCsvOrder: [3] {}
[INFO ] 2022-02-05 12:41:44.840 [main] DataProviderCsv - getOrders: [3] {}
[INFO ] 2022-02-05 12:41:44.840 [main] DataProviderCsv - isIdInDataOrder: [1] {}
[INFO ] 2022-02-05 12:41:44.841 [main] DataProviderCsv - getOrders: [1] {}
[INFO ] 2022-02-05 12:41:44.841 [main] DataProviderCsv - readCsvOrder: [1] {}
[INFO ] 2022-02-05 12:41:44.844 [main] DataProviderCsv - readCsvOrder: [3] {}
[INFO ] 2022-02-05 12:41:44.844 [main] DataProviderCsv - getOrders: [3] {}
[INFO ] 2022-02-05 12:41:44.845 [main] DataProviderCsv - isIdInDataOrder: [3] {} No Such Element
[INFO ] 2022-02-05 12:41:44.845 [main] DataProviderCsv - appendOrders: [1] {}
[INFO ] 2022-02-05 12:41:44.846 [main] DataProviderCsv - stringingDuplicateIdOrder: [1] {}
[INFO ] 2022-02-05 12:41:44.846 [main] DataProviderCsv - getOrders: [1] {}
[INFO ] 2022-02-05 12:41:44.846 [main] DataProviderCsv - readCsvOrder: [1] {}
[INFO ] 2022-02-05 12:41:44.849 [main] DataProviderCsv - readCsvOrder: [3] {}
[INFO ] 2022-02-05 12:41:44.849 [main] DataProviderCsv - getOrders: [3] {}
[INFO ] 2022-02-05 12:41:44.850 [main] DataProviderCsv - getOrders: [1] {}
[INFO ] 2022-02-05 12:41:44.850 [main] DataProviderCsv - readCsvOrder: [1] {}
[INFO ] 2022-02-05 12:41:44.853 [main] DataProviderCsv - readCsvOrder: [3] {}
[INFO ] 2022-02-05 12:41:44.853 [main] DataProviderCsv - getOrders: [3] {}
[INFO ] 2022-02-05 12:41:44.854 [main] DataProviderCsv - stringingDuplicateIdOrder: [2] {}
[INFO ] 2022-02-05 12:41:44.854 [main] DataProviderCsv - writeCsvOrder: [1] {}
[INFO ] 2022-02-05 12:41:44.870 [main] DataProviderCsv - writeCsvOrder: [2] {}
[INFO ] 2022-02-05 12:41:44.871 [main] DataProviderCsv - writeCsvOrder: [4] {}
[INFO ] 2022-02-05 12:41:44.871 [main] DataProviderCsv - appendOrders: [5] {}
[INFO ] 2022-02-05 12:41:44.871 [main] DataProviderCsv - updateOrders: [3] {}
[INFO ] 2022-02-05 12:42:25.156 [main] DataProviderCsv - pharmacyProductName [1] {}
[INFO ] 2022-02-05 12:42:25.159 [main] DataProviderCsv - searchPharmacyProductByName [1] {}
[INFO ] 2022-02-05 12:42:25.159 [main] DataProviderCsv - searchMeddicineByName [1] {}
[INFO ] 2022-02-05 12:42:25.159 [main] DataProviderCsv - getMeddicines: [1] {}
[INFO ] 2022-02-05 12:42:25.160 [main] DataProviderCsv - readCsvMedicine: [1] {}
[INFO ] 2022-02-05 12:42:25.237 [main] DataProviderCsv - readCsvMedicine: [3] {}
[INFO ] 2022-02-05 12:42:25.238 [main] DataProviderCsv - getMeddicines: [3] {}
[INFO ] 2022-02-05 12:42:25.239 [main] DataProviderCsv - searchMeddicineByName [2] {}
[INFO ] 2022-02-05 12:42:25.239 [main] DataProviderCsv - searchMedicalDeviceByName [1] {}
[INFO ] 2022-02-05 12:42:25.239 [main] DataProviderCsv - getMedicalDevices: [1] {}
[INFO ] 2022-02-05 12:42:25.239 [main] DataProviderCsv - readCsvMedicalDevice: [1] {}
[INFO ] 2022-02-05 12:42:25.246 [main] DataProviderCsv - readCsvMedicalDevice: [3] {}
[INFO ] 2022-02-05 12:42:25.246 [main] DataProviderCsv - getMedicalDevices: [3] {}
[INFO ] 2022-02-05 12:42:25.247 [main] DataProviderCsv - searchMedicalDeviceByName [2] {}
[INFO ] 2022-02-05 12:42:25.247 [main] DataProviderCsv - searchPharmacyProductByName [2] {}
[INFO ] 2022-02-05 12:42:25.247 [main] DataProviderCsv - searchPharmacyProductByName [3] {}
[INFO ] 2022-02-05 12:42:25.247 [main] DataProviderCsv - searchPharmacyProductByName [5] {}
[INFO ] 2022-02-05 12:42:25.247 [main] DataProviderCsv - searchPharmacyProductByName [1] {}
[INFO ] 2022-02-05 12:42:25.247 [main] DataProviderCsv - searchMeddicineByName [1] {}
[INFO ] 2022-02-05 12:42:25.247 [main] DataProviderCsv - getMeddicines: [1] {}
[INFO ] 2022-02-05 12:42:25.248 [main] DataProviderCsv - readCsvMedicine: [1] {}
[INFO ] 2022-02-05 12:42:25.259 [main] DataProviderCsv - readCsvMedicine: [3] {}
[INFO ] 2022-02-05 12:42:25.259 [main] DataProviderCsv - getMeddicines: [3] {}
[INFO ] 2022-02-05 12:42:25.260 [main] DataProviderCsv - searchMeddicineByName [2] {}
[INFO ] 2022-02-05 12:42:25.260 [main] DataProviderCsv - searchMedicalDeviceByName [1] {}
[INFO ] 2022-02-05 12:42:25.260 [main] DataProviderCsv - getMedicalDevices: [1] {}
[INFO ] 2022-02-05 12:42:25.260 [main] DataProviderCsv - readCsvMedicalDevice: [1] {}
[INFO ] 2022-02-05 12:42:25.264 [main] DataProviderCsv - readCsvMedicalDevice: [3] {}
[INFO ] 2022-02-05 12:42:25.265 [main] DataProviderCsv - getMedicalDevices: [3] {}
[INFO ] 2022-02-05 12:42:25.265 [main] DataProviderCsv - searchMedicalDeviceByName [2] {}
[INFO ] 2022-02-05 12:42:25.265 [main] DataProviderCsv - searchPharmacyProductByName [2] {}
[INFO ] 2022-02-05 12:42:25.265 [main] DataProviderCsv - searchPharmacyProductByName [3] {}
[INFO ] 2022-02-05 12:42:25.265 [main] DataProviderCsv - searchPharmacyProductByName [5] {}
[INFO ] 2022-02-05 12:42:25.265 [main] DataProviderCsv - updateOrders: [1] {}
[INFO ] 2022-02-05 12:42:25.266 [main] DataProviderCsv - getOrders: [1] {}
[INFO ] 2022-02-05 12:42:25.266 [main] DataProviderCsv - readCsvOrder: [1] {}
[INFO ] 2022-02-05 12:42:25.271 [main] DataProviderCsv - readCsvOrder: [3] {}
[INFO ] 2022-02-05 12:42:25.271 [main] DataProviderCsv - getOrders: [3] {}
[INFO ] 2022-02-05 12:42:25.271 [main] DataProviderCsv - isIdInDataOrder: [1] {}
[INFO ] 2022-02-05 12:42:25.272 [main] DataProviderCsv - getOrders: [1] {}
[INFO ] 2022-02-05 12:42:25.272 [main] DataProviderCsv - readCsvOrder: [1] {}
[INFO ] 2022-02-05 12:42:25.275 [main] DataProviderCsv - readCsvOrder: [3] {}
[INFO ] 2022-02-05 12:42:25.275 [main] DataProviderCsv - getOrders: [3] {}
[INFO ] 2022-02-05 12:42:25.277 [main] DataProviderCsv - isIdInDataOrder: [2] {} Element is found
[INFO ] 2022-02-05 12:42:25.280 [main] HistoryContent - putOrderHistory: [1] {}
[INFO ] 2022-02-05 12:42:25.589 [main] HistoryContent - putOrderHistory: [2] {}
[INFO ] 2022-02-05 12:42:27.000 [main] DataProviderCsv - appendOrders: [1] {}
[INFO ] 2022-02-05 12:42:27.001 [main] DataProviderCsv - stringingDuplicateIdOrder: [1] {}
[INFO ] 2022-02-05 12:42:27.001 [main] DataProviderCsv - getOrders: [1] {}
[INFO ] 2022-02-05 12:42:27.001 [main] DataProviderCsv - readCsvOrder: [1] {}
[INFO ] 2022-02-05 12:42:27.010 [main] DataProviderCsv - readCsvOrder: [3] {}
[INFO ] 2022-02-05 12:42:27.010 [main] DataProviderCsv - getOrders: [3] {}
