[INFO ] 2022-03-12 19:41:58.703 [main] HibernateDataProvider - getTableInfo[1]{}
[INFO ] 2022-03-12 19:42:00.874 [main] HibernateDataProvider - getTableInfo[2]{}
[INFO ] 2022-03-12 19:45:38.025 [main] HibernateDataProvider - getTableInfo[1]{}
[INFO ] 2022-03-12 19:45:42.603 [main] HibernateDataProvider - getTableInfo[1]{}
[INFO ] 2022-03-12 19:45:43.945 [main] HibernateDataProvider - getTableInfo[2]{}
[INFO ] 2022-03-12 19:45:46.387 [main] HibernateDataProvider - getTableInfo[2]{}
[INFO ] 2022-03-12 19:49:06.794 [main] HibernateDataProvider - getTableInfo[1]{}
[INFO ] 2022-03-12 19:49:09.805 [main] HibernateDataProvider - getTableInfo[2]{}
[INFO ] 2022-03-13 16:18:36.449 [main] HibernateDataProvider - getTableInfo[1]{}
[INFO ] 2022-03-13 16:18:41.009 [main] HibernateDataProvider - getTableInfo[2]{}
[INFO ] 2022-03-13 16:26:37.802 [main] HibernateDataProvider - getTableInfo[1]{}
[INFO ] 2022-03-13 16:26:39.480 [main] HibernateDataProvider - getTableInfo[2]{}
[INFO ] 2022-03-13 16:32:05.678 [main] HibernateDataProvider - getTableInfo[1]{}
[INFO ] 2022-03-13 16:32:07.350 [main] HibernateDataProvider - getTableInfo[2]{}
[INFO ] 2022-03-13 16:32:20.166 [main] HibernateDataProvider - getTableInfo[1]{}
[INFO ] 2022-03-13 16:32:21.838 [main] HibernateDataProvider - getTableInfo[2]{}
[INFO ] 2022-03-13 16:39:03.190 [main] HibernateDataProvider - getDatabaseTables[1]{}
[INFO ] 2022-03-13 16:39:05.080 [main] HibernateDataProvider - getDatabaseTables[2]{}
[INFO ] 2022-03-13 16:39:22.257 [main] HibernateDataProvider - getTableInfo[1]{}
[INFO ] 2022-03-13 16:39:24.092 [main] HibernateDataProvider - getTableInfo[2]{}
[INFO ] 2022-03-13 17:25:47.387 [main] HibernateDataProvider - testEntityAdd[1]{}
[INFO ] 2022-03-13 17:25:49.007 [main] HibernateDataProvider - testEntityAdd[2]{}
[ERROR] 2022-03-13 17:25:49.008 [main] HibernateDataProvider - testEntityAdd[1]{}Transaction not successfully started
[INFO ] 2022-03-13 17:37:01.507 [main] HibernateDataProvider - testEntityAdd[1]{}
[ERROR] 2022-03-13 17:37:03.065 [main] HibernateDataProvider - testEntityAdd[1]{}class org.hibernate.internal.SessionFactoryImpl cannot be cast to class org.hibernate.Session (org.hibernate.internal.SessionFactoryImpl and org.hibernate.Session are in unnamed module of loader 'app')
[INFO ] 2022-03-13 17:39:25.765 [main] HibernateDataProvider - testEntityAdd[1]{}
[INFO ] 2022-03-13 17:39:27.408 [main] HibernateDataProvider - testEntityAdd[2]{}
[ERROR] 2022-03-13 17:39:27.432 [main] HibernateDataProvider - testEntityAdd[1]{}org.hibernate.exception.SQLGrammarException: could not execute statement
[INFO ] 2022-03-13 17:45:28.192 [main] HibernateDataProvider - testEntityAdd[1]{}
[INFO ] 2022-03-13 17:45:29.873 [main] HibernateDataProvider - testEntityAdd[2]{}
[ERROR] 2022-03-13 17:45:29.895 [main] HibernateDataProvider - testEntityAdd[1]{}org.hibernate.exception.SQLGrammarException: could not execute statement
[INFO ] 2022-03-13 18:10:46.557 [main] HibernateDataProvider - testEntityAdd[1]{}
[INFO ] 2022-03-13 18:10:48.432 [main] HibernateDataProvider - testEntityAdd[2]{}
[INFO ] 2022-03-13 18:30:42.281 [main] HibernateDataProvider - testEntityAdd[1]{}
[INFO ] 2022-03-13 18:30:44.243 [main] HibernateDataProvider - testEntityAdd[2]{}
[INFO ] 2022-03-13 18:31:39.814 [main] HibernateDataProvider - testEntityAdd[1]{}
[INFO ] 2022-03-13 18:31:41.478 [main] HibernateDataProvider - testEntityAdd[2]{}
[INFO ] 2022-03-13 18:32:12.642 [main] HibernateDataProvider - testEntityAdd[1]{}
[INFO ] 2022-03-13 18:32:14.334 [main] HibernateDataProvider - testEntityAdd[2]{}
[INFO ] 2022-03-13 18:32:30.236 [main] HibernateDataProvider - testEntityAdd[1]{}
[INFO ] 2022-03-13 18:32:31.839 [main] HibernateDataProvider - testEntityAdd[2]{}
[INFO ] 2022-03-13 18:32:50.513 [main] HibernateDataProvider - testEntityAdd[1]{}
[INFO ] 2022-03-13 18:32:52.141 [main] HibernateDataProvider - testEntityAdd[2]{}
[ERROR] 2022-03-13 18:46:13.867 [main] HibernateDataProvider - testEntitieRead[]{} org.hibernate.hql.internal.ast.QuerySyntaxException: testentity is not mapped [FROM testentity]
[INFO ] 2022-03-13 18:46:53.049 [main] HibernateDataProvider - testEntityAdd[1]{}
[INFO ] 2022-03-13 18:46:54.776 [main] HibernateDataProvider - testEntityAdd[2]{}
[ERROR] 2022-03-13 18:47:04.398 [main] HibernateDataProvider - testEntitieRead[]{} org.hibernate.hql.internal.ast.QuerySyntaxException: testentity is not mapped [FROM testentity]
[ERROR] 2022-03-13 18:48:17.896 [main] HibernateDataProvider - testEntitieRead[]{} org.hibernate.hql.internal.ast.QuerySyntaxException: unexpected token: * near line 1, column 8 [SELECT * FROM testentity]
[ERROR] 2022-03-13 18:50:12.846 [main] HibernateDataProvider - testEntitieRead[]{} org.hibernate.hql.internal.ast.QuerySyntaxException: unexpected token: * near line 1, column 8 [SELECT * from testentity]
[INFO ] 2022-03-14 11:36:00.509 [main] HibernateDataProvider - testEntityUpdate[1]{}
[INFO ] 2022-03-14 11:36:02.528 [main] HibernateDataProvider - testEntitieRead[1]{}
[INFO ] 2022-03-14 11:36:02.582 [main] HibernateDataProvider - testEntitieRead[2]{}
[INFO ] 2022-03-14 11:36:02.620 [main] HibernateDataProvider - testEntityUpdate[2]{}
[INFO ] 2022-03-14 11:38:00.500 [main] HibernateDataProvider - testEntityAdd[1]{}
[INFO ] 2022-03-14 11:38:02.418 [main] HibernateDataProvider - testEntityAdd[2]{}
[INFO ] 2022-03-14 11:40:27.406 [main] HibernateDataProvider - testEntityUpdate[1]{}
[INFO ] 2022-03-14 11:40:29.300 [main] HibernateDataProvider - testEntityUpdate[2]{}
[ERROR] 2022-03-14 11:40:29.334 [main] HibernateDataProvider - testEntityUpdate[]{} Batch update returned unexpected row count from update [0]; actual row count: 0; expected: 1; statement executed: update TestEntity set dateCreated=?, description=?, name=? where id=?
[INFO ] 2022-03-14 11:41:32.863 [main] HibernateDataProvider - testEntityUpdate[1]{}
[INFO ] 2022-03-14 11:41:34.805 [main] HibernateDataProvider - testEntityUpdate[2]{}
[INFO ] 2022-03-14 11:41:34.835 [main] HibernateDataProvider - testEntitieRead[1]{}
[INFO ] 2022-03-14 11:41:34.840 [main] HibernateDataProvider - testEntitieRead[2]{}
[INFO ] 2022-03-14 11:44:51.073 [main] HibernateDataProvider - testEntityDelete[1]{}
[INFO ] 2022-03-14 11:44:52.912 [main] HibernateDataProvider - testEntityDelete[2]{}
[INFO ] 2022-03-14 11:44:52.937 [main] HibernateDataProvider - testEntitieRead[1]{}
[INFO ] 2022-03-14 11:44:52.943 [main] HibernateDataProvider - testEntitieRead[2]{}
[INFO ] 2022-03-16 08:13:50.745 [main] HibernateDataProvider - getDatabaseTables[1]{}
[INFO ] 2022-03-16 08:13:53.010 [main] HibernateDataProvider - getDatabaseTables[2]{}
[INFO ] 2022-03-16 08:14:31.917 [main] HibernateDataProvider - getDatabaseTables[1]{}
[INFO ] 2022-03-16 08:14:34.006 [main] HibernateDataProvider - getDatabaseTables[2]{}
[INFO ] 2022-03-16 08:14:44.983 [main] HibernateDataProvider - getDatabaseTables[1]{}
[INFO ] 2022-03-16 08:14:47.425 [main] HibernateDataProvider - getDatabaseTables[2]{}
[INFO ] 2022-03-16 08:18:10.696 [main] HibernateDataProvider - getDatabaseTables[1]{}
[INFO ] 2022-03-16 08:18:12.873 [main] HibernateDataProvider - getDatabaseTables[2]{}
[INFO ] 2022-03-16 08:26:06.578 [main] HibernateDataProvider - getDatabaseTables[1]{}
[INFO ] 2022-03-16 08:26:08.388 [main] HibernateDataProvider - getDatabaseTables[2]{}
[INFO ] 2022-03-16 08:27:20.830 [main] HibernateDataProvider - getDatabaseTables[1]{}
[INFO ] 2022-03-16 08:27:22.710 [main] HibernateDataProvider - getDatabaseTables[2]{}
[INFO ] 2022-03-16 08:30:17.244 [main] HibernateDataProvider - getDatabaseTables[1]{}
[INFO ] 2022-03-16 08:30:19.453 [main] HibernateDataProvider - getDatabaseTables[2]{}
[INFO ] 2022-03-16 08:39:58.620 [main] HibernateDataProvider - getDatabaseTables[1]{}
[INFO ] 2022-03-16 08:40:00.568 [main] HibernateDataProvider - getDatabaseTables[2]{}
[INFO ] 2022-03-16 08:41:30.249 [main] HibernateDataProvider - getTableInfo[1]{}
[INFO ] 2022-03-16 08:41:32.167 [main] HibernateDataProvider - getTableInfo[2]{}
[INFO ] 2022-03-16 08:42:55.244 [main] HibernateDataProvider - getTableInfo[1]{}
[INFO ] 2022-03-16 08:42:57.115 [main] HibernateDataProvider - getTableInfo[2]{}
[INFO ] 2022-03-16 08:44:09.055 [main] HibernateDataProvider - getTableInfo[1]{}
[INFO ] 2022-03-16 08:44:26.424 [main] HibernateDataProvider - getTableInfo[1]{}
[INFO ] 2022-03-16 08:44:34.395 [main] HibernateDataProvider - getTableInfo[2]{}
[INFO ] 2022-03-16 08:45:19.835 [main] HibernateDataProvider - getTableInfo[1]{}
[INFO ] 2022-03-16 08:45:21.792 [main] HibernateDataProvider - getTableInfo[2]{}
[INFO ] 2022-03-16 08:45:37.721 [main] HibernateDataProvider - getTableInfo[1]{}
[INFO ] 2022-03-16 08:45:45.643 [main] HibernateDataProvider - getTableInfo[2]{}
[INFO ] 2022-03-16 08:48:43.969 [main] HibernateDataProvider - getTableInfo[1]{}
[INFO ] 2022-03-16 08:48:52.003 [main] HibernateDataProvider - getTableInfo[2]{}
[INFO ] 2022-03-16 08:49:31.084 [main] HibernateDataProvider - getTableInfo[1]{}
[INFO ] 2022-03-16 08:49:33.189 [main] HibernateDataProvider - getTableInfo[2]{}
[INFO ] 2022-03-16 08:50:32.542 [main] HibernateDataProvider - getTableInfo[1]{}
[INFO ] 2022-03-16 08:50:34.313 [main] HibernateDataProvider - getTableInfo[2]{}
[INFO ] 2022-03-16 08:50:51.440 [main] HibernateDataProvider - getTableInfo[1]{}
[INFO ] 2022-03-16 08:50:53.568 [main] HibernateDataProvider - getTableInfo[2]{}
[INFO ] 2022-03-16 08:52:02.667 [main] HibernateDataProvider - getTableInfo[1]{}
[INFO ] 2022-03-16 08:52:04.625 [main] HibernateDataProvider - getTableInfo[2]{}
[INFO ] 2022-03-16 08:52:27.129 [main] HibernateDataProvider - getTableInfo[1]{}
[INFO ] 2022-03-16 08:52:35.075 [main] HibernateDataProvider - getTableInfo[2]{}
[INFO ] 2022-03-16 09:01:24.059 [main] HibernateDataProvider - getTableInfo[1]{}
[INFO ] 2022-03-16 09:01:25.959 [main] HibernateDataProvider - getTableInfo[2]{}
[INFO ] 2022-03-16 09:02:00.987 [main] HibernateDataProvider - getTableInfo[1]{}
[INFO ] 2022-03-16 09:02:02.867 [main] HibernateDataProvider - getTableInfo[2]{}
[INFO ] 2022-03-16 09:11:36.122 [main] HibernateDataProvider - testEntityAdd[1]{}
[INFO ] 2022-03-16 09:11:38.077 [main] HibernateDataProvider - testEntityAdd[2]{}
