[INFO ] 2022-01-21 17:13:50.504 [main] DataProviderH2 - searchMedicalDeviceByName [1] {}
[INFO ] 2022-01-21 17:13:50.515 [main] DataProviderH2 - getMedicalDevices: [1] {}
[INFO ] 2022-01-21 17:13:50.515 [main] DataProviderH2 - readMedicalDeviceFromH2M: [1] {}
[INFO ] 2022-01-21 17:13:50.515 [main] DataProviderH2 - connection: [1] {}
[INFO ] 2022-01-21 17:13:50.537 [main] DataProviderH2 - connection: [2] {}
[INFO ] 2022-01-21 17:13:50.537 [main] DataProviderH2 - connection: [4] {}
[INFO ] 2022-01-21 17:13:50.538 [main] DataProviderH2 - h2ToMedicalDeviceList: [1] {}
[INFO ] 2022-01-21 17:13:50.538 [main] DataProviderH2 - h2ToMedicalDeviceList: [2] {}
[INFO ] 2022-01-21 17:13:50.538 [main] DataProviderH2 - h2ToMedicalDeviceList: [4] {}
[INFO ] 2022-01-21 17:13:50.538 [main] DataProviderH2 - closeConnection: [1] {}
[INFO ] 2022-01-21 17:13:50.554 [main] DataProviderH2 - readMedicalDeviceFromH2M: [2] {}
[INFO ] 2022-01-21 17:13:50.554 [main] DataProviderH2 - readMedicalDeviceFromH2M: [4] {}
[INFO ] 2022-01-21 17:13:50.554 [main] DataProviderH2 - getMedicalDevices: [2] {}
[INFO ] 2022-01-21 17:13:50.554 [main] DataProviderH2 - getMedicalDevices: [4] {}
[INFO ] 2022-01-21 17:13:50.555 [main] DataProviderH2 - searchMedicalDeviceByName [2] {}
[INFO ] 2022-01-21 17:13:50.555 [main] DataProviderH2 - searchPharmacyProductByName [2] {}
[INFO ] 2022-01-21 17:13:50.555 [main] DataProviderH2 - searchPharmacyProductByName [3] {}
[INFO ] 2022-01-21 17:13:50.555 [main] DataProviderH2 - searchPharmacyProductByName [5] {}
[INFO ] 2022-01-21 17:13:50.555 [main] DataProviderH2 - updateOrders: [1] {}
[INFO ] 2022-01-21 17:13:50.555 [main] DataProviderH2 - connection: [1] {}
[INFO ] 2022-01-21 17:13:50.573 [main] DataProviderH2 - connection: [2] {}
[INFO ] 2022-01-21 17:13:50.574 [main] DataProviderH2 - connection: [4] {}
[INFO ] 2022-01-21 17:13:50.574 [main] DataProviderH2 - isInDataOrder [1] {}
[INFO ] 2022-01-21 17:13:50.574 [main] DataProviderH2 - getOrders: [1] {}
[INFO ] 2022-01-21 17:13:50.574 [main] DataProviderH2 - readH2Order: [1] {}
[INFO ] 2022-01-21 17:13:50.574 [main] DataProviderH2 - connection: [1] {}
[INFO ] 2022-01-21 17:13:50.575 [main] DataProviderH2 - connection: [2] {}
[INFO ] 2022-01-21 17:13:50.575 [main] DataProviderH2 - connection: [4] {}
[INFO ] 2022-01-21 17:13:50.576 [main] DataProviderH2 - h2ToOrderList: [1] {}
[INFO ] 2022-01-21 17:13:50.576 [main] DataProviderH2 - h2ToOrderList: [2] {}
[INFO ] 2022-01-21 17:13:50.576 [main] DataProviderH2 - h2ToOrderList: [4] {}
[INFO ] 2022-01-21 17:13:50.576 [main] DataProviderH2 - closeConnection: [1] {}
[INFO ] 2022-01-21 17:13:50.576 [main] DataProviderH2 - readH2Order: [2] {}
[INFO ] 2022-01-21 17:13:50.576 [main] DataProviderH2 - readH2Order: [4] {}
[INFO ] 2022-01-21 17:13:50.576 [main] DataProviderH2 - getOrders: [2] {}
[INFO ] 2022-01-21 17:13:50.576 [main] DataProviderH2 - getOrders: [4] {}
[INFO ] 2022-01-21 17:13:50.578 [main] DataProviderH2 - takeHistoryOrders [1] {}
[INFO ] 2022-01-21 17:13:50.578 [main] DataProviderH2 - isInDataOrder [1] {}
[INFO ] 2022-01-21 17:13:50.579 [main] DataProviderH2 - getOrders: [1] {}
[INFO ] 2022-01-21 17:13:50.579 [main] DataProviderH2 - readH2Order: [1] {}
[INFO ] 2022-01-21 17:13:50.579 [main] DataProviderH2 - connection: [1] {}
[INFO ] 2022-01-21 17:13:50.580 [main] DataProviderH2 - connection: [2] {}
[INFO ] 2022-01-21 17:13:50.580 [main] DataProviderH2 - connection: [4] {}
[INFO ] 2022-01-21 17:13:50.581 [main] DataProviderH2 - h2ToOrderList: [1] {}
[INFO ] 2022-01-21 17:13:50.581 [main] DataProviderH2 - h2ToOrderList: [2] {}
[INFO ] 2022-01-21 17:13:50.581 [main] DataProviderH2 - h2ToOrderList: [4] {}
[INFO ] 2022-01-21 17:13:50.581 [main] DataProviderH2 - closeConnection: [1] {}
[INFO ] 2022-01-21 17:13:50.581 [main] DataProviderH2 - readH2Order: [2] {}
[INFO ] 2022-01-21 17:13:50.581 [main] DataProviderH2 - readH2Order: [4] {}
[INFO ] 2022-01-21 17:13:50.581 [main] DataProviderH2 - getOrders: [2] {}
[INFO ] 2022-01-21 17:13:50.581 [main] DataProviderH2 - getOrders: [4] {}
[INFO ] 2022-01-21 17:13:50.581 [main] DataProviderH2 - getOrders: [1] {}
[INFO ] 2022-01-21 17:13:50.582 [main] DataProviderH2 - readH2Order: [1] {}
[INFO ] 2022-01-21 17:13:50.582 [main] DataProviderH2 - connection: [1] {}
[INFO ] 2022-01-21 17:13:50.584 [main] DataProviderH2 - connection: [2] {}
[INFO ] 2022-01-21 17:13:50.584 [main] DataProviderH2 - connection: [4] {}
[INFO ] 2022-01-21 17:13:50.584 [main] DataProviderH2 - h2ToOrderList: [1] {}
[INFO ] 2022-01-21 17:13:50.585 [main] DataProviderH2 - h2ToOrderList: [2] {}
[INFO ] 2022-01-21 17:13:50.585 [main] DataProviderH2 - h2ToOrderList: [4] {}
[INFO ] 2022-01-21 17:13:50.585 [main] DataProviderH2 - closeConnection: [1] {}
[INFO ] 2022-01-21 17:13:50.585 [main] DataProviderH2 - readH2Order: [2] {}
[INFO ] 2022-01-21 17:13:50.585 [main] DataProviderH2 - readH2Order: [4] {}
[INFO ] 2022-01-21 17:13:50.585 [main] DataProviderH2 - getOrders: [2] {}
[INFO ] 2022-01-21 17:13:50.585 [main] DataProviderH2 - getOrders: [4] {}
[INFO ] 2022-01-21 17:13:50.592 [main] HistoryContent - putOrderHistory: [1] {}
[INFO ] 2022-01-21 17:13:50.964 [main] HistoryContent - putOrderHistory: [2] {}
[INFO ] 2022-01-21 17:13:52.192 [main] DataProviderH2 - updateOrders: [3] {}
[INFO ] 2022-01-21 17:13:52.193 [main] DataProviderH2 - closeConnection: [1] {}
[INFO ] 2022-01-21 17:13:52.238 [main] DataProviderH2 - updateOrders: [5] {}
[INFO ] 2022-01-21 17:13:52.238 [main] DataProviderH2 - connection: [1] {}
[INFO ] 2022-01-21 17:13:52.272 [main] DataProviderH2 - connection: [2] {}
[INFO ] 2022-01-21 17:13:52.273 [main] DataProviderH2 - connection: [4] {}
[INFO ] 2022-01-21 17:13:52.274 [main] DataProviderH2 - isInDataUser [1] {}
[INFO ] 2022-01-21 17:13:52.274 [main] DataProviderH2 - getUsers: [1] {}
[INFO ] 2022-01-21 17:13:52.274 [main] DataProviderH2 - readFromH2: [1] {}
[INFO ] 2022-01-21 17:13:52.274 [main] DataProviderH2 - connection: [1] {}
[INFO ] 2022-01-21 17:13:52.275 [main] DataProviderH2 - connection: [2] {}
[INFO ] 2022-01-21 17:13:52.275 [main] DataProviderH2 - connection: [4] {}
[INFO ] 2022-01-21 17:13:52.279 [main] DataProviderH2 - h2ToUserListUser: [1] {}
[INFO ] 2022-01-21 17:13:52.279 [main] DataProviderH2 - h2ToUserListUser: [2] {}
[INFO ] 2022-01-21 17:13:52.279 [main] DataProviderH2 - h2ToUserListUser: [4] {}
[INFO ] 2022-01-21 17:13:52.280 [main] DataProviderH2 - closeConnection: [1] {}
[INFO ] 2022-01-21 17:13:52.280 [main] DataProviderH2 - readFromH2: [2] {}
[INFO ] 2022-01-21 17:13:52.280 [main] DataProviderH2 - readFromH2: [4] {}
[INFO ] 2022-01-21 17:13:52.281 [main] DataProviderH2 - getUsers: [2] {}
[INFO ] 2022-01-21 17:13:52.281 [main] DataProviderH2 - getUsers: [4] {}
[INFO ] 2022-01-21 17:13:52.281 [main] DataProviderH2 - takeHistoryUsers [1] {}
[INFO ] 2022-01-21 17:13:52.281 [main] DataProviderH2 - isInDataUser [1] {}
[INFO ] 2022-01-21 17:13:52.281 [main] DataProviderH2 - getUsers: [1] {}
[INFO ] 2022-01-21 17:13:52.284 [main] DataProviderH2 - readFromH2: [1] {}
[INFO ] 2022-01-21 17:13:52.284 [main] DataProviderH2 - connection: [1] {}
[INFO ] 2022-01-21 17:13:52.287 [main] DataProviderH2 - connection: [2] {}
[INFO ] 2022-01-21 17:13:52.287 [main] DataProviderH2 - connection: [4] {}
[INFO ] 2022-01-21 17:13:52.289 [main] DataProviderH2 - h2ToUserListUser: [1] {}
[INFO ] 2022-01-21 17:13:52.290 [main] DataProviderH2 - h2ToUserListUser: [2] {}
[INFO ] 2022-01-21 17:13:52.290 [main] DataProviderH2 - h2ToUserListUser: [4] {}
[INFO ] 2022-01-21 17:13:52.291 [main] DataProviderH2 - closeConnection: [1] {}
[INFO ] 2022-01-21 17:13:52.291 [main] DataProviderH2 - readFromH2: [2] {}
[INFO ] 2022-01-21 17:13:52.291 [main] DataProviderH2 - readFromH2: [4] {}
[INFO ] 2022-01-21 17:13:52.292 [main] DataProviderH2 - getUsers: [2] {}
[INFO ] 2022-01-21 17:13:52.292 [main] DataProviderH2 - getUsers: [4] {}
[INFO ] 2022-01-21 17:13:52.292 [main] DataProviderH2 - getUsers: [1] {}
[INFO ] 2022-01-21 17:13:52.293 [main] DataProviderH2 - readFromH2: [1] {}
[INFO ] 2022-01-21 17:13:52.293 [main] DataProviderH2 - connection: [1] {}
[INFO ] 2022-01-21 17:13:52.295 [main] DataProviderH2 - connection: [2] {}
[INFO ] 2022-01-21 17:13:52.295 [main] DataProviderH2 - connection: [4] {}
[INFO ] 2022-01-21 17:13:52.297 [main] DataProviderH2 - h2ToUserListUser: [1] {}
[INFO ] 2022-01-21 17:13:52.298 [main] DataProviderH2 - h2ToUserListUser: [2] {}
[INFO ] 2022-01-21 17:13:52.298 [main] DataProviderH2 - h2ToUserListUser: [4] {}
[INFO ] 2022-01-21 17:13:52.298 [main] DataProviderH2 - closeConnection: [1] {}
[INFO ] 2022-01-21 17:13:52.299 [main] DataProviderH2 - readFromH2: [2] {}
[INFO ] 2022-01-21 17:13:52.299 [main] DataProviderH2 - readFromH2: [4] {}
[INFO ] 2022-01-21 17:13:52.299 [main] DataProviderH2 - getUsers: [2] {}
[INFO ] 2022-01-21 17:13:52.300 [main] DataProviderH2 - getUsers: [4] {}
[INFO ] 2022-01-21 17:13:52.300 [main] HistoryContent - putUserHistory: [1] {}
[INFO ] 2022-01-21 17:13:52.335 [main] HistoryContent - putUserHistory: [2] {}
[INFO ] 2022-01-21 17:13:53.223 [main] DataProviderH2 - closeConnection: [1] {}
[INFO ] 2022-01-21 17:13:53.262 [main] DataProviderH2 - updateUsers: [2] {}
[INFO ] 2022-01-21 17:13:53.262 [main] DataProviderH2 - createOrder [4] {}
[INFO ] 2022-01-21 17:13:53.272 [main] DataProviderH2 - connection: [1] {}
[INFO ] 2022-01-21 17:13:53.303 [main] DataProviderH2 - connection: [2] {}
[INFO ] 2022-01-21 17:13:53.303 [main] DataProviderH2 - connection: [4] {}
[INFO ] 2022-01-21 17:13:53.303 [main] DataProviderH2 - isInDataUser [1] {}
[INFO ] 2022-01-21 17:13:53.305 [main] DataProviderH2 - getUsers: [1] {}
[INFO ] 2022-01-21 17:13:53.305 [main] DataProviderH2 - readFromH2: [1] {}
[INFO ] 2022-01-21 17:13:53.305 [main] DataProviderH2 - connection: [1] {}
[INFO ] 2022-01-21 17:13:53.305 [main] DataProviderH2 - connection: [2] {}
[INFO ] 2022-01-21 17:13:53.305 [main] DataProviderH2 - connection: [4] {}
[INFO ] 2022-01-21 17:13:53.309 [main] DataProviderH2 - h2ToUserListUser: [1] {}
[INFO ] 2022-01-21 17:13:53.310 [main] DataProviderH2 - h2ToUserListUser: [2] {}
[INFO ] 2022-01-21 17:13:53.310 [main] DataProviderH2 - h2ToUserListUser: [4] {}
