[INFO ] 2022-01-26 19:46:21.156 [main] DataProviderH2 - searchPharmacyProductByCategory [2] {}
[INFO ] 2022-01-26 19:46:21.166 [main] DataProviderH2 - searchPharmacyMedicalDeviceByCategory [1] {}
[INFO ] 2022-01-26 19:46:21.166 [main] DataProviderH2 - getMedicalDevices: [1] {}
[INFO ] 2022-01-26 19:46:21.166 [main] DataProviderH2 - readMedicalDeviceFromH2M: [1] {}
[INFO ] 2022-01-26 19:46:21.166 [main] DataProviderH2 - connection: [1] {}
[INFO ] 2022-01-26 19:46:21.183 [main] DataProviderH2 - connection: [2] {}
[INFO ] 2022-01-26 19:46:21.183 [main] DataProviderH2 - connection: [4] {}
[INFO ] 2022-01-26 19:46:21.184 [main] DataProviderH2 - h2ToMedicalDeviceList: [1] {}
[INFO ] 2022-01-26 19:46:21.185 [main] DataProviderH2 - h2ToMedicalDeviceList: [2] {}
[INFO ] 2022-01-26 19:46:21.186 [main] DataProviderH2 - h2ToMedicalDeviceList: [4] {}
[INFO ] 2022-01-26 19:46:21.186 [main] DataProviderH2 - closeConnection: [1] {}
[INFO ] 2022-01-26 19:46:21.214 [main] DataProviderH2 - readMedicalDeviceFromH2M: [2] {}
[INFO ] 2022-01-26 19:46:21.214 [main] DataProviderH2 - readMedicalDeviceFromH2M: [4] {}
[INFO ] 2022-01-26 19:46:21.215 [main] DataProviderH2 - getMedicalDevices: [2] {}
[INFO ] 2022-01-26 19:46:21.215 [main] DataProviderH2 - getMedicalDevices: [4] {}
[INFO ] 2022-01-26 19:46:21.216 [main] DataProviderH2 - searchPharmacyMedicalDeviceByCategory [2] {}
[INFO ] 2022-01-26 19:46:21.216 [main] DataProviderH2 - searchPharmacyProductByCategory [3] {} This category is empty
[INFO ] 2022-01-26 19:46:21.216 [main] DataProviderH2 - searchPharmacyProductByCategory [7] {}
[INFO ] 2022-01-26 19:46:21.216 [main] PharmacyAplication - No such element
[INFO ] 2022-01-29 17:02:25.949 [main] DataProviderH2 - searchPharmacyProductByCategory [1] {}
[INFO ] 2022-01-29 17:02:25.952 [main] DataProviderH2 - searchPharmacyProductByCategory [1] {}
[INFO ] 2022-01-29 17:02:25.952 [main] DataProviderH2 - getMeddicines: [1] {}
[INFO ] 2022-01-29 17:02:25.953 [main] DataProviderH2 - readMeddicinesFromH2M: [1] {}
[INFO ] 2022-01-29 17:02:25.953 [main] DataProviderH2 - connection: [1] {}
[INFO ] 2022-01-29 17:02:26.204 [main] DataProviderH2 - connection: [2] {}
[INFO ] 2022-01-29 17:02:26.204 [main] DataProviderH2 - connection: [4] {}
[INFO ] 2022-01-29 17:02:26.204 [main] DataProviderH2 - h2ToMeddicineList: [1] {}
[INFO ] 2022-01-29 17:02:26.206 [main] DataProviderH2 - h2ToMeddicineList: [2] {}
[INFO ] 2022-01-29 17:02:26.206 [main] DataProviderH2 - h2ToMeddicineList: [4] {}
[INFO ] 2022-01-29 17:02:26.207 [main] DataProviderH2 - closeConnection: [1] {}
[INFO ] 2022-01-29 17:02:26.228 [main] DataProviderH2 - readMeddicinesFromH2M: [2] {}
[INFO ] 2022-01-29 17:02:26.229 [main] DataProviderH2 - readFromH2: [4] {}
[INFO ] 2022-01-29 17:02:26.230 [main] DataProviderH2 - getMeddicines: [2] {}
[INFO ] 2022-01-29 17:02:26.230 [main] DataProviderH2 - getMeddicines: [4] {}
[INFO ] 2022-01-29 17:02:26.231 [main] DataProviderH2 - searchPharmacyProductByCategory [2] {}
[INFO ] 2022-01-29 17:02:26.231 [main] DataProviderH2 - searchPharmacyProductByCategory [2] {}
[INFO ] 2022-01-29 17:02:26.231 [main] DataProviderH2 - searchPharmacyMedicalDeviceByCategory [1] {}
[INFO ] 2022-01-29 17:02:26.231 [main] DataProviderH2 - getMedicalDevices: [1] {}
[INFO ] 2022-01-29 17:02:26.231 [main] DataProviderH2 - readMedicalDeviceFromH2M: [1] {}
[INFO ] 2022-01-29 17:02:26.231 [main] DataProviderH2 - connection: [1] {}
[INFO ] 2022-01-29 17:02:26.245 [main] DataProviderH2 - connection: [2] {}
[INFO ] 2022-01-29 17:02:26.246 [main] DataProviderH2 - connection: [4] {}
[INFO ] 2022-01-29 17:02:26.246 [main] DataProviderH2 - h2ToMedicalDeviceList: [1] {}
[INFO ] 2022-01-29 17:02:26.247 [main] DataProviderH2 - h2ToMedicalDeviceList: [2] {}
[INFO ] 2022-01-29 17:02:26.247 [main] DataProviderH2 - h2ToMedicalDeviceList: [4] {}
[INFO ] 2022-01-29 17:02:26.247 [main] DataProviderH2 - closeConnection: [1] {}
[INFO ] 2022-01-29 17:02:26.263 [main] DataProviderH2 - readMedicalDeviceFromH2M: [2] {}
[INFO ] 2022-01-29 17:02:26.264 [main] DataProviderH2 - readMedicalDeviceFromH2M: [4] {}
[INFO ] 2022-01-29 17:02:26.264 [main] DataProviderH2 - getMedicalDevices: [2] {}
[INFO ] 2022-01-29 17:02:26.264 [main] DataProviderH2 - getMedicalDevices: [4] {}
[INFO ] 2022-01-29 17:02:26.265 [main] DataProviderH2 - searchPharmacyMedicalDeviceByCategory [2] {}
[INFO ] 2022-01-29 17:02:26.265 [main] DataProviderH2 - searchPharmacyProductByCategory [3] {} This category is empty
[INFO ] 2022-01-29 17:02:26.265 [main] DataProviderH2 - searchPharmacyProductByCategory [7] {}
[INFO ] 2022-01-29 17:02:26.266 [main] PharmacyAplication - No such element
[INFO ] 2022-01-29 17:02:43.255 [main] PharmacyAplication - Incorrect DataProvider
[ERROR] 2022-01-29 17:02:56.629 [main] PharmacyAplication - Exception received {} Missing argument for option: o
[INFO ] 2022-01-29 17:03:36.410 [main] DataProviderH2 - createOrder [1] {}
[INFO ] 2022-01-29 17:03:36.414 [main] DataProviderH2 - getUserById: [1] {}
[INFO ] 2022-01-29 17:03:36.414 [main] DataProviderH2 - connection: [1] {}
[INFO ] 2022-01-29 17:03:36.674 [main] DataProviderH2 - connection: [2] {}
[INFO ] 2022-01-29 17:03:36.674 [main] DataProviderH2 - connection: [4] {}
[INFO ] 2022-01-29 17:03:36.677 [main] DataProviderH2 - h2ToUserListUser: [1] {}
[INFO ] 2022-01-29 17:03:36.678 [main] DataProviderH2 - h2ToUserListUser: [2] {}
[INFO ] 2022-01-29 17:03:36.678 [main] DataProviderH2 - h2ToUserListUser: [4] {}
[INFO ] 2022-01-29 17:03:36.678 [main] DataProviderH2 - closeConnection: [1] {}
[INFO ] 2022-01-29 17:03:36.703 [main] DataProviderH2 - getUserById: [2] {}
[INFO ] 2022-01-29 17:03:36.704 [main] DataProviderH2 - pharmacyProductName [1] {}
[INFO ] 2022-01-29 17:03:36.704 [main] DataProviderH2 - searchPharmacyProductByName [1] {}
[INFO ] 2022-01-29 17:03:36.704 [main] DataProviderH2 - searchMeddicineByName [1] {}
[INFO ] 2022-01-29 17:03:36.704 [main] DataProviderH2 - getMeddicines: [1] {}
[INFO ] 2022-01-29 17:03:36.704 [main] DataProviderH2 - readMeddicinesFromH2M: [1] {}
[INFO ] 2022-01-29 17:03:36.705 [main] DataProviderH2 - connection: [1] {}
[INFO ] 2022-01-29 17:03:36.724 [main] DataProviderH2 - connection: [2] {}
[INFO ] 2022-01-29 17:03:36.724 [main] DataProviderH2 - connection: [4] {}
[INFO ] 2022-01-29 17:03:36.725 [main] DataProviderH2 - h2ToMeddicineList: [1] {}
[INFO ] 2022-01-29 17:03:36.726 [main] DataProviderH2 - h2ToMeddicineList: [2] {}
[INFO ] 2022-01-29 17:03:36.726 [main] DataProviderH2 - h2ToMeddicineList: [4] {}
[INFO ] 2022-01-29 17:03:36.727 [main] DataProviderH2 - closeConnection: [1] {}
[INFO ] 2022-01-29 17:03:36.743 [main] DataProviderH2 - readMeddicinesFromH2M: [2] {}
[INFO ] 2022-01-29 17:03:36.743 [main] DataProviderH2 - readFromH2: [4] {}
[INFO ] 2022-01-29 17:03:36.744 [main] DataProviderH2 - getMeddicines: [2] {}
[INFO ] 2022-01-29 17:03:36.744 [main] DataProviderH2 - getMeddicines: [4] {}
[INFO ] 2022-01-29 17:03:36.744 [main] DataProviderH2 - searchMeddicineByName [2] {}
[INFO ] 2022-01-29 17:03:36.745 [main] DataProviderH2 - searchMedicalDeviceByName [1] {}
[INFO ] 2022-01-29 17:03:36.745 [main] DataProviderH2 - getMedicalDevices: [1] {}
[INFO ] 2022-01-29 17:03:36.745 [main] DataProviderH2 - readMedicalDeviceFromH2M: [1] {}
[INFO ] 2022-01-29 17:03:36.745 [main] DataProviderH2 - connection: [1] {}
[INFO ] 2022-01-29 17:03:36.761 [main] DataProviderH2 - connection: [2] {}
[INFO ] 2022-01-29 17:03:36.762 [main] DataProviderH2 - connection: [4] {}
[INFO ] 2022-01-29 17:03:36.762 [main] DataProviderH2 - h2ToMedicalDeviceList: [1] {}
[INFO ] 2022-01-29 17:03:36.763 [main] DataProviderH2 - h2ToMedicalDeviceList: [2] {}
[INFO ] 2022-01-29 17:03:36.764 [main] DataProviderH2 - h2ToMedicalDeviceList: [4] {}
[INFO ] 2022-01-29 17:03:36.764 [main] DataProviderH2 - closeConnection: [1] {}
[INFO ] 2022-01-29 17:03:36.783 [main] DataProviderH2 - readMedicalDeviceFromH2M: [2] {}
[INFO ] 2022-01-29 17:03:36.783 [main] DataProviderH2 - readMedicalDeviceFromH2M: [4] {}
[INFO ] 2022-01-29 17:03:36.783 [main] DataProviderH2 - getMedicalDevices: [2] {}
[INFO ] 2022-01-29 17:03:36.783 [main] DataProviderH2 - getMedicalDevices: [4] {}
[INFO ] 2022-01-29 17:03:36.784 [main] DataProviderH2 - searchMedicalDeviceByName [2] {}
[INFO ] 2022-01-29 17:03:36.784 [main] DataProviderH2 - searchPharmacyProductByName [2] {}
[INFO ] 2022-01-29 17:03:36.784 [main] DataProviderH2 - searchPharmacyProductByName [3] {}
[INFO ] 2022-01-29 17:03:36.785 [main] DataProviderH2 - searchPharmacyProductByName [5] {}
[INFO ] 2022-01-29 17:03:36.785 [main] DataProviderH2 - searchPharmacyProductByName [1] {}
[INFO ] 2022-01-29 17:03:36.785 [main] DataProviderH2 - searchMeddicineByName [1] {}
[INFO ] 2022-01-29 17:03:36.785 [main] DataProviderH2 - getMeddicines: [1] {}
[INFO ] 2022-01-29 17:03:36.785 [main] DataProviderH2 - readMeddicinesFromH2M: [1] {}
[INFO ] 2022-01-29 17:03:36.785 [main] DataProviderH2 - connection: [1] {}
[INFO ] 2022-01-29 17:03:36.802 [main] DataProviderH2 - connection: [2] {}
[INFO ] 2022-01-29 17:03:36.802 [main] DataProviderH2 - connection: [4] {}
[INFO ] 2022-01-29 17:03:36.803 [main] DataProviderH2 - h2ToMeddicineList: [1] {}
[INFO ] 2022-01-29 17:03:36.803 [main] DataProviderH2 - h2ToMeddicineList: [2] {}
[INFO ] 2022-01-29 17:03:36.803 [main] DataProviderH2 - h2ToMeddicineList: [4] {}
[INFO ] 2022-01-29 17:03:36.803 [main] DataProviderH2 - closeConnection: [1] {}
[INFO ] 2022-01-29 17:03:36.820 [main] DataProviderH2 - readMeddicinesFromH2M: [2] {}
[INFO ] 2022-01-29 17:03:36.820 [main] DataProviderH2 - readFromH2: [4] {}
[INFO ] 2022-01-29 17:03:36.820 [main] DataProviderH2 - getMeddicines: [2] {}
[INFO ] 2022-01-29 17:03:36.820 [main] DataProviderH2 - getMeddicines: [4] {}
[INFO ] 2022-01-29 17:03:36.820 [main] DataProviderH2 - searchMeddicineByName [2] {}
[INFO ] 2022-01-29 17:03:36.820 [main] DataProviderH2 - searchMedicalDeviceByName [1] {}
[INFO ] 2022-01-29 17:03:36.820 [main] DataProviderH2 - getMedicalDevices: [1] {}
[INFO ] 2022-01-29 17:03:36.821 [main] DataProviderH2 - readMedicalDeviceFromH2M: [1] {}
[INFO ] 2022-01-29 17:03:36.821 [main] DataProviderH2 - connection: [1] {}
