[INFO ] 2022-01-21 21:48:37.471 [main] DataProviderXml - readXmlMedicine: [3] {}
[INFO ] 2022-01-21 21:48:37.524 [main] DataProviderXml - getMeddicines: [3] {}
[INFO ] 2022-01-21 21:48:37.524 [main] DataProviderXml - searchPharmacyMedicalDeviceByCategory [2] {}
[INFO ] 2022-01-21 21:48:37.525 [main] DataProviderXml - searchPharmacyProductByCategory [3] {} This category is empty
[INFO ] 2022-01-21 21:48:37.525 [main] DataProviderXml - searchPharmacyProductByCategory [7] {}
[INFO ] 2022-01-21 21:49:02.820 [main] DataProviderXml - searchPharmacyProductByCategory [1] {}
[INFO ] 2022-01-21 21:49:02.826 [main] DataProviderXml - searchPharmacyProductByCategory [1] {}
[INFO ] 2022-01-21 21:49:02.827 [main] DataProviderXml - getMeddicines: [1] {}
[INFO ] 2022-01-21 21:49:02.835 [main] DataProviderXml - readXmlMedicine: [1] {}
[INFO ] 2022-01-21 21:49:03.047 [main] DataProviderXml - readXmlMedicine: [3] {}
[INFO ] 2022-01-21 21:49:03.052 [main] DataProviderXml - getMeddicines: [3] {}
[INFO ] 2022-01-21 21:49:03.055 [main] DataProviderXml - searchPharmacyProductByCategory [2] {}
[INFO ] 2022-01-21 21:49:03.057 [main] DataProviderXml - searchPharmacyProductByCategory [2] {}
[INFO ] 2022-01-21 21:49:03.058 [main] DataProviderXml - searchPharmacyMedicalDeviceByCategory [1] {}
[INFO ] 2022-01-21 21:49:03.059 [main] DataProviderXml - getMedicalDevices: [1] {}
[INFO ] 2022-01-21 21:49:03.060 [main] DataProviderXml - readXmlMedicalDevice: [1] {}
[INFO ] 2022-01-21 21:49:03.074 [main] DataProviderXml - readXmlMedicine: [3] {}
[INFO ] 2022-01-21 21:49:03.075 [main] DataProviderXml - getMeddicines: [3] {}
[INFO ] 2022-01-21 21:49:03.077 [main] DataProviderXml - searchPharmacyMedicalDeviceByCategory [2] {}
[INFO ] 2022-01-21 21:49:03.077 [main] DataProviderXml - searchPharmacyProductByCategory [3] {} This category is empty
[INFO ] 2022-01-21 21:49:03.078 [main] DataProviderXml - searchPharmacyProductByCategory [7] {}
[INFO ] 2022-01-21 21:49:43.487 [main] DataProviderXml - searchPharmacyProductByCategory [1] {}
[INFO ] 2022-01-21 21:49:43.490 [main] DataProviderXml - searchPharmacyProductByCategory [1] {}
[INFO ] 2022-01-21 21:49:43.490 [main] DataProviderXml - getMeddicines: [1] {}
[INFO ] 2022-01-21 21:49:43.491 [main] DataProviderXml - readXmlMedicine: [1] {}
[INFO ] 2022-01-21 21:49:43.616 [main] DataProviderXml - readXmlMedicine: [3] {}
[INFO ] 2022-01-21 21:49:43.618 [main] DataProviderXml - getMeddicines: [3] {}
[INFO ] 2022-01-21 21:49:43.619 [main] DataProviderXml - searchPharmacyProductByCategory [2] {}
[INFO ] 2022-01-21 21:49:43.620 [main] DataProviderXml - searchPharmacyProductByCategory [5] {}
[INFO ] 2022-01-21 21:49:43.620 [main] DataProviderXml - searchPharmacyProductByCategory [7] {}
[INFO ] 2022-01-21 21:50:05.451 [main] DataProviderXml - searchPharmacyProductByCategory [1] {}
[INFO ] 2022-01-21 21:50:05.456 [main] DataProviderXml - searchPharmacyProductByCategory [1] {}
[INFO ] 2022-01-21 21:50:05.456 [main] DataProviderXml - getMeddicines: [1] {}
[INFO ] 2022-01-21 21:50:05.456 [main] DataProviderXml - readXmlMedicine: [1] {}
[INFO ] 2022-01-21 21:50:05.563 [main] DataProviderXml - readXmlMedicine: [3] {}
[INFO ] 2022-01-21 21:50:05.564 [main] DataProviderXml - getMeddicines: [3] {}
[INFO ] 2022-01-21 21:50:05.565 [main] DataProviderXml - searchPharmacyProductByCategory [2] {}
[INFO ] 2022-01-21 21:50:05.565 [main] DataProviderXml - searchPharmacyProductByCategory [2] {}
[INFO ] 2022-01-21 21:50:05.565 [main] DataProviderXml - searchPharmacyMedicalDeviceByCategory [1] {}
[INFO ] 2022-01-21 21:50:05.565 [main] DataProviderXml - getMedicalDevices: [1] {}
[INFO ] 2022-01-21 21:50:05.565 [main] DataProviderXml - readXmlMedicalDevice: [1] {}
[INFO ] 2022-01-21 21:50:05.570 [main] DataProviderXml - readXmlMedicine: [3] {}
[INFO ] 2022-01-21 21:50:05.570 [main] DataProviderXml - getMeddicines: [3] {}
[INFO ] 2022-01-21 21:50:05.571 [main] DataProviderXml - searchPharmacyMedicalDeviceByCategory [2] {}
[INFO ] 2022-01-21 21:50:05.571 [main] DataProviderXml - searchPharmacyProductByCategory [4] {}
[INFO ] 2022-01-21 21:50:05.571 [main] DataProviderXml - searchPharmacyProductByCategory [7] {}
[INFO ] 2022-01-21 21:50:41.208 [main] DataProviderH2 - searchPharmacyProductByCategory [1] {}
[INFO ] 2022-01-21 21:50:41.210 [main] DataProviderH2 - searchPharmacyProductByCategory [1] {}
[INFO ] 2022-01-21 21:50:41.210 [main] DataProviderH2 - getMeddicines: [1] {}
[INFO ] 2022-01-21 21:50:41.212 [main] DataProviderH2 - readMeddicinesFromH2M: [1] {}
[INFO ] 2022-01-21 21:50:41.212 [main] DataProviderH2 - connection: [1] {}
[INFO ] 2022-01-21 21:50:41.486 [main] DataProviderH2 - connection: [2] {}
[INFO ] 2022-01-21 21:50:41.486 [main] DataProviderH2 - connection: [4] {}
[INFO ] 2022-01-21 21:50:41.487 [main] DataProviderH2 - h2ToMeddicineList: [1] {}
[INFO ] 2022-01-21 21:50:41.489 [main] DataProviderH2 - h2ToMeddicineList: [2] {}
[INFO ] 2022-01-21 21:50:41.489 [main] DataProviderH2 - h2ToMeddicineList: [4] {}
[INFO ] 2022-01-21 21:50:41.489 [main] DataProviderH2 - closeConnection: [1] {}
[INFO ] 2022-01-21 21:50:41.514 [main] DataProviderH2 - readMeddicinesFromH2M: [2] {}
[INFO ] 2022-01-21 21:50:41.514 [main] DataProviderH2 - readFromH2: [4] {}
[INFO ] 2022-01-21 21:50:41.515 [main] DataProviderH2 - getMeddicines: [2] {}
[INFO ] 2022-01-21 21:50:41.515 [main] DataProviderH2 - getMeddicines: [4] {}
[INFO ] 2022-01-21 21:50:41.516 [main] DataProviderH2 - searchPharmacyProductByCategory [2] {}
[INFO ] 2022-01-21 21:50:41.517 [main] DataProviderH2 - searchPharmacyProductByCategory [2] {}
[INFO ] 2022-01-21 21:50:41.517 [main] DataProviderH2 - searchPharmacyMedicalDeviceByCategory [1] {}
[INFO ] 2022-01-21 21:50:41.517 [main] DataProviderH2 - getMedicalDevices: [1] {}
[INFO ] 2022-01-21 21:50:41.517 [main] DataProviderH2 - readMedicalDeviceFromH2M: [1] {}
[INFO ] 2022-01-21 21:50:41.517 [main] DataProviderH2 - connection: [1] {}
[INFO ] 2022-01-21 21:50:41.534 [main] DataProviderH2 - connection: [2] {}
[INFO ] 2022-01-21 21:50:41.534 [main] DataProviderH2 - connection: [4] {}
[INFO ] 2022-01-21 21:50:41.535 [main] DataProviderH2 - h2ToMedicalDeviceList: [1] {}
[INFO ] 2022-01-21 21:50:41.536 [main] DataProviderH2 - h2ToMedicalDeviceList: [2] {}
[INFO ] 2022-01-21 21:50:41.536 [main] DataProviderH2 - h2ToMedicalDeviceList: [4] {}
[INFO ] 2022-01-21 21:50:41.536 [main] DataProviderH2 - closeConnection: [1] {}
[INFO ] 2022-01-21 21:50:41.556 [main] DataProviderH2 - readMedicalDeviceFromH2M: [2] {}
[INFO ] 2022-01-21 21:50:41.557 [main] DataProviderH2 - readMedicalDeviceFromH2M: [4] {}
[INFO ] 2022-01-21 21:50:41.557 [main] DataProviderH2 - getMedicalDevices: [2] {}
[INFO ] 2022-01-21 21:50:41.557 [main] DataProviderH2 - getMedicalDevices: [4] {}
[INFO ] 2022-01-21 21:50:41.558 [main] DataProviderH2 - searchPharmacyMedicalDeviceByCategory [2] {}
[INFO ] 2022-01-21 21:50:41.559 [main] DataProviderH2 - searchPharmacyProductByCategory [3] {} This category is empty
[INFO ] 2022-01-21 21:50:41.559 [main] DataProviderH2 - searchPharmacyProductByCategory [7] {}
[INFO ] 2022-01-21 21:51:11.949 [main] DataProviderH2 - searchPharmacyProductByCategory [1] {}
[INFO ] 2022-01-21 21:51:11.953 [main] DataProviderH2 - searchPharmacyProductByCategory [1] {}
[INFO ] 2022-01-21 21:51:11.953 [main] DataProviderH2 - getMeddicines: [1] {}
[INFO ] 2022-01-21 21:51:11.954 [main] DataProviderH2 - readMeddicinesFromH2M: [1] {}
[INFO ] 2022-01-21 21:51:11.954 [main] DataProviderH2 - connection: [1] {}
[INFO ] 2022-01-21 21:51:12.212 [main] DataProviderH2 - connection: [2] {}
[INFO ] 2022-01-21 21:51:12.212 [main] DataProviderH2 - connection: [4] {}
[INFO ] 2022-01-21 21:51:12.213 [main] DataProviderH2 - h2ToMeddicineList: [1] {}
[INFO ] 2022-01-21 21:51:12.215 [main] DataProviderH2 - h2ToMeddicineList: [2] {}
[INFO ] 2022-01-21 21:51:12.215 [main] DataProviderH2 - h2ToMeddicineList: [4] {}
[INFO ] 2022-01-21 21:51:12.215 [main] DataProviderH2 - closeConnection: [1] {}
[INFO ] 2022-01-21 21:51:12.239 [main] DataProviderH2 - readMeddicinesFromH2M: [2] {}
[INFO ] 2022-01-21 21:51:12.239 [main] DataProviderH2 - readFromH2: [4] {}
[INFO ] 2022-01-21 21:51:12.240 [main] DataProviderH2 - getMeddicines: [2] {}
[INFO ] 2022-01-21 21:51:12.241 [main] DataProviderH2 - getMeddicines: [4] {}
[INFO ] 2022-01-21 21:51:12.242 [main] DataProviderH2 - searchPharmacyProductByCategory [2] {}
[INFO ] 2022-01-21 21:51:12.242 [main] DataProviderH2 - searchPharmacyProductByCategory [2] {}
[INFO ] 2022-01-21 21:51:12.242 [main] DataProviderH2 - searchPharmacyMedicalDeviceByCategory [1] {}
[INFO ] 2022-01-21 21:51:12.242 [main] DataProviderH2 - getMedicalDevices: [1] {}
[INFO ] 2022-01-21 21:51:12.243 [main] DataProviderH2 - readMedicalDeviceFromH2M: [1] {}
[INFO ] 2022-01-21 21:51:12.243 [main] DataProviderH2 - connection: [1] {}
[INFO ] 2022-01-21 21:51:12.263 [main] DataProviderH2 - connection: [2] {}
[INFO ] 2022-01-21 21:51:12.263 [main] DataProviderH2 - connection: [4] {}
[INFO ] 2022-01-21 21:51:12.264 [main] DataProviderH2 - h2ToMedicalDeviceList: [1] {}
[INFO ] 2022-01-21 21:51:12.265 [main] DataProviderH2 - h2ToMedicalDeviceList: [2] {}
[INFO ] 2022-01-21 21:51:12.266 [main] DataProviderH2 - h2ToMedicalDeviceList: [4] {}
[INFO ] 2022-01-21 21:51:12.266 [main] DataProviderH2 - closeConnection: [1] {}
[INFO ] 2022-01-21 21:51:12.284 [main] DataProviderH2 - readMedicalDeviceFromH2M: [2] {}
[INFO ] 2022-01-21 21:51:12.284 [main] DataProviderH2 - readMedicalDeviceFromH2M: [4] {}
[INFO ] 2022-01-21 21:51:12.285 [main] DataProviderH2 - getMedicalDevices: [2] {}
[INFO ] 2022-01-21 21:51:12.286 [main] DataProviderH2 - getMedicalDevices: [4] {}
[INFO ] 2022-01-21 21:51:12.286 [main] DataProviderH2 - searchPharmacyMedicalDeviceByCategory [2] {}
[INFO ] 2022-01-21 21:51:12.286 [main] DataProviderH2 - searchPharmacyProductByCategory [4] {}
[INFO ] 2022-01-21 21:51:12.286 [main] DataProviderH2 - searchPharmacyProductByCategory [7] {}
[INFO ] 2022-01-21 21:51:46.112 [main] DataProviderH2 - searchPharmacyProductByCategory [1] {}
[INFO ] 2022-01-21 21:51:46.116 [main] DataProviderH2 - searchPharmacyProductByCategory [1] {}
