[INFO ] 2022-01-22 16:53:22.810 [main] DataProviderXml - searchPharmacyProductByCategory [5] {}
[INFO ] 2022-01-22 16:53:22.819 [main] DataProviderXml - searchPharmacyProductByCategory [7] {}
[INFO ] 2022-01-22 16:53:22.820 [main] DataProviderXml - sortPharmacyProductMinToMax [1] {}
[INFO ] 2022-01-22 16:53:22.821 [main] DataProviderXml - sortPharmacyProductMinToMax [2] {}
[INFO ] 2022-01-22 16:53:40.922 [main] DataProviderXml - searchPharmacyProductByCategory [1] {}
[INFO ] 2022-01-22 16:53:40.925 [main] DataProviderXml - searchPharmacyProductByCategory [1] {}
[INFO ] 2022-01-22 16:53:40.925 [main] DataProviderXml - getMeddicines: [1] {}
[INFO ] 2022-01-22 16:53:40.926 [main] DataProviderXml - readXmlMedicine: [1] {}
[INFO ] 2022-01-22 16:53:41.042 [main] DataProviderXml - readXmlMedicine: [3] {}
[INFO ] 2022-01-22 16:53:41.052 [main] DataProviderXml - getMeddicines: [3] {}
[INFO ] 2022-01-22 16:53:41.053 [main] DataProviderXml - searchPharmacyProductByCategory [2] {}
[INFO ] 2022-01-22 16:53:41.053 [main] DataProviderXml - searchPharmacyProductByCategory [5] {}
[INFO ] 2022-01-22 16:53:41.054 [main] DataProviderXml - searchPharmacyProductByCategory [7] {}
[INFO ] 2022-01-22 16:53:41.054 [main] DataProviderXml - sortPharmacyProductMaxToMin [1] {}
[INFO ] 2022-01-22 16:53:41.055 [main] DataProviderXml - sortPharmacyProductMaxToMin [2] {}
[INFO ] 2022-01-22 16:53:54.757 [main] DataProviderH2 - searchPharmacyProductByCategory [1] {}
[INFO ] 2022-01-22 16:53:54.760 [main] DataProviderH2 - searchPharmacyProductByCategory [1] {}
[INFO ] 2022-01-22 16:53:54.761 [main] DataProviderH2 - getMeddicines: [1] {}
[INFO ] 2022-01-22 16:53:54.762 [main] DataProviderH2 - readMeddicinesFromH2M: [1] {}
[INFO ] 2022-01-22 16:53:54.763 [main] DataProviderH2 - connection: [1] {}
[INFO ] 2022-01-22 16:53:55.037 [main] DataProviderH2 - connection: [2] {}
[INFO ] 2022-01-22 16:53:55.037 [main] DataProviderH2 - connection: [4] {}
[INFO ] 2022-01-22 16:53:55.038 [main] DataProviderH2 - h2ToMeddicineList: [1] {}
[INFO ] 2022-01-22 16:53:55.040 [main] DataProviderH2 - h2ToMeddicineList: [2] {}
[INFO ] 2022-01-22 16:53:55.040 [main] DataProviderH2 - h2ToMeddicineList: [4] {}
[INFO ] 2022-01-22 16:53:55.040 [main] DataProviderH2 - closeConnection: [1] {}
[INFO ] 2022-01-22 16:53:55.064 [main] DataProviderH2 - readMeddicinesFromH2M: [2] {}
[INFO ] 2022-01-22 16:53:55.065 [main] DataProviderH2 - readFromH2: [4] {}
[INFO ] 2022-01-22 16:53:55.066 [main] DataProviderH2 - getMeddicines: [2] {}
[INFO ] 2022-01-22 16:53:55.066 [main] DataProviderH2 - getMeddicines: [4] {}
[INFO ] 2022-01-22 16:53:55.067 [main] DataProviderH2 - searchPharmacyProductByCategory [2] {}
[INFO ] 2022-01-22 16:53:55.067 [main] DataProviderH2 - searchPharmacyProductByCategory [5] {}
[INFO ] 2022-01-22 16:53:55.068 [main] DataProviderH2 - searchPharmacyProductByCategory [7] {}
[INFO ] 2022-01-22 16:53:55.068 [main] DataProviderH2 - sortPharmacyProductMaxToMin [1] {}
[INFO ] 2022-01-22 16:53:55.069 [main] DataProviderH2 - sortPharmacyProductMaxToMin [2] {}
[INFO ] 2022-01-22 16:54:09.245 [main] DataProviderH2 - searchPharmacyProductByCategory [1] {}
[INFO ] 2022-01-22 16:54:09.248 [main] DataProviderH2 - searchPharmacyProductByCategory [1] {}
[INFO ] 2022-01-22 16:54:09.248 [main] DataProviderH2 - getMeddicines: [1] {}
[INFO ] 2022-01-22 16:54:09.249 [main] DataProviderH2 - readMeddicinesFromH2M: [1] {}
[INFO ] 2022-01-22 16:54:09.250 [main] DataProviderH2 - connection: [1] {}
[INFO ] 2022-01-22 16:54:09.502 [main] DataProviderH2 - connection: [2] {}
[INFO ] 2022-01-22 16:54:09.503 [main] DataProviderH2 - connection: [4] {}
[INFO ] 2022-01-22 16:54:09.503 [main] DataProviderH2 - h2ToMeddicineList: [1] {}
[INFO ] 2022-01-22 16:54:09.505 [main] DataProviderH2 - h2ToMeddicineList: [2] {}
[INFO ] 2022-01-22 16:54:09.506 [main] DataProviderH2 - h2ToMeddicineList: [4] {}
[INFO ] 2022-01-22 16:54:09.506 [main] DataProviderH2 - closeConnection: [1] {}
[INFO ] 2022-01-22 16:54:09.528 [main] DataProviderH2 - readMeddicinesFromH2M: [2] {}
[INFO ] 2022-01-22 16:54:09.528 [main] DataProviderH2 - readFromH2: [4] {}
[INFO ] 2022-01-22 16:54:09.529 [main] DataProviderH2 - getMeddicines: [2] {}
[INFO ] 2022-01-22 16:54:09.529 [main] DataProviderH2 - getMeddicines: [4] {}
[INFO ] 2022-01-22 16:54:09.530 [main] DataProviderH2 - searchPharmacyProductByCategory [2] {}
[INFO ] 2022-01-22 16:54:09.530 [main] DataProviderH2 - searchPharmacyProductByCategory [5] {}
[INFO ] 2022-01-22 16:54:09.531 [main] DataProviderH2 - searchPharmacyProductByCategory [7] {}
[INFO ] 2022-01-22 16:54:09.531 [main] DataProviderH2 - sortPharmacyProductMinToMax [1] {}
[INFO ] 2022-01-22 16:54:09.532 [main] DataProviderH2 - sortPharmacyProductMinToMax [2] {}
[INFO ] 2022-01-22 16:55:38.532 [main] DataProviderH2 - searchPharmacyProductByName [1] {}
[INFO ] 2022-01-22 16:55:38.536 [main] DataProviderH2 - searchMeddicineByName [1] {}
[INFO ] 2022-01-22 16:55:38.536 [main] DataProviderH2 - getMeddicines: [1] {}
[INFO ] 2022-01-22 16:55:38.537 [main] DataProviderH2 - readMeddicinesFromH2M: [1] {}
[INFO ] 2022-01-22 16:55:38.537 [main] DataProviderH2 - connection: [1] {}
[INFO ] 2022-01-22 16:55:38.813 [main] DataProviderH2 - connection: [2] {}
[INFO ] 2022-01-22 16:55:38.813 [main] DataProviderH2 - connection: [4] {}
[INFO ] 2022-01-22 16:55:38.814 [main] DataProviderH2 - h2ToMeddicineList: [1] {}
[INFO ] 2022-01-22 16:55:38.816 [main] DataProviderH2 - h2ToMeddicineList: [2] {}
[INFO ] 2022-01-22 16:55:38.816 [main] DataProviderH2 - h2ToMeddicineList: [4] {}
[INFO ] 2022-01-22 16:55:38.816 [main] DataProviderH2 - closeConnection: [1] {}
[INFO ] 2022-01-22 16:55:38.838 [main] DataProviderH2 - readMeddicinesFromH2M: [2] {}
[INFO ] 2022-01-22 16:55:38.838 [main] DataProviderH2 - readFromH2: [4] {}
[INFO ] 2022-01-22 16:55:38.839 [main] DataProviderH2 - getMeddicines: [2] {}
[INFO ] 2022-01-22 16:55:38.839 [main] DataProviderH2 - getMeddicines: [4] {}
[INFO ] 2022-01-22 16:55:38.840 [main] DataProviderH2 - searchMeddicineByName [2] {}
[INFO ] 2022-01-22 16:55:38.840 [main] DataProviderH2 - searchMedicalDeviceByName [1] {}
[INFO ] 2022-01-22 16:55:38.840 [main] DataProviderH2 - getMedicalDevices: [1] {}
[INFO ] 2022-01-22 16:55:38.840 [main] DataProviderH2 - readMedicalDeviceFromH2M: [1] {}
[INFO ] 2022-01-22 16:55:38.841 [main] DataProviderH2 - connection: [1] {}
[INFO ] 2022-01-22 16:55:38.859 [main] DataProviderH2 - connection: [2] {}
[INFO ] 2022-01-22 16:55:38.859 [main] DataProviderH2 - connection: [4] {}
[INFO ] 2022-01-22 16:55:38.861 [main] DataProviderH2 - h2ToMedicalDeviceList: [1] {}
[INFO ] 2022-01-22 16:55:38.863 [main] DataProviderH2 - h2ToMedicalDeviceList: [2] {}
[INFO ] 2022-01-22 16:55:38.863 [main] DataProviderH2 - h2ToMedicalDeviceList: [4] {}
[INFO ] 2022-01-22 16:55:38.863 [main] DataProviderH2 - closeConnection: [1] {}
[INFO ] 2022-01-22 16:55:38.878 [main] DataProviderH2 - readMedicalDeviceFromH2M: [2] {}
[INFO ] 2022-01-22 16:55:38.879 [main] DataProviderH2 - readMedicalDeviceFromH2M: [4] {}
[INFO ] 2022-01-22 16:55:38.879 [main] DataProviderH2 - getMedicalDevices: [2] {}
[INFO ] 2022-01-22 16:55:38.879 [main] DataProviderH2 - getMedicalDevices: [4] {}
[INFO ] 2022-01-22 16:55:38.880 [main] DataProviderH2 - searchMedicalDeviceByName [2] {}
[INFO ] 2022-01-22 16:55:38.880 [main] DataProviderH2 - searchPharmacyProductByName [2] {}
[INFO ] 2022-01-22 16:55:38.880 [main] DataProviderH2 - searchPharmacyProductByName [3] {}
[INFO ] 2022-01-22 16:55:38.880 [main] DataProviderH2 - searchPharmacyProductByName [5] {}
[INFO ] 2022-01-22 16:55:38.880 [main] DataProviderH2 - sortPharmacyProductMinToMax [1] {}
[INFO ] 2022-01-22 16:55:38.882 [main] DataProviderH2 - sortPharmacyProductMinToMax [2] {}
[INFO ] 2022-01-22 16:56:01.160 [main] DataProviderH2 - searchPharmacyProductByName [1] {}
[INFO ] 2022-01-22 16:56:01.165 [main] DataProviderH2 - searchMeddicineByName [1] {}
[INFO ] 2022-01-22 16:56:01.165 [main] DataProviderH2 - getMeddicines: [1] {}
[INFO ] 2022-01-22 16:56:01.166 [main] DataProviderH2 - readMeddicinesFromH2M: [1] {}
[INFO ] 2022-01-22 16:56:01.166 [main] DataProviderH2 - connection: [1] {}
[INFO ] 2022-01-22 16:56:01.420 [main] DataProviderH2 - connection: [2] {}
[INFO ] 2022-01-22 16:56:01.420 [main] DataProviderH2 - connection: [4] {}
[INFO ] 2022-01-22 16:56:01.421 [main] DataProviderH2 - h2ToMeddicineList: [1] {}
[INFO ] 2022-01-22 16:56:01.423 [main] DataProviderH2 - h2ToMeddicineList: [2] {}
[INFO ] 2022-01-22 16:56:01.423 [main] DataProviderH2 - h2ToMeddicineList: [4] {}
[INFO ] 2022-01-22 16:56:01.423 [main] DataProviderH2 - closeConnection: [1] {}
[INFO ] 2022-01-22 16:56:01.443 [main] DataProviderH2 - readMeddicinesFromH2M: [2] {}
[INFO ] 2022-01-22 16:56:01.443 [main] DataProviderH2 - readFromH2: [4] {}
[INFO ] 2022-01-22 16:56:01.444 [main] DataProviderH2 - getMeddicines: [2] {}
[INFO ] 2022-01-22 16:56:01.444 [main] DataProviderH2 - getMeddicines: [4] {}
[INFO ] 2022-01-22 16:56:01.445 [main] DataProviderH2 - searchMeddicineByName [2] {}
[INFO ] 2022-01-22 16:56:01.445 [main] DataProviderH2 - searchMedicalDeviceByName [1] {}
[INFO ] 2022-01-22 16:56:01.445 [main] DataProviderH2 - getMedicalDevices: [1] {}
[INFO ] 2022-01-22 16:56:01.445 [main] DataProviderH2 - readMedicalDeviceFromH2M: [1] {}
[INFO ] 2022-01-22 16:56:01.445 [main] DataProviderH2 - connection: [1] {}
[INFO ] 2022-01-22 16:56:01.464 [main] DataProviderH2 - connection: [2] {}
[INFO ] 2022-01-22 16:56:01.466 [main] DataProviderH2 - connection: [4] {}
[INFO ] 2022-01-22 16:56:01.466 [main] DataProviderH2 - h2ToMedicalDeviceList: [1] {}
[INFO ] 2022-01-22 16:56:01.468 [main] DataProviderH2 - h2ToMedicalDeviceList: [2] {}
[INFO ] 2022-01-22 16:56:01.468 [main] DataProviderH2 - h2ToMedicalDeviceList: [4] {}
[INFO ] 2022-01-22 16:56:01.468 [main] DataProviderH2 - closeConnection: [1] {}
[INFO ] 2022-01-22 16:56:01.484 [main] DataProviderH2 - readMedicalDeviceFromH2M: [2] {}
[INFO ] 2022-01-22 16:56:01.484 [main] DataProviderH2 - readMedicalDeviceFromH2M: [4] {}
[INFO ] 2022-01-22 16:56:01.485 [main] DataProviderH2 - getMedicalDevices: [2] {}
[INFO ] 2022-01-22 16:56:01.485 [main] DataProviderH2 - getMedicalDevices: [4] {}
