[INFO ] 2022-01-26 16:17:30.486 [main] DataProviderCsv - getMeddicines: [1] {}
[INFO ] 2022-01-26 16:17:30.494 [main] DataProviderCsv - readCsvMedicine: [1] {}
[INFO ] 2022-01-26 16:17:30.500 [main] DataProviderCsv - readCsvMedicine: [3] {}
[INFO ] 2022-01-26 16:17:30.500 [main] DataProviderCsv - getMeddicines: [3] {}
[INFO ] 2022-01-26 16:17:30.501 [main] DataProviderCsv - isIdInDataMedicine: [1] {}
[INFO ] 2022-01-26 16:17:30.501 [main] DataProviderCsv - getMeddicines: [1] {}
[INFO ] 2022-01-26 16:17:30.501 [main] DataProviderCsv - readCsvMedicine: [1] {}
[INFO ] 2022-01-26 16:17:30.513 [main] DataProviderCsv - readCsvMedicine: [3] {}
[INFO ] 2022-01-26 16:17:30.513 [main] DataProviderCsv - getMeddicines: [3] {}
[INFO ] 2022-01-26 16:17:30.514 [main] DataProviderCsv - isIdInDataMedicine: [2] {} Element is found
[INFO ] 2022-01-26 16:17:30.514 [main] DataProviderCsv - getMeddicineByBarcode: [4] {}
[INFO ] 2022-01-26 16:17:30.514 [main] DataProviderCsv - getMeddicineByBarcode: [1] {}
[INFO ] 2022-01-26 16:17:30.515 [main] DataProviderCsv - getMeddicines: [1] {}
[INFO ] 2022-01-26 16:17:30.515 [main] DataProviderCsv - readCsvMedicine: [1] {}
[INFO ] 2022-01-26 16:17:30.519 [main] DataProviderCsv - readCsvMedicine: [3] {}
[INFO ] 2022-01-26 16:17:30.519 [main] DataProviderCsv - getMeddicines: [3] {}
[INFO ] 2022-01-26 16:17:30.519 [main] DataProviderCsv - isIdInDataMedicine: [1] {}
[INFO ] 2022-01-26 16:17:30.519 [main] DataProviderCsv - getMeddicines: [1] {}
[INFO ] 2022-01-26 16:17:30.521 [main] DataProviderCsv - readCsvMedicine: [1] {}
[INFO ] 2022-01-26 16:17:30.525 [main] DataProviderCsv - readCsvMedicine: [3] {}
[INFO ] 2022-01-26 16:17:30.525 [main] DataProviderCsv - getMeddicines: [3] {}
[INFO ] 2022-01-26 16:17:30.525 [main] DataProviderCsv - isIdInDataMedicine: [2] {} Element is found
[INFO ] 2022-01-26 16:17:30.525 [main] DataProviderCsv - getMeddicineByBarcode: [4] {}
[INFO ] 2022-01-26 16:17:30.526 [main] DataProviderCsv - getTheAnaloguesOfMedicine [1] {}
[INFO ] 2022-01-26 16:17:30.526 [main] DataProviderCsv - searchMeddicineByName [1] {}
[INFO ] 2022-01-26 16:17:30.526 [main] DataProviderCsv - getMeddicines: [1] {}
[INFO ] 2022-01-26 16:17:30.526 [main] DataProviderCsv - readCsvMedicine: [1] {}
[INFO ] 2022-01-26 16:17:30.532 [main] DataProviderCsv - readCsvMedicine: [3] {}
[INFO ] 2022-01-26 16:17:30.532 [main] DataProviderCsv - getMeddicines: [3] {}
[INFO ] 2022-01-26 16:17:30.533 [main] DataProviderCsv - searchMeddicineByName [2] {}
[INFO ] 2022-01-26 16:17:30.533 [main] DataProviderCsv - searchMeddicineByName [1] {}
[INFO ] 2022-01-26 16:17:30.533 [main] DataProviderCsv - getMeddicines: [1] {}
[INFO ] 2022-01-26 16:17:30.533 [main] DataProviderCsv - readCsvMedicine: [1] {}
[INFO ] 2022-01-26 16:17:30.539 [main] DataProviderCsv - readCsvMedicine: [3] {}
[INFO ] 2022-01-26 16:17:30.539 [main] DataProviderCsv - getMeddicines: [3] {}
[INFO ] 2022-01-26 16:17:30.539 [main] DataProviderCsv - searchMeddicineByName [2] {}
[INFO ] 2022-01-26 16:17:30.539 [main] DataProviderCsv - getMeddicines: [1] {}
[INFO ] 2022-01-26 16:17:30.539 [main] DataProviderCsv - readCsvMedicine: [1] {}
[INFO ] 2022-01-26 16:17:30.544 [main] DataProviderCsv - readCsvMedicine: [3] {}
[INFO ] 2022-01-26 16:17:30.544 [main] DataProviderCsv - getMeddicines: [3] {}
[INFO ] 2022-01-26 16:17:30.545 [main] DataProviderCsv - getTheAnaloguesOfMedicine [2] {}
[INFO ] 2022-01-26 16:17:30.545 [main] DataProviderCsv - getTheAnaloguesOfMedicine [5] {}
[INFO ] 2022-01-26 16:17:30.545 [main] DataProviderCsv - getTheAnaloguesByBarcode [2] {}
[INFO ] 2022-01-26 16:17:30.545 [main] DataProviderCsv - getTheAnaloguesOfMedicine [5] {}
[INFO ] 2022-01-26 16:18:28.922 [main] DataProviderCsv - getTheAnaloguesOfMedicine [1] {}
[INFO ] 2022-01-26 16:18:28.923 [main] DataProviderCsv - searchMeddicineByName [1] {}
[INFO ] 2022-01-26 16:18:28.926 [main] DataProviderCsv - getMeddicines: [1] {}
[INFO ] 2022-01-26 16:18:28.927 [main] DataProviderCsv - readCsvMedicine: [1] {}
[INFO ] 2022-01-26 16:18:29.022 [main] DataProviderCsv - readCsvMedicine: [3] {}
[INFO ] 2022-01-26 16:18:29.023 [main] DataProviderCsv - getMeddicines: [3] {}
[INFO ] 2022-01-26 16:18:29.024 [main] DataProviderCsv - searchMeddicineByName [2] {}
[INFO ] 2022-01-26 16:18:29.024 [main] DataProviderCsv - getTheAnaloguesOfMedicine [3] {} No such meddicine with name: I2/5:1520152015201520
[INFO ] 2022-01-26 16:18:29.024 [main] DataProviderCsv - getTheAnaloguesByBarcode [1] {}
[INFO ] 2022-01-26 16:18:29.024 [main] DataProviderCsv - getMeddicineByBarcode: [1] {}
[INFO ] 2022-01-26 16:18:29.024 [main] DataProviderCsv - getMeddicines: [1] {}
[INFO ] 2022-01-26 16:18:29.025 [main] DataProviderCsv - readCsvMedicine: [1] {}
[INFO ] 2022-01-26 16:18:29.031 [main] DataProviderCsv - readCsvMedicine: [3] {}
[INFO ] 2022-01-26 16:18:29.031 [main] DataProviderCsv - getMeddicines: [3] {}
[INFO ] 2022-01-26 16:18:29.031 [main] DataProviderCsv - isIdInDataMedicine: [1] {}
[INFO ] 2022-01-26 16:18:29.031 [main] DataProviderCsv - getMeddicines: [1] {}
[INFO ] 2022-01-26 16:18:29.031 [main] DataProviderCsv - readCsvMedicine: [1] {}
[INFO ] 2022-01-26 16:18:29.043 [main] DataProviderCsv - readCsvMedicine: [3] {}
[INFO ] 2022-01-26 16:18:29.043 [main] DataProviderCsv - getMeddicines: [3] {}
[INFO ] 2022-01-26 16:18:29.044 [main] DataProviderCsv - isIdInDataMedicine: [2] {} Element is found
[INFO ] 2022-01-26 16:18:29.045 [main] DataProviderCsv - getMeddicineByBarcode: [4] {}
[INFO ] 2022-01-26 16:18:29.045 [main] DataProviderCsv - getMeddicineByBarcode: [1] {}
[INFO ] 2022-01-26 16:18:29.045 [main] DataProviderCsv - getMeddicines: [1] {}
[INFO ] 2022-01-26 16:18:29.045 [main] DataProviderCsv - readCsvMedicine: [1] {}
[INFO ] 2022-01-26 16:18:29.051 [main] DataProviderCsv - readCsvMedicine: [3] {}
[INFO ] 2022-01-26 16:18:29.051 [main] DataProviderCsv - getMeddicines: [3] {}
[INFO ] 2022-01-26 16:18:29.051 [main] DataProviderCsv - isIdInDataMedicine: [1] {}
[INFO ] 2022-01-26 16:18:29.051 [main] DataProviderCsv - getMeddicines: [1] {}
[INFO ] 2022-01-26 16:18:29.051 [main] DataProviderCsv - readCsvMedicine: [1] {}
[INFO ] 2022-01-26 16:18:29.058 [main] DataProviderCsv - readCsvMedicine: [3] {}
[INFO ] 2022-01-26 16:18:29.058 [main] DataProviderCsv - getMeddicines: [3] {}
[INFO ] 2022-01-26 16:18:29.058 [main] DataProviderCsv - isIdInDataMedicine: [2] {} Element is found
[INFO ] 2022-01-26 16:18:29.059 [main] DataProviderCsv - getMeddicineByBarcode: [4] {}
[INFO ] 2022-01-26 16:18:29.059 [main] DataProviderCsv - getTheAnaloguesOfMedicine [1] {}
[INFO ] 2022-01-26 16:18:29.059 [main] DataProviderCsv - searchMeddicineByName [1] {}
[INFO ] 2022-01-26 16:18:29.059 [main] DataProviderCsv - getMeddicines: [1] {}
[INFO ] 2022-01-26 16:18:29.059 [main] DataProviderCsv - readCsvMedicine: [1] {}
[INFO ] 2022-01-26 16:18:29.065 [main] DataProviderCsv - readCsvMedicine: [3] {}
[INFO ] 2022-01-26 16:18:29.065 [main] DataProviderCsv - getMeddicines: [3] {}
[INFO ] 2022-01-26 16:18:29.065 [main] DataProviderCsv - searchMeddicineByName [2] {}
[INFO ] 2022-01-26 16:18:29.065 [main] DataProviderCsv - searchMeddicineByName [1] {}
[INFO ] 2022-01-26 16:18:29.065 [main] DataProviderCsv - getMeddicines: [1] {}
[INFO ] 2022-01-26 16:18:29.065 [main] DataProviderCsv - readCsvMedicine: [1] {}
[INFO ] 2022-01-26 16:18:29.070 [main] DataProviderCsv - readCsvMedicine: [3] {}
[INFO ] 2022-01-26 16:18:29.071 [main] DataProviderCsv - getMeddicines: [3] {}
[INFO ] 2022-01-26 16:18:29.071 [main] DataProviderCsv - searchMeddicineByName [2] {}
[INFO ] 2022-01-26 16:18:29.071 [main] DataProviderCsv - getMeddicines: [1] {}
[INFO ] 2022-01-26 16:18:29.071 [main] DataProviderCsv - readCsvMedicine: [1] {}
[INFO ] 2022-01-26 16:18:29.077 [main] DataProviderCsv - readCsvMedicine: [3] {}
[INFO ] 2022-01-26 16:18:29.077 [main] DataProviderCsv - getMeddicines: [3] {}
[INFO ] 2022-01-26 16:18:29.077 [main] DataProviderCsv - getTheAnaloguesOfMedicine [2] {}
[INFO ] 2022-01-26 16:18:29.078 [main] DataProviderCsv - getTheAnaloguesOfMedicine [5] {}
[INFO ] 2022-01-26 16:18:29.078 [main] DataProviderCsv - getTheAnaloguesByBarcode [2] {}
[INFO ] 2022-01-26 16:18:29.078 [main] DataProviderCsv - getTheAnaloguesOfMedicine [5] {}
[INFO ] 2022-01-26 16:18:46.531 [main] DataProviderCsv - getTheAnaloguesOfMedicine [1] {}
[INFO ] 2022-01-26 16:18:46.537 [main] DataProviderCsv - searchMeddicineByName [1] {}
[INFO ] 2022-01-26 16:18:46.537 [main] DataProviderCsv - getMeddicines: [1] {}
[INFO ] 2022-01-26 16:18:46.538 [main] DataProviderCsv - readCsvMedicine: [1] {}
[INFO ] 2022-01-26 16:18:46.628 [main] DataProviderCsv - readCsvMedicine: [3] {}
[INFO ] 2022-01-26 16:18:46.629 [main] DataProviderCsv - getMeddicines: [3] {}
[INFO ] 2022-01-26 16:18:46.630 [main] DataProviderCsv - searchMeddicineByName [2] {}
[INFO ] 2022-01-26 16:18:46.630 [main] DataProviderCsv - searchMeddicineByName [1] {}
[INFO ] 2022-01-26 16:18:46.630 [main] DataProviderCsv - getMeddicines: [1] {}
[INFO ] 2022-01-26 16:18:46.630 [main] DataProviderCsv - readCsvMedicine: [1] {}
[INFO ] 2022-01-26 16:18:46.637 [main] DataProviderCsv - readCsvMedicine: [3] {}
[INFO ] 2022-01-26 16:18:46.637 [main] DataProviderCsv - getMeddicines: [3] {}
[INFO ] 2022-01-26 16:18:46.638 [main] DataProviderCsv - searchMeddicineByName [2] {}
[INFO ] 2022-01-26 16:18:46.638 [main] DataProviderCsv - getMeddicines: [1] {}
[INFO ] 2022-01-26 16:18:46.638 [main] DataProviderCsv - readCsvMedicine: [1] {}
[INFO ] 2022-01-26 16:18:46.650 [main] DataProviderCsv - readCsvMedicine: [3] {}
[INFO ] 2022-01-26 16:18:46.650 [main] DataProviderCsv - getMeddicines: [3] {}
[INFO ] 2022-01-26 16:18:46.651 [main] DataProviderCsv - getTheAnaloguesOfMedicine [2] {}
[INFO ] 2022-01-26 16:18:46.651 [main] DataProviderCsv - getTheAnaloguesOfMedicine [5] {}
[INFO ] 2022-01-26 16:18:59.524 [main] DataProviderCsv - getTheAnaloguesOfMedicine [1] {}
[INFO ] 2022-01-26 16:18:59.528 [main] DataProviderCsv - searchMeddicineByName [1] {}
[INFO ] 2022-01-26 16:18:59.528 [main] DataProviderCsv - getMeddicines: [1] {}
[INFO ] 2022-01-26 16:18:59.530 [main] DataProviderCsv - readCsvMedicine: [1] {}
