[INFO ] 2022-01-22 18:07:28.015 [main] DataProviderH2 - connection: [1] {}
[INFO ] 2022-01-22 18:07:28.042 [main] DataProviderH2 - connection: [2] {}
[INFO ] 2022-01-22 18:07:28.042 [main] DataProviderH2 - connection: [4] {}
[INFO ] 2022-01-22 18:07:28.043 [main] DataProviderH2 - isInDataOrder [1] {}
[INFO ] 2022-01-22 18:07:28.043 [main] DataProviderH2 - getOrders: [1] {}
[INFO ] 2022-01-22 18:07:28.043 [main] DataProviderH2 - readH2Order: [1] {}
[INFO ] 2022-01-22 18:07:28.043 [main] DataProviderH2 - connection: [1] {}
[INFO ] 2022-01-22 18:07:28.046 [main] DataProviderH2 - connection: [2] {}
[INFO ] 2022-01-22 18:07:28.047 [main] DataProviderH2 - connection: [4] {}
[INFO ] 2022-01-22 18:07:28.047 [main] DataProviderH2 - h2ToOrderList: [1] {}
[INFO ] 2022-01-22 18:07:28.048 [main] DataProviderH2 - h2ToOrderList: [2] {}
[INFO ] 2022-01-22 18:07:28.048 [main] DataProviderH2 - h2ToOrderList: [4] {}
[INFO ] 2022-01-22 18:07:28.049 [main] DataProviderH2 - closeConnection: [1] {}
[INFO ] 2022-01-22 18:07:28.049 [main] DataProviderH2 - readH2Order: [2] {}
[INFO ] 2022-01-22 18:07:28.049 [main] DataProviderH2 - readH2Order: [4] {}
[INFO ] 2022-01-22 18:07:28.049 [main] DataProviderH2 - getOrders: [2] {}
[INFO ] 2022-01-22 18:07:28.049 [main] DataProviderH2 - getOrders: [4] {}
[INFO ] 2022-01-22 18:07:28.052 [main] DataProviderH2 - takeHistoryOrders [1] {}
[INFO ] 2022-01-22 18:07:28.052 [main] DataProviderH2 - isInDataOrder [1] {}
[INFO ] 2022-01-22 18:07:28.052 [main] DataProviderH2 - getOrders: [1] {}
[INFO ] 2022-01-22 18:07:28.052 [main] DataProviderH2 - readH2Order: [1] {}
[INFO ] 2022-01-22 18:07:28.052 [main] DataProviderH2 - connection: [1] {}
[INFO ] 2022-01-22 18:07:28.053 [main] DataProviderH2 - connection: [2] {}
[INFO ] 2022-01-22 18:07:28.054 [main] DataProviderH2 - connection: [4] {}
[INFO ] 2022-01-22 18:07:28.054 [main] DataProviderH2 - h2ToOrderList: [1] {}
[INFO ] 2022-01-22 18:07:28.055 [main] DataProviderH2 - h2ToOrderList: [2] {}
[INFO ] 2022-01-22 18:07:28.055 [main] DataProviderH2 - h2ToOrderList: [4] {}
[INFO ] 2022-01-22 18:07:28.055 [main] DataProviderH2 - closeConnection: [1] {}
[INFO ] 2022-01-22 18:07:28.055 [main] DataProviderH2 - readH2Order: [2] {}
[INFO ] 2022-01-22 18:07:28.055 [main] DataProviderH2 - readH2Order: [4] {}
[INFO ] 2022-01-22 18:07:28.055 [main] DataProviderH2 - getOrders: [2] {}
[INFO ] 2022-01-22 18:07:28.055 [main] DataProviderH2 - getOrders: [4] {}
[INFO ] 2022-01-22 18:07:28.055 [main] DataProviderH2 - getOrders: [1] {}
[INFO ] 2022-01-22 18:07:28.056 [main] DataProviderH2 - readH2Order: [1] {}
[INFO ] 2022-01-22 18:07:28.056 [main] DataProviderH2 - connection: [1] {}
[INFO ] 2022-01-22 18:07:28.057 [main] DataProviderH2 - connection: [2] {}
[INFO ] 2022-01-22 18:07:28.057 [main] DataProviderH2 - connection: [4] {}
[INFO ] 2022-01-22 18:07:28.057 [main] DataProviderH2 - h2ToOrderList: [1] {}
[INFO ] 2022-01-22 18:07:28.057 [main] DataProviderH2 - h2ToOrderList: [2] {}
[INFO ] 2022-01-22 18:07:28.058 [main] DataProviderH2 - h2ToOrderList: [4] {}
[INFO ] 2022-01-22 18:07:28.058 [main] DataProviderH2 - closeConnection: [1] {}
[INFO ] 2022-01-22 18:07:28.058 [main] DataProviderH2 - readH2Order: [2] {}
[INFO ] 2022-01-22 18:07:28.058 [main] DataProviderH2 - readH2Order: [4] {}
[INFO ] 2022-01-22 18:07:28.058 [main] DataProviderH2 - getOrders: [2] {}
[INFO ] 2022-01-22 18:07:28.058 [main] DataProviderH2 - getOrders: [4] {}
[INFO ] 2022-01-22 18:07:28.061 [main] HistoryContent - putOrderHistory: [1] {}
[INFO ] 2022-01-22 18:07:28.429 [main] HistoryContent - putOrderHistory: [2] {}
[INFO ] 2022-01-22 18:07:29.528 [main] DataProviderH2 - updateOrders: [3] {}
[INFO ] 2022-01-22 18:07:29.528 [main] DataProviderH2 - closeConnection: [1] {}
[INFO ] 2022-01-22 18:07:29.549 [main] DataProviderH2 - updateOrders: [5] {}
[INFO ] 2022-01-22 18:07:29.549 [main] DataProviderH2 - createOrder [4] {}
[INFO ] 2022-01-22 18:08:05.915 [main] DataProviderH2 - createOrder [1] {}
[INFO ] 2022-01-22 18:08:05.921 [main] DataProviderH2 - getUserById: [1] {}
[INFO ] 2022-01-22 18:08:05.921 [main] DataProviderH2 - connection: [1] {}
[INFO ] 2022-01-22 18:08:06.188 [main] DataProviderH2 - connection: [2] {}
[INFO ] 2022-01-22 18:08:06.189 [main] DataProviderH2 - connection: [4] {}
[INFO ] 2022-01-22 18:08:06.192 [main] DataProviderH2 - h2ToUserListUser: [1] {}
[INFO ] 2022-01-22 18:08:06.194 [main] DataProviderH2 - h2ToUserListUser: [2] {}
[INFO ] 2022-01-22 18:08:06.194 [main] DataProviderH2 - h2ToUserListUser: [4] {}
[INFO ] 2022-01-22 18:08:06.194 [main] DataProviderH2 - closeConnection: [1] {}
[INFO ] 2022-01-22 18:08:06.217 [main] DataProviderH2 - getUserById: [2] {}
[INFO ] 2022-01-22 18:08:06.217 [main] DataProviderH2 - searchPharmacyProductByName [1] {}
[INFO ] 2022-01-22 18:08:06.218 [main] DataProviderH2 - searchMeddicineByName [1] {}
[INFO ] 2022-01-22 18:08:06.218 [main] DataProviderH2 - getMeddicines: [1] {}
[INFO ] 2022-01-22 18:08:06.218 [main] DataProviderH2 - readMeddicinesFromH2M: [1] {}
[INFO ] 2022-01-22 18:08:06.218 [main] DataProviderH2 - connection: [1] {}
[INFO ] 2022-01-22 18:08:06.236 [main] DataProviderH2 - connection: [2] {}
[INFO ] 2022-01-22 18:08:06.236 [main] DataProviderH2 - connection: [4] {}
[INFO ] 2022-01-22 18:08:06.236 [main] DataProviderH2 - h2ToMeddicineList: [1] {}
[INFO ] 2022-01-22 18:08:06.238 [main] DataProviderH2 - h2ToMeddicineList: [2] {}
[INFO ] 2022-01-22 18:08:06.238 [main] DataProviderH2 - h2ToMeddicineList: [4] {}
[INFO ] 2022-01-22 18:08:06.238 [main] DataProviderH2 - closeConnection: [1] {}
[INFO ] 2022-01-22 18:08:06.258 [main] DataProviderH2 - readMeddicinesFromH2M: [2] {}
[INFO ] 2022-01-22 18:08:06.259 [main] DataProviderH2 - readFromH2: [4] {}
[INFO ] 2022-01-22 18:08:06.260 [main] DataProviderH2 - getMeddicines: [2] {}
[INFO ] 2022-01-22 18:08:06.260 [main] DataProviderH2 - getMeddicines: [4] {}
[INFO ] 2022-01-22 18:08:06.260 [main] DataProviderH2 - searchMeddicineByName [2] {}
[INFO ] 2022-01-22 18:08:06.260 [main] DataProviderH2 - searchMedicalDeviceByName [1] {}
[INFO ] 2022-01-22 18:08:06.261 [main] DataProviderH2 - getMedicalDevices: [1] {}
[INFO ] 2022-01-22 18:08:06.261 [main] DataProviderH2 - readMedicalDeviceFromH2M: [1] {}
[INFO ] 2022-01-22 18:08:06.261 [main] DataProviderH2 - connection: [1] {}
[INFO ] 2022-01-22 18:08:06.277 [main] DataProviderH2 - connection: [2] {}
[INFO ] 2022-01-22 18:08:06.277 [main] DataProviderH2 - connection: [4] {}
[INFO ] 2022-01-22 18:08:06.277 [main] DataProviderH2 - h2ToMedicalDeviceList: [1] {}
[INFO ] 2022-01-22 18:08:06.279 [main] DataProviderH2 - h2ToMedicalDeviceList: [2] {}
[INFO ] 2022-01-22 18:08:06.279 [main] DataProviderH2 - h2ToMedicalDeviceList: [4] {}
[INFO ] 2022-01-22 18:08:06.279 [main] DataProviderH2 - closeConnection: [1] {}
[INFO ] 2022-01-22 18:08:06.298 [main] DataProviderH2 - readMedicalDeviceFromH2M: [2] {}
[INFO ] 2022-01-22 18:08:06.298 [main] DataProviderH2 - readMedicalDeviceFromH2M: [4] {}
[INFO ] 2022-01-22 18:08:06.299 [main] DataProviderH2 - getMedicalDevices: [2] {}
[INFO ] 2022-01-22 18:08:06.299 [main] DataProviderH2 - getMedicalDevices: [4] {}
[INFO ] 2022-01-22 18:08:06.300 [main] DataProviderH2 - searchMedicalDeviceByName [2] {}
[INFO ] 2022-01-22 18:08:06.300 [main] DataProviderH2 - searchPharmacyProductByName [2] {}
[INFO ] 2022-01-22 18:08:06.300 [main] DataProviderH2 - searchPharmacyProductByName [3] {}
[INFO ] 2022-01-22 18:08:06.300 [main] DataProviderH2 - searchPharmacyProductByName [5] {}
[INFO ] 2022-01-22 18:08:06.300 [main] DataProviderH2 - searchPharmacyProductByName [1] {}
[INFO ] 2022-01-22 18:08:06.300 [main] DataProviderH2 - searchMeddicineByName [1] {}
[INFO ] 2022-01-22 18:08:06.300 [main] DataProviderH2 - getMeddicines: [1] {}
[INFO ] 2022-01-22 18:08:06.300 [main] DataProviderH2 - readMeddicinesFromH2M: [1] {}
[INFO ] 2022-01-22 18:08:06.300 [main] DataProviderH2 - connection: [1] {}
[INFO ] 2022-01-22 18:08:06.317 [main] DataProviderH2 - connection: [2] {}
[INFO ] 2022-01-22 18:08:06.317 [main] DataProviderH2 - connection: [4] {}
[INFO ] 2022-01-22 18:08:06.318 [main] DataProviderH2 - h2ToMeddicineList: [1] {}
[INFO ] 2022-01-22 18:08:06.318 [main] DataProviderH2 - h2ToMeddicineList: [2] {}
[INFO ] 2022-01-22 18:08:06.318 [main] DataProviderH2 - h2ToMeddicineList: [4] {}
[INFO ] 2022-01-22 18:08:06.319 [main] DataProviderH2 - closeConnection: [1] {}
[INFO ] 2022-01-22 18:08:06.336 [main] DataProviderH2 - readMeddicinesFromH2M: [2] {}
[INFO ] 2022-01-22 18:08:06.337 [main] DataProviderH2 - readFromH2: [4] {}
[INFO ] 2022-01-22 18:08:06.337 [main] DataProviderH2 - getMeddicines: [2] {}
[INFO ] 2022-01-22 18:08:06.337 [main] DataProviderH2 - getMeddicines: [4] {}
[INFO ] 2022-01-22 18:08:06.337 [main] DataProviderH2 - searchMeddicineByName [2] {}
[INFO ] 2022-01-22 18:08:06.337 [main] DataProviderH2 - searchMedicalDeviceByName [1] {}
[INFO ] 2022-01-22 18:08:06.339 [main] DataProviderH2 - getMedicalDevices: [1] {}
[INFO ] 2022-01-22 18:08:06.339 [main] DataProviderH2 - readMedicalDeviceFromH2M: [1] {}
[INFO ] 2022-01-22 18:08:06.339 [main] DataProviderH2 - connection: [1] {}
[INFO ] 2022-01-22 18:08:06.355 [main] DataProviderH2 - connection: [2] {}
[INFO ] 2022-01-22 18:08:06.355 [main] DataProviderH2 - connection: [4] {}
[INFO ] 2022-01-22 18:08:06.355 [main] DataProviderH2 - h2ToMedicalDeviceList: [1] {}
[INFO ] 2022-01-22 18:08:06.355 [main] DataProviderH2 - h2ToMedicalDeviceList: [2] {}
[INFO ] 2022-01-22 18:08:06.355 [main] DataProviderH2 - h2ToMedicalDeviceList: [4] {}
[INFO ] 2022-01-22 18:08:06.356 [main] DataProviderH2 - closeConnection: [1] {}
[INFO ] 2022-01-22 18:08:06.372 [main] DataProviderH2 - readMedicalDeviceFromH2M: [2] {}
[INFO ] 2022-01-22 18:08:06.372 [main] DataProviderH2 - readMedicalDeviceFromH2M: [4] {}
[INFO ] 2022-01-22 18:08:06.373 [main] DataProviderH2 - getMedicalDevices: [2] {}
[INFO ] 2022-01-22 18:08:06.373 [main] DataProviderH2 - getMedicalDevices: [4] {}
[INFO ] 2022-01-22 18:08:06.373 [main] DataProviderH2 - searchMedicalDeviceByName [2] {}
[INFO ] 2022-01-22 18:08:06.373 [main] DataProviderH2 - searchPharmacyProductByName [2] {}
