[INFO ] 2022-01-21 17:04:58.249 [main] DataProviderH2 - h2ToUserListUser: [4] {}
[INFO ] 2022-01-21 17:04:58.252 [main] DataProviderH2 - closeConnection: [1] {}
[INFO ] 2022-01-21 17:04:58.252 [main] DataProviderH2 - readFromH2: [2] {}
[INFO ] 2022-01-21 17:04:58.252 [main] DataProviderH2 - readFromH2: [4] {}
[INFO ] 2022-01-21 17:04:58.252 [main] DataProviderH2 - getUsers: [2] {}
[INFO ] 2022-01-21 17:04:58.253 [main] DataProviderH2 - getUsers: [4] {}
[INFO ] 2022-01-21 17:04:58.253 [main] DataProviderH2 - getUsers: [1] {}
[INFO ] 2022-01-21 17:04:58.253 [main] DataProviderH2 - readFromH2: [1] {}
[INFO ] 2022-01-21 17:04:58.253 [main] DataProviderH2 - connection: [1] {}
[INFO ] 2022-01-21 17:04:58.254 [main] DataProviderH2 - connection: [2] {}
[INFO ] 2022-01-21 17:04:58.254 [main] DataProviderH2 - connection: [4] {}
[INFO ] 2022-01-21 17:04:58.255 [main] DataProviderH2 - h2ToUserListUser: [1] {}
[INFO ] 2022-01-21 17:04:58.256 [main] DataProviderH2 - h2ToUserListUser: [2] {}
[INFO ] 2022-01-21 17:04:58.256 [main] DataProviderH2 - h2ToUserListUser: [4] {}
[INFO ] 2022-01-21 17:04:58.256 [main] DataProviderH2 - closeConnection: [1] {}
[INFO ] 2022-01-21 17:04:58.256 [main] DataProviderH2 - readFromH2: [2] {}
[INFO ] 2022-01-21 17:04:58.256 [main] DataProviderH2 - readFromH2: [4] {}
[INFO ] 2022-01-21 17:04:58.256 [main] DataProviderH2 - getUsers: [2] {}
[INFO ] 2022-01-21 17:04:58.256 [main] DataProviderH2 - getUsers: [4] {}
[INFO ] 2022-01-21 17:04:58.257 [main] HistoryContent - putUserHistory: [1] {}
[INFO ] 2022-01-21 17:04:58.282 [main] HistoryContent - putUserHistory: [2] {}
[INFO ] 2022-01-21 17:04:59.086 [main] DataProviderH2 - closeConnection: [1] {}
[INFO ] 2022-01-21 17:04:59.129 [main] DataProviderH2 - updateUsers: [2] {}
[INFO ] 2022-01-21 17:04:59.129 [main] DataProviderH2 - createOrder [4] {}
[INFO ] 2022-01-21 17:04:59.138 [main] DataProviderH2 - connection: [1] {}
[INFO ] 2022-01-21 17:04:59.174 [main] DataProviderH2 - connection: [2] {}
[INFO ] 2022-01-21 17:04:59.174 [main] DataProviderH2 - connection: [4] {}
[INFO ] 2022-01-21 17:04:59.174 [main] DataProviderH2 - isInDataUser [1] {}
[INFO ] 2022-01-21 17:04:59.175 [main] DataProviderH2 - getUsers: [1] {}
[INFO ] 2022-01-21 17:04:59.175 [main] DataProviderH2 - readFromH2: [1] {}
[INFO ] 2022-01-21 17:04:59.175 [main] DataProviderH2 - connection: [1] {}
[INFO ] 2022-01-21 17:04:59.179 [main] DataProviderH2 - connection: [2] {}
[INFO ] 2022-01-21 17:04:59.179 [main] DataProviderH2 - connection: [4] {}
[INFO ] 2022-01-21 17:04:59.180 [main] DataProviderH2 - h2ToUserListUser: [1] {}
[INFO ] 2022-01-21 17:04:59.182 [main] DataProviderH2 - h2ToUserListUser: [2] {}
[INFO ] 2022-01-21 17:04:59.182 [main] DataProviderH2 - h2ToUserListUser: [4] {}
[INFO ] 2022-01-21 17:04:59.182 [main] DataProviderH2 - closeConnection: [1] {}
[INFO ] 2022-01-21 17:04:59.183 [main] DataProviderH2 - readFromH2: [2] {}
[INFO ] 2022-01-21 17:04:59.183 [main] DataProviderH2 - readFromH2: [4] {}
[INFO ] 2022-01-21 17:04:59.183 [main] DataProviderH2 - getUsers: [2] {}
[INFO ] 2022-01-21 17:04:59.183 [main] DataProviderH2 - getUsers: [4] {}
[INFO ] 2022-01-21 17:04:59.183 [main] DataProviderH2 - takeHistoryUsers [1] {}
[INFO ] 2022-01-21 17:04:59.183 [main] DataProviderH2 - isInDataUser [1] {}
[INFO ] 2022-01-21 17:04:59.184 [main] DataProviderH2 - getUsers: [1] {}
[INFO ] 2022-01-21 17:04:59.185 [main] DataProviderH2 - readFromH2: [1] {}
[INFO ] 2022-01-21 17:04:59.185 [main] DataProviderH2 - connection: [1] {}
[INFO ] 2022-01-21 17:04:59.190 [main] DataProviderH2 - connection: [2] {}
[INFO ] 2022-01-21 17:04:59.190 [main] DataProviderH2 - connection: [4] {}
[INFO ] 2022-01-21 17:04:59.191 [main] DataProviderH2 - h2ToUserListUser: [1] {}
[INFO ] 2022-01-21 17:04:59.192 [main] DataProviderH2 - h2ToUserListUser: [2] {}
[INFO ] 2022-01-21 17:04:59.192 [main] DataProviderH2 - h2ToUserListUser: [4] {}
[INFO ] 2022-01-21 17:04:59.193 [main] DataProviderH2 - closeConnection: [1] {}
[INFO ] 2022-01-21 17:04:59.193 [main] DataProviderH2 - readFromH2: [2] {}
[INFO ] 2022-01-21 17:04:59.194 [main] DataProviderH2 - readFromH2: [4] {}
[INFO ] 2022-01-21 17:04:59.195 [main] DataProviderH2 - getUsers: [2] {}
[INFO ] 2022-01-21 17:04:59.195 [main] DataProviderH2 - getUsers: [4] {}
[INFO ] 2022-01-21 17:04:59.195 [main] DataProviderH2 - getUsers: [1] {}
[INFO ] 2022-01-21 17:04:59.196 [main] DataProviderH2 - readFromH2: [1] {}
[INFO ] 2022-01-21 17:04:59.196 [main] DataProviderH2 - connection: [1] {}
[INFO ] 2022-01-21 17:04:59.199 [main] DataProviderH2 - connection: [2] {}
[INFO ] 2022-01-21 17:04:59.200 [main] DataProviderH2 - connection: [4] {}
[INFO ] 2022-01-21 17:04:59.200 [main] DataProviderH2 - h2ToUserListUser: [1] {}
[INFO ] 2022-01-21 17:04:59.201 [main] DataProviderH2 - h2ToUserListUser: [2] {}
[INFO ] 2022-01-21 17:04:59.201 [main] DataProviderH2 - h2ToUserListUser: [4] {}
[INFO ] 2022-01-21 17:04:59.201 [main] DataProviderH2 - closeConnection: [1] {}
[INFO ] 2022-01-21 17:04:59.202 [main] DataProviderH2 - readFromH2: [2] {}
[INFO ] 2022-01-21 17:04:59.202 [main] DataProviderH2 - readFromH2: [4] {}
[INFO ] 2022-01-21 17:04:59.202 [main] DataProviderH2 - getUsers: [2] {}
[INFO ] 2022-01-21 17:04:59.203 [main] DataProviderH2 - getUsers: [4] {}
[INFO ] 2022-01-21 17:04:59.203 [main] HistoryContent - putUserHistory: [1] {}
[INFO ] 2022-01-21 17:04:59.243 [main] HistoryContent - putUserHistory: [2] {}
[INFO ] 2022-01-21 17:05:00.032 [main] DataProviderH2 - closeConnection: [1] {}
[INFO ] 2022-01-21 17:05:00.072 [main] DataProviderH2 - updateUsers: [2] {}
[INFO ] 2022-01-21 17:07:30.666 [main] DataProviderH2 - getUserById: [1] {}
[INFO ] 2022-01-21 17:07:30.669 [main] DataProviderH2 - connection: [1] {}
[INFO ] 2022-01-21 17:07:30.972 [main] DataProviderH2 - connection: [2] {}
[INFO ] 2022-01-21 17:07:30.972 [main] DataProviderH2 - connection: [4] {}
[INFO ] 2022-01-21 17:07:30.975 [main] DataProviderH2 - h2ToOrderList: [1] {}
[INFO ] 2022-01-21 17:07:30.975 [main] DataProviderH2 - h2ToOrderList: [2] {}
[INFO ] 2022-01-21 17:07:30.975 [main] DataProviderH2 - h2ToOrderList: [4] {}
[INFO ] 2022-01-21 17:07:30.976 [main] DataProviderH2 - closeConnection: [1] {}
[INFO ] 2022-01-21 17:07:31.002 [main] DataProviderH2 - getUserById: [2] {}
[INFO ] 2022-01-21 17:07:40.943 [main] DataProviderH2 - createOrder [1] {}
[INFO ] 2022-01-21 17:07:40.949 [main] DataProviderH2 - getUserById: [1] {}
[INFO ] 2022-01-21 17:07:40.949 [main] DataProviderH2 - connection: [1] {}
[INFO ] 2022-01-21 17:07:41.228 [main] DataProviderH2 - connection: [2] {}
[INFO ] 2022-01-21 17:07:41.229 [main] DataProviderH2 - connection: [4] {}
[INFO ] 2022-01-21 17:07:41.231 [main] DataProviderH2 - h2ToUserListUser: [1] {}
[INFO ] 2022-01-21 17:07:41.232 [main] DataProviderH2 - h2ToUserListUser: [2] {}
[INFO ] 2022-01-21 17:07:41.232 [main] DataProviderH2 - h2ToUserListUser: [4] {}
[INFO ] 2022-01-21 17:07:41.232 [main] DataProviderH2 - closeConnection: [1] {}
[INFO ] 2022-01-21 17:07:41.255 [main] DataProviderH2 - getUserById: [2] {}
[INFO ] 2022-01-21 17:07:41.255 [main] DataProviderH2 - getUserById: [1] {}
[INFO ] 2022-01-21 17:07:41.255 [main] DataProviderH2 - connection: [1] {}
[INFO ] 2022-01-21 17:07:41.271 [main] DataProviderH2 - connection: [2] {}
[INFO ] 2022-01-21 17:07:41.271 [main] DataProviderH2 - connection: [4] {}
[INFO ] 2022-01-21 17:07:41.272 [main] DataProviderH2 - h2ToUserListUser: [1] {}
[INFO ] 2022-01-21 17:07:41.272 [main] DataProviderH2 - h2ToUserListUser: [2] {}
[INFO ] 2022-01-21 17:07:41.272 [main] DataProviderH2 - h2ToUserListUser: [4] {}
[INFO ] 2022-01-21 17:07:41.272 [main] DataProviderH2 - closeConnection: [1] {}
[INFO ] 2022-01-21 17:07:41.291 [main] DataProviderH2 - getUserById: [2] {}
[INFO ] 2022-01-21 17:07:41.292 [main] DataProviderH2 - searchPharmacyProductByName [1] {}
[INFO ] 2022-01-21 17:07:41.292 [main] DataProviderH2 - searchMeddicineByName [1] {}
[INFO ] 2022-01-21 17:07:41.292 [main] DataProviderH2 - getMeddicines: [1] {}
[INFO ] 2022-01-21 17:07:41.292 [main] DataProviderH2 - readMeddicinesFromH2M: [1] {}
[INFO ] 2022-01-21 17:07:41.292 [main] DataProviderH2 - connection: [1] {}
[INFO ] 2022-01-21 17:07:41.308 [main] DataProviderH2 - connection: [2] {}
[INFO ] 2022-01-21 17:07:41.308 [main] DataProviderH2 - connection: [4] {}
[INFO ] 2022-01-21 17:07:41.309 [main] DataProviderH2 - h2ToMeddicineList: [1] {}
[INFO ] 2022-01-21 17:07:41.315 [main] DataProviderH2 - h2ToMeddicineList: [2] {}
[INFO ] 2022-01-21 17:07:41.315 [main] DataProviderH2 - h2ToMeddicineList: [4] {}
[INFO ] 2022-01-21 17:07:41.315 [main] DataProviderH2 - closeConnection: [1] {}
[INFO ] 2022-01-21 17:07:41.332 [main] DataProviderH2 - readMeddicinesFromH2M: [2] {}
[INFO ] 2022-01-21 17:07:41.332 [main] DataProviderH2 - readFromH2: [4] {}
[INFO ] 2022-01-21 17:07:41.332 [main] DataProviderH2 - getMeddicines: [2] {}
[INFO ] 2022-01-21 17:07:41.333 [main] DataProviderH2 - getMeddicines: [4] {}
[INFO ] 2022-01-21 17:07:41.333 [main] DataProviderH2 - searchMeddicineByName [2] {}
[INFO ] 2022-01-21 17:07:41.333 [main] DataProviderH2 - searchMedicalDeviceByName [1] {}
[INFO ] 2022-01-21 17:07:41.333 [main] DataProviderH2 - getMedicalDevices: [1] {}
[INFO ] 2022-01-21 17:07:41.334 [main] DataProviderH2 - readMedicalDeviceFromH2M: [1] {}
[INFO ] 2022-01-21 17:07:41.334 [main] DataProviderH2 - connection: [1] {}
[INFO ] 2022-01-21 17:07:41.348 [main] DataProviderH2 - connection: [2] {}
[INFO ] 2022-01-21 17:07:41.348 [main] DataProviderH2 - connection: [4] {}
[INFO ] 2022-01-21 17:07:41.349 [main] DataProviderH2 - h2ToMedicalDeviceList: [1] {}
[INFO ] 2022-01-21 17:07:41.350 [main] DataProviderH2 - h2ToMedicalDeviceList: [2] {}
[INFO ] 2022-01-21 17:07:41.350 [main] DataProviderH2 - h2ToMedicalDeviceList: [4] {}
[INFO ] 2022-01-21 17:07:41.351 [main] DataProviderH2 - closeConnection: [1] {}
[INFO ] 2022-01-21 17:07:41.371 [main] DataProviderH2 - readMedicalDeviceFromH2M: [2] {}
[INFO ] 2022-01-21 17:07:41.371 [main] DataProviderH2 - readMedicalDeviceFromH2M: [4] {}
[INFO ] 2022-01-21 17:07:41.371 [main] DataProviderH2 - getMedicalDevices: [2] {}
