[INFO ] 2022-01-22 17:59:57.509 [main] DataProviderH2 - getOrders: [4] {}
[INFO ] 2022-01-22 17:59:57.523 [main] DataProviderH2 - takeHistoryOrders [1] {}
[INFO ] 2022-01-22 17:59:57.523 [main] DataProviderH2 - isInDataOrder [1] {}
[INFO ] 2022-01-22 17:59:57.523 [main] DataProviderH2 - getOrders: [1] {}
[INFO ] 2022-01-22 17:59:57.524 [main] DataProviderH2 - readH2Order: [1] {}
[INFO ] 2022-01-22 17:59:57.524 [main] DataProviderH2 - connection: [1] {}
[INFO ] 2022-01-22 17:59:57.525 [main] DataProviderH2 - connection: [2] {}
[INFO ] 2022-01-22 17:59:57.525 [main] DataProviderH2 - connection: [4] {}
[INFO ] 2022-01-22 17:59:57.525 [main] DataProviderH2 - h2ToOrderList: [1] {}
[INFO ] 2022-01-22 17:59:57.525 [main] DataProviderH2 - h2ToOrderList: [2] {}
[INFO ] 2022-01-22 17:59:57.526 [main] DataProviderH2 - h2ToOrderList: [4] {}
[INFO ] 2022-01-22 17:59:57.526 [main] DataProviderH2 - closeConnection: [1] {}
[INFO ] 2022-01-22 17:59:57.526 [main] DataProviderH2 - readH2Order: [2] {}
[INFO ] 2022-01-22 17:59:57.526 [main] DataProviderH2 - readH2Order: [4] {}
[INFO ] 2022-01-22 17:59:57.526 [main] DataProviderH2 - getOrders: [2] {}
[INFO ] 2022-01-22 17:59:57.526 [main] DataProviderH2 - getOrders: [4] {}
[INFO ] 2022-01-22 17:59:57.526 [main] DataProviderH2 - getOrders: [1] {}
[INFO ] 2022-01-22 17:59:57.526 [main] DataProviderH2 - readH2Order: [1] {}
[INFO ] 2022-01-22 17:59:57.527 [main] DataProviderH2 - connection: [1] {}
[INFO ] 2022-01-22 17:59:57.528 [main] DataProviderH2 - connection: [2] {}
[INFO ] 2022-01-22 17:59:57.528 [main] DataProviderH2 - connection: [4] {}
[INFO ] 2022-01-22 17:59:57.528 [main] DataProviderH2 - h2ToOrderList: [1] {}
[INFO ] 2022-01-22 17:59:57.528 [main] DataProviderH2 - h2ToOrderList: [2] {}
[INFO ] 2022-01-22 17:59:57.528 [main] DataProviderH2 - h2ToOrderList: [4] {}
[INFO ] 2022-01-22 17:59:57.528 [main] DataProviderH2 - closeConnection: [1] {}
[INFO ] 2022-01-22 17:59:57.529 [main] DataProviderH2 - readH2Order: [2] {}
[INFO ] 2022-01-22 17:59:57.529 [main] DataProviderH2 - readH2Order: [4] {}
[INFO ] 2022-01-22 17:59:57.530 [main] DataProviderH2 - getOrders: [2] {}
[INFO ] 2022-01-22 17:59:57.530 [main] DataProviderH2 - getOrders: [4] {}
[INFO ] 2022-01-22 17:59:57.532 [main] HistoryContent - putOrderHistory: [1] {}
[INFO ] 2022-01-22 17:59:57.964 [main] HistoryContent - putOrderHistory: [2] {}
[INFO ] 2022-01-22 17:59:59.827 [main] DataProviderH2 - updateOrders: [3] {}
[INFO ] 2022-01-22 17:59:59.828 [main] DataProviderH2 - closeConnection: [1] {}
[INFO ] 2022-01-22 17:59:59.871 [main] DataProviderH2 - updateOrders: [5] {}
[INFO ] 2022-01-22 17:59:59.872 [main] DataProviderH2 - createOrder [4] {}
[INFO ] 2022-01-22 18:00:18.596 [main] DataProviderH2 - getOrders: [1] {}
[INFO ] 2022-01-22 18:00:18.602 [main] DataProviderH2 - readH2Order: [1] {}
[INFO ] 2022-01-22 18:00:18.602 [main] DataProviderH2 - connection: [1] {}
[INFO ] 2022-01-22 18:00:18.909 [main] DataProviderH2 - connection: [2] {}
[INFO ] 2022-01-22 18:00:18.909 [main] DataProviderH2 - connection: [4] {}
[INFO ] 2022-01-22 18:00:18.910 [main] DataProviderH2 - h2ToOrderList: [1] {}
[INFO ] 2022-01-22 18:00:18.911 [main] DataProviderH2 - h2ToOrderList: [2] {}
[INFO ] 2022-01-22 18:00:18.911 [main] DataProviderH2 - h2ToOrderList: [4] {}
[INFO ] 2022-01-22 18:00:18.912 [main] DataProviderH2 - closeConnection: [1] {}
[INFO ] 2022-01-22 18:00:18.932 [main] DataProviderH2 - readH2Order: [2] {}
[INFO ] 2022-01-22 18:00:18.933 [main] DataProviderH2 - readH2Order: [4] {}
[INFO ] 2022-01-22 18:00:18.934 [main] DataProviderH2 - getOrders: [2] {}
[INFO ] 2022-01-22 18:00:18.935 [main] DataProviderH2 - getOrders: [4] {}
[INFO ] 2022-01-22 18:07:27.569 [main] DataProviderH2 - createOrder [1] {}
[INFO ] 2022-01-22 18:07:27.575 [main] DataProviderH2 - getUserById: [1] {}
[INFO ] 2022-01-22 18:07:27.575 [main] DataProviderH2 - connection: [1] {}
[INFO ] 2022-01-22 18:07:27.828 [main] DataProviderH2 - connection: [2] {}
[INFO ] 2022-01-22 18:07:27.828 [main] DataProviderH2 - connection: [4] {}
[INFO ] 2022-01-22 18:07:27.832 [main] DataProviderH2 - h2ToUserListUser: [1] {}
[INFO ] 2022-01-22 18:07:27.832 [main] DataProviderH2 - h2ToUserListUser: [2] {}
[INFO ] 2022-01-22 18:07:27.833 [main] DataProviderH2 - h2ToUserListUser: [4] {}
[INFO ] 2022-01-22 18:07:27.833 [main] DataProviderH2 - closeConnection: [1] {}
[INFO ] 2022-01-22 18:07:27.855 [main] DataProviderH2 - getUserById: [2] {}
[INFO ] 2022-01-22 18:07:27.855 [main] DataProviderH2 - searchPharmacyProductByName [1] {}
[INFO ] 2022-01-22 18:07:27.856 [main] DataProviderH2 - searchMeddicineByName [1] {}
[INFO ] 2022-01-22 18:07:27.856 [main] DataProviderH2 - getMeddicines: [1] {}
[INFO ] 2022-01-22 18:07:27.856 [main] DataProviderH2 - readMeddicinesFromH2M: [1] {}
[INFO ] 2022-01-22 18:07:27.856 [main] DataProviderH2 - connection: [1] {}
[INFO ] 2022-01-22 18:07:27.876 [main] DataProviderH2 - connection: [2] {}
[INFO ] 2022-01-22 18:07:27.876 [main] DataProviderH2 - connection: [4] {}
[INFO ] 2022-01-22 18:07:27.876 [main] DataProviderH2 - h2ToMeddicineList: [1] {}
[INFO ] 2022-01-22 18:07:27.878 [main] DataProviderH2 - h2ToMeddicineList: [2] {}
[INFO ] 2022-01-22 18:07:27.879 [main] DataProviderH2 - h2ToMeddicineList: [4] {}
[INFO ] 2022-01-22 18:07:27.879 [main] DataProviderH2 - closeConnection: [1] {}
[INFO ] 2022-01-22 18:07:27.896 [main] DataProviderH2 - readMeddicinesFromH2M: [2] {}
[INFO ] 2022-01-22 18:07:27.896 [main] DataProviderH2 - readFromH2: [4] {}
[INFO ] 2022-01-22 18:07:27.896 [main] DataProviderH2 - getMeddicines: [2] {}
[INFO ] 2022-01-22 18:07:27.897 [main] DataProviderH2 - getMeddicines: [4] {}
[INFO ] 2022-01-22 18:07:27.897 [main] DataProviderH2 - searchMeddicineByName [2] {}
[INFO ] 2022-01-22 18:07:27.898 [main] DataProviderH2 - searchMedicalDeviceByName [1] {}
[INFO ] 2022-01-22 18:07:27.898 [main] DataProviderH2 - getMedicalDevices: [1] {}
[INFO ] 2022-01-22 18:07:27.898 [main] DataProviderH2 - readMedicalDeviceFromH2M: [1] {}
[INFO ] 2022-01-22 18:07:27.898 [main] DataProviderH2 - connection: [1] {}
[INFO ] 2022-01-22 18:07:27.917 [main] DataProviderH2 - connection: [2] {}
[INFO ] 2022-01-22 18:07:27.917 [main] DataProviderH2 - connection: [4] {}
[INFO ] 2022-01-22 18:07:27.917 [main] DataProviderH2 - h2ToMedicalDeviceList: [1] {}
[INFO ] 2022-01-22 18:07:27.919 [main] DataProviderH2 - h2ToMedicalDeviceList: [2] {}
[INFO ] 2022-01-22 18:07:27.919 [main] DataProviderH2 - h2ToMedicalDeviceList: [4] {}
[INFO ] 2022-01-22 18:07:27.919 [main] DataProviderH2 - closeConnection: [1] {}
[INFO ] 2022-01-22 18:07:27.942 [main] DataProviderH2 - readMedicalDeviceFromH2M: [2] {}
[INFO ] 2022-01-22 18:07:27.943 [main] DataProviderH2 - readMedicalDeviceFromH2M: [4] {}
[INFO ] 2022-01-22 18:07:27.943 [main] DataProviderH2 - getMedicalDevices: [2] {}
[INFO ] 2022-01-22 18:07:27.943 [main] DataProviderH2 - getMedicalDevices: [4] {}
[INFO ] 2022-01-22 18:07:27.944 [main] DataProviderH2 - searchMedicalDeviceByName [2] {}
[INFO ] 2022-01-22 18:07:27.944 [main] DataProviderH2 - searchPharmacyProductByName [2] {}
[INFO ] 2022-01-22 18:07:27.944 [main] DataProviderH2 - searchPharmacyProductByName [3] {}
[INFO ] 2022-01-22 18:07:27.945 [main] DataProviderH2 - searchPharmacyProductByName [5] {}
[INFO ] 2022-01-22 18:07:27.945 [main] DataProviderH2 - searchPharmacyProductByName [1] {}
[INFO ] 2022-01-22 18:07:27.945 [main] DataProviderH2 - searchMeddicineByName [1] {}
[INFO ] 2022-01-22 18:07:27.945 [main] DataProviderH2 - getMeddicines: [1] {}
[INFO ] 2022-01-22 18:07:27.945 [main] DataProviderH2 - readMeddicinesFromH2M: [1] {}
[INFO ] 2022-01-22 18:07:27.945 [main] DataProviderH2 - connection: [1] {}
[INFO ] 2022-01-22 18:07:27.963 [main] DataProviderH2 - connection: [2] {}
[INFO ] 2022-01-22 18:07:27.963 [main] DataProviderH2 - connection: [4] {}
[INFO ] 2022-01-22 18:07:27.963 [main] DataProviderH2 - h2ToMeddicineList: [1] {}
[INFO ] 2022-01-22 18:07:27.964 [main] DataProviderH2 - h2ToMeddicineList: [2] {}
[INFO ] 2022-01-22 18:07:27.964 [main] DataProviderH2 - h2ToMeddicineList: [4] {}
[INFO ] 2022-01-22 18:07:27.964 [main] DataProviderH2 - closeConnection: [1] {}
[INFO ] 2022-01-22 18:07:27.982 [main] DataProviderH2 - readMeddicinesFromH2M: [2] {}
[INFO ] 2022-01-22 18:07:27.982 [main] DataProviderH2 - readFromH2: [4] {}
[INFO ] 2022-01-22 18:07:27.982 [main] DataProviderH2 - getMeddicines: [2] {}
[INFO ] 2022-01-22 18:07:27.982 [main] DataProviderH2 - getMeddicines: [4] {}
[INFO ] 2022-01-22 18:07:27.982 [main] DataProviderH2 - searchMeddicineByName [2] {}
[INFO ] 2022-01-22 18:07:27.982 [main] DataProviderH2 - searchMedicalDeviceByName [1] {}
[INFO ] 2022-01-22 18:07:27.982 [main] DataProviderH2 - getMedicalDevices: [1] {}
[INFO ] 2022-01-22 18:07:27.982 [main] DataProviderH2 - readMedicalDeviceFromH2M: [1] {}
[INFO ] 2022-01-22 18:07:27.982 [main] DataProviderH2 - connection: [1] {}
[INFO ] 2022-01-22 18:07:27.998 [main] DataProviderH2 - connection: [2] {}
[INFO ] 2022-01-22 18:07:27.998 [main] DataProviderH2 - connection: [4] {}
[INFO ] 2022-01-22 18:07:27.999 [main] DataProviderH2 - h2ToMedicalDeviceList: [1] {}
[INFO ] 2022-01-22 18:07:27.999 [main] DataProviderH2 - h2ToMedicalDeviceList: [2] {}
[INFO ] 2022-01-22 18:07:27.999 [main] DataProviderH2 - h2ToMedicalDeviceList: [4] {}
[INFO ] 2022-01-22 18:07:27.999 [main] DataProviderH2 - closeConnection: [1] {}
[INFO ] 2022-01-22 18:07:28.014 [main] DataProviderH2 - readMedicalDeviceFromH2M: [2] {}
[INFO ] 2022-01-22 18:07:28.014 [main] DataProviderH2 - readMedicalDeviceFromH2M: [4] {}
[INFO ] 2022-01-22 18:07:28.014 [main] DataProviderH2 - getMedicalDevices: [2] {}
[INFO ] 2022-01-22 18:07:28.014 [main] DataProviderH2 - getMedicalDevices: [4] {}
[INFO ] 2022-01-22 18:07:28.015 [main] DataProviderH2 - searchMedicalDeviceByName [2] {}
[INFO ] 2022-01-22 18:07:28.015 [main] DataProviderH2 - searchPharmacyProductByName [2] {}
[INFO ] 2022-01-22 18:07:28.015 [main] DataProviderH2 - searchPharmacyProductByName [3] {}
[INFO ] 2022-01-22 18:07:28.015 [main] DataProviderH2 - searchPharmacyProductByName [5] {}
[INFO ] 2022-01-22 18:07:28.015 [main] DataProviderH2 - updateOrders: [1] {}
