[INFO ] 2022-01-21 21:32:56.281 [main] DataProviderH2 - connection: [4] {}
[INFO ] 2022-01-21 21:32:56.315 [main] DataProviderH2 - h2ToMeddicineList: [1] {}
[INFO ] 2022-01-21 21:32:56.318 [main] DataProviderH2 - h2ToMeddicineList: [2] {}
[INFO ] 2022-01-21 21:32:56.318 [main] DataProviderH2 - h2ToMeddicineList: [4] {}
[INFO ] 2022-01-21 21:32:56.318 [main] DataProviderH2 - closeConnection: [1] {}
[INFO ] 2022-01-21 21:32:56.337 [main] DataProviderH2 - getMeddicineByBarcode: [2] {}
[INFO ] 2022-01-21 21:32:56.337 [main] DataProviderH2 - getTheAnaloguesOfMedicine [1] {}
[INFO ] 2022-01-21 21:32:56.337 [main] DataProviderH2 - searchMeddicineByName [1] {}
[INFO ] 2022-01-21 21:32:56.337 [main] DataProviderH2 - getMeddicines: [1] {}
[INFO ] 2022-01-21 21:32:56.338 [main] DataProviderH2 - readMeddicinesFromH2M: [1] {}
[INFO ] 2022-01-21 21:32:56.338 [main] DataProviderH2 - connection: [1] {}
[INFO ] 2022-01-21 21:32:56.356 [main] DataProviderH2 - connection: [2] {}
[INFO ] 2022-01-21 21:32:56.356 [main] DataProviderH2 - connection: [4] {}
[INFO ] 2022-01-21 21:32:56.357 [main] DataProviderH2 - h2ToMeddicineList: [1] {}
[INFO ] 2022-01-21 21:32:56.357 [main] DataProviderH2 - h2ToMeddicineList: [2] {}
[INFO ] 2022-01-21 21:32:56.357 [main] DataProviderH2 - h2ToMeddicineList: [4] {}
[INFO ] 2022-01-21 21:32:56.357 [main] DataProviderH2 - closeConnection: [1] {}
[INFO ] 2022-01-21 21:32:56.375 [main] DataProviderH2 - readMeddicinesFromH2M: [2] {}
[INFO ] 2022-01-21 21:32:56.375 [main] DataProviderH2 - readFromH2: [4] {}
[INFO ] 2022-01-21 21:32:56.375 [main] DataProviderH2 - getMeddicines: [2] {}
[INFO ] 2022-01-21 21:32:56.375 [main] DataProviderH2 - getMeddicines: [4] {}
[INFO ] 2022-01-21 21:32:56.376 [main] DataProviderH2 - searchMeddicineByName [2] {}
[INFO ] 2022-01-21 21:32:56.376 [main] DataProviderH2 - searchMeddicineByName [1] {}
[INFO ] 2022-01-21 21:32:56.377 [main] DataProviderH2 - getMeddicines: [1] {}
[INFO ] 2022-01-21 21:32:56.377 [main] DataProviderH2 - readMeddicinesFromH2M: [1] {}
[INFO ] 2022-01-21 21:32:56.377 [main] DataProviderH2 - connection: [1] {}
[INFO ] 2022-01-21 21:32:56.396 [main] DataProviderH2 - connection: [2] {}
[INFO ] 2022-01-21 21:32:56.396 [main] DataProviderH2 - connection: [4] {}
[INFO ] 2022-01-21 21:32:56.397 [main] DataProviderH2 - h2ToMeddicineList: [1] {}
[INFO ] 2022-01-21 21:32:56.397 [main] DataProviderH2 - h2ToMeddicineList: [2] {}
[INFO ] 2022-01-21 21:32:56.398 [main] DataProviderH2 - h2ToMeddicineList: [4] {}
[INFO ] 2022-01-21 21:32:56.398 [main] DataProviderH2 - closeConnection: [1] {}
[INFO ] 2022-01-21 21:32:56.414 [main] DataProviderH2 - readMeddicinesFromH2M: [2] {}
[INFO ] 2022-01-21 21:32:56.415 [main] DataProviderH2 - readFromH2: [4] {}
[INFO ] 2022-01-21 21:32:56.415 [main] DataProviderH2 - getMeddicines: [2] {}
[INFO ] 2022-01-21 21:32:56.415 [main] DataProviderH2 - getMeddicines: [4] {}
[INFO ] 2022-01-21 21:32:56.415 [main] DataProviderH2 - searchMeddicineByName [2] {}
[INFO ] 2022-01-21 21:32:56.415 [main] DataProviderH2 - getMeddicines: [1] {}
[INFO ] 2022-01-21 21:32:56.415 [main] DataProviderH2 - readMeddicinesFromH2M: [1] {}
[INFO ] 2022-01-21 21:32:56.415 [main] DataProviderH2 - connection: [1] {}
[INFO ] 2022-01-21 21:32:56.430 [main] DataProviderH2 - connection: [2] {}
[INFO ] 2022-01-21 21:32:56.430 [main] DataProviderH2 - connection: [4] {}
[INFO ] 2022-01-21 21:32:56.430 [main] DataProviderH2 - h2ToMeddicineList: [1] {}
[INFO ] 2022-01-21 21:32:56.430 [main] DataProviderH2 - h2ToMeddicineList: [2] {}
[INFO ] 2022-01-21 21:32:56.430 [main] DataProviderH2 - h2ToMeddicineList: [4] {}
[INFO ] 2022-01-21 21:32:56.430 [main] DataProviderH2 - closeConnection: [1] {}
[INFO ] 2022-01-21 21:32:56.446 [main] DataProviderH2 - readMeddicinesFromH2M: [2] {}
[INFO ] 2022-01-21 21:32:56.446 [main] DataProviderH2 - readFromH2: [4] {}
[INFO ] 2022-01-21 21:32:56.446 [main] DataProviderH2 - getMeddicines: [2] {}
[INFO ] 2022-01-21 21:32:56.447 [main] DataProviderH2 - getMeddicines: [4] {}
[INFO ] 2022-01-21 21:32:56.447 [main] DataProviderH2 - getTheAnaloguesOfMedicine [2] {}
[INFO ] 2022-01-21 21:32:56.447 [main] DataProviderH2 - getTheAnaloguesOfMedicine [4] {}
[INFO ] 2022-01-21 21:32:56.447 [main] DataProviderH2 - getTheAnaloguesByBarcode [2] {}
[INFO ] 2022-01-21 21:34:00.899 [main] Barcode - readBarcode[1] {}
[INFO ] 2022-01-21 21:34:00.969 [main] Barcode - readBarcode[2] {}
[INFO ] 2022-01-21 21:34:00.969 [main] Barcode - readBarcode[3] {}
[INFO ] 2022-01-21 21:34:00.970 [main] DataProviderH2 - getTheAnaloguesByBarcode [1] {}
[INFO ] 2022-01-21 21:34:00.971 [main] DataProviderH2 - getMeddicineByBarcode: [1] {}
[INFO ] 2022-01-21 21:34:00.971 [main] DataProviderH2 - connection: [1] {}
[INFO ] 2022-01-21 21:34:01.239 [main] DataProviderH2 - connection: [2] {}
[INFO ] 2022-01-21 21:34:01.239 [main] DataProviderH2 - connection: [4] {}
[INFO ] 2022-01-21 21:34:01.240 [main] DataProviderH2 - h2ToMeddicineList: [1] {}
[INFO ] 2022-01-21 21:34:01.241 [main] DataProviderH2 - h2ToMeddicineList: [2] {}
[INFO ] 2022-01-21 21:34:01.241 [main] DataProviderH2 - h2ToMeddicineList: [4] {}
[INFO ] 2022-01-21 21:34:01.241 [main] DataProviderH2 - closeConnection: [1] {}
[INFO ] 2022-01-21 21:34:01.266 [main] DataProviderH2 - getMeddicineByBarcode: [2] {}
[INFO ] 2022-01-21 21:34:01.266 [main] DataProviderH2 - getTheAnaloguesByBarcode [3] {} No such meddicine
[ERROR] 2022-01-21 21:43:24.329 [main] PharmacyAplication - Exception received {} Index 1 out of bounds for length 1
[INFO ] 2022-01-21 21:44:19.453 [main] DataProviderCsv - searchPharmacyProductByCategory [1] {}
[INFO ] 2022-01-21 21:44:19.456 [main] DataProviderCsv - searchPharmacyProductByCategory [1] {}
[INFO ] 2022-01-21 21:44:19.457 [main] DataProviderCsv - getMeddicines: [1] {}
[INFO ] 2022-01-21 21:44:19.458 [main] DataProviderCsv - readCsvMedicine: [1] {}
[INFO ] 2022-01-21 21:44:19.558 [main] DataProviderCsv - readCsvMedicine: [3] {}
[INFO ] 2022-01-21 21:44:19.559 [main] DataProviderCsv - getMeddicines: [3] {}
[INFO ] 2022-01-21 21:44:19.560 [main] DataProviderCsv - searchPharmacyProductByCategory [2] {}
[INFO ] 2022-01-21 21:44:19.561 [main] DataProviderCsv - searchPharmacyProductByCategory [2] {}
[INFO ] 2022-01-21 21:44:19.561 [main] DataProviderCsv - searchPharmacyMedicalDeviceByCategory [1] {}
[INFO ] 2022-01-21 21:44:19.561 [main] DataProviderCsv - getMedicalDevices: [1] {}
[INFO ] 2022-01-21 21:44:19.561 [main] DataProviderCsv - readCsvMedicalDevice: [1] {}
[INFO ] 2022-01-21 21:44:19.571 [main] DataProviderCsv - readCsvMedicalDevice: [3] {}
[INFO ] 2022-01-21 21:44:19.571 [main] DataProviderCsv - getMedicalDevices: [3] {}
[INFO ] 2022-01-21 21:44:19.572 [main] DataProviderCsv - searchPharmacyMedicalDeviceByCategory [2] {}
[INFO ] 2022-01-21 21:44:19.572 [main] DataProviderCsv - searchPharmacyProductByCategory [3] {} This category is empty
[INFO ] 2022-01-21 21:44:19.572 [main] DataProviderCsv - searchPharmacyProductByCategory [7] {}
[INFO ] 2022-01-21 21:44:42.466 [main] DataProviderCsv - searchPharmacyProductByCategory [1] {}
[INFO ] 2022-01-21 21:44:42.470 [main] DataProviderCsv - searchPharmacyProductByCategory [1] {}
[INFO ] 2022-01-21 21:44:42.470 [main] DataProviderCsv - getMeddicines: [1] {}
[INFO ] 2022-01-21 21:44:42.471 [main] DataProviderCsv - readCsvMedicine: [1] {}
[INFO ] 2022-01-21 21:44:42.572 [main] DataProviderCsv - readCsvMedicine: [3] {}
[INFO ] 2022-01-21 21:44:42.573 [main] DataProviderCsv - getMeddicines: [3] {}
[INFO ] 2022-01-21 21:44:42.574 [main] DataProviderCsv - searchPharmacyProductByCategory [2] {}
[INFO ] 2022-01-21 21:44:42.574 [main] DataProviderCsv - searchPharmacyProductByCategory [5] {}
[INFO ] 2022-01-21 21:44:42.574 [main] DataProviderCsv - searchPharmacyProductByCategory [7] {}
[INFO ] 2022-01-21 21:45:19.905 [main] DataProviderCsv - searchPharmacyProductByCategory [1] {}
[INFO ] 2022-01-21 21:45:19.908 [main] DataProviderCsv - searchPharmacyProductByCategory [1] {}
[INFO ] 2022-01-21 21:45:19.908 [main] DataProviderCsv - getMeddicines: [1] {}
[INFO ] 2022-01-21 21:45:19.909 [main] DataProviderCsv - readCsvMedicine: [1] {}
[INFO ] 2022-01-21 21:45:20.001 [main] DataProviderCsv - readCsvMedicine: [3] {}
[INFO ] 2022-01-21 21:45:20.003 [main] DataProviderCsv - getMeddicines: [3] {}
[INFO ] 2022-01-21 21:45:20.003 [main] DataProviderCsv - searchPharmacyProductByCategory [2] {}
[INFO ] 2022-01-21 21:45:20.004 [main] DataProviderCsv - searchPharmacyProductByCategory [2] {}
[INFO ] 2022-01-21 21:45:20.004 [main] DataProviderCsv - searchPharmacyMedicalDeviceByCategory [1] {}
[INFO ] 2022-01-21 21:45:20.004 [main] DataProviderCsv - getMedicalDevices: [1] {}
[INFO ] 2022-01-21 21:45:20.004 [main] DataProviderCsv - readCsvMedicalDevice: [1] {}
[INFO ] 2022-01-21 21:45:20.012 [main] DataProviderCsv - readCsvMedicalDevice: [3] {}
[INFO ] 2022-01-21 21:45:20.013 [main] DataProviderCsv - getMedicalDevices: [3] {}
[INFO ] 2022-01-21 21:45:20.013 [main] DataProviderCsv - searchPharmacyMedicalDeviceByCategory [2] {}
[INFO ] 2022-01-21 21:45:20.013 [main] DataProviderCsv - searchPharmacyProductByCategory [4] {}
[INFO ] 2022-01-21 21:45:20.013 [main] DataProviderCsv - searchPharmacyProductByCategory [7] {}
[INFO ] 2022-01-21 21:48:37.337 [main] DataProviderXml - searchPharmacyProductByCategory [1] {}
[INFO ] 2022-01-21 21:48:37.341 [main] DataProviderXml - searchPharmacyProductByCategory [1] {}
[INFO ] 2022-01-21 21:48:37.342 [main] DataProviderXml - getMeddicines: [1] {}
[INFO ] 2022-01-21 21:48:37.343 [main] DataProviderXml - readXmlMedicine: [1] {}
[INFO ] 2022-01-21 21:48:37.455 [main] DataProviderXml - readXmlMedicine: [3] {}
[INFO ] 2022-01-21 21:48:37.456 [main] DataProviderXml - getMeddicines: [3] {}
[INFO ] 2022-01-21 21:48:37.458 [main] DataProviderXml - searchPharmacyProductByCategory [2] {}
[INFO ] 2022-01-21 21:48:37.458 [main] DataProviderXml - searchPharmacyProductByCategory [2] {}
[INFO ] 2022-01-21 21:48:37.458 [main] DataProviderXml - searchPharmacyMedicalDeviceByCategory [1] {}
[INFO ] 2022-01-21 21:48:37.458 [main] DataProviderXml - getMedicalDevices: [1] {}
[INFO ] 2022-01-21 21:48:37.458 [main] DataProviderXml - readXmlMedicalDevice: [1] {}
