[INFO ] 2022-01-21 21:51:46.116 [main] DataProviderH2 - getMeddicines: [1] {}
[INFO ] 2022-01-21 21:51:46.151 [main] DataProviderH2 - readMeddicinesFromH2M: [1] {}
[INFO ] 2022-01-21 21:51:46.151 [main] DataProviderH2 - connection: [1] {}
[INFO ] 2022-01-21 21:51:46.426 [main] DataProviderH2 - connection: [2] {}
[INFO ] 2022-01-21 21:51:46.427 [main] DataProviderH2 - connection: [4] {}
[INFO ] 2022-01-21 21:51:46.428 [main] DataProviderH2 - h2ToMeddicineList: [1] {}
[INFO ] 2022-01-21 21:51:46.431 [main] DataProviderH2 - h2ToMeddicineList: [2] {}
[INFO ] 2022-01-21 21:51:46.431 [main] DataProviderH2 - h2ToMeddicineList: [4] {}
[INFO ] 2022-01-21 21:51:46.432 [main] DataProviderH2 - closeConnection: [1] {}
[INFO ] 2022-01-21 21:51:46.457 [main] DataProviderH2 - readMeddicinesFromH2M: [2] {}
[INFO ] 2022-01-21 21:51:46.458 [main] DataProviderH2 - readFromH2: [4] {}
[INFO ] 2022-01-21 21:51:46.459 [main] DataProviderH2 - getMeddicines: [2] {}
[INFO ] 2022-01-21 21:51:46.459 [main] DataProviderH2 - getMeddicines: [4] {}
[INFO ] 2022-01-21 21:51:46.461 [main] DataProviderH2 - searchPharmacyProductByCategory [2] {}
[INFO ] 2022-01-21 21:51:46.461 [main] DataProviderH2 - searchPharmacyProductByCategory [2] {}
[INFO ] 2022-01-21 21:51:46.461 [main] DataProviderH2 - searchPharmacyMedicalDeviceByCategory [1] {}
[INFO ] 2022-01-21 21:51:46.461 [main] DataProviderH2 - getMedicalDevices: [1] {}
[INFO ] 2022-01-21 21:51:46.461 [main] DataProviderH2 - readMedicalDeviceFromH2M: [1] {}
[INFO ] 2022-01-21 21:51:46.461 [main] DataProviderH2 - connection: [1] {}
[INFO ] 2022-01-21 21:51:46.481 [main] DataProviderH2 - connection: [2] {}
[INFO ] 2022-01-21 21:51:46.481 [main] DataProviderH2 - connection: [4] {}
[INFO ] 2022-01-21 21:51:46.481 [main] DataProviderH2 - h2ToMedicalDeviceList: [1] {}
[INFO ] 2022-01-21 21:51:46.483 [main] DataProviderH2 - h2ToMedicalDeviceList: [2] {}
[INFO ] 2022-01-21 21:51:46.483 [main] DataProviderH2 - h2ToMedicalDeviceList: [4] {}
[INFO ] 2022-01-21 21:51:46.484 [main] DataProviderH2 - closeConnection: [1] {}
[INFO ] 2022-01-21 21:51:46.504 [main] DataProviderH2 - readMedicalDeviceFromH2M: [2] {}
[INFO ] 2022-01-21 21:51:46.504 [main] DataProviderH2 - readMedicalDeviceFromH2M: [4] {}
[INFO ] 2022-01-21 21:51:46.505 [main] DataProviderH2 - getMedicalDevices: [2] {}
[INFO ] 2022-01-21 21:51:46.505 [main] DataProviderH2 - getMedicalDevices: [4] {}
[INFO ] 2022-01-21 21:51:46.506 [main] DataProviderH2 - searchPharmacyMedicalDeviceByCategory [2] {}
[INFO ] 2022-01-21 21:51:46.506 [main] DataProviderH2 - searchPharmacyProductByCategory [4] {}
[INFO ] 2022-01-21 21:51:46.506 [main] DataProviderH2 - searchPharmacyProductByCategory [7] {}
[INFO ] 2022-01-21 21:52:15.810 [main] DataProviderH2 - searchPharmacyProductByCategory [1] {}
[INFO ] 2022-01-21 21:52:15.814 [main] DataProviderH2 - searchPharmacyProductByCategory [1] {}
[INFO ] 2022-01-21 21:52:15.814 [main] DataProviderH2 - getMeddicines: [1] {}
[INFO ] 2022-01-21 21:52:15.815 [main] DataProviderH2 - readMeddicinesFromH2M: [1] {}
[INFO ] 2022-01-21 21:52:15.815 [main] DataProviderH2 - connection: [1] {}
[INFO ] 2022-01-21 21:52:16.071 [main] DataProviderH2 - connection: [2] {}
[INFO ] 2022-01-21 21:52:16.073 [main] DataProviderH2 - connection: [4] {}
[INFO ] 2022-01-21 21:52:16.073 [main] DataProviderH2 - h2ToMeddicineList: [1] {}
[INFO ] 2022-01-21 21:52:16.074 [main] DataProviderH2 - h2ToMeddicineList: [2] {}
[INFO ] 2022-01-21 21:52:16.075 [main] DataProviderH2 - h2ToMeddicineList: [4] {}
[INFO ] 2022-01-21 21:52:16.075 [main] DataProviderH2 - closeConnection: [1] {}
[INFO ] 2022-01-21 21:52:16.099 [main] DataProviderH2 - readMeddicinesFromH2M: [2] {}
[INFO ] 2022-01-21 21:52:16.099 [main] DataProviderH2 - readFromH2: [4] {}
[INFO ] 2022-01-21 21:52:16.100 [main] DataProviderH2 - getMeddicines: [2] {}
[INFO ] 2022-01-21 21:52:16.100 [main] DataProviderH2 - getMeddicines: [4] {}
[INFO ] 2022-01-21 21:52:16.101 [main] DataProviderH2 - searchPharmacyProductByCategory [2] {}
[INFO ] 2022-01-21 21:52:16.101 [main] DataProviderH2 - searchPharmacyProductByCategory [5] {}
[INFO ] 2022-01-21 21:52:16.101 [main] DataProviderH2 - searchPharmacyProductByCategory [7] {}
[INFO ] 2022-01-21 21:57:05.579 [main] DataProviderH2 - searchPharmacyProductByName [1] {}
[INFO ] 2022-01-21 21:57:05.583 [main] DataProviderH2 - searchMeddicineByName [1] {}
[INFO ] 2022-01-21 21:57:05.583 [main] DataProviderH2 - getMeddicines: [1] {}
[INFO ] 2022-01-21 21:57:05.584 [main] DataProviderH2 - readMeddicinesFromH2M: [1] {}
[INFO ] 2022-01-21 21:57:05.585 [main] DataProviderH2 - connection: [1] {}
[INFO ] 2022-01-21 21:57:05.847 [main] DataProviderH2 - connection: [2] {}
[INFO ] 2022-01-21 21:57:05.847 [main] DataProviderH2 - connection: [4] {}
[INFO ] 2022-01-21 21:57:05.848 [main] DataProviderH2 - h2ToMeddicineList: [1] {}
[INFO ] 2022-01-21 21:57:05.850 [main] DataProviderH2 - h2ToMeddicineList: [2] {}
[INFO ] 2022-01-21 21:57:05.850 [main] DataProviderH2 - h2ToMeddicineList: [4] {}
[INFO ] 2022-01-21 21:57:05.850 [main] DataProviderH2 - closeConnection: [1] {}
[INFO ] 2022-01-21 21:57:05.874 [main] DataProviderH2 - readMeddicinesFromH2M: [2] {}
[INFO ] 2022-01-21 21:57:05.874 [main] DataProviderH2 - readFromH2: [4] {}
[INFO ] 2022-01-21 21:57:05.875 [main] DataProviderH2 - getMeddicines: [2] {}
[INFO ] 2022-01-21 21:57:05.875 [main] DataProviderH2 - getMeddicines: [4] {}
[INFO ] 2022-01-21 21:57:05.876 [main] DataProviderH2 - searchMeddicineByName [2] {}
[INFO ] 2022-01-21 21:57:05.876 [main] DataProviderH2 - searchMedicalDeviceByName [1] {}
[INFO ] 2022-01-21 21:57:05.876 [main] DataProviderH2 - getMedicalDevices: [1] {}
[INFO ] 2022-01-21 21:57:05.876 [main] DataProviderH2 - readMedicalDeviceFromH2M: [1] {}
[INFO ] 2022-01-21 21:57:05.876 [main] DataProviderH2 - connection: [1] {}
[INFO ] 2022-01-21 21:57:05.895 [main] DataProviderH2 - connection: [2] {}
[INFO ] 2022-01-21 21:57:05.895 [main] DataProviderH2 - connection: [4] {}
[INFO ] 2022-01-21 21:57:05.896 [main] DataProviderH2 - h2ToMedicalDeviceList: [1] {}
[INFO ] 2022-01-21 21:57:05.897 [main] DataProviderH2 - h2ToMedicalDeviceList: [2] {}
[INFO ] 2022-01-21 21:57:05.897 [main] DataProviderH2 - h2ToMedicalDeviceList: [4] {}
[INFO ] 2022-01-21 21:57:05.898 [main] DataProviderH2 - closeConnection: [1] {}
[INFO ] 2022-01-21 21:57:05.916 [main] DataProviderH2 - readMedicalDeviceFromH2M: [2] {}
[INFO ] 2022-01-21 21:57:05.917 [main] DataProviderH2 - readMedicalDeviceFromH2M: [4] {}
[INFO ] 2022-01-21 21:57:05.917 [main] DataProviderH2 - getMedicalDevices: [2] {}
[INFO ] 2022-01-21 21:57:05.917 [main] DataProviderH2 - getMedicalDevices: [4] {}
[INFO ] 2022-01-21 21:57:05.918 [main] DataProviderH2 - searchMedicalDeviceByName [2] {}
[INFO ] 2022-01-21 21:57:05.918 [main] DataProviderH2 - searchPharmacyProductByName [2] {}
[INFO ] 2022-01-21 21:57:05.918 [main] DataProviderH2 - searchPharmacyProductByName [3] {}
[INFO ] 2022-01-21 21:57:05.919 [main] DataProviderH2 - searchPharmacyProductByName [5] {}
[INFO ] 2022-01-21 21:57:26.486 [main] DataProviderH2 - searchPharmacyProductByName [1] {}
[INFO ] 2022-01-21 21:57:26.489 [main] DataProviderH2 - searchMeddicineByName [1] {}
[INFO ] 2022-01-21 21:57:26.490 [main] DataProviderH2 - getMeddicines: [1] {}
[INFO ] 2022-01-21 21:57:26.490 [main] DataProviderH2 - readMeddicinesFromH2M: [1] {}
[INFO ] 2022-01-21 21:57:26.491 [main] DataProviderH2 - connection: [1] {}
[INFO ] 2022-01-21 21:57:26.745 [main] DataProviderH2 - connection: [2] {}
[INFO ] 2022-01-21 21:57:26.746 [main] DataProviderH2 - connection: [4] {}
[INFO ] 2022-01-21 21:57:26.747 [main] DataProviderH2 - h2ToMeddicineList: [1] {}
[INFO ] 2022-01-21 21:57:26.749 [main] DataProviderH2 - h2ToMeddicineList: [2] {}
[INFO ] 2022-01-21 21:57:26.749 [main] DataProviderH2 - h2ToMeddicineList: [4] {}
[INFO ] 2022-01-21 21:57:26.749 [main] DataProviderH2 - closeConnection: [1] {}
[INFO ] 2022-01-21 21:57:26.769 [main] DataProviderH2 - readMeddicinesFromH2M: [2] {}
[INFO ] 2022-01-21 21:57:26.769 [main] DataProviderH2 - readFromH2: [4] {}
[INFO ] 2022-01-21 21:57:26.770 [main] DataProviderH2 - getMeddicines: [2] {}
[INFO ] 2022-01-21 21:57:26.771 [main] DataProviderH2 - getMeddicines: [4] {}
[INFO ] 2022-01-21 21:57:26.771 [main] DataProviderH2 - searchMeddicineByName [2] {}
[INFO ] 2022-01-21 21:57:26.771 [main] DataProviderH2 - searchMedicalDeviceByName [1] {}
[INFO ] 2022-01-21 21:57:26.772 [main] DataProviderH2 - getMedicalDevices: [1] {}
[INFO ] 2022-01-21 21:57:26.772 [main] DataProviderH2 - readMedicalDeviceFromH2M: [1] {}
[INFO ] 2022-01-21 21:57:26.772 [main] DataProviderH2 - connection: [1] {}
[INFO ] 2022-01-21 21:57:26.791 [main] DataProviderH2 - connection: [2] {}
[INFO ] 2022-01-21 21:57:26.791 [main] DataProviderH2 - connection: [4] {}
[INFO ] 2022-01-21 21:57:26.791 [main] DataProviderH2 - h2ToMedicalDeviceList: [1] {}
[INFO ] 2022-01-21 21:57:26.793 [main] DataProviderH2 - h2ToMedicalDeviceList: [2] {}
[INFO ] 2022-01-21 21:57:26.793 [main] DataProviderH2 - h2ToMedicalDeviceList: [4] {}
[INFO ] 2022-01-21 21:57:26.793 [main] DataProviderH2 - closeConnection: [1] {}
[INFO ] 2022-01-21 21:57:26.810 [main] DataProviderH2 - readMedicalDeviceFromH2M: [2] {}
[INFO ] 2022-01-21 21:57:26.810 [main] DataProviderH2 - readMedicalDeviceFromH2M: [4] {}
[INFO ] 2022-01-21 21:57:26.811 [main] DataProviderH2 - getMedicalDevices: [2] {}
[INFO ] 2022-01-21 21:57:26.811 [main] DataProviderH2 - getMedicalDevices: [4] {}
[INFO ] 2022-01-21 21:57:26.812 [main] DataProviderH2 - searchMedicalDeviceByName [2] {}
[INFO ] 2022-01-21 21:57:26.812 [main] DataProviderH2 - searchPharmacyProductByName [5] {}
[INFO ] 2022-01-21 21:57:44.085 [main] DataProviderXml - searchPharmacyProductByName [1] {}
[INFO ] 2022-01-21 21:57:44.088 [main] DataProviderXml - searchMeddicineByName [1] {}
[INFO ] 2022-01-21 21:57:44.088 [main] DataProviderXml - getMeddicines: [1] {}
[INFO ] 2022-01-21 21:57:44.089 [main] DataProviderXml - readXmlMedicine: [1] {}
[INFO ] 2022-01-21 21:57:44.202 [main] DataProviderXml - readXmlMedicine: [3] {}
[INFO ] 2022-01-21 21:57:44.203 [main] DataProviderXml - getMeddicines: [3] {}
