[INFO ] 2022-01-21 18:52:24.697 [main] DataProviderH2 - connection: [1] {}
[INFO ] 2022-01-21 18:52:24.783 [main] DataProviderH2 - connection: [2] {}
[INFO ] 2022-01-21 18:52:24.783 [main] DataProviderH2 - connection: [4] {}
[INFO ] 2022-01-21 18:52:24.784 [main] DataProviderH2 - h2ToMeddicineList: [1] {}
[INFO ] 2022-01-21 18:52:24.785 [main] DataProviderH2 - h2ToMeddicineList: [2] {}
[INFO ] 2022-01-21 18:52:24.785 [main] DataProviderH2 - h2ToMeddicineList: [4] {}
[INFO ] 2022-01-21 18:52:24.785 [main] DataProviderH2 - closeConnection: [1] {}
[INFO ] 2022-01-21 18:52:24.809 [main] DataProviderH2 - readMeddicinesFromH2M: [2] {}
[INFO ] 2022-01-21 18:52:24.809 [main] DataProviderH2 - readFromH2: [4] {}
[INFO ] 2022-01-21 18:52:24.809 [main] DataProviderH2 - getMeddicines: [2] {}
[INFO ] 2022-01-21 18:52:24.810 [main] DataProviderH2 - getMeddicines: [4] {}
[INFO ] 2022-01-21 18:52:24.810 [main] DataProviderH2 - searchMeddicineByName [2] {}
[INFO ] 2022-01-21 18:52:24.810 [main] DataProviderH2 - getMeddicines: [1] {}
[INFO ] 2022-01-21 18:52:24.810 [main] DataProviderH2 - readMeddicinesFromH2M: [1] {}
[INFO ] 2022-01-21 18:52:24.810 [main] DataProviderH2 - connection: [1] {}
[INFO ] 2022-01-21 18:52:24.827 [main] DataProviderH2 - connection: [2] {}
[INFO ] 2022-01-21 18:52:24.827 [main] DataProviderH2 - connection: [4] {}
[INFO ] 2022-01-21 18:52:24.828 [main] DataProviderH2 - h2ToMeddicineList: [1] {}
[INFO ] 2022-01-21 18:52:24.828 [main] DataProviderH2 - h2ToMeddicineList: [2] {}
[INFO ] 2022-01-21 18:52:24.828 [main] DataProviderH2 - h2ToMeddicineList: [4] {}
[INFO ] 2022-01-21 18:52:24.828 [main] DataProviderH2 - closeConnection: [1] {}
[INFO ] 2022-01-21 18:52:24.847 [main] DataProviderH2 - readMeddicinesFromH2M: [2] {}
[INFO ] 2022-01-21 18:52:24.848 [main] DataProviderH2 - readFromH2: [4] {}
[INFO ] 2022-01-21 18:52:24.848 [main] DataProviderH2 - getMeddicines: [2] {}
[INFO ] 2022-01-21 18:52:24.848 [main] DataProviderH2 - getMeddicines: [4] {}
[INFO ] 2022-01-21 18:52:24.849 [main] DataProviderH2 - getTheAnaloguesOfMedicine [2] {}
[INFO ] 2022-01-21 18:52:24.849 [main] DataProviderH2 - getTheAnaloguesOfMedicine [4] {}
[INFO ] 2022-01-21 18:52:36.614 [main] DataProviderH2 - getTheAnaloguesByBarcode [1] {}
[INFO ] 2022-01-21 18:52:36.623 [main] DataProviderH2 - getMeddicineByBarcode: [1] {}
[INFO ] 2022-01-21 18:52:36.624 [main] DataProviderH2 - connection: [1] {}
[INFO ] 2022-01-21 18:52:36.894 [main] DataProviderH2 - connection: [2] {}
[INFO ] 2022-01-21 18:52:36.894 [main] DataProviderH2 - connection: [4] {}
[INFO ] 2022-01-21 18:52:36.895 [main] DataProviderH2 - h2ToMeddicineList: [1] {}
[INFO ] 2022-01-21 18:52:36.898 [main] DataProviderH2 - h2ToMeddicineList: [2] {}
[INFO ] 2022-01-21 18:52:36.898 [main] DataProviderH2 - h2ToMeddicineList: [4] {}
[INFO ] 2022-01-21 18:52:36.898 [main] DataProviderH2 - closeConnection: [1] {}
[INFO ] 2022-01-21 18:52:36.921 [main] DataProviderH2 - getMeddicineByBarcode: [2] {}
[INFO ] 2022-01-21 18:52:36.921 [main] DataProviderH2 - getMeddicineByBarcode: [1] {}
[INFO ] 2022-01-21 18:52:36.921 [main] DataProviderH2 - connection: [1] {}
[INFO ] 2022-01-21 18:52:36.940 [main] DataProviderH2 - connection: [2] {}
[INFO ] 2022-01-21 18:52:36.940 [main] DataProviderH2 - connection: [4] {}
[INFO ] 2022-01-21 18:52:36.941 [main] DataProviderH2 - h2ToMeddicineList: [1] {}
[INFO ] 2022-01-21 18:52:36.941 [main] DataProviderH2 - h2ToMeddicineList: [2] {}
[INFO ] 2022-01-21 18:52:36.941 [main] DataProviderH2 - h2ToMeddicineList: [4] {}
[INFO ] 2022-01-21 18:52:36.941 [main] DataProviderH2 - closeConnection: [1] {}
[INFO ] 2022-01-21 18:52:36.961 [main] DataProviderH2 - getMeddicineByBarcode: [2] {}
[ERROR] 2022-01-21 18:52:36.961 [main] DataProviderH2 - getTheAnaloguesByBarcode [4] {} class java.util.ArrayList cannot be cast to class project.model.Meddicine (java.util.ArrayList is in module java.base of loader 'bootstrap'; project.model.Meddicine is in unnamed module of loader 'app')
[INFO ] 2022-01-21 18:54:06.503 [main] DataProviderH2 - getTheAnaloguesByBarcode [1] {}
[INFO ] 2022-01-21 18:54:06.507 [main] DataProviderH2 - getMeddicineByBarcode: [1] {}
[INFO ] 2022-01-21 18:54:06.507 [main] DataProviderH2 - connection: [1] {}
[INFO ] 2022-01-21 18:54:06.782 [main] DataProviderH2 - connection: [2] {}
[INFO ] 2022-01-21 18:54:06.782 [main] DataProviderH2 - connection: [4] {}
[INFO ] 2022-01-21 18:54:06.783 [main] DataProviderH2 - h2ToMeddicineList: [1] {}
[INFO ] 2022-01-21 18:54:06.785 [main] DataProviderH2 - h2ToMeddicineList: [2] {}
[INFO ] 2022-01-21 18:54:06.786 [main] DataProviderH2 - h2ToMeddicineList: [4] {}
[INFO ] 2022-01-21 18:54:06.786 [main] DataProviderH2 - closeConnection: [1] {}
[INFO ] 2022-01-21 18:54:06.814 [main] DataProviderH2 - getMeddicineByBarcode: [2] {}
[INFO ] 2022-01-21 18:54:06.814 [main] DataProviderH2 - getMeddicineByBarcode: [1] {}
[INFO ] 2022-01-21 18:54:06.815 [main] DataProviderH2 - connection: [1] {}
[INFO ] 2022-01-21 18:54:06.831 [main] DataProviderH2 - connection: [2] {}
[INFO ] 2022-01-21 18:54:06.831 [main] DataProviderH2 - connection: [4] {}
[INFO ] 2022-01-21 18:54:06.831 [main] DataProviderH2 - h2ToMeddicineList: [1] {}
[INFO ] 2022-01-21 18:54:06.832 [main] DataProviderH2 - h2ToMeddicineList: [2] {}
[INFO ] 2022-01-21 18:54:06.832 [main] DataProviderH2 - h2ToMeddicineList: [4] {}
[INFO ] 2022-01-21 18:54:06.832 [main] DataProviderH2 - closeConnection: [1] {}
[INFO ] 2022-01-21 18:54:06.851 [main] DataProviderH2 - getMeddicineByBarcode: [2] {}
[INFO ] 2022-01-21 18:54:06.852 [main] DataProviderH2 - getTheAnaloguesOfMedicine [1] {}
[INFO ] 2022-01-21 18:54:06.852 [main] DataProviderH2 - searchMeddicineByName [1] {}
[INFO ] 2022-01-21 18:54:06.852 [main] DataProviderH2 - getMeddicines: [1] {}
[INFO ] 2022-01-21 18:54:06.852 [main] DataProviderH2 - readMeddicinesFromH2M: [1] {}
[INFO ] 2022-01-21 18:54:06.853 [main] DataProviderH2 - connection: [1] {}
[INFO ] 2022-01-21 18:54:06.870 [main] DataProviderH2 - connection: [2] {}
[INFO ] 2022-01-21 18:54:06.870 [main] DataProviderH2 - connection: [4] {}
[INFO ] 2022-01-21 18:54:06.871 [main] DataProviderH2 - h2ToMeddicineList: [1] {}
[INFO ] 2022-01-21 18:54:06.871 [main] DataProviderH2 - h2ToMeddicineList: [2] {}
[INFO ] 2022-01-21 18:54:06.871 [main] DataProviderH2 - h2ToMeddicineList: [4] {}
[INFO ] 2022-01-21 18:54:06.871 [main] DataProviderH2 - closeConnection: [1] {}
[INFO ] 2022-01-21 18:54:06.890 [main] DataProviderH2 - readMeddicinesFromH2M: [2] {}
[INFO ] 2022-01-21 18:54:06.890 [main] DataProviderH2 - readFromH2: [4] {}
[INFO ] 2022-01-21 18:54:06.891 [main] DataProviderH2 - getMeddicines: [2] {}
[INFO ] 2022-01-21 18:54:06.891 [main] DataProviderH2 - getMeddicines: [4] {}
[INFO ] 2022-01-21 18:54:06.891 [main] DataProviderH2 - searchMeddicineByName [2] {}
[INFO ] 2022-01-21 18:54:06.892 [main] DataProviderH2 - searchMeddicineByName [1] {}
[INFO ] 2022-01-21 18:54:06.892 [main] DataProviderH2 - getMeddicines: [1] {}
[INFO ] 2022-01-21 18:54:06.892 [main] DataProviderH2 - readMeddicinesFromH2M: [1] {}
[INFO ] 2022-01-21 18:54:06.892 [main] DataProviderH2 - connection: [1] {}
[INFO ] 2022-01-21 18:54:06.907 [main] DataProviderH2 - connection: [2] {}
[INFO ] 2022-01-21 18:54:06.908 [main] DataProviderH2 - connection: [4] {}
[INFO ] 2022-01-21 18:54:06.908 [main] DataProviderH2 - h2ToMeddicineList: [1] {}
[INFO ] 2022-01-21 18:54:06.909 [main] DataProviderH2 - h2ToMeddicineList: [2] {}
[INFO ] 2022-01-21 18:54:06.909 [main] DataProviderH2 - h2ToMeddicineList: [4] {}
[INFO ] 2022-01-21 18:54:06.909 [main] DataProviderH2 - closeConnection: [1] {}
[INFO ] 2022-01-21 18:54:06.928 [main] DataProviderH2 - readMeddicinesFromH2M: [2] {}
[INFO ] 2022-01-21 18:54:06.928 [main] DataProviderH2 - readFromH2: [4] {}
[INFO ] 2022-01-21 18:54:06.929 [main] DataProviderH2 - getMeddicines: [2] {}
[INFO ] 2022-01-21 18:54:06.929 [main] DataProviderH2 - getMeddicines: [4] {}
[INFO ] 2022-01-21 18:54:06.930 [main] DataProviderH2 - searchMeddicineByName [2] {}
[INFO ] 2022-01-21 18:54:06.930 [main] DataProviderH2 - getMeddicines: [1] {}
[INFO ] 2022-01-21 18:54:06.930 [main] DataProviderH2 - readMeddicinesFromH2M: [1] {}
[INFO ] 2022-01-21 18:54:06.930 [main] DataProviderH2 - connection: [1] {}
[INFO ] 2022-01-21 18:54:06.944 [main] DataProviderH2 - connection: [2] {}
[INFO ] 2022-01-21 18:54:06.945 [main] DataProviderH2 - connection: [4] {}
[INFO ] 2022-01-21 18:54:06.945 [main] DataProviderH2 - h2ToMeddicineList: [1] {}
[INFO ] 2022-01-21 18:54:06.945 [main] DataProviderH2 - h2ToMeddicineList: [2] {}
[INFO ] 2022-01-21 18:54:06.945 [main] DataProviderH2 - h2ToMeddicineList: [4] {}
[INFO ] 2022-01-21 18:54:06.945 [main] DataProviderH2 - closeConnection: [1] {}
[INFO ] 2022-01-21 18:54:06.964 [main] DataProviderH2 - readMeddicinesFromH2M: [2] {}
[INFO ] 2022-01-21 18:54:06.964 [main] DataProviderH2 - readFromH2: [4] {}
[INFO ] 2022-01-21 18:54:06.964 [main] DataProviderH2 - getMeddicines: [2] {}
[INFO ] 2022-01-21 18:54:06.964 [main] DataProviderH2 - getMeddicines: [4] {}
[INFO ] 2022-01-21 18:54:06.964 [main] DataProviderH2 - getTheAnaloguesOfMedicine [2] {}
[INFO ] 2022-01-21 18:54:06.964 [main] DataProviderH2 - getTheAnaloguesOfMedicine [4] {}
[INFO ] 2022-01-21 18:54:06.965 [main] DataProviderH2 - getTheAnaloguesByBarcode [2] {}
[INFO ] 2022-01-21 18:54:24.043 [main] DataProviderXml - getTheAnaloguesByBarcode [1] {}
[INFO ] 2022-01-21 18:54:24.046 [main] DataProviderXml - getMeddicineByBarcode: [1] {}
[INFO ] 2022-01-21 18:54:24.048 [main] DataProviderXml - getMeddicines: [1] {}
[INFO ] 2022-01-21 18:54:24.048 [main] DataProviderXml - readXmlMedicine: [1] {}
[INFO ] 2022-01-21 18:54:24.165 [main] DataProviderXml - readXmlMedicine: [3] {}
[INFO ] 2022-01-21 18:54:24.166 [main] DataProviderXml - getMeddicines: [3] {}
[INFO ] 2022-01-21 18:54:24.167 [main] DataProviderXml - isIdInDataMedicine: [1] {}
[INFO ] 2022-01-21 18:54:24.167 [main] DataProviderXml - getMeddicines: [1] {}
[INFO ] 2022-01-21 18:54:24.167 [main] DataProviderXml - readXmlMedicine: [1] {}
[INFO ] 2022-01-21 18:54:24.171 [main] DataProviderXml - readXmlMedicine: [3] {}
