[INFO ] 2022-01-22 16:26:27.940 [main] DataProviderH2 - h2ToMeddicineList: [1] {}
[INFO ] 2022-01-22 16:26:27.952 [main] DataProviderH2 - h2ToMeddicineList: [2] {}
[INFO ] 2022-01-22 16:26:27.952 [main] DataProviderH2 - h2ToMeddicineList: [4] {}
[INFO ] 2022-01-22 16:26:27.952 [main] DataProviderH2 - closeConnection: [1] {}
[INFO ] 2022-01-22 16:26:27.971 [main] DataProviderH2 - readMeddicinesFromH2M: [2] {}
[INFO ] 2022-01-22 16:26:27.971 [main] DataProviderH2 - readFromH2: [4] {}
[INFO ] 2022-01-22 16:26:27.971 [main] DataProviderH2 - getMeddicines: [2] {}
[INFO ] 2022-01-22 16:26:27.972 [main] DataProviderH2 - getMeddicines: [4] {}
[INFO ] 2022-01-22 16:26:27.972 [main] DataProviderH2 - searchMeddicineByName [2] {}
[INFO ] 2022-01-22 16:26:27.972 [main] DataProviderH2 - getMeddicines: [1] {}
[INFO ] 2022-01-22 16:26:27.973 [main] DataProviderH2 - readMeddicinesFromH2M: [1] {}
[INFO ] 2022-01-22 16:26:27.973 [main] DataProviderH2 - connection: [1] {}
[INFO ] 2022-01-22 16:26:27.993 [main] DataProviderH2 - connection: [2] {}
[INFO ] 2022-01-22 16:26:27.994 [main] DataProviderH2 - connection: [4] {}
[INFO ] 2022-01-22 16:26:27.995 [main] DataProviderH2 - h2ToMeddicineList: [1] {}
[INFO ] 2022-01-22 16:26:27.995 [main] DataProviderH2 - h2ToMeddicineList: [2] {}
[INFO ] 2022-01-22 16:26:27.996 [main] DataProviderH2 - h2ToMeddicineList: [4] {}
[INFO ] 2022-01-22 16:26:27.996 [main] DataProviderH2 - closeConnection: [1] {}
[INFO ] 2022-01-22 16:26:28.014 [main] DataProviderH2 - readMeddicinesFromH2M: [2] {}
[INFO ] 2022-01-22 16:26:28.014 [main] DataProviderH2 - readFromH2: [4] {}
[INFO ] 2022-01-22 16:26:28.014 [main] DataProviderH2 - getMeddicines: [2] {}
[INFO ] 2022-01-22 16:26:28.015 [main] DataProviderH2 - getMeddicines: [4] {}
[INFO ] 2022-01-22 16:26:28.015 [main] DataProviderH2 - getTheAnaloguesOfMedicine [2] {}
[INFO ] 2022-01-22 16:26:28.016 [main] DataProviderH2 - getTheAnaloguesOfMedicine [4] {}
[INFO ] 2022-01-22 16:26:44.743 [main] DataProviderH2 - getTheAnaloguesOfMedicine [1] {}
[INFO ] 2022-01-22 16:26:44.747 [main] DataProviderH2 - searchMeddicineByName [1] {}
[INFO ] 2022-01-22 16:26:44.747 [main] DataProviderH2 - getMeddicines: [1] {}
[INFO ] 2022-01-22 16:26:44.749 [main] DataProviderH2 - readMeddicinesFromH2M: [1] {}
[INFO ] 2022-01-22 16:26:44.749 [main] DataProviderH2 - connection: [1] {}
[INFO ] 2022-01-22 16:26:45.047 [main] DataProviderH2 - connection: [2] {}
[INFO ] 2022-01-22 16:26:45.047 [main] DataProviderH2 - connection: [4] {}
[INFO ] 2022-01-22 16:26:45.048 [main] DataProviderH2 - h2ToMeddicineList: [1] {}
[INFO ] 2022-01-22 16:26:45.050 [main] DataProviderH2 - h2ToMeddicineList: [2] {}
[INFO ] 2022-01-22 16:26:45.050 [main] DataProviderH2 - h2ToMeddicineList: [4] {}
[INFO ] 2022-01-22 16:26:45.050 [main] DataProviderH2 - closeConnection: [1] {}
[INFO ] 2022-01-22 16:26:45.073 [main] DataProviderH2 - readMeddicinesFromH2M: [2] {}
[INFO ] 2022-01-22 16:26:45.073 [main] DataProviderH2 - readFromH2: [4] {}
[INFO ] 2022-01-22 16:26:45.074 [main] DataProviderH2 - getMeddicines: [2] {}
[INFO ] 2022-01-22 16:26:45.074 [main] DataProviderH2 - getMeddicines: [4] {}
[INFO ] 2022-01-22 16:26:45.075 [main] DataProviderH2 - searchMeddicineByName [2] {}
[INFO ] 2022-01-22 16:26:45.076 [main] DataProviderH2 - searchMeddicineByName [1] {}
[INFO ] 2022-01-22 16:26:45.077 [main] DataProviderH2 - getMeddicines: [1] {}
[INFO ] 2022-01-22 16:26:45.077 [main] DataProviderH2 - readMeddicinesFromH2M: [1] {}
[INFO ] 2022-01-22 16:26:45.077 [main] DataProviderH2 - connection: [1] {}
[INFO ] 2022-01-22 16:26:45.094 [main] DataProviderH2 - connection: [2] {}
[INFO ] 2022-01-22 16:26:45.094 [main] DataProviderH2 - connection: [4] {}
[INFO ] 2022-01-22 16:26:45.095 [main] DataProviderH2 - h2ToMeddicineList: [1] {}
[INFO ] 2022-01-22 16:26:45.095 [main] DataProviderH2 - h2ToMeddicineList: [2] {}
[INFO ] 2022-01-22 16:26:45.095 [main] DataProviderH2 - h2ToMeddicineList: [4] {}
[INFO ] 2022-01-22 16:26:45.096 [main] DataProviderH2 - closeConnection: [1] {}
[INFO ] 2022-01-22 16:26:45.113 [main] DataProviderH2 - readMeddicinesFromH2M: [2] {}
[INFO ] 2022-01-22 16:26:45.113 [main] DataProviderH2 - readFromH2: [4] {}
[INFO ] 2022-01-22 16:26:45.113 [main] DataProviderH2 - getMeddicines: [2] {}
[INFO ] 2022-01-22 16:26:45.113 [main] DataProviderH2 - getMeddicines: [4] {}
[INFO ] 2022-01-22 16:26:45.113 [main] DataProviderH2 - searchMeddicineByName [2] {}
[INFO ] 2022-01-22 16:26:45.114 [main] DataProviderH2 - getMeddicines: [1] {}
[INFO ] 2022-01-22 16:26:45.114 [main] DataProviderH2 - readMeddicinesFromH2M: [1] {}
[INFO ] 2022-01-22 16:26:45.114 [main] DataProviderH2 - connection: [1] {}
[INFO ] 2022-01-22 16:26:45.134 [main] DataProviderH2 - connection: [2] {}
[INFO ] 2022-01-22 16:26:45.134 [main] DataProviderH2 - connection: [4] {}
[INFO ] 2022-01-22 16:26:45.135 [main] DataProviderH2 - h2ToMeddicineList: [1] {}
[INFO ] 2022-01-22 16:26:45.135 [main] DataProviderH2 - h2ToMeddicineList: [2] {}
[INFO ] 2022-01-22 16:26:45.135 [main] DataProviderH2 - h2ToMeddicineList: [4] {}
[INFO ] 2022-01-22 16:26:45.135 [main] DataProviderH2 - closeConnection: [1] {}
[INFO ] 2022-01-22 16:26:45.150 [main] DataProviderH2 - readMeddicinesFromH2M: [2] {}
[INFO ] 2022-01-22 16:26:45.150 [main] DataProviderH2 - readFromH2: [4] {}
[INFO ] 2022-01-22 16:26:45.151 [main] DataProviderH2 - getMeddicines: [2] {}
[INFO ] 2022-01-22 16:26:45.151 [main] DataProviderH2 - getMeddicines: [4] {}
[INFO ] 2022-01-22 16:26:45.151 [main] DataProviderH2 - getTheAnaloguesOfMedicine [2] {}
[INFO ] 2022-01-22 16:26:45.151 [main] DataProviderH2 - getTheAnaloguesOfMedicine [4] {}
[INFO ] 2022-01-22 16:29:21.561 [main] DataProviderH2 - updateMeddicine [1] {}
[INFO ] 2022-01-22 16:29:21.567 [main] DataProviderH2 - connection: [1] {}
[INFO ] 2022-01-22 16:29:21.837 [main] DataProviderH2 - connection: [2] {}
[INFO ] 2022-01-22 16:29:21.837 [main] DataProviderH2 - connection: [4] {}
[INFO ] 2022-01-22 16:29:21.837 [main] DataProviderH2 - takeHistoryMeddicine [1] {}
[INFO ] 2022-01-22 16:29:21.837 [main] DataProviderH2 - getMeddicines: [1] {}
[INFO ] 2022-01-22 16:29:21.838 [main] DataProviderH2 - readMeddicinesFromH2M: [1] {}
[INFO ] 2022-01-22 16:29:21.838 [main] DataProviderH2 - connection: [1] {}
[INFO ] 2022-01-22 16:29:21.839 [main] DataProviderH2 - connection: [2] {}
[INFO ] 2022-01-22 16:29:21.839 [main] DataProviderH2 - connection: [4] {}
[INFO ] 2022-01-22 16:29:21.840 [main] DataProviderH2 - h2ToMeddicineList: [1] {}
[INFO ] 2022-01-22 16:29:21.840 [main] DataProviderH2 - h2ToMeddicineList: [2] {}
[INFO ] 2022-01-22 16:29:21.841 [main] DataProviderH2 - h2ToMeddicineList: [4] {}
[INFO ] 2022-01-22 16:29:21.841 [main] DataProviderH2 - closeConnection: [1] {}
[INFO ] 2022-01-22 16:29:21.842 [main] DataProviderH2 - readMeddicinesFromH2M: [2] {}
[INFO ] 2022-01-22 16:29:21.842 [main] DataProviderH2 - readFromH2: [4] {}
[INFO ] 2022-01-22 16:29:21.843 [main] DataProviderH2 - getMeddicines: [2] {}
[INFO ] 2022-01-22 16:29:21.843 [main] DataProviderH2 - getMeddicines: [4] {}
[INFO ] 2022-01-22 16:29:21.848 [main] HistoryContent - putMeddicineHistory: [1] {}
[INFO ] 2022-01-22 16:29:22.336 [main] HistoryContent - putMeddicineHistory: [2] {}
[INFO ] 2022-01-22 16:29:23.925 [main] DataProviderH2 - closeConnection: [1] {}
[INFO ] 2022-01-22 16:29:23.968 [main] DataProviderH2 - updateMeddicine: [2] {}
[INFO ] 2022-01-22 16:29:23.969 [main] DataProviderH2 - updateMeddicine [4] {}
[INFO ] 2022-01-22 16:31:10.903 [main] DataProviderH2 - updateMeddicine [1] {}
[INFO ] 2022-01-22 16:31:10.908 [main] DataProviderH2 - connection: [1] {}
[INFO ] 2022-01-22 16:31:11.193 [main] DataProviderH2 - connection: [2] {}
[INFO ] 2022-01-22 16:31:11.193 [main] DataProviderH2 - connection: [4] {}
[INFO ] 2022-01-22 16:31:11.193 [main] DataProviderH2 - takeHistoryMeddicine [1] {}
[INFO ] 2022-01-22 16:31:11.193 [main] DataProviderH2 - getMeddicines: [1] {}
[INFO ] 2022-01-22 16:31:11.193 [main] DataProviderH2 - readMeddicinesFromH2M: [1] {}
[INFO ] 2022-01-22 16:31:11.193 [main] DataProviderH2 - connection: [1] {}
[INFO ] 2022-01-22 16:31:11.195 [main] DataProviderH2 - connection: [2] {}
[INFO ] 2022-01-22 16:31:11.195 [main] DataProviderH2 - connection: [4] {}
[INFO ] 2022-01-22 16:31:11.195 [main] DataProviderH2 - h2ToMeddicineList: [1] {}
[INFO ] 2022-01-22 16:31:11.196 [main] DataProviderH2 - h2ToMeddicineList: [2] {}
[INFO ] 2022-01-22 16:31:11.196 [main] DataProviderH2 - h2ToMeddicineList: [4] {}
[INFO ] 2022-01-22 16:31:11.196 [main] DataProviderH2 - closeConnection: [1] {}
[INFO ] 2022-01-22 16:31:11.196 [main] DataProviderH2 - readMeddicinesFromH2M: [2] {}
[INFO ] 2022-01-22 16:31:11.197 [main] DataProviderH2 - readFromH2: [4] {}
[INFO ] 2022-01-22 16:31:11.198 [main] DataProviderH2 - getMeddicines: [2] {}
[INFO ] 2022-01-22 16:31:11.198 [main] DataProviderH2 - getMeddicines: [4] {}
[INFO ] 2022-01-22 16:31:11.199 [main] HistoryContent - putMeddicineHistory: [1] {}
[INFO ] 2022-01-22 16:31:11.704 [main] HistoryContent - putMeddicineHistory: [2] {}
[INFO ] 2022-01-22 16:31:13.089 [main] DataProviderH2 - closeConnection: [1] {}
[INFO ] 2022-01-22 16:31:13.154 [main] DataProviderH2 - updateMeddicine: [2] {}
[INFO ] 2022-01-22 16:31:13.155 [main] DataProviderH2 - updateMeddicine [4] {}
[INFO ] 2022-01-22 16:43:24.804 [main] DataProviderH2 - getTheAnaloguesOfMedicine [1] {}
[INFO ] 2022-01-22 16:43:24.807 [main] DataProviderH2 - searchMeddicineByName [1] {}
[INFO ] 2022-01-22 16:43:24.807 [main] DataProviderH2 - getMeddicines: [1] {}
[INFO ] 2022-01-22 16:43:24.807 [main] DataProviderH2 - readMeddicinesFromH2M: [1] {}
[INFO ] 2022-01-22 16:43:24.808 [main] DataProviderH2 - connection: [1] {}
[INFO ] 2022-01-22 16:43:25.154 [main] DataProviderH2 - connection: [2] {}
[INFO ] 2022-01-22 16:43:25.154 [main] DataProviderH2 - connection: [4] {}
[INFO ] 2022-01-22 16:43:25.155 [main] DataProviderH2 - h2ToMeddicineList: [1] {}
[INFO ] 2022-01-22 16:43:25.158 [main] DataProviderH2 - h2ToMeddicineList: [2] {}
[INFO ] 2022-01-22 16:43:25.158 [main] DataProviderH2 - h2ToMeddicineList: [4] {}
[INFO ] 2022-01-22 16:43:25.158 [main] DataProviderH2 - closeConnection: [1] {}
