[INFO ] 2022-01-22 16:23:23.001 [main] DataProviderCsv - getTheAnaloguesOfMedicine [1] {}
[INFO ] 2022-01-22 16:23:23.019 [main] DataProviderCsv - searchMeddicineByName [1] {}
[INFO ] 2022-01-22 16:23:23.020 [main] DataProviderCsv - getMeddicines: [1] {}
[INFO ] 2022-01-22 16:23:23.020 [main] DataProviderCsv - readCsvMedicine: [1] {}
[INFO ] 2022-01-22 16:23:23.125 [main] DataProviderCsv - readCsvMedicine: [3] {}
[INFO ] 2022-01-22 16:23:23.126 [main] DataProviderCsv - getMeddicines: [3] {}
[INFO ] 2022-01-22 16:23:23.127 [main] DataProviderCsv - searchMeddicineByName [2] {}
[INFO ] 2022-01-22 16:23:23.128 [main] DataProviderCsv - searchMeddicineByName [1] {}
[INFO ] 2022-01-22 16:23:23.128 [main] DataProviderCsv - getMeddicines: [1] {}
[INFO ] 2022-01-22 16:23:23.136 [main] DataProviderCsv - readCsvMedicine: [1] {}
[INFO ] 2022-01-22 16:23:23.144 [main] DataProviderCsv - readCsvMedicine: [3] {}
[INFO ] 2022-01-22 16:23:23.144 [main] DataProviderCsv - getMeddicines: [3] {}
[INFO ] 2022-01-22 16:23:23.144 [main] DataProviderCsv - searchMeddicineByName [2] {}
[INFO ] 2022-01-22 16:23:23.144 [main] DataProviderCsv - getMeddicines: [1] {}
[INFO ] 2022-01-22 16:23:23.145 [main] DataProviderCsv - readCsvMedicine: [1] {}
[INFO ] 2022-01-22 16:23:23.154 [main] DataProviderCsv - readCsvMedicine: [3] {}
[INFO ] 2022-01-22 16:23:23.154 [main] DataProviderCsv - getMeddicines: [3] {}
[INFO ] 2022-01-22 16:23:23.155 [main] DataProviderCsv - getTheAnaloguesOfMedicine [2] {}
[INFO ] 2022-01-22 16:23:23.155 [main] DataProviderCsv - getTheAnaloguesOfMedicine [5] {}
[INFO ] 2022-01-22 16:24:54.060 [main] DataProviderXml - getTheAnaloguesOfMedicine [1] {}
[INFO ] 2022-01-22 16:24:54.062 [main] DataProviderXml - searchMeddicineByName [1] {}
[INFO ] 2022-01-22 16:24:54.062 [main] DataProviderXml - getMeddicines: [1] {}
[INFO ] 2022-01-22 16:24:54.063 [main] DataProviderXml - readXmlMedicine: [1] {}
[INFO ] 2022-01-22 16:24:54.173 [main] DataProviderXml - readXmlMedicine: [3] {}
[INFO ] 2022-01-22 16:24:54.174 [main] DataProviderXml - getMeddicines: [3] {}
[INFO ] 2022-01-22 16:24:54.175 [main] DataProviderXml - searchMeddicineByName [2] {}
[INFO ] 2022-01-22 16:24:54.176 [main] DataProviderXml - searchMeddicineByName [1] {}
[INFO ] 2022-01-22 16:24:54.176 [main] DataProviderXml - getMeddicines: [1] {}
[INFO ] 2022-01-22 16:24:54.176 [main] DataProviderXml - readXmlMedicine: [1] {}
[INFO ] 2022-01-22 16:24:54.181 [main] DataProviderXml - readXmlMedicine: [3] {}
[INFO ] 2022-01-22 16:24:54.181 [main] DataProviderXml - getMeddicines: [3] {}
[INFO ] 2022-01-22 16:24:54.182 [main] DataProviderXml - searchMeddicineByName [2] {}
[INFO ] 2022-01-22 16:24:54.182 [main] DataProviderXml - getMeddicines: [1] {}
[INFO ] 2022-01-22 16:24:54.182 [main] DataProviderXml - readXmlMedicine: [1] {}
[INFO ] 2022-01-22 16:24:54.187 [main] DataProviderXml - readXmlMedicine: [3] {}
[INFO ] 2022-01-22 16:24:54.187 [main] DataProviderXml - getMeddicines: [3] {}
[INFO ] 2022-01-22 16:24:54.188 [main] DataProviderXml - getTheAnaloguesOfMedicine [2] {}
[INFO ] 2022-01-22 16:24:54.188 [main] DataProviderXml - getTheAnaloguesOfMedicine [4] {}
[INFO ] 2022-01-22 16:25:13.759 [main] DataProviderXml - getTheAnaloguesOfMedicine [1] {}
[INFO ] 2022-01-22 16:25:13.762 [main] DataProviderXml - searchMeddicineByName [1] {}
[INFO ] 2022-01-22 16:25:13.763 [main] DataProviderXml - getMeddicines: [1] {}
[INFO ] 2022-01-22 16:25:13.763 [main] DataProviderXml - readXmlMedicine: [1] {}
[INFO ] 2022-01-22 16:25:13.882 [main] DataProviderXml - readXmlMedicine: [3] {}
[INFO ] 2022-01-22 16:25:13.883 [main] DataProviderXml - getMeddicines: [3] {}
[INFO ] 2022-01-22 16:25:13.884 [main] DataProviderXml - searchMeddicineByName [2] {}
[INFO ] 2022-01-22 16:25:13.884 [main] DataProviderXml - searchMeddicineByName [1] {}
[INFO ] 2022-01-22 16:25:13.885 [main] DataProviderXml - getMeddicines: [1] {}
[INFO ] 2022-01-22 16:25:13.885 [main] DataProviderXml - readXmlMedicine: [1] {}
[INFO ] 2022-01-22 16:25:13.891 [main] DataProviderXml - readXmlMedicine: [3] {}
[INFO ] 2022-01-22 16:25:13.892 [main] DataProviderXml - getMeddicines: [3] {}
[INFO ] 2022-01-22 16:25:13.892 [main] DataProviderXml - searchMeddicineByName [2] {}
[INFO ] 2022-01-22 16:25:13.893 [main] DataProviderXml - getMeddicines: [1] {}
[INFO ] 2022-01-22 16:25:13.893 [main] DataProviderXml - readXmlMedicine: [1] {}
[INFO ] 2022-01-22 16:25:13.899 [main] DataProviderXml - readXmlMedicine: [3] {}
[INFO ] 2022-01-22 16:25:13.899 [main] DataProviderXml - getMeddicines: [3] {}
[INFO ] 2022-01-22 16:25:13.900 [main] DataProviderXml - getTheAnaloguesOfMedicine [2] {}
[INFO ] 2022-01-22 16:25:13.900 [main] DataProviderXml - getTheAnaloguesOfMedicine [4] {}
[INFO ] 2022-01-22 16:25:31.639 [main] DataProviderH2 - getTheAnaloguesOfMedicine [1] {}
[INFO ] 2022-01-22 16:25:31.642 [main] DataProviderH2 - searchMeddicineByName [1] {}
[INFO ] 2022-01-22 16:25:31.642 [main] DataProviderH2 - getMeddicines: [1] {}
[INFO ] 2022-01-22 16:25:31.643 [main] DataProviderH2 - readMeddicinesFromH2M: [1] {}
[INFO ] 2022-01-22 16:25:31.644 [main] DataProviderH2 - connection: [1] {}
[INFO ] 2022-01-22 16:25:31.933 [main] DataProviderH2 - connection: [2] {}
[INFO ] 2022-01-22 16:25:31.934 [main] DataProviderH2 - connection: [4] {}
[INFO ] 2022-01-22 16:25:31.935 [main] DataProviderH2 - h2ToMeddicineList: [1] {}
[INFO ] 2022-01-22 16:25:31.938 [main] DataProviderH2 - h2ToMeddicineList: [2] {}
[INFO ] 2022-01-22 16:25:31.938 [main] DataProviderH2 - h2ToMeddicineList: [4] {}
[INFO ] 2022-01-22 16:25:31.938 [main] DataProviderH2 - closeConnection: [1] {}
[INFO ] 2022-01-22 16:25:31.986 [main] DataProviderH2 - readMeddicinesFromH2M: [2] {}
[INFO ] 2022-01-22 16:25:31.986 [main] DataProviderH2 - readFromH2: [4] {}
[INFO ] 2022-01-22 16:25:31.986 [main] DataProviderH2 - getMeddicines: [2] {}
[INFO ] 2022-01-22 16:25:31.987 [main] DataProviderH2 - getMeddicines: [4] {}
[INFO ] 2022-01-22 16:25:31.988 [main] DataProviderH2 - searchMeddicineByName [2] {}
[INFO ] 2022-01-22 16:25:31.988 [main] DataProviderH2 - searchMeddicineByName [1] {}
[INFO ] 2022-01-22 16:25:31.988 [main] DataProviderH2 - getMeddicines: [1] {}
[INFO ] 2022-01-22 16:25:31.988 [main] DataProviderH2 - readMeddicinesFromH2M: [1] {}
[INFO ] 2022-01-22 16:25:31.988 [main] DataProviderH2 - connection: [1] {}
[INFO ] 2022-01-22 16:25:32.006 [main] DataProviderH2 - connection: [2] {}
[INFO ] 2022-01-22 16:25:32.006 [main] DataProviderH2 - connection: [4] {}
[INFO ] 2022-01-22 16:25:32.006 [main] DataProviderH2 - h2ToMeddicineList: [1] {}
[INFO ] 2022-01-22 16:25:32.007 [main] DataProviderH2 - h2ToMeddicineList: [2] {}
[INFO ] 2022-01-22 16:25:32.007 [main] DataProviderH2 - h2ToMeddicineList: [4] {}
[INFO ] 2022-01-22 16:25:32.007 [main] DataProviderH2 - closeConnection: [1] {}
[INFO ] 2022-01-22 16:25:32.026 [main] DataProviderH2 - readMeddicinesFromH2M: [2] {}
[INFO ] 2022-01-22 16:25:32.027 [main] DataProviderH2 - readFromH2: [4] {}
[INFO ] 2022-01-22 16:25:32.027 [main] DataProviderH2 - getMeddicines: [2] {}
[INFO ] 2022-01-22 16:25:32.027 [main] DataProviderH2 - getMeddicines: [4] {}
[INFO ] 2022-01-22 16:25:32.027 [main] DataProviderH2 - searchMeddicineByName [2] {}
[INFO ] 2022-01-22 16:25:32.027 [main] DataProviderH2 - getMeddicines: [1] {}
[INFO ] 2022-01-22 16:25:32.028 [main] DataProviderH2 - readMeddicinesFromH2M: [1] {}
[INFO ] 2022-01-22 16:25:32.028 [main] DataProviderH2 - connection: [1] {}
[INFO ] 2022-01-22 16:25:32.044 [main] DataProviderH2 - connection: [2] {}
[INFO ] 2022-01-22 16:25:32.044 [main] DataProviderH2 - connection: [4] {}
[INFO ] 2022-01-22 16:25:32.044 [main] DataProviderH2 - h2ToMeddicineList: [1] {}
[INFO ] 2022-01-22 16:25:32.044 [main] DataProviderH2 - h2ToMeddicineList: [2] {}
[INFO ] 2022-01-22 16:25:32.045 [main] DataProviderH2 - h2ToMeddicineList: [4] {}
[INFO ] 2022-01-22 16:25:32.046 [main] DataProviderH2 - closeConnection: [1] {}
[INFO ] 2022-01-22 16:25:32.061 [main] DataProviderH2 - readMeddicinesFromH2M: [2] {}
[INFO ] 2022-01-22 16:25:32.061 [main] DataProviderH2 - readFromH2: [4] {}
[INFO ] 2022-01-22 16:25:32.061 [main] DataProviderH2 - getMeddicines: [2] {}
[INFO ] 2022-01-22 16:25:32.062 [main] DataProviderH2 - getMeddicines: [4] {}
[INFO ] 2022-01-22 16:25:32.062 [main] DataProviderH2 - getTheAnaloguesOfMedicine [2] {}
[INFO ] 2022-01-22 16:25:32.063 [main] DataProviderH2 - getTheAnaloguesOfMedicine [4] {}
[INFO ] 2022-01-22 16:26:27.598 [main] DataProviderH2 - getTheAnaloguesOfMedicine [1] {}
[INFO ] 2022-01-22 16:26:27.599 [main] DataProviderH2 - searchMeddicineByName [1] {}
[INFO ] 2022-01-22 16:26:27.599 [main] DataProviderH2 - getMeddicines: [1] {}
[INFO ] 2022-01-22 16:26:27.602 [main] DataProviderH2 - readMeddicinesFromH2M: [1] {}
[INFO ] 2022-01-22 16:26:27.603 [main] DataProviderH2 - connection: [1] {}
[INFO ] 2022-01-22 16:26:27.901 [main] DataProviderH2 - connection: [2] {}
[INFO ] 2022-01-22 16:26:27.901 [main] DataProviderH2 - connection: [4] {}
[INFO ] 2022-01-22 16:26:27.902 [main] DataProviderH2 - h2ToMeddicineList: [1] {}
[INFO ] 2022-01-22 16:26:27.904 [main] DataProviderH2 - h2ToMeddicineList: [2] {}
[INFO ] 2022-01-22 16:26:27.904 [main] DataProviderH2 - h2ToMeddicineList: [4] {}
[INFO ] 2022-01-22 16:26:27.904 [main] DataProviderH2 - closeConnection: [1] {}
[INFO ] 2022-01-22 16:26:27.918 [main] DataProviderH2 - readMeddicinesFromH2M: [2] {}
[INFO ] 2022-01-22 16:26:27.918 [main] DataProviderH2 - readFromH2: [4] {}
[INFO ] 2022-01-22 16:26:27.919 [main] DataProviderH2 - getMeddicines: [2] {}
[INFO ] 2022-01-22 16:26:27.919 [main] DataProviderH2 - getMeddicines: [4] {}
[INFO ] 2022-01-22 16:26:27.920 [main] DataProviderH2 - searchMeddicineByName [2] {}
[INFO ] 2022-01-22 16:26:27.920 [main] DataProviderH2 - searchMeddicineByName [1] {}
[INFO ] 2022-01-22 16:26:27.920 [main] DataProviderH2 - getMeddicines: [1] {}
[INFO ] 2022-01-22 16:26:27.920 [main] DataProviderH2 - readMeddicinesFromH2M: [1] {}
[INFO ] 2022-01-22 16:26:27.921 [main] DataProviderH2 - connection: [1] {}
[INFO ] 2022-01-22 16:26:27.938 [main] DataProviderH2 - connection: [2] {}
[INFO ] 2022-01-22 16:26:27.938 [main] DataProviderH2 - connection: [4] {}
