[INFO ] 2022-01-22 18:08:06.373 [main] DataProviderH2 - searchPharmacyProductByName [3] {}
[INFO ] 2022-01-22 18:08:06.380 [main] DataProviderH2 - searchPharmacyProductByName [5] {}
[INFO ] 2022-01-22 18:08:06.380 [main] DataProviderH2 - updateOrders: [1] {}
[INFO ] 2022-01-22 18:08:06.380 [main] DataProviderH2 - connection: [1] {}
[INFO ] 2022-01-22 18:08:06.395 [main] DataProviderH2 - connection: [2] {}
[INFO ] 2022-01-22 18:08:06.396 [main] DataProviderH2 - connection: [4] {}
[INFO ] 2022-01-22 18:08:06.396 [main] DataProviderH2 - isInDataOrder [1] {}
[INFO ] 2022-01-22 18:08:06.396 [main] DataProviderH2 - getOrders: [1] {}
[INFO ] 2022-01-22 18:08:06.396 [main] DataProviderH2 - readH2Order: [1] {}
[INFO ] 2022-01-22 18:08:06.396 [main] DataProviderH2 - connection: [1] {}
[INFO ] 2022-01-22 18:08:06.398 [main] DataProviderH2 - connection: [2] {}
[INFO ] 2022-01-22 18:08:06.398 [main] DataProviderH2 - connection: [4] {}
[INFO ] 2022-01-22 18:08:06.399 [main] DataProviderH2 - h2ToOrderList: [1] {}
[INFO ] 2022-01-22 18:08:06.399 [main] DataProviderH2 - h2ToOrderList: [2] {}
[INFO ] 2022-01-22 18:08:06.400 [main] DataProviderH2 - h2ToOrderList: [4] {}
[INFO ] 2022-01-22 18:08:06.401 [main] DataProviderH2 - closeConnection: [1] {}
[INFO ] 2022-01-22 18:08:06.401 [main] DataProviderH2 - readH2Order: [2] {}
[INFO ] 2022-01-22 18:08:06.401 [main] DataProviderH2 - readH2Order: [4] {}
[INFO ] 2022-01-22 18:08:06.401 [main] DataProviderH2 - getOrders: [2] {}
[INFO ] 2022-01-22 18:08:06.401 [main] DataProviderH2 - getOrders: [4] {}
[INFO ] 2022-01-22 18:08:06.402 [main] DataProviderH2 - takeHistoryOrders [1] {}
[INFO ] 2022-01-22 18:08:06.402 [main] DataProviderH2 - isInDataOrder [1] {}
[INFO ] 2022-01-22 18:08:06.403 [main] DataProviderH2 - getOrders: [1] {}
[INFO ] 2022-01-22 18:08:06.403 [main] DataProviderH2 - readH2Order: [1] {}
[INFO ] 2022-01-22 18:08:06.403 [main] DataProviderH2 - connection: [1] {}
[INFO ] 2022-01-22 18:08:06.404 [main] DataProviderH2 - connection: [2] {}
[INFO ] 2022-01-22 18:08:06.404 [main] DataProviderH2 - connection: [4] {}
[INFO ] 2022-01-22 18:08:06.404 [main] DataProviderH2 - h2ToOrderList: [1] {}
[INFO ] 2022-01-22 18:08:06.404 [main] DataProviderH2 - h2ToOrderList: [2] {}
[INFO ] 2022-01-22 18:08:06.404 [main] DataProviderH2 - h2ToOrderList: [4] {}
[INFO ] 2022-01-22 18:08:06.404 [main] DataProviderH2 - closeConnection: [1] {}
[INFO ] 2022-01-22 18:08:06.405 [main] DataProviderH2 - readH2Order: [2] {}
[INFO ] 2022-01-22 18:08:06.405 [main] DataProviderH2 - readH2Order: [4] {}
[INFO ] 2022-01-22 18:08:06.405 [main] DataProviderH2 - getOrders: [2] {}
[INFO ] 2022-01-22 18:08:06.405 [main] DataProviderH2 - getOrders: [4] {}
[INFO ] 2022-01-22 18:08:06.405 [main] DataProviderH2 - getOrders: [1] {}
[INFO ] 2022-01-22 18:08:06.406 [main] DataProviderH2 - readH2Order: [1] {}
[INFO ] 2022-01-22 18:08:06.406 [main] DataProviderH2 - connection: [1] {}
[INFO ] 2022-01-22 18:08:06.407 [main] DataProviderH2 - connection: [2] {}
[INFO ] 2022-01-22 18:08:06.407 [main] DataProviderH2 - connection: [4] {}
[INFO ] 2022-01-22 18:08:06.407 [main] DataProviderH2 - h2ToOrderList: [1] {}
[INFO ] 2022-01-22 18:08:06.407 [main] DataProviderH2 - h2ToOrderList: [2] {}
[INFO ] 2022-01-22 18:08:06.407 [main] DataProviderH2 - h2ToOrderList: [4] {}
[INFO ] 2022-01-22 18:08:06.407 [main] DataProviderH2 - closeConnection: [1] {}
[INFO ] 2022-01-22 18:08:06.407 [main] DataProviderH2 - readH2Order: [2] {}
[INFO ] 2022-01-22 18:08:06.408 [main] DataProviderH2 - readH2Order: [4] {}
[INFO ] 2022-01-22 18:08:06.408 [main] DataProviderH2 - getOrders: [2] {}
[INFO ] 2022-01-22 18:08:06.408 [main] DataProviderH2 - getOrders: [4] {}
[INFO ] 2022-01-22 18:08:06.409 [main] HistoryContent - putOrderHistory: [1] {}
[INFO ] 2022-01-22 18:08:06.876 [main] HistoryContent - putOrderHistory: [2] {}
[INFO ] 2022-01-22 18:08:08.095 [main] DataProviderH2 - updateOrders: [3] {}
[INFO ] 2022-01-22 18:08:08.097 [main] DataProviderH2 - closeConnection: [1] {}
[INFO ] 2022-01-22 18:08:08.144 [main] DataProviderH2 - updateOrders: [5] {}
[INFO ] 2022-01-22 18:08:08.144 [main] DataProviderH2 - createOrder [4] {}
[INFO ] 2022-01-22 18:08:32.585 [main] DataProviderH2 - createOrder [1] {}
[INFO ] 2022-01-22 18:08:32.590 [main] DataProviderH2 - getUserById: [1] {}
[INFO ] 2022-01-22 18:08:32.590 [main] DataProviderH2 - connection: [1] {}
[INFO ] 2022-01-22 18:08:32.887 [main] DataProviderH2 - connection: [2] {}
[INFO ] 2022-01-22 18:08:32.888 [main] DataProviderH2 - connection: [4] {}
[INFO ] 2022-01-22 18:08:32.892 [main] DataProviderH2 - h2ToUserListUser: [1] {}
[INFO ] 2022-01-22 18:08:32.892 [main] DataProviderH2 - h2ToUserListUser: [2] {}
[INFO ] 2022-01-22 18:08:32.892 [main] DataProviderH2 - h2ToUserListUser: [4] {}
[INFO ] 2022-01-22 18:08:32.892 [main] DataProviderH2 - closeConnection: [1] {}
[INFO ] 2022-01-22 18:08:32.914 [main] DataProviderH2 - getUserById: [2] {}
[INFO ] 2022-01-22 18:08:32.914 [main] DataProviderH2 - createOrder [2] {} No such pharmacy product or user
[INFO ] 2022-01-22 18:08:32.914 [main] DataProviderH2 - createOrder [4] {}
[INFO ] 2022-01-22 18:09:12.081 [main] DataProviderCsv - createOrder [1] {}
[INFO ] 2022-01-22 18:09:12.084 [main] DataProviderCsv - getUserById: [1] {}
[INFO ] 2022-01-22 18:09:12.085 [main] DataProviderCsv - getUsers: [1] {}
[INFO ] 2022-01-22 18:09:12.085 [main] DataProviderCsv - readCsv: [1] {}
[INFO ] 2022-01-22 18:09:12.164 [main] DataProviderCsv - readCsv: [3] {}
[INFO ] 2022-01-22 18:09:12.166 [main] DataProviderCsv - getUsers: [3] {}
[INFO ] 2022-01-22 18:09:12.166 [main] DataProviderCsv - isIdInData: [1] {}
[INFO ] 2022-01-22 18:09:12.167 [main] DataProviderCsv - getUsers: [1] {}
[INFO ] 2022-01-22 18:09:12.167 [main] DataProviderCsv - readCsv: [1] {}
[INFO ] 2022-01-22 18:09:12.175 [main] DataProviderCsv - readCsv: [3] {}
[INFO ] 2022-01-22 18:09:12.175 [main] DataProviderCsv - getUsers: [3] {}
[INFO ] 2022-01-22 18:09:12.176 [main] DataProviderCsv - isIdInData: [3] {} No Such Element
[INFO ] 2022-01-22 18:09:12.180 [main] DataProviderCsv - getUserById: [2] {} No Such Element id = 143
[INFO ] 2022-01-22 18:09:12.180 [main] DataProviderCsv - getUserById: [4] {}
[INFO ] 2022-01-22 18:09:12.180 [main] DataProviderCsv - createOrder [3] {} No such user
[INFO ] 2022-01-22 18:09:12.180 [main] DataProviderCsv - createOrder [4] {}
[INFO ] 2022-01-22 18:09:27.161 [main] DataProviderCsv - createOrder [1] {}
[INFO ] 2022-01-22 18:09:27.166 [main] DataProviderCsv - getUserById: [1] {}
[INFO ] 2022-01-22 18:09:27.167 [main] DataProviderCsv - getUsers: [1] {}
[INFO ] 2022-01-22 18:09:27.167 [main] DataProviderCsv - readCsv: [1] {}
[INFO ] 2022-01-22 18:09:27.246 [main] DataProviderCsv - readCsv: [3] {}
[INFO ] 2022-01-22 18:09:27.248 [main] DataProviderCsv - getUsers: [3] {}
[INFO ] 2022-01-22 18:09:27.248 [main] DataProviderCsv - isIdInData: [1] {}
[INFO ] 2022-01-22 18:09:27.248 [main] DataProviderCsv - getUsers: [1] {}
[INFO ] 2022-01-22 18:09:27.248 [main] DataProviderCsv - readCsv: [1] {}
[INFO ] 2022-01-22 18:09:27.255 [main] DataProviderCsv - readCsv: [3] {}
[INFO ] 2022-01-22 18:09:27.255 [main] DataProviderCsv - getUsers: [3] {}
[INFO ] 2022-01-22 18:09:27.256 [main] DataProviderCsv - isIdInData: [2] {} Element is found
[INFO ] 2022-01-22 18:09:27.257 [main] DataProviderCsv - getUserById: [4] {}
[INFO ] 2022-01-22 18:09:27.257 [main] DataProviderCsv - searchPharmacyProductByName [1] {}
[INFO ] 2022-01-22 18:09:27.258 [main] DataProviderCsv - searchMeddicineByName [1] {}
[INFO ] 2022-01-22 18:09:27.258 [main] DataProviderCsv - getMeddicines: [1] {}
[INFO ] 2022-01-22 18:09:27.258 [main] DataProviderCsv - readCsvMedicine: [1] {}
[INFO ] 2022-01-22 18:09:27.267 [main] DataProviderCsv - readCsvMedicine: [3] {}
[INFO ] 2022-01-22 18:09:27.267 [main] DataProviderCsv - getMeddicines: [3] {}
[INFO ] 2022-01-22 18:09:27.268 [main] DataProviderCsv - searchMeddicineByName [2] {}
[INFO ] 2022-01-22 18:09:27.268 [main] DataProviderCsv - searchMedicalDeviceByName [1] {}
[INFO ] 2022-01-22 18:09:27.268 [main] DataProviderCsv - getMedicalDevices: [1] {}
[INFO ] 2022-01-22 18:09:27.268 [main] DataProviderCsv - readCsvMedicalDevice: [1] {}
[INFO ] 2022-01-22 18:09:27.277 [main] DataProviderCsv - readCsvMedicalDevice: [3] {}
[INFO ] 2022-01-22 18:09:27.277 [main] DataProviderCsv - getMedicalDevices: [3] {}
[INFO ] 2022-01-22 18:09:27.278 [main] DataProviderCsv - searchMedicalDeviceByName [2] {}
[INFO ] 2022-01-22 18:09:27.278 [main] DataProviderCsv - searchPharmacyProductByName [2] {}
[INFO ] 2022-01-22 18:09:27.278 [main] DataProviderCsv - searchPharmacyProductByName [3] {}
[INFO ] 2022-01-22 18:09:27.278 [main] DataProviderCsv - searchPharmacyProductByName [5] {}
[INFO ] 2022-01-22 18:09:27.279 [main] DataProviderCsv - searchPharmacyProductByName [1] {}
[INFO ] 2022-01-22 18:09:27.279 [main] DataProviderCsv - searchMeddicineByName [1] {}
[INFO ] 2022-01-22 18:09:27.279 [main] DataProviderCsv - getMeddicines: [1] {}
[INFO ] 2022-01-22 18:09:27.279 [main] DataProviderCsv - readCsvMedicine: [1] {}
[INFO ] 2022-01-22 18:09:27.285 [main] DataProviderCsv - readCsvMedicine: [3] {}
[INFO ] 2022-01-22 18:09:27.285 [main] DataProviderCsv - getMeddicines: [3] {}
[INFO ] 2022-01-22 18:09:27.285 [main] DataProviderCsv - searchMeddicineByName [2] {}
[INFO ] 2022-01-22 18:09:27.286 [main] DataProviderCsv - searchMedicalDeviceByName [1] {}
[INFO ] 2022-01-22 18:09:27.287 [main] DataProviderCsv - getMedicalDevices: [1] {}
[INFO ] 2022-01-22 18:09:27.287 [main] DataProviderCsv - readCsvMedicalDevice: [1] {}
[INFO ] 2022-01-22 18:09:27.291 [main] DataProviderCsv - readCsvMedicalDevice: [3] {}
[INFO ] 2022-01-22 18:09:27.292 [main] DataProviderCsv - getMedicalDevices: [3] {}
[INFO ] 2022-01-22 18:09:27.292 [main] DataProviderCsv - searchMedicalDeviceByName [2] {}
[INFO ] 2022-01-22 18:09:27.292 [main] DataProviderCsv - searchPharmacyProductByName [2] {}
[INFO ] 2022-01-22 18:09:27.292 [main] DataProviderCsv - searchPharmacyProductByName [3] {}
[INFO ] 2022-01-22 18:09:27.292 [main] DataProviderCsv - searchPharmacyProductByName [5] {}
[INFO ] 2022-01-22 18:09:27.293 [main] DataProviderCsv - updateOrders: [1] {}
