[INFO ] 2022-01-22 17:21:08.499 [main] DataProviderH2 - getUsers: [2] {}
[INFO ] 2022-01-22 17:21:08.508 [main] DataProviderH2 - getUsers: [4] {}
[INFO ] 2022-01-22 17:21:08.508 [main] DataProviderH2 - getUsers: [1] {}
[INFO ] 2022-01-22 17:21:08.508 [main] DataProviderH2 - readFromH2: [1] {}
[INFO ] 2022-01-22 17:21:08.508 [main] DataProviderH2 - connection: [1] {}
[INFO ] 2022-01-22 17:21:08.510 [main] DataProviderH2 - connection: [2] {}
[INFO ] 2022-01-22 17:21:08.510 [main] DataProviderH2 - connection: [4] {}
[INFO ] 2022-01-22 17:21:08.511 [main] DataProviderH2 - h2ToUserListUser: [1] {}
[INFO ] 2022-01-22 17:21:08.512 [main] DataProviderH2 - h2ToUserListUser: [2] {}
[INFO ] 2022-01-22 17:21:08.512 [main] DataProviderH2 - h2ToUserListUser: [4] {}
[INFO ] 2022-01-22 17:21:08.513 [main] DataProviderH2 - closeConnection: [1] {}
[INFO ] 2022-01-22 17:21:08.513 [main] DataProviderH2 - readFromH2: [2] {}
[INFO ] 2022-01-22 17:21:08.513 [main] DataProviderH2 - readFromH2: [4] {}
[INFO ] 2022-01-22 17:21:08.513 [main] DataProviderH2 - getUsers: [2] {}
[INFO ] 2022-01-22 17:21:08.513 [main] DataProviderH2 - getUsers: [4] {}
[INFO ] 2022-01-22 17:21:08.516 [main] HistoryContent - putUserHistory: [1] {}
[INFO ] 2022-01-22 17:21:08.899 [main] HistoryContent - putUserHistory: [2] {}
[ERROR] 2022-01-22 17:21:10.313 [main] DataProviderH2 - updateUsers: [3] {} Синтаксическая ошибка в выражении SQL "UPDATE USER SET LOGIN = 'user4', PASSWORD = 'Passwordasdasd4',  WHERE[*] ID = 4"; ожидалось "identifier"
Syntax error in SQL statement "UPDATE USER SET LOGIN = 'user4', PASSWORD = 'Passwordasdasd4',  WHERE[*] ID = 4"; expected "identifier"; SQL statement:
UPDATE USER SET LOGIN = 'user4', PASSWORD = 'Passwordasdasd4',  WHERE id = 4 [42001-200]
[INFO ] 2022-01-22 17:34:53.561 [main] DataProviderH2 - connection: [1] {}
[INFO ] 2022-01-22 17:34:53.837 [main] DataProviderH2 - connection: [2] {}
[INFO ] 2022-01-22 17:34:53.837 [main] DataProviderH2 - connection: [4] {}
[INFO ] 2022-01-22 17:34:53.837 [main] DataProviderH2 - isInDataUser [1] {}
[INFO ] 2022-01-22 17:34:53.838 [main] DataProviderH2 - getUsers: [1] {}
[INFO ] 2022-01-22 17:34:53.838 [main] DataProviderH2 - readFromH2: [1] {}
[INFO ] 2022-01-22 17:34:53.838 [main] DataProviderH2 - connection: [1] {}
[INFO ] 2022-01-22 17:34:53.839 [main] DataProviderH2 - connection: [2] {}
[INFO ] 2022-01-22 17:34:53.840 [main] DataProviderH2 - connection: [4] {}
[INFO ] 2022-01-22 17:34:53.841 [main] DataProviderH2 - h2ToUserListUser: [1] {}
[INFO ] 2022-01-22 17:34:53.841 [main] DataProviderH2 - h2ToUserListUser: [2] {}
[INFO ] 2022-01-22 17:34:53.841 [main] DataProviderH2 - h2ToUserListUser: [4] {}
[INFO ] 2022-01-22 17:34:53.842 [main] DataProviderH2 - closeConnection: [1] {}
[INFO ] 2022-01-22 17:34:53.842 [main] DataProviderH2 - readFromH2: [2] {}
[INFO ] 2022-01-22 17:34:53.842 [main] DataProviderH2 - readFromH2: [4] {}
[INFO ] 2022-01-22 17:34:53.843 [main] DataProviderH2 - getUsers: [2] {}
[INFO ] 2022-01-22 17:34:53.843 [main] DataProviderH2 - getUsers: [4] {}
[INFO ] 2022-01-22 17:34:53.845 [main] DataProviderH2 - takeHistoryUsers [1] {}
[INFO ] 2022-01-22 17:34:53.845 [main] DataProviderH2 - isInDataUser [1] {}
[INFO ] 2022-01-22 17:34:53.845 [main] DataProviderH2 - getUsers: [1] {}
[INFO ] 2022-01-22 17:34:53.845 [main] DataProviderH2 - readFromH2: [1] {}
[INFO ] 2022-01-22 17:34:53.845 [main] DataProviderH2 - connection: [1] {}
[INFO ] 2022-01-22 17:34:53.846 [main] DataProviderH2 - connection: [2] {}
[INFO ] 2022-01-22 17:34:53.846 [main] DataProviderH2 - connection: [4] {}
[INFO ] 2022-01-22 17:34:53.847 [main] DataProviderH2 - h2ToUserListUser: [1] {}
[INFO ] 2022-01-22 17:34:53.847 [main] DataProviderH2 - h2ToUserListUser: [2] {}
[INFO ] 2022-01-22 17:34:53.847 [main] DataProviderH2 - h2ToUserListUser: [4] {}
[INFO ] 2022-01-22 17:34:53.847 [main] DataProviderH2 - closeConnection: [1] {}
[INFO ] 2022-01-22 17:34:53.847 [main] DataProviderH2 - readFromH2: [2] {}
[INFO ] 2022-01-22 17:34:53.848 [main] DataProviderH2 - readFromH2: [4] {}
[INFO ] 2022-01-22 17:34:53.848 [main] DataProviderH2 - getUsers: [2] {}
[INFO ] 2022-01-22 17:34:53.848 [main] DataProviderH2 - getUsers: [4] {}
[INFO ] 2022-01-22 17:34:53.848 [main] DataProviderH2 - getUsers: [1] {}
[INFO ] 2022-01-22 17:34:53.848 [main] DataProviderH2 - readFromH2: [1] {}
[INFO ] 2022-01-22 17:34:53.848 [main] DataProviderH2 - connection: [1] {}
[INFO ] 2022-01-22 17:34:53.849 [main] DataProviderH2 - connection: [2] {}
[INFO ] 2022-01-22 17:34:53.849 [main] DataProviderH2 - connection: [4] {}
[INFO ] 2022-01-22 17:34:53.850 [main] DataProviderH2 - h2ToUserListUser: [1] {}
[INFO ] 2022-01-22 17:34:53.850 [main] DataProviderH2 - h2ToUserListUser: [2] {}
[INFO ] 2022-01-22 17:34:53.850 [main] DataProviderH2 - h2ToUserListUser: [4] {}
[INFO ] 2022-01-22 17:34:53.850 [main] DataProviderH2 - closeConnection: [1] {}
[INFO ] 2022-01-22 17:34:53.850 [main] DataProviderH2 - readFromH2: [2] {}
[INFO ] 2022-01-22 17:34:53.851 [main] DataProviderH2 - readFromH2: [4] {}
[INFO ] 2022-01-22 17:34:53.851 [main] DataProviderH2 - getUsers: [2] {}
[INFO ] 2022-01-22 17:34:53.851 [main] DataProviderH2 - getUsers: [4] {}
[INFO ] 2022-01-22 17:34:53.853 [main] HistoryContent - putUserHistory: [1] {}
[INFO ] 2022-01-22 17:34:54.249 [main] HistoryContent - putUserHistory: [2] {}
[ERROR] 2022-01-22 17:34:55.922 [main] DataProviderH2 - updateUsers: [3] {} Синтаксическая ошибка в выражении SQL "UPDATE USER SET LOGIN = 'user4', PASSWORD = 'Passwordasdasd4',  WHERE[*] ID = 4 ;"; ожидалось "identifier"
Syntax error in SQL statement "UPDATE USER SET LOGIN = 'user4', PASSWORD = 'Passwordasdasd4',  WHERE[*] ID = 4 ;"; expected "identifier"; SQL statement:
UPDATE USER SET LOGIN = 'user4', PASSWORD = 'Passwordasdasd4',  WHERE id = 4 ; [42001-200]
[INFO ] 2022-01-22 17:35:38.227 [main] DataProviderH2 - connection: [1] {}
[INFO ] 2022-01-22 17:35:38.524 [main] DataProviderH2 - connection: [2] {}
[INFO ] 2022-01-22 17:35:38.525 [main] DataProviderH2 - connection: [4] {}
[INFO ] 2022-01-22 17:35:38.525 [main] DataProviderH2 - isInDataUser [1] {}
[INFO ] 2022-01-22 17:35:38.525 [main] DataProviderH2 - getUsers: [1] {}
[INFO ] 2022-01-22 17:35:38.525 [main] DataProviderH2 - readFromH2: [1] {}
[INFO ] 2022-01-22 17:35:38.525 [main] DataProviderH2 - connection: [1] {}
[INFO ] 2022-01-22 17:35:38.526 [main] DataProviderH2 - connection: [2] {}
[INFO ] 2022-01-22 17:35:38.526 [main] DataProviderH2 - connection: [4] {}
[INFO ] 2022-01-22 17:35:38.527 [main] DataProviderH2 - h2ToUserListUser: [1] {}
[INFO ] 2022-01-22 17:35:38.527 [main] DataProviderH2 - h2ToUserListUser: [2] {}
[INFO ] 2022-01-22 17:35:38.527 [main] DataProviderH2 - h2ToUserListUser: [4] {}
[INFO ] 2022-01-22 17:35:38.528 [main] DataProviderH2 - closeConnection: [1] {}
[INFO ] 2022-01-22 17:35:38.528 [main] DataProviderH2 - readFromH2: [2] {}
[INFO ] 2022-01-22 17:35:38.528 [main] DataProviderH2 - readFromH2: [4] {}
[INFO ] 2022-01-22 17:35:38.530 [main] DataProviderH2 - getUsers: [2] {}
[INFO ] 2022-01-22 17:35:38.530 [main] DataProviderH2 - getUsers: [4] {}
[INFO ] 2022-01-22 17:35:38.532 [main] DataProviderH2 - takeHistoryUsers [1] {}
[INFO ] 2022-01-22 17:35:38.532 [main] DataProviderH2 - isInDataUser [1] {}
[INFO ] 2022-01-22 17:35:38.532 [main] DataProviderH2 - getUsers: [1] {}
[INFO ] 2022-01-22 17:35:38.532 [main] DataProviderH2 - readFromH2: [1] {}
[INFO ] 2022-01-22 17:35:38.532 [main] DataProviderH2 - connection: [1] {}
[INFO ] 2022-01-22 17:35:38.533 [main] DataProviderH2 - connection: [2] {}
[INFO ] 2022-01-22 17:35:38.533 [main] DataProviderH2 - connection: [4] {}
[INFO ] 2022-01-22 17:35:38.534 [main] DataProviderH2 - h2ToUserListUser: [1] {}
[INFO ] 2022-01-22 17:35:38.534 [main] DataProviderH2 - h2ToUserListUser: [2] {}
[INFO ] 2022-01-22 17:35:38.534 [main] DataProviderH2 - h2ToUserListUser: [4] {}
[INFO ] 2022-01-22 17:35:38.534 [main] DataProviderH2 - closeConnection: [1] {}
[INFO ] 2022-01-22 17:35:38.535 [main] DataProviderH2 - readFromH2: [2] {}
[INFO ] 2022-01-22 17:35:38.535 [main] DataProviderH2 - readFromH2: [4] {}
[INFO ] 2022-01-22 17:35:38.535 [main] DataProviderH2 - getUsers: [2] {}
[INFO ] 2022-01-22 17:35:38.535 [main] DataProviderH2 - getUsers: [4] {}
[INFO ] 2022-01-22 17:35:38.535 [main] DataProviderH2 - getUsers: [1] {}
[INFO ] 2022-01-22 17:35:38.535 [main] DataProviderH2 - readFromH2: [1] {}
[INFO ] 2022-01-22 17:35:38.535 [main] DataProviderH2 - connection: [1] {}
[INFO ] 2022-01-22 17:35:38.536 [main] DataProviderH2 - connection: [2] {}
[INFO ] 2022-01-22 17:35:38.537 [main] DataProviderH2 - connection: [4] {}
[INFO ] 2022-01-22 17:35:38.537 [main] DataProviderH2 - h2ToUserListUser: [1] {}
[INFO ] 2022-01-22 17:35:38.537 [main] DataProviderH2 - h2ToUserListUser: [2] {}
[INFO ] 2022-01-22 17:35:38.537 [main] DataProviderH2 - h2ToUserListUser: [4] {}
[INFO ] 2022-01-22 17:35:38.537 [main] DataProviderH2 - closeConnection: [1] {}
[INFO ] 2022-01-22 17:35:38.538 [main] DataProviderH2 - readFromH2: [2] {}
[INFO ] 2022-01-22 17:35:38.538 [main] DataProviderH2 - readFromH2: [4] {}
[INFO ] 2022-01-22 17:35:38.538 [main] DataProviderH2 - getUsers: [2] {}
[INFO ] 2022-01-22 17:35:38.538 [main] DataProviderH2 - getUsers: [4] {}
[INFO ] 2022-01-22 17:35:38.540 [main] HistoryContent - putUserHistory: [1] {}
[INFO ] 2022-01-22 17:35:38.967 [main] HistoryContent - putUserHistory: [2] {}
[ERROR] 2022-01-22 17:35:40.298 [main] DataProviderH2 - updateUsers: [3] {} Синтаксическая ошибка в выражении SQL "UPDATE USER SET LOGIN = 'user4', PASSWORD = 'Passwordasdasd4', WHERE[*] ID = 4"; ожидалось "identifier"
Syntax error in SQL statement "UPDATE USER SET LOGIN = 'user4', PASSWORD = 'Passwordasdasd4', WHERE[*] ID = 4"; expected "identifier"; SQL statement:
UPDATE USER SET LOGIN = 'user4', PASSWORD = 'Passwordasdasd4', WHERE id = 4 [42001-200]
[INFO ] 2022-01-22 17:39:06.449 [main] DataProviderH2 - connection: [1] {}
[INFO ] 2022-01-22 17:39:06.734 [main] DataProviderH2 - connection: [2] {}
