[INFO ] 2022-01-21 18:54:24.171 [main] DataProviderXml - getMeddicines: [3] {}
[INFO ] 2022-01-21 18:54:24.206 [main] DataProviderXml - isIdInDataMedicine: [2] {} Element is found
[INFO ] 2022-01-21 18:54:24.207 [main] DataProviderXml - getUserById: [4] {}
[INFO ] 2022-01-21 18:54:24.207 [main] DataProviderXml - getMeddicineByBarcode: [1] {}
[INFO ] 2022-01-21 18:54:24.207 [main] DataProviderXml - getMeddicines: [1] {}
[INFO ] 2022-01-21 18:54:24.207 [main] DataProviderXml - readXmlMedicine: [1] {}
[INFO ] 2022-01-21 18:54:24.212 [main] DataProviderXml - readXmlMedicine: [3] {}
[INFO ] 2022-01-21 18:54:24.212 [main] DataProviderXml - getMeddicines: [3] {}
[INFO ] 2022-01-21 18:54:24.213 [main] DataProviderXml - isIdInDataMedicine: [1] {}
[INFO ] 2022-01-21 18:54:24.220 [main] DataProviderXml - getMeddicines: [1] {}
[INFO ] 2022-01-21 18:54:24.220 [main] DataProviderXml - readXmlMedicine: [1] {}
[INFO ] 2022-01-21 18:54:24.225 [main] DataProviderXml - readXmlMedicine: [3] {}
[INFO ] 2022-01-21 18:54:24.226 [main] DataProviderXml - getMeddicines: [3] {}
[INFO ] 2022-01-21 18:54:24.226 [main] DataProviderXml - isIdInDataMedicine: [2] {} Element is found
[INFO ] 2022-01-21 18:54:24.226 [main] DataProviderXml - getUserById: [4] {}
[INFO ] 2022-01-21 18:54:24.226 [main] DataProviderXml - getTheAnaloguesOfMedicine [1] {}
[INFO ] 2022-01-21 18:54:24.227 [main] DataProviderXml - searchMeddicineByName [1] {}
[INFO ] 2022-01-21 18:54:24.227 [main] DataProviderXml - getMeddicines: [1] {}
[INFO ] 2022-01-21 18:54:24.227 [main] DataProviderXml - readXmlMedicine: [1] {}
[INFO ] 2022-01-21 18:54:24.231 [main] DataProviderXml - readXmlMedicine: [3] {}
[INFO ] 2022-01-21 18:54:24.231 [main] DataProviderXml - getMeddicines: [3] {}
[INFO ] 2022-01-21 18:54:24.232 [main] DataProviderXml - searchMeddicineByName [2] {}
[INFO ] 2022-01-21 18:54:24.232 [main] DataProviderXml - searchMeddicineByName [1] {}
[INFO ] 2022-01-21 18:54:24.233 [main] DataProviderXml - getMeddicines: [1] {}
[INFO ] 2022-01-21 18:54:24.233 [main] DataProviderXml - readXmlMedicine: [1] {}
[INFO ] 2022-01-21 18:54:24.237 [main] DataProviderXml - readXmlMedicine: [3] {}
[INFO ] 2022-01-21 18:54:24.237 [main] DataProviderXml - getMeddicines: [3] {}
[INFO ] 2022-01-21 18:54:24.237 [main] DataProviderXml - searchMeddicineByName [2] {}
[INFO ] 2022-01-21 18:54:24.238 [main] DataProviderXml - getMeddicines: [1] {}
[INFO ] 2022-01-21 18:54:24.238 [main] DataProviderXml - readXmlMedicine: [1] {}
[INFO ] 2022-01-21 18:54:24.242 [main] DataProviderXml - readXmlMedicine: [3] {}
[INFO ] 2022-01-21 18:54:24.242 [main] DataProviderXml - getMeddicines: [3] {}
[INFO ] 2022-01-21 18:54:24.242 [main] DataProviderXml - getTheAnaloguesOfMedicine [2] {}
[INFO ] 2022-01-21 18:54:24.242 [main] DataProviderXml - getTheAnaloguesOfMedicine [4] {}
[INFO ] 2022-01-21 18:54:24.243 [main] DataProviderXml - getTheAnaloguesByBarcode [2] {}
[ERROR] 2022-01-21 19:12:18.070 [main] PharmacyAplication - Exception received {} Unrecognized option: -CSV
[INFO ] 2022-01-21 19:34:29.622 [main] DataProviderCsv - getTheAnaloguesOfMedicine [1] {}
[INFO ] 2022-01-21 19:34:29.627 [main] DataProviderCsv - searchMeddicineByName [1] {}
[INFO ] 2022-01-21 19:34:29.627 [main] DataProviderCsv - getMeddicines: [1] {}
[INFO ] 2022-01-21 19:34:29.628 [main] DataProviderCsv - readCsvMedicine: [1] {}
[INFO ] 2022-01-21 19:34:29.718 [main] DataProviderCsv - readCsvMedicine: [3] {}
[INFO ] 2022-01-21 19:34:29.719 [main] DataProviderCsv - getMeddicines: [3] {}
[INFO ] 2022-01-21 19:34:29.720 [main] DataProviderCsv - searchMeddicineByName [2] {}
[INFO ] 2022-01-21 19:34:29.721 [main] DataProviderCsv - searchMeddicineByName [1] {}
[INFO ] 2022-01-21 19:34:29.721 [main] DataProviderCsv - getMeddicines: [1] {}
[INFO ] 2022-01-21 19:34:29.721 [main] DataProviderCsv - readCsvMedicine: [1] {}
[INFO ] 2022-01-21 19:34:29.727 [main] DataProviderCsv - readCsvMedicine: [3] {}
[INFO ] 2022-01-21 19:34:29.727 [main] DataProviderCsv - getMeddicines: [3] {}
[INFO ] 2022-01-21 19:34:29.727 [main] DataProviderCsv - searchMeddicineByName [2] {}
[INFO ] 2022-01-21 19:34:29.727 [main] DataProviderCsv - getMeddicines: [1] {}
[INFO ] 2022-01-21 19:34:29.727 [main] DataProviderCsv - readCsvMedicine: [1] {}
[INFO ] 2022-01-21 19:34:29.733 [main] DataProviderCsv - readCsvMedicine: [3] {}
[INFO ] 2022-01-21 19:34:29.734 [main] DataProviderCsv - getMeddicines: [3] {}
[INFO ] 2022-01-21 19:34:29.734 [main] DataProviderCsv - getTheAnaloguesOfMedicine [2] {}
[INFO ] 2022-01-21 19:34:29.735 [main] DataProviderCsv - getTheAnaloguesOfMedicine [5] {}
[INFO ] 2022-01-21 19:34:49.854 [main] DataProviderCsv - getTheAnaloguesOfMedicine [1] {}
[INFO ] 2022-01-21 19:34:49.858 [main] DataProviderCsv - searchMeddicineByName [1] {}
[INFO ] 2022-01-21 19:34:49.858 [main] DataProviderCsv - getMeddicines: [1] {}
[INFO ] 2022-01-21 19:34:49.859 [main] DataProviderCsv - readCsvMedicine: [1] {}
[INFO ] 2022-01-21 19:34:49.949 [main] DataProviderCsv - readCsvMedicine: [3] {}
[INFO ] 2022-01-21 19:34:49.950 [main] DataProviderCsv - getMeddicines: [3] {}
[INFO ] 2022-01-21 19:34:49.951 [main] DataProviderCsv - searchMeddicineByName [2] {}
[INFO ] 2022-01-21 19:34:49.951 [main] DataProviderCsv - searchMeddicineByName [1] {}
[INFO ] 2022-01-21 19:34:49.951 [main] DataProviderCsv - getMeddicines: [1] {}
[INFO ] 2022-01-21 19:34:49.951 [main] DataProviderCsv - readCsvMedicine: [1] {}
[INFO ] 2022-01-21 19:34:49.958 [main] DataProviderCsv - readCsvMedicine: [3] {}
[INFO ] 2022-01-21 19:34:49.958 [main] DataProviderCsv - getMeddicines: [3] {}
[INFO ] 2022-01-21 19:34:49.958 [main] DataProviderCsv - searchMeddicineByName [2] {}
[INFO ] 2022-01-21 19:34:49.958 [main] DataProviderCsv - getMeddicines: [1] {}
[INFO ] 2022-01-21 19:34:49.958 [main] DataProviderCsv - readCsvMedicine: [1] {}
[INFO ] 2022-01-21 19:34:49.963 [main] DataProviderCsv - readCsvMedicine: [3] {}
[INFO ] 2022-01-21 19:34:49.963 [main] DataProviderCsv - getMeddicines: [3] {}
[INFO ] 2022-01-21 19:34:49.964 [main] DataProviderCsv - getTheAnaloguesOfMedicine [2] {}
[INFO ] 2022-01-21 19:34:49.965 [main] DataProviderCsv - getTheAnaloguesOfMedicine [5] {}
[INFO ] 2022-01-21 19:35:35.924 [main] DataProviderCsv - getTheAnaloguesOfMedicine [1] {}
[INFO ] 2022-01-21 19:35:35.926 [main] DataProviderCsv - searchMeddicineByName [1] {}
[INFO ] 2022-01-21 19:35:35.926 [main] DataProviderCsv - getMeddicines: [1] {}
[INFO ] 2022-01-21 19:35:35.927 [main] DataProviderCsv - readCsvMedicine: [1] {}
[INFO ] 2022-01-21 19:35:36.016 [main] DataProviderCsv - readCsvMedicine: [3] {}
[INFO ] 2022-01-21 19:35:36.017 [main] DataProviderCsv - getMeddicines: [3] {}
[INFO ] 2022-01-21 19:35:36.018 [main] DataProviderCsv - searchMeddicineByName [2] {}
[INFO ] 2022-01-21 19:35:36.018 [main] DataProviderCsv - searchMeddicineByName [1] {}
[INFO ] 2022-01-21 19:35:36.018 [main] DataProviderCsv - getMeddicines: [1] {}
[INFO ] 2022-01-21 19:35:36.019 [main] DataProviderCsv - readCsvMedicine: [1] {}
[INFO ] 2022-01-21 19:35:36.026 [main] DataProviderCsv - readCsvMedicine: [3] {}
[INFO ] 2022-01-21 19:35:36.026 [main] DataProviderCsv - getMeddicines: [3] {}
[INFO ] 2022-01-21 19:35:36.026 [main] DataProviderCsv - searchMeddicineByName [2] {}
[INFO ] 2022-01-21 19:35:36.026 [main] DataProviderCsv - getMeddicines: [1] {}
[INFO ] 2022-01-21 19:35:36.026 [main] DataProviderCsv - readCsvMedicine: [1] {}
[INFO ] 2022-01-21 19:35:36.032 [main] DataProviderCsv - readCsvMedicine: [3] {}
[INFO ] 2022-01-21 19:35:36.032 [main] DataProviderCsv - getMeddicines: [3] {}
[INFO ] 2022-01-21 19:35:36.033 [main] DataProviderCsv - getTheAnaloguesOfMedicine [2] {}
[INFO ] 2022-01-21 19:35:36.033 [main] DataProviderCsv - getTheAnaloguesOfMedicine [5] {}
[INFO ] 2022-01-21 19:35:49.712 [main] DataProviderCsv - getTheAnaloguesOfMedicine [1] {}
[INFO ] 2022-01-21 19:35:49.715 [main] DataProviderCsv - searchMeddicineByName [1] {}
[INFO ] 2022-01-21 19:35:49.715 [main] DataProviderCsv - getMeddicines: [1] {}
[INFO ] 2022-01-21 19:35:49.716 [main] DataProviderCsv - readCsvMedicine: [1] {}
[INFO ] 2022-01-21 19:35:49.810 [main] DataProviderCsv - readCsvMedicine: [3] {}
[INFO ] 2022-01-21 19:35:49.811 [main] DataProviderCsv - getMeddicines: [3] {}
[INFO ] 2022-01-21 19:35:49.812 [main] DataProviderCsv - searchMeddicineByName [2] {}
[INFO ] 2022-01-21 19:35:49.812 [main] DataProviderCsv - searchMeddicineByName [1] {}
[INFO ] 2022-01-21 19:35:49.813 [main] DataProviderCsv - getMeddicines: [1] {}
[INFO ] 2022-01-21 19:35:49.813 [main] DataProviderCsv - readCsvMedicine: [1] {}
[INFO ] 2022-01-21 19:35:49.822 [main] DataProviderCsv - readCsvMedicine: [3] {}
[INFO ] 2022-01-21 19:35:49.822 [main] DataProviderCsv - getMeddicines: [3] {}
[INFO ] 2022-01-21 19:35:49.822 [main] DataProviderCsv - searchMeddicineByName [2] {}
[INFO ] 2022-01-21 19:35:49.822 [main] DataProviderCsv - getMeddicines: [1] {}
[INFO ] 2022-01-21 19:35:49.822 [main] DataProviderCsv - readCsvMedicine: [1] {}
[INFO ] 2022-01-21 19:35:49.831 [main] DataProviderCsv - readCsvMedicine: [3] {}
[INFO ] 2022-01-21 19:35:49.831 [main] DataProviderCsv - getMeddicines: [3] {}
[INFO ] 2022-01-21 19:35:49.831 [main] DataProviderCsv - getTheAnaloguesOfMedicine [2] {}
[INFO ] 2022-01-21 19:35:49.831 [main] DataProviderCsv - getTheAnaloguesOfMedicine [5] {}
[INFO ] 2022-01-21 19:38:04.801 [main] DataProviderCsv - getTheAnaloguesOfMedicine [1] {}
[INFO ] 2022-01-21 19:38:04.803 [main] DataProviderCsv - searchMeddicineByName [1] {}
[INFO ] 2022-01-21 19:38:04.803 [main] DataProviderCsv - getMeddicines: [1] {}
[INFO ] 2022-01-21 19:38:04.804 [main] DataProviderCsv - readCsvMedicine: [1] {}
[INFO ] 2022-01-21 19:38:04.894 [main] DataProviderCsv - readCsvMedicine: [3] {}
[INFO ] 2022-01-21 19:38:04.896 [main] DataProviderCsv - getMeddicines: [3] {}
[INFO ] 2022-01-21 19:38:04.897 [main] DataProviderCsv - searchMeddicineByName [2] {}
[INFO ] 2022-01-21 19:38:04.897 [main] DataProviderCsv - searchMeddicineByName [1] {}
[INFO ] 2022-01-21 19:38:04.897 [main] DataProviderCsv - getMeddicines: [1] {}
[INFO ] 2022-01-21 19:38:04.898 [main] DataProviderCsv - readCsvMedicine: [1] {}
