[INFO ] 2022-01-21 17:20:10.592 [main] DataProviderXml - getUsers: [3] {}
[INFO ] 2022-01-21 17:20:10.682 [main] DataProviderXml - getUsers: [1] {}
[INFO ] 2022-01-21 17:20:10.682 [main] DataProviderXml - readXml: [1] {}
[INFO ] 2022-01-21 17:20:10.686 [main] DataProviderXml - readXml: [3] {}
[INFO ] 2022-01-21 17:20:10.686 [main] DataProviderXml - getUsers: [3] {}
[INFO ] 2022-01-21 17:20:10.689 [main] DataProviderXml - stringingDuplicateId: [2] {}
[INFO ] 2022-01-21 17:20:10.689 [main] DataProviderXml - writeXml: [1] {}
[INFO ] 2022-01-21 17:20:10.696 [main] DataProviderXml - writeXml: [3] {}
[INFO ] 2022-01-21 17:20:10.696 [main] DataProviderXml - appendUsers: [3] {}
[INFO ] 2022-01-21 17:20:10.696 [main] DataProviderXml - updateUsers: [3] {}
[INFO ] 2022-01-21 17:52:28.239 [main] DataProviderCsv - getTheAnaloguesOfMedicine [1] {}
[INFO ] 2022-01-21 17:52:28.243 [main] DataProviderCsv - searchMeddicineByName [1] {}
[INFO ] 2022-01-21 17:52:28.243 [main] DataProviderCsv - getMeddicines: [1] {}
[INFO ] 2022-01-21 17:52:28.245 [main] DataProviderCsv - readCsvMedicine: [1] {}
[INFO ] 2022-01-21 17:52:28.352 [main] DataProviderCsv - readCsvMedicine: [3] {}
[INFO ] 2022-01-21 17:52:28.353 [main] DataProviderCsv - getMeddicines: [3] {}
[INFO ] 2022-01-21 17:52:28.354 [main] DataProviderCsv - searchMeddicineByName [2] {}
[INFO ] 2022-01-21 17:52:28.354 [main] DataProviderCsv - searchMeddicineByName [1] {}
[INFO ] 2022-01-21 17:52:28.354 [main] DataProviderCsv - getMeddicines: [1] {}
[INFO ] 2022-01-21 17:52:28.354 [main] DataProviderCsv - readCsvMedicine: [1] {}
[INFO ] 2022-01-21 17:52:28.360 [main] DataProviderCsv - readCsvMedicine: [3] {}
[INFO ] 2022-01-21 17:52:28.361 [main] DataProviderCsv - getMeddicines: [3] {}
[INFO ] 2022-01-21 17:52:28.361 [main] DataProviderCsv - searchMeddicineByName [2] {}
[INFO ] 2022-01-21 17:52:28.361 [main] DataProviderCsv - getMeddicines: [1] {}
[INFO ] 2022-01-21 17:52:28.361 [main] DataProviderCsv - readCsvMedicine: [1] {}
[INFO ] 2022-01-21 17:52:28.376 [main] DataProviderCsv - readCsvMedicine: [3] {}
[INFO ] 2022-01-21 17:52:28.376 [main] DataProviderCsv - getMeddicines: [3] {}
[INFO ] 2022-01-21 17:52:28.376 [main] DataProviderCsv - getTheAnaloguesOfMedicine [2] {}
[INFO ] 2022-01-21 17:52:28.376 [main] DataProviderCsv - getTheAnaloguesOfMedicine [5] {}
[INFO ] 2022-01-21 17:53:33.726 [main] DataProviderCsv - getTheAnaloguesOfMedicine [1] {}
[INFO ] 2022-01-21 17:53:33.731 [main] DataProviderCsv - searchMeddicineByName [1] {}
[INFO ] 2022-01-21 17:53:33.731 [main] DataProviderCsv - getMeddicines: [1] {}
[INFO ] 2022-01-21 17:53:33.732 [main] DataProviderCsv - readCsvMedicine: [1] {}
[INFO ] 2022-01-21 17:53:33.829 [main] DataProviderCsv - readCsvMedicine: [3] {}
[INFO ] 2022-01-21 17:53:33.830 [main] DataProviderCsv - getMeddicines: [3] {}
[INFO ] 2022-01-21 17:53:33.831 [main] DataProviderCsv - searchMeddicineByName [2] {}
[INFO ] 2022-01-21 17:53:33.831 [main] DataProviderCsv - searchMeddicineByName [1] {}
[INFO ] 2022-01-21 17:53:33.831 [main] DataProviderCsv - getMeddicines: [1] {}
[INFO ] 2022-01-21 17:53:33.831 [main] DataProviderCsv - readCsvMedicine: [1] {}
[INFO ] 2022-01-21 17:53:33.838 [main] DataProviderCsv - readCsvMedicine: [3] {}
[INFO ] 2022-01-21 17:53:33.839 [main] DataProviderCsv - getMeddicines: [3] {}
[INFO ] 2022-01-21 17:53:33.839 [main] DataProviderCsv - searchMeddicineByName [2] {}
[INFO ] 2022-01-21 17:53:33.839 [main] DataProviderCsv - getMeddicines: [1] {}
[INFO ] 2022-01-21 17:53:33.839 [main] DataProviderCsv - readCsvMedicine: [1] {}
[INFO ] 2022-01-21 17:53:33.854 [main] DataProviderCsv - readCsvMedicine: [3] {}
[INFO ] 2022-01-21 17:53:33.854 [main] DataProviderCsv - getMeddicines: [3] {}
[INFO ] 2022-01-21 17:53:33.855 [main] DataProviderCsv - getTheAnaloguesOfMedicine [2] {}
[INFO ] 2022-01-21 17:53:33.855 [main] DataProviderCsv - getTheAnaloguesOfMedicine [5] {}
[INFO ] 2022-01-21 17:53:47.203 [main] DataProviderCsv - getTheAnaloguesOfMedicine [1] {}
[INFO ] 2022-01-21 17:53:47.208 [main] DataProviderCsv - searchMeddicineByName [1] {}
[INFO ] 2022-01-21 17:53:47.208 [main] DataProviderCsv - getMeddicines: [1] {}
[INFO ] 2022-01-21 17:53:47.209 [main] DataProviderCsv - readCsvMedicine: [1] {}
[INFO ] 2022-01-21 17:53:47.315 [main] DataProviderCsv - readCsvMedicine: [3] {}
[INFO ] 2022-01-21 17:53:47.317 [main] DataProviderCsv - getMeddicines: [3] {}
[INFO ] 2022-01-21 17:53:47.318 [main] DataProviderCsv - searchMeddicineByName [2] {}
[INFO ] 2022-01-21 17:53:47.318 [main] DataProviderCsv - getTheAnaloguesOfMedicine [3] {} No such meddicine
[INFO ] 2022-01-21 17:53:47.318 [main] DataProviderCsv - getTheAnaloguesOfMedicine [5] {}
[INFO ] 2022-01-21 17:54:06.661 [main] DataProviderCsv - getTheAnaloguesByBarcode [1] {}
[INFO ] 2022-01-21 17:54:06.666 [main] DataProviderCsv - getMeddicineByBarcode: [1] {}
[INFO ] 2022-01-21 17:54:06.667 [main] DataProviderCsv - getMeddicines: [1] {}
[INFO ] 2022-01-21 17:54:06.667 [main] DataProviderCsv - readCsvMedicine: [1] {}
[INFO ] 2022-01-21 17:54:06.789 [main] DataProviderCsv - readCsvMedicine: [3] {}
[INFO ] 2022-01-21 17:54:06.790 [main] DataProviderCsv - getMeddicines: [3] {}
[INFO ] 2022-01-21 17:54:06.791 [main] DataProviderCsv - isIdInDataMedicine: [1] {}
[INFO ] 2022-01-21 17:54:06.791 [main] DataProviderCsv - getMeddicines: [1] {}
[INFO ] 2022-01-21 17:54:06.791 [main] DataProviderCsv - readCsvMedicine: [1] {}
[INFO ] 2022-01-21 17:54:06.798 [main] DataProviderCsv - readCsvMedicine: [3] {}
[INFO ] 2022-01-21 17:54:06.799 [main] DataProviderCsv - getMeddicines: [3] {}
[INFO ] 2022-01-21 17:54:06.800 [main] DataProviderCsv - isIdInDataMedicine: [2] {} Element is found
[INFO ] 2022-01-21 17:54:06.801 [main] DataProviderCsv - getMeddicineByBarcode: [4] {}
[INFO ] 2022-01-21 17:54:06.801 [main] DataProviderCsv - getMeddicineByBarcode: [1] {}
[INFO ] 2022-01-21 17:54:06.801 [main] DataProviderCsv - getMeddicines: [1] {}
[INFO ] 2022-01-21 17:54:06.802 [main] DataProviderCsv - readCsvMedicine: [1] {}
[INFO ] 2022-01-21 17:54:06.818 [main] DataProviderCsv - readCsvMedicine: [3] {}
[INFO ] 2022-01-21 17:54:06.818 [main] DataProviderCsv - getMeddicines: [3] {}
[INFO ] 2022-01-21 17:54:06.819 [main] DataProviderCsv - isIdInDataMedicine: [1] {}
[INFO ] 2022-01-21 17:54:06.819 [main] DataProviderCsv - getMeddicines: [1] {}
[INFO ] 2022-01-21 17:54:06.819 [main] DataProviderCsv - readCsvMedicine: [1] {}
[INFO ] 2022-01-21 17:54:06.827 [main] DataProviderCsv - readCsvMedicine: [3] {}
[INFO ] 2022-01-21 17:54:06.827 [main] DataProviderCsv - getMeddicines: [3] {}
[INFO ] 2022-01-21 17:54:06.827 [main] DataProviderCsv - isIdInDataMedicine: [2] {} Element is found
[INFO ] 2022-01-21 17:54:06.827 [main] DataProviderCsv - getMeddicineByBarcode: [4] {}
[INFO ] 2022-01-21 17:54:06.827 [main] DataProviderCsv - getTheAnaloguesOfMedicine [1] {}
[INFO ] 2022-01-21 17:54:06.827 [main] DataProviderCsv - searchMeddicineByName [1] {}
[INFO ] 2022-01-21 17:54:06.827 [main] DataProviderCsv - getMeddicines: [1] {}
[INFO ] 2022-01-21 17:54:06.828 [main] DataProviderCsv - readCsvMedicine: [1] {}
[INFO ] 2022-01-21 17:54:06.833 [main] DataProviderCsv - readCsvMedicine: [3] {}
[INFO ] 2022-01-21 17:54:06.833 [main] DataProviderCsv - getMeddicines: [3] {}
[INFO ] 2022-01-21 17:54:06.834 [main] DataProviderCsv - searchMeddicineByName [2] {}
[INFO ] 2022-01-21 17:54:06.834 [main] DataProviderCsv - searchMeddicineByName [1] {}
[INFO ] 2022-01-21 17:54:06.834 [main] DataProviderCsv - getMeddicines: [1] {}
[INFO ] 2022-01-21 17:54:06.834 [main] DataProviderCsv - readCsvMedicine: [1] {}
[INFO ] 2022-01-21 17:54:06.841 [main] DataProviderCsv - readCsvMedicine: [3] {}
[INFO ] 2022-01-21 17:54:06.841 [main] DataProviderCsv - getMeddicines: [3] {}
[INFO ] 2022-01-21 17:54:06.842 [main] DataProviderCsv - searchMeddicineByName [2] {}
[INFO ] 2022-01-21 17:54:06.842 [main] DataProviderCsv - getMeddicines: [1] {}
[INFO ] 2022-01-21 17:54:06.842 [main] DataProviderCsv - readCsvMedicine: [1] {}
[INFO ] 2022-01-21 17:54:06.848 [main] DataProviderCsv - readCsvMedicine: [3] {}
[INFO ] 2022-01-21 17:54:06.848 [main] DataProviderCsv - getMeddicines: [3] {}
[INFO ] 2022-01-21 17:54:06.849 [main] DataProviderCsv - getTheAnaloguesOfMedicine [2] {}
[INFO ] 2022-01-21 17:54:06.849 [main] DataProviderCsv - getTheAnaloguesOfMedicine [5] {}
[INFO ] 2022-01-21 17:54:06.849 [main] DataProviderCsv - getTheAnaloguesByBarcode [2] {}
[INFO ] 2022-01-21 17:54:17.464 [main] DataProviderCsv - getTheAnaloguesByBarcode [1] {}
[INFO ] 2022-01-21 17:54:17.468 [main] DataProviderCsv - getMeddicineByBarcode: [1] {}
[INFO ] 2022-01-21 17:54:17.469 [main] DataProviderCsv - getMeddicines: [1] {}
[INFO ] 2022-01-21 17:54:17.469 [main] DataProviderCsv - readCsvMedicine: [1] {}
[INFO ] 2022-01-21 17:54:17.571 [main] DataProviderCsv - readCsvMedicine: [3] {}
[INFO ] 2022-01-21 17:54:17.573 [main] DataProviderCsv - getMeddicines: [3] {}
[INFO ] 2022-01-21 17:54:17.573 [main] DataProviderCsv - isIdInDataMedicine: [1] {}
[INFO ] 2022-01-21 17:54:17.573 [main] DataProviderCsv - getMeddicines: [1] {}
[INFO ] 2022-01-21 17:54:17.573 [main] DataProviderCsv - readCsvMedicine: [1] {}
[INFO ] 2022-01-21 17:54:17.580 [main] DataProviderCsv - readCsvMedicine: [3] {}
[INFO ] 2022-01-21 17:54:17.581 [main] DataProviderCsv - getMeddicines: [3] {}
[INFO ] 2022-01-21 17:54:17.582 [main] DataProviderCsv - isIdInDataMedicine: [3] {} No Such Element
[INFO ] 2022-01-21 17:54:17.582 [main] DataProviderCsv - getMeddicineByBarcode: [2] {}
[INFO ] 2022-01-21 17:54:17.582 [main] DataProviderCsv - getMeddicineByBarcode: [4] {}
[INFO ] 2022-01-21 17:54:17.582 [main] DataProviderCsv - getTheAnaloguesByBarcode [3] {} No such meddicine
[INFO ] 2022-01-21 18:51:51.140 [main] DataProviderCsv - getTheAnaloguesByBarcode [1] {}
[INFO ] 2022-01-21 18:51:51.144 [main] DataProviderCsv - getMeddicineByBarcode: [1] {}
[INFO ] 2022-01-21 18:51:51.145 [main] DataProviderCsv - getMeddicines: [1] {}
[INFO ] 2022-01-21 18:51:51.145 [main] DataProviderCsv - readCsvMedicine: [1] {}
[INFO ] 2022-01-21 18:51:51.241 [main] DataProviderCsv - readCsvMedicine: [3] {}
