[INFO ] 2022-01-26 16:10:07.147 [main] DataProviderH2 - getMedicalDevices: [2] {}
[INFO ] 2022-01-26 16:10:07.158 [main] DataProviderH2 - getMedicalDevices: [4] {}
[INFO ] 2022-01-26 16:10:07.158 [main] DataProviderH2 - searchMedicalDeviceByName [2] {}
[INFO ] 2022-01-26 16:10:07.159 [main] DataProviderH2 - searchPharmacyProductByName [2] {}
[INFO ] 2022-01-26 16:10:07.159 [main] DataProviderH2 - searchPharmacyProductByName [3] {}
[INFO ] 2022-01-26 16:10:07.159 [main] DataProviderH2 - searchPharmacyProductByName [5] {}
[INFO ] 2022-01-26 16:10:07.159 [main] DataProviderH2 - searchPharmacyProductByName [1] {}
[INFO ] 2022-01-26 16:10:07.159 [main] DataProviderH2 - searchMeddicineByName [1] {}
[INFO ] 2022-01-26 16:10:07.159 [main] DataProviderH2 - getMeddicines: [1] {}
[INFO ] 2022-01-26 16:10:07.160 [main] DataProviderH2 - readMeddicinesFromH2M: [1] {}
[INFO ] 2022-01-26 16:10:07.160 [main] DataProviderH2 - connection: [1] {}
[INFO ] 2022-01-26 16:10:07.175 [main] DataProviderH2 - connection: [2] {}
[INFO ] 2022-01-26 16:10:07.175 [main] DataProviderH2 - connection: [4] {}
[INFO ] 2022-01-26 16:10:07.175 [main] DataProviderH2 - h2ToMeddicineList: [1] {}
[INFO ] 2022-01-26 16:10:07.176 [main] DataProviderH2 - h2ToMeddicineList: [2] {}
[INFO ] 2022-01-26 16:10:07.176 [main] DataProviderH2 - h2ToMeddicineList: [4] {}
[INFO ] 2022-01-26 16:10:07.176 [main] DataProviderH2 - closeConnection: [1] {}
[INFO ] 2022-01-26 16:10:07.191 [main] DataProviderH2 - readMeddicinesFromH2M: [2] {}
[INFO ] 2022-01-26 16:10:07.192 [main] DataProviderH2 - readFromH2: [4] {}
[INFO ] 2022-01-26 16:10:07.192 [main] DataProviderH2 - getMeddicines: [2] {}
[INFO ] 2022-01-26 16:10:07.192 [main] DataProviderH2 - getMeddicines: [4] {}
[INFO ] 2022-01-26 16:10:07.192 [main] DataProviderH2 - searchMeddicineByName [2] {}
[INFO ] 2022-01-26 16:10:07.192 [main] DataProviderH2 - searchMedicalDeviceByName [1] {}
[INFO ] 2022-01-26 16:10:07.192 [main] DataProviderH2 - getMedicalDevices: [1] {}
[INFO ] 2022-01-26 16:10:07.192 [main] DataProviderH2 - readMedicalDeviceFromH2M: [1] {}
[INFO ] 2022-01-26 16:10:07.192 [main] DataProviderH2 - connection: [1] {}
[INFO ] 2022-01-26 16:10:07.208 [main] DataProviderH2 - connection: [2] {}
[INFO ] 2022-01-26 16:10:07.208 [main] DataProviderH2 - connection: [4] {}
[INFO ] 2022-01-26 16:10:07.208 [main] DataProviderH2 - h2ToMedicalDeviceList: [1] {}
[INFO ] 2022-01-26 16:10:07.209 [main] DataProviderH2 - h2ToMedicalDeviceList: [2] {}
[INFO ] 2022-01-26 16:10:07.209 [main] DataProviderH2 - h2ToMedicalDeviceList: [4] {}
[INFO ] 2022-01-26 16:10:07.209 [main] DataProviderH2 - closeConnection: [1] {}
[INFO ] 2022-01-26 16:10:07.224 [main] DataProviderH2 - readMedicalDeviceFromH2M: [2] {}
[INFO ] 2022-01-26 16:10:07.224 [main] DataProviderH2 - readMedicalDeviceFromH2M: [4] {}
[INFO ] 2022-01-26 16:10:07.224 [main] DataProviderH2 - getMedicalDevices: [2] {}
[INFO ] 2022-01-26 16:10:07.224 [main] DataProviderH2 - getMedicalDevices: [4] {}
[INFO ] 2022-01-26 16:10:07.224 [main] DataProviderH2 - searchMedicalDeviceByName [2] {}
[INFO ] 2022-01-26 16:10:07.224 [main] DataProviderH2 - searchPharmacyProductByName [2] {}
[INFO ] 2022-01-26 16:10:07.224 [main] DataProviderH2 - searchPharmacyProductByName [3] {}
[INFO ] 2022-01-26 16:10:07.224 [main] DataProviderH2 - searchPharmacyProductByName [5] {}
[INFO ] 2022-01-26 16:10:07.225 [main] DataProviderH2 - updateOrders: [1] {}
[INFO ] 2022-01-26 16:10:07.225 [main] DataProviderH2 - connection: [1] {}
[INFO ] 2022-01-26 16:10:07.240 [main] DataProviderH2 - connection: [2] {}
[INFO ] 2022-01-26 16:10:07.240 [main] DataProviderH2 - connection: [4] {}
[INFO ] 2022-01-26 16:10:07.240 [main] DataProviderH2 - isInDataOrder [1] {}
[INFO ] 2022-01-26 16:10:07.240 [main] DataProviderH2 - getOrders: [1] {}
[INFO ] 2022-01-26 16:10:07.240 [main] DataProviderH2 - readH2Order: [1] {}
[INFO ] 2022-01-26 16:10:07.240 [main] DataProviderH2 - connection: [1] {}
[INFO ] 2022-01-26 16:10:07.241 [main] DataProviderH2 - connection: [2] {}
[INFO ] 2022-01-26 16:10:07.242 [main] DataProviderH2 - connection: [4] {}
[INFO ] 2022-01-26 16:10:07.242 [main] DataProviderH2 - h2ToOrderList: [1] {}
[INFO ] 2022-01-26 16:10:07.242 [main] DataProviderH2 - h2ToOrderList: [2] {}
[INFO ] 2022-01-26 16:10:07.242 [main] DataProviderH2 - h2ToOrderList: [4] {}
[INFO ] 2022-01-26 16:10:07.242 [main] DataProviderH2 - closeConnection: [1] {}
[INFO ] 2022-01-26 16:10:07.242 [main] DataProviderH2 - readH2Order: [2] {}
[INFO ] 2022-01-26 16:10:07.243 [main] DataProviderH2 - readH2Order: [4] {}
[INFO ] 2022-01-26 16:10:07.243 [main] DataProviderH2 - getOrders: [2] {}
[INFO ] 2022-01-26 16:10:07.243 [main] DataProviderH2 - getOrders: [4] {}
[INFO ] 2022-01-26 16:10:07.244 [main] DataProviderH2 - takeHistoryOrders [1] {}
[INFO ] 2022-01-26 16:10:07.244 [main] DataProviderH2 - isInDataOrder [1] {}
[INFO ] 2022-01-26 16:10:07.244 [main] DataProviderH2 - getOrders: [1] {}
[INFO ] 2022-01-26 16:10:07.244 [main] DataProviderH2 - readH2Order: [1] {}
[INFO ] 2022-01-26 16:10:07.244 [main] DataProviderH2 - connection: [1] {}
[INFO ] 2022-01-26 16:10:07.246 [main] DataProviderH2 - connection: [2] {}
[INFO ] 2022-01-26 16:10:07.246 [main] DataProviderH2 - connection: [4] {}
[INFO ] 2022-01-26 16:10:07.247 [main] DataProviderH2 - h2ToOrderList: [1] {}
[INFO ] 2022-01-26 16:10:07.247 [main] DataProviderH2 - h2ToOrderList: [2] {}
[INFO ] 2022-01-26 16:10:07.247 [main] DataProviderH2 - h2ToOrderList: [4] {}
[INFO ] 2022-01-26 16:10:07.248 [main] DataProviderH2 - closeConnection: [1] {}
[INFO ] 2022-01-26 16:10:07.248 [main] DataProviderH2 - readH2Order: [2] {}
[INFO ] 2022-01-26 16:10:07.248 [main] DataProviderH2 - readH2Order: [4] {}
[INFO ] 2022-01-26 16:10:07.248 [main] DataProviderH2 - getOrders: [2] {}
[INFO ] 2022-01-26 16:10:07.248 [main] DataProviderH2 - getOrders: [4] {}
[INFO ] 2022-01-26 16:10:07.249 [main] DataProviderH2 - getOrders: [1] {}
[INFO ] 2022-01-26 16:10:07.249 [main] DataProviderH2 - readH2Order: [1] {}
[INFO ] 2022-01-26 16:10:07.249 [main] DataProviderH2 - connection: [1] {}
[INFO ] 2022-01-26 16:10:07.251 [main] DataProviderH2 - connection: [2] {}
[INFO ] 2022-01-26 16:10:07.251 [main] DataProviderH2 - connection: [4] {}
[INFO ] 2022-01-26 16:10:07.252 [main] DataProviderH2 - h2ToOrderList: [1] {}
[INFO ] 2022-01-26 16:10:07.253 [main] DataProviderH2 - h2ToOrderList: [2] {}
[INFO ] 2022-01-26 16:10:07.253 [main] DataProviderH2 - h2ToOrderList: [4] {}
[INFO ] 2022-01-26 16:10:07.254 [main] DataProviderH2 - closeConnection: [1] {}
[INFO ] 2022-01-26 16:10:07.254 [main] DataProviderH2 - readH2Order: [2] {}
[INFO ] 2022-01-26 16:10:07.254 [main] DataProviderH2 - readH2Order: [4] {}
[INFO ] 2022-01-26 16:10:07.254 [main] DataProviderH2 - getOrders: [2] {}
[INFO ] 2022-01-26 16:10:07.255 [main] DataProviderH2 - getOrders: [4] {}
[INFO ] 2022-01-26 16:10:07.261 [main] HistoryContent - putOrderHistory: [1] {}
[INFO ] 2022-01-26 16:10:07.933 [main] HistoryContent - putOrderHistory: [2] {}
[INFO ] 2022-01-26 16:10:09.536 [main] DataProviderH2 - updateOrders: [3] {}
[INFO ] 2022-01-26 16:10:09.538 [main] DataProviderH2 - closeConnection: [1] {}
[INFO ] 2022-01-26 16:10:09.565 [main] DataProviderH2 - updateOrders: [5] {}
[INFO ] 2022-01-26 16:10:09.566 [main] DataProviderH2 - createOrder [3] {}
[INFO ] 2022-01-26 16:10:14.838 [main] DataProviderH2 - createOrder [1] {}
[INFO ] 2022-01-26 16:10:14.843 [main] DataProviderH2 - getUserById: [1] {}
[INFO ] 2022-01-26 16:10:14.843 [main] DataProviderH2 - connection: [1] {}
[INFO ] 2022-01-26 16:10:15.110 [main] DataProviderH2 - connection: [2] {}
[INFO ] 2022-01-26 16:10:15.110 [main] DataProviderH2 - connection: [4] {}
[INFO ] 2022-01-26 16:10:15.122 [main] DataProviderH2 - h2ToUserListUser: [1] {}
[INFO ] 2022-01-26 16:10:15.123 [main] DataProviderH2 - h2ToUserListUser: [2] {}
[INFO ] 2022-01-26 16:10:15.124 [main] DataProviderH2 - h2ToUserListUser: [4] {}
[INFO ] 2022-01-26 16:10:15.124 [main] DataProviderH2 - closeConnection: [1] {}
[INFO ] 2022-01-26 16:10:15.143 [main] DataProviderH2 - getUserById: [2] {}
[INFO ] 2022-01-26 16:10:15.143 [main] DataProviderH2 - pharmacyProductName [1] {}
[INFO ] 2022-01-26 16:10:15.144 [main] DataProviderH2 - searchPharmacyProductByName [1] {}
[INFO ] 2022-01-26 16:10:15.144 [main] DataProviderH2 - searchMeddicineByName [1] {}
[INFO ] 2022-01-26 16:10:15.144 [main] DataProviderH2 - getMeddicines: [1] {}
[INFO ] 2022-01-26 16:10:15.144 [main] DataProviderH2 - readMeddicinesFromH2M: [1] {}
[INFO ] 2022-01-26 16:10:15.144 [main] DataProviderH2 - connection: [1] {}
[INFO ] 2022-01-26 16:10:15.160 [main] DataProviderH2 - connection: [2] {}
[INFO ] 2022-01-26 16:10:15.160 [main] DataProviderH2 - connection: [4] {}
[INFO ] 2022-01-26 16:10:15.160 [main] DataProviderH2 - h2ToMeddicineList: [1] {}
[INFO ] 2022-01-26 16:10:15.164 [main] DataProviderH2 - h2ToMeddicineList: [2] {}
[INFO ] 2022-01-26 16:10:15.164 [main] DataProviderH2 - h2ToMeddicineList: [4] {}
[INFO ] 2022-01-26 16:10:15.164 [main] DataProviderH2 - closeConnection: [1] {}
[INFO ] 2022-01-26 16:10:15.204 [main] DataProviderH2 - readMeddicinesFromH2M: [2] {}
[INFO ] 2022-01-26 16:10:15.205 [main] DataProviderH2 - readFromH2: [4] {}
[INFO ] 2022-01-26 16:10:15.205 [main] DataProviderH2 - getMeddicines: [2] {}
[INFO ] 2022-01-26 16:10:15.205 [main] DataProviderH2 - getMeddicines: [4] {}
[INFO ] 2022-01-26 16:10:15.206 [main] DataProviderH2 - searchMeddicineByName [2] {}
[INFO ] 2022-01-26 16:10:15.206 [main] DataProviderH2 - searchMedicalDeviceByName [1] {}
[INFO ] 2022-01-26 16:10:15.206 [main] DataProviderH2 - getMedicalDevices: [1] {}
[INFO ] 2022-01-26 16:10:15.206 [main] DataProviderH2 - readMedicalDeviceFromH2M: [1] {}
[INFO ] 2022-01-26 16:10:15.206 [main] DataProviderH2 - connection: [1] {}
[INFO ] 2022-01-26 16:10:15.224 [main] DataProviderH2 - connection: [2] {}
[INFO ] 2022-01-26 16:10:15.224 [main] DataProviderH2 - connection: [4] {}
[INFO ] 2022-01-26 16:10:15.225 [main] DataProviderH2 - h2ToMedicalDeviceList: [1] {}
[INFO ] 2022-01-26 16:10:15.229 [main] DataProviderH2 - h2ToMedicalDeviceList: [2] {}
