[INFO ] 2022-01-22 16:56:01.485 [main] DataProviderH2 - searchMedicalDeviceByName [2] {}
[INFO ] 2022-01-22 16:56:01.497 [main] DataProviderH2 - searchPharmacyProductByName [2] {}
[INFO ] 2022-01-22 16:56:01.497 [main] DataProviderH2 - searchPharmacyProductByName [3] {}
[INFO ] 2022-01-22 16:56:01.497 [main] DataProviderH2 - searchPharmacyProductByName [5] {}
[INFO ] 2022-01-22 16:56:01.498 [main] DataProviderH2 - sortPharmacyProductMinToMax [1] {}
[INFO ] 2022-01-22 16:56:01.499 [main] DataProviderH2 - sortPharmacyProductMinToMax [2] {}
[INFO ] 2022-01-22 17:08:58.109 [main] DataProviderCsv - appendUsers: [1] {}
[INFO ] 2022-01-22 17:08:58.114 [main] DataProviderCsv - stringingDuplicateId: [1] {}
[INFO ] 2022-01-22 17:08:58.114 [main] DataProviderCsv - getUsers: [1] {}
[INFO ] 2022-01-22 17:08:58.122 [main] DataProviderCsv - readCsv: [1] {}
[INFO ] 2022-01-22 17:08:58.219 [main] DataProviderCsv - readCsv: [3] {}
[INFO ] 2022-01-22 17:08:58.220 [main] DataProviderCsv - getUsers: [3] {}
[INFO ] 2022-01-22 17:08:58.220 [main] DataProviderCsv - getUsers: [1] {}
[INFO ] 2022-01-22 17:08:58.220 [main] DataProviderCsv - readCsv: [1] {}
[INFO ] 2022-01-22 17:08:58.226 [main] DataProviderCsv - readCsv: [3] {}
[INFO ] 2022-01-22 17:08:58.227 [main] DataProviderCsv - getUsers: [3] {}
[INFO ] 2022-01-22 17:08:58.227 [main] DataProviderCsv - stringingDuplicateId: [2] {}
[INFO ] 2022-01-22 17:08:58.228 [main] DataProviderCsv - writeCsv: [1] {}
[INFO ] 2022-01-22 17:08:58.263 [main] DataProviderCsv - writeCsv: [3] {}
[INFO ] 2022-01-22 17:08:58.263 [main] DataProviderCsv - appendUsers: [5] {}
[INFO ] 2022-01-22 17:08:58.263 [main] DataProviderCsv - getUsers: [1] {}
[INFO ] 2022-01-22 17:08:58.264 [main] DataProviderCsv - readCsv: [1] {}
[INFO ] 2022-01-22 17:08:58.276 [main] DataProviderCsv - readCsv: [3] {}
[INFO ] 2022-01-22 17:08:58.277 [main] DataProviderCsv - getUsers: [3] {}
[INFO ] 2022-01-22 17:08:58.277 [main] DataProviderCsv - getUsers: [1] {}
[INFO ] 2022-01-22 17:08:58.277 [main] DataProviderCsv - readCsv: [1] {}
[INFO ] 2022-01-22 17:08:58.281 [main] DataProviderCsv - readCsv: [3] {}
[INFO ] 2022-01-22 17:08:58.281 [main] DataProviderCsv - getUsers: [3] {}
[INFO ] 2022-01-22 17:09:43.935 [main] DataProviderXml - appendUsers: [1] {}
[INFO ] 2022-01-22 17:09:43.939 [main] DataProviderXml - stringingDuplicateId: [1] {}
[INFO ] 2022-01-22 17:09:43.939 [main] DataProviderXml - getUsers: [1] {}
[INFO ] 2022-01-22 17:09:43.940 [main] DataProviderXml - readXml: [1] {}
[ERROR] 2022-01-22 17:09:44.065 [main] DataProviderXml - readXml: [2] {}Element 'order' does not have a match in class project.model.User at line 7
[INFO ] 2022-01-22 17:09:44.068 [main] DataProviderXml - readXml: [3] {}
[INFO ] 2022-01-22 17:09:44.070 [main] DataProviderXml - getUsers: [3] {}
[INFO ] 2022-01-22 17:09:44.070 [main] DataProviderXml - writeXml: [1] {}
[INFO ] 2022-01-22 17:09:44.106 [main] DataProviderXml - writeXml: [3] {}
[INFO ] 2022-01-22 17:09:44.106 [main] DataProviderXml - appendUsers: [3] {}
[INFO ] 2022-01-22 17:09:44.106 [main] DataProviderXml - getUsers: [1] {}
[INFO ] 2022-01-22 17:09:44.106 [main] DataProviderXml - readXml: [1] {}
[INFO ] 2022-01-22 17:09:44.110 [main] DataProviderXml - readXml: [3] {}
[INFO ] 2022-01-22 17:09:44.110 [main] DataProviderXml - getUsers: [3] {}
[INFO ] 2022-01-22 17:09:44.110 [main] DataProviderXml - getUsers: [1] {}
[INFO ] 2022-01-22 17:09:44.110 [main] DataProviderXml - readXml: [1] {}
[INFO ] 2022-01-22 17:09:44.115 [main] DataProviderXml - readXml: [3] {}
[INFO ] 2022-01-22 17:09:44.115 [main] DataProviderXml - getUsers: [3] {}
[INFO ] 2022-01-22 17:09:58.300 [main] DataProviderXml - appendUsers: [1] {}
[INFO ] 2022-01-22 17:09:58.305 [main] DataProviderXml - stringingDuplicateId: [1] {}
[INFO ] 2022-01-22 17:09:58.305 [main] DataProviderXml - getUsers: [1] {}
[INFO ] 2022-01-22 17:09:58.305 [main] DataProviderXml - readXml: [1] {}
[INFO ] 2022-01-22 17:09:58.486 [main] DataProviderXml - readXml: [3] {}
[INFO ] 2022-01-22 17:09:58.487 [main] DataProviderXml - getUsers: [3] {}
[INFO ] 2022-01-22 17:09:58.487 [main] DataProviderXml - getUsers: [1] {}
[INFO ] 2022-01-22 17:09:58.488 [main] DataProviderXml - readXml: [1] {}
[INFO ] 2022-01-22 17:09:58.496 [main] DataProviderXml - readXml: [3] {}
[INFO ] 2022-01-22 17:09:58.496 [main] DataProviderXml - getUsers: [3] {}
[INFO ] 2022-01-22 17:09:58.497 [main] DataProviderXml - stringingDuplicateId: [2] {}
[INFO ] 2022-01-22 17:09:58.497 [main] DataProviderXml - writeXml: [1] {}
[INFO ] 2022-01-22 17:09:58.526 [main] DataProviderXml - writeXml: [3] {}
[INFO ] 2022-01-22 17:09:58.527 [main] DataProviderXml - appendUsers: [3] {}
[INFO ] 2022-01-22 17:09:58.527 [main] DataProviderXml - getUsers: [1] {}
[INFO ] 2022-01-22 17:09:58.527 [main] DataProviderXml - readXml: [1] {}
[INFO ] 2022-01-22 17:09:58.532 [main] DataProviderXml - readXml: [3] {}
[INFO ] 2022-01-22 17:09:58.532 [main] DataProviderXml - getUsers: [3] {}
[INFO ] 2022-01-22 17:09:58.533 [main] DataProviderXml - getUsers: [1] {}
[INFO ] 2022-01-22 17:09:58.533 [main] DataProviderXml - readXml: [1] {}
[INFO ] 2022-01-22 17:09:58.537 [main] DataProviderXml - readXml: [3] {}
[INFO ] 2022-01-22 17:09:58.537 [main] DataProviderXml - getUsers: [3] {}
[INFO ] 2022-01-22 17:10:19.933 [main] DataProviderH2 - getUsers: [1] {}
[INFO ] 2022-01-22 17:10:19.938 [main] DataProviderH2 - readFromH2: [1] {}
[INFO ] 2022-01-22 17:10:19.938 [main] DataProviderH2 - connection: [1] {}
[INFO ] 2022-01-22 17:10:20.210 [main] DataProviderH2 - connection: [2] {}
[INFO ] 2022-01-22 17:10:20.210 [main] DataProviderH2 - connection: [4] {}
[INFO ] 2022-01-22 17:10:20.211 [main] DataProviderH2 - h2ToUserListUser: [1] {}
[INFO ] 2022-01-22 17:10:20.212 [main] DataProviderH2 - h2ToUserListUser: [2] {}
[INFO ] 2022-01-22 17:10:20.212 [main] DataProviderH2 - h2ToUserListUser: [4] {}
[INFO ] 2022-01-22 17:10:20.213 [main] DataProviderH2 - closeConnection: [1] {}
[INFO ] 2022-01-22 17:10:20.234 [main] DataProviderH2 - readFromH2: [2] {}
[INFO ] 2022-01-22 17:10:20.234 [main] DataProviderH2 - readFromH2: [4] {}
[INFO ] 2022-01-22 17:10:20.235 [main] DataProviderH2 - getUsers: [2] {}
[INFO ] 2022-01-22 17:10:20.235 [main] DataProviderH2 - getUsers: [4] {}
[INFO ] 2022-01-22 17:11:32.507 [main] DataProviderH2 - getUsers: [1] {}
[INFO ] 2022-01-22 17:11:32.512 [main] DataProviderH2 - readFromH2: [1] {}
[INFO ] 2022-01-22 17:11:32.513 [main] DataProviderH2 - connection: [1] {}
[INFO ] 2022-01-22 17:11:32.786 [main] DataProviderH2 - connection: [2] {}
[INFO ] 2022-01-22 17:11:32.786 [main] DataProviderH2 - connection: [4] {}
[INFO ] 2022-01-22 17:11:32.787 [main] DataProviderH2 - h2ToUserListUser: [1] {}
[INFO ] 2022-01-22 17:11:32.788 [main] DataProviderH2 - h2ToUserListUser: [2] {}
[INFO ] 2022-01-22 17:11:32.788 [main] DataProviderH2 - h2ToUserListUser: [4] {}
[INFO ] 2022-01-22 17:11:32.788 [main] DataProviderH2 - closeConnection: [1] {}
[INFO ] 2022-01-22 17:11:32.809 [main] DataProviderH2 - readFromH2: [2] {}
[INFO ] 2022-01-22 17:11:32.810 [main] DataProviderH2 - readFromH2: [4] {}
[INFO ] 2022-01-22 17:11:32.810 [main] DataProviderH2 - getUsers: [2] {}
[INFO ] 2022-01-22 17:11:32.811 [main] DataProviderH2 - getUsers: [4] {}
[INFO ] 2022-01-22 17:11:44.178 [main] DataProviderH2 - appendUsers: [1] {}
[INFO ] 2022-01-22 17:11:44.183 [main] DataProviderH2 - stringingDuplicateIdDeleteUser: [1] {}
[INFO ] 2022-01-22 17:11:44.183 [main] DataProviderH2 - connection: [1] {}
[INFO ] 2022-01-22 17:11:44.459 [main] DataProviderH2 - connection: [2] {}
[INFO ] 2022-01-22 17:11:44.459 [main] DataProviderH2 - connection: [4] {}
[INFO ] 2022-01-22 17:11:44.467 [main] DataProviderH2 - stringingDuplicateIdDeleteUser: [2] {}
[INFO ] 2022-01-22 17:11:44.467 [main] DataProviderH2 - closeConnection: [1] {}
[INFO ] 2022-01-22 17:11:44.487 [main] DataProviderH2 - writeToH2User: [1] {}
[INFO ] 2022-01-22 17:11:44.487 [main] DataProviderH2 - connection: [1] {}
[INFO ] 2022-01-22 17:11:44.505 [main] DataProviderH2 - connection: [2] {}
[INFO ] 2022-01-22 17:11:44.505 [main] DataProviderH2 - connection: [4] {}
[ERROR] 2022-01-22 17:11:44.515 [main] DataProviderH2 - writeToH2User: [3] {} Неверное количество столбцов
Column count does not match; SQL statement:
INSERT INTO USER VALUES (1, 'Name1', 'Password1') [21002-200]
[INFO ] 2022-01-22 17:11:44.517 [main] DataProviderH2 - writeToH2User: [4] {}
[INFO ] 2022-01-22 17:11:44.519 [main] DataProviderH2 - appendUsers: [2] {}
[INFO ] 2022-01-22 17:11:44.519 [main] DataProviderH2 - appendUsers: [5] {}
[INFO ] 2022-01-22 17:13:32.559 [main] DataProviderH2 - appendUsers: [1] {}
[INFO ] 2022-01-22 17:13:32.564 [main] DataProviderH2 - stringingDuplicateIdDeleteUser: [1] {}
[INFO ] 2022-01-22 17:13:32.564 [main] DataProviderH2 - connection: [1] {}
[INFO ] 2022-01-22 17:13:49.999 [main] DataProviderH2 - appendUsers: [1] {}
[INFO ] 2022-01-22 17:13:50.004 [main] DataProviderH2 - stringingDuplicateIdDeleteUser: [1] {}
[INFO ] 2022-01-22 17:13:50.004 [main] DataProviderH2 - connection: [1] {}
[INFO ] 2022-01-22 17:13:50.343 [main] DataProviderH2 - connection: [2] {}
[INFO ] 2022-01-22 17:13:50.343 [main] DataProviderH2 - connection: [4] {}
[INFO ] 2022-01-22 17:13:50.350 [main] DataProviderH2 - stringingDuplicateIdDeleteUser: [2] {}
[INFO ] 2022-01-22 17:13:50.350 [main] DataProviderH2 - closeConnection: [1] {}
[INFO ] 2022-01-22 17:13:50.372 [main] DataProviderH2 - writeToH2User: [1] {}
[INFO ] 2022-01-22 17:13:50.372 [main] DataProviderH2 - connection: [1] {}
[INFO ] 2022-01-22 17:13:50.390 [main] DataProviderH2 - connection: [2] {}
[INFO ] 2022-01-22 17:13:50.390 [main] DataProviderH2 - connection: [4] {}
[ERROR] 2022-01-22 17:15:08.634 [main] DataProviderH2 - writeToH2User: [3] {} Неверное количество столбцов
Column count does not match; SQL statement:
INSERT INTO USER VALUES (1, 'Name1', 'Password1') [21002-200]
[INFO ] 2022-01-22 17:15:23.099 [main] DataProviderCsv - appendUsers: [1] {}
[INFO ] 2022-01-22 17:15:23.103 [main] DataProviderCsv - stringingDuplicateId: [1] {}
[INFO ] 2022-01-22 17:15:23.103 [main] DataProviderCsv - getUsers: [1] {}
