[INFO ] 2022-01-26 16:10:15.229 [main] DataProviderH2 - h2ToMedicalDeviceList: [4] {}
[INFO ] 2022-01-26 16:10:15.235 [main] DataProviderH2 - closeConnection: [1] {}
[INFO ] 2022-01-26 16:10:15.250 [main] DataProviderH2 - readMedicalDeviceFromH2M: [2] {}
[INFO ] 2022-01-26 16:10:15.250 [main] DataProviderH2 - readMedicalDeviceFromH2M: [4] {}
[INFO ] 2022-01-26 16:10:15.250 [main] DataProviderH2 - getMedicalDevices: [2] {}
[INFO ] 2022-01-26 16:10:15.251 [main] DataProviderH2 - getMedicalDevices: [4] {}
[INFO ] 2022-01-26 16:10:15.251 [main] DataProviderH2 - searchMedicalDeviceByName [2] {}
[INFO ] 2022-01-26 16:10:15.251 [main] DataProviderH2 - searchPharmacyProductByName [2] {}
[INFO ] 2022-01-26 16:10:15.252 [main] DataProviderH2 - searchPharmacyProductByName [3] {}
[INFO ] 2022-01-26 16:10:15.252 [main] DataProviderH2 - searchPharmacyProductByName [5] {}
[INFO ] 2022-01-26 16:10:15.252 [main] DataProviderH2 - searchPharmacyProductByName [1] {}
[INFO ] 2022-01-26 16:10:15.252 [main] DataProviderH2 - searchMeddicineByName [1] {}
[INFO ] 2022-01-26 16:10:15.252 [main] DataProviderH2 - getMeddicines: [1] {}
[INFO ] 2022-01-26 16:10:15.252 [main] DataProviderH2 - readMeddicinesFromH2M: [1] {}
[INFO ] 2022-01-26 16:10:15.253 [main] DataProviderH2 - connection: [1] {}
[INFO ] 2022-01-26 16:10:15.271 [main] DataProviderH2 - connection: [2] {}
[INFO ] 2022-01-26 16:10:15.271 [main] DataProviderH2 - connection: [4] {}
[INFO ] 2022-01-26 16:10:15.271 [main] DataProviderH2 - h2ToMeddicineList: [1] {}
[INFO ] 2022-01-26 16:10:15.271 [main] DataProviderH2 - h2ToMeddicineList: [2] {}
[INFO ] 2022-01-26 16:10:15.272 [main] DataProviderH2 - h2ToMeddicineList: [4] {}
[INFO ] 2022-01-26 16:10:15.272 [main] DataProviderH2 - closeConnection: [1] {}
[INFO ] 2022-01-26 16:10:15.297 [main] DataProviderH2 - readMeddicinesFromH2M: [2] {}
[INFO ] 2022-01-26 16:10:15.297 [main] DataProviderH2 - readFromH2: [4] {}
[INFO ] 2022-01-26 16:10:15.298 [main] DataProviderH2 - getMeddicines: [2] {}
[INFO ] 2022-01-26 16:10:15.298 [main] DataProviderH2 - getMeddicines: [4] {}
[INFO ] 2022-01-26 16:10:15.298 [main] DataProviderH2 - searchMeddicineByName [2] {}
[INFO ] 2022-01-26 16:10:15.298 [main] DataProviderH2 - searchMedicalDeviceByName [1] {}
[INFO ] 2022-01-26 16:10:15.298 [main] DataProviderH2 - getMedicalDevices: [1] {}
[INFO ] 2022-01-26 16:10:15.298 [main] DataProviderH2 - readMedicalDeviceFromH2M: [1] {}
[INFO ] 2022-01-26 16:10:15.299 [main] DataProviderH2 - connection: [1] {}
[INFO ] 2022-01-26 16:10:15.315 [main] DataProviderH2 - connection: [2] {}
[INFO ] 2022-01-26 16:10:15.315 [main] DataProviderH2 - connection: [4] {}
[INFO ] 2022-01-26 16:10:15.315 [main] DataProviderH2 - h2ToMedicalDeviceList: [1] {}
[INFO ] 2022-01-26 16:10:15.315 [main] DataProviderH2 - h2ToMedicalDeviceList: [2] {}
[INFO ] 2022-01-26 16:10:15.315 [main] DataProviderH2 - h2ToMedicalDeviceList: [4] {}
[INFO ] 2022-01-26 16:10:15.315 [main] DataProviderH2 - closeConnection: [1] {}
[INFO ] 2022-01-26 16:10:15.330 [main] DataProviderH2 - readMedicalDeviceFromH2M: [2] {}
[INFO ] 2022-01-26 16:10:15.330 [main] DataProviderH2 - readMedicalDeviceFromH2M: [4] {}
[INFO ] 2022-01-26 16:10:15.331 [main] DataProviderH2 - getMedicalDevices: [2] {}
[INFO ] 2022-01-26 16:10:15.331 [main] DataProviderH2 - getMedicalDevices: [4] {}
[INFO ] 2022-01-26 16:10:15.331 [main] DataProviderH2 - searchMedicalDeviceByName [2] {}
[INFO ] 2022-01-26 16:10:15.331 [main] DataProviderH2 - searchPharmacyProductByName [2] {}
[INFO ] 2022-01-26 16:10:15.331 [main] DataProviderH2 - searchPharmacyProductByName [3] {}
[INFO ] 2022-01-26 16:10:15.331 [main] DataProviderH2 - searchPharmacyProductByName [5] {}
[INFO ] 2022-01-26 16:10:15.331 [main] DataProviderH2 - updateOrders: [1] {}
[INFO ] 2022-01-26 16:10:15.332 [main] DataProviderH2 - connection: [1] {}
[INFO ] 2022-01-26 16:10:15.347 [main] DataProviderH2 - connection: [2] {}
[INFO ] 2022-01-26 16:10:15.347 [main] DataProviderH2 - connection: [4] {}
[INFO ] 2022-01-26 16:10:15.348 [main] DataProviderH2 - isInDataOrder [1] {}
[INFO ] 2022-01-26 16:10:15.348 [main] DataProviderH2 - getOrders: [1] {}
[INFO ] 2022-01-26 16:10:15.348 [main] DataProviderH2 - readH2Order: [1] {}
[INFO ] 2022-01-26 16:10:15.348 [main] DataProviderH2 - connection: [1] {}
[INFO ] 2022-01-26 16:10:15.349 [main] DataProviderH2 - connection: [2] {}
[INFO ] 2022-01-26 16:10:15.349 [main] DataProviderH2 - connection: [4] {}
[INFO ] 2022-01-26 16:10:15.350 [main] DataProviderH2 - h2ToOrderList: [1] {}
[INFO ] 2022-01-26 16:10:15.350 [main] DataProviderH2 - h2ToOrderList: [2] {}
[INFO ] 2022-01-26 16:10:15.350 [main] DataProviderH2 - h2ToOrderList: [4] {}
[INFO ] 2022-01-26 16:10:15.350 [main] DataProviderH2 - closeConnection: [1] {}
[INFO ] 2022-01-26 16:10:15.350 [main] DataProviderH2 - readH2Order: [2] {}
[INFO ] 2022-01-26 16:10:15.350 [main] DataProviderH2 - readH2Order: [4] {}
[INFO ] 2022-01-26 16:10:15.350 [main] DataProviderH2 - getOrders: [2] {}
[INFO ] 2022-01-26 16:10:15.350 [main] DataProviderH2 - getOrders: [4] {}
[INFO ] 2022-01-26 16:10:15.352 [main] DataProviderH2 - takeHistoryOrders [1] {}
[INFO ] 2022-01-26 16:10:15.352 [main] DataProviderH2 - isInDataOrder [1] {}
[INFO ] 2022-01-26 16:10:15.352 [main] DataProviderH2 - getOrders: [1] {}
[INFO ] 2022-01-26 16:10:15.352 [main] DataProviderH2 - readH2Order: [1] {}
[INFO ] 2022-01-26 16:10:15.352 [main] DataProviderH2 - connection: [1] {}
[INFO ] 2022-01-26 16:10:15.353 [main] DataProviderH2 - connection: [2] {}
[INFO ] 2022-01-26 16:10:15.353 [main] DataProviderH2 - connection: [4] {}
[INFO ] 2022-01-26 16:10:15.353 [main] DataProviderH2 - h2ToOrderList: [1] {}
[INFO ] 2022-01-26 16:10:15.354 [main] DataProviderH2 - h2ToOrderList: [2] {}
[INFO ] 2022-01-26 16:10:15.354 [main] DataProviderH2 - h2ToOrderList: [4] {}
[INFO ] 2022-01-26 16:10:15.354 [main] DataProviderH2 - closeConnection: [1] {}
[INFO ] 2022-01-26 16:10:15.354 [main] DataProviderH2 - readH2Order: [2] {}
[INFO ] 2022-01-26 16:10:15.354 [main] DataProviderH2 - readH2Order: [4] {}
[INFO ] 2022-01-26 16:10:15.354 [main] DataProviderH2 - getOrders: [2] {}
[INFO ] 2022-01-26 16:10:15.354 [main] DataProviderH2 - getOrders: [4] {}
[INFO ] 2022-01-26 16:10:15.354 [main] DataProviderH2 - getOrders: [1] {}
[INFO ] 2022-01-26 16:10:15.354 [main] DataProviderH2 - readH2Order: [1] {}
[INFO ] 2022-01-26 16:10:15.354 [main] DataProviderH2 - connection: [1] {}
[INFO ] 2022-01-26 16:10:15.355 [main] DataProviderH2 - connection: [2] {}
[INFO ] 2022-01-26 16:10:15.355 [main] DataProviderH2 - connection: [4] {}
[INFO ] 2022-01-26 16:10:15.355 [main] DataProviderH2 - h2ToOrderList: [1] {}
[INFO ] 2022-01-26 16:10:15.355 [main] DataProviderH2 - h2ToOrderList: [2] {}
[INFO ] 2022-01-26 16:10:15.356 [main] DataProviderH2 - h2ToOrderList: [4] {}
[INFO ] 2022-01-26 16:10:15.356 [main] DataProviderH2 - closeConnection: [1] {}
[INFO ] 2022-01-26 16:10:15.356 [main] DataProviderH2 - readH2Order: [2] {}
[INFO ] 2022-01-26 16:10:15.356 [main] DataProviderH2 - readH2Order: [4] {}
[INFO ] 2022-01-26 16:10:15.356 [main] DataProviderH2 - getOrders: [2] {}
[INFO ] 2022-01-26 16:10:15.356 [main] DataProviderH2 - getOrders: [4] {}
[INFO ] 2022-01-26 16:10:15.359 [main] HistoryContent - putOrderHistory: [1] {}
[INFO ] 2022-01-26 16:10:15.638 [main] HistoryContent - putOrderHistory: [2] {}
[INFO ] 2022-01-26 16:10:17.353 [main] DataProviderH2 - updateOrders: [3] {}
[INFO ] 2022-01-26 16:10:17.353 [main] DataProviderH2 - closeConnection: [1] {}
[INFO ] 2022-01-26 16:10:17.378 [main] DataProviderH2 - updateOrders: [5] {}
[INFO ] 2022-01-26 16:10:17.378 [main] DataProviderH2 - createOrder [3] {}
[INFO ] 2022-01-26 16:17:14.673 [main] DataProviderCsv - getTheAnaloguesOfMedicine [1] {}
[INFO ] 2022-01-26 16:17:14.679 [main] DataProviderCsv - searchMeddicineByName [1] {}
[INFO ] 2022-01-26 16:17:14.680 [main] DataProviderCsv - getMeddicines: [1] {}
[INFO ] 2022-01-26 16:17:14.682 [main] DataProviderCsv - readCsvMedicine: [1] {}
[INFO ] 2022-01-26 16:17:14.793 [main] DataProviderCsv - readCsvMedicine: [3] {}
[INFO ] 2022-01-26 16:17:14.795 [main] DataProviderCsv - getMeddicines: [3] {}
[INFO ] 2022-01-26 16:17:14.796 [main] DataProviderCsv - searchMeddicineByName [2] {}
[INFO ] 2022-01-26 16:17:14.796 [main] DataProviderCsv - searchMeddicineByName [1] {}
[INFO ] 2022-01-26 16:17:14.796 [main] DataProviderCsv - getMeddicines: [1] {}
[INFO ] 2022-01-26 16:17:14.796 [main] DataProviderCsv - readCsvMedicine: [1] {}
[INFO ] 2022-01-26 16:17:14.806 [main] DataProviderCsv - readCsvMedicine: [3] {}
[INFO ] 2022-01-26 16:17:14.806 [main] DataProviderCsv - getMeddicines: [3] {}
[INFO ] 2022-01-26 16:17:14.806 [main] DataProviderCsv - searchMeddicineByName [2] {}
[INFO ] 2022-01-26 16:17:14.806 [main] DataProviderCsv - getMeddicines: [1] {}
[INFO ] 2022-01-26 16:17:14.806 [main] DataProviderCsv - readCsvMedicine: [1] {}
[INFO ] 2022-01-26 16:17:14.824 [main] DataProviderCsv - readCsvMedicine: [3] {}
[INFO ] 2022-01-26 16:17:14.825 [main] DataProviderCsv - getMeddicines: [3] {}
[INFO ] 2022-01-26 16:17:14.826 [main] DataProviderCsv - getTheAnaloguesOfMedicine [2] {}
[INFO ] 2022-01-26 16:17:14.826 [main] DataProviderCsv - getTheAnaloguesOfMedicine [5] {}
[INFO ] 2022-01-26 16:17:30.387 [main] DataProviderCsv - getTheAnaloguesOfMedicine [1] {}
[INFO ] 2022-01-26 16:17:30.388 [main] DataProviderCsv - searchMeddicineByName [1] {}
[INFO ] 2022-01-26 16:17:30.388 [main] DataProviderCsv - getMeddicines: [1] {}
[INFO ] 2022-01-26 16:17:30.391 [main] DataProviderCsv - readCsvMedicine: [1] {}
[INFO ] 2022-01-26 16:17:30.484 [main] DataProviderCsv - readCsvMedicine: [3] {}
[INFO ] 2022-01-26 16:17:30.485 [main] DataProviderCsv - getMeddicines: [3] {}
[INFO ] 2022-01-26 16:17:30.485 [main] DataProviderCsv - searchMeddicineByName [2] {}
[INFO ] 2022-01-26 16:17:30.486 [main] DataProviderCsv - getTheAnaloguesOfMedicine [3] {} No such meddicine with name: I2/5:1520152015201520
[INFO ] 2022-01-26 16:17:30.486 [main] DataProviderCsv - getTheAnaloguesByBarcode [1] {}
[INFO ] 2022-01-26 16:17:30.486 [main] DataProviderCsv - getMeddicineByBarcode: [1] {}
