[INFO ] 2022-01-21 21:57:44.204 [main] DataProviderXml - searchMeddicineByName [2] {}
[INFO ] 2022-01-21 21:57:44.249 [main] DataProviderXml - searchMedicalDeviceByName [1] {}
[INFO ] 2022-01-21 21:57:44.250 [main] DataProviderXml - getMedicalDevices: [1] {}
[INFO ] 2022-01-21 21:57:44.250 [main] DataProviderXml - readXmlMedicalDevice: [1] {}
[INFO ] 2022-01-21 21:57:44.254 [main] DataProviderXml - readXmlMedicine: [3] {}
[INFO ] 2022-01-21 21:57:44.255 [main] DataProviderXml - getMeddicines: [3] {}
[INFO ] 2022-01-21 21:57:44.255 [main] DataProviderXml - searchMedicalDeviceByName [2] {}
[INFO ] 2022-01-21 21:57:44.255 [main] DataProviderXml - searchPharmacyProductByName [2] {}
[INFO ] 2022-01-21 21:57:44.255 [main] DataProviderXml - searchPharmacyProductByName [3] {}
[INFO ] 2022-01-21 21:57:44.263 [main] DataProviderXml - searchPharmacyProductByName [5] {}
[INFO ] 2022-01-21 21:57:59.089 [main] DataProviderCsv - searchPharmacyProductByName [1] {}
[INFO ] 2022-01-21 21:57:59.092 [main] DataProviderCsv - searchMeddicineByName [1] {}
[INFO ] 2022-01-21 21:57:59.093 [main] DataProviderCsv - getMeddicines: [1] {}
[INFO ] 2022-01-21 21:57:59.094 [main] DataProviderCsv - readCsvMedicine: [1] {}
[INFO ] 2022-01-21 21:57:59.193 [main] DataProviderCsv - readCsvMedicine: [3] {}
[INFO ] 2022-01-21 21:57:59.193 [main] DataProviderCsv - getMeddicines: [3] {}
[INFO ] 2022-01-21 21:57:59.194 [main] DataProviderCsv - searchMeddicineByName [2] {}
[INFO ] 2022-01-21 21:57:59.194 [main] DataProviderCsv - searchMedicalDeviceByName [1] {}
[INFO ] 2022-01-21 21:57:59.195 [main] DataProviderCsv - getMedicalDevices: [1] {}
[INFO ] 2022-01-21 21:57:59.195 [main] DataProviderCsv - readCsvMedicalDevice: [1] {}
[INFO ] 2022-01-21 21:57:59.204 [main] DataProviderCsv - readCsvMedicalDevice: [3] {}
[INFO ] 2022-01-21 21:57:59.205 [main] DataProviderCsv - getMedicalDevices: [3] {}
[INFO ] 2022-01-21 21:57:59.205 [main] DataProviderCsv - searchMedicalDeviceByName [2] {}
[INFO ] 2022-01-21 21:57:59.207 [main] DataProviderCsv - searchPharmacyProductByName [2] {}
[INFO ] 2022-01-21 21:57:59.207 [main] DataProviderCsv - searchPharmacyProductByName [3] {}
[INFO ] 2022-01-21 21:57:59.207 [main] DataProviderCsv - searchPharmacyProductByName [5] {}
[INFO ] 2022-01-22 16:20:37.647 [main] DataProviderCsv - getTheAnaloguesOfMedicine [1] {}
[INFO ] 2022-01-22 16:20:37.650 [main] DataProviderCsv - searchMeddicineByName [1] {}
[INFO ] 2022-01-22 16:20:37.650 [main] DataProviderCsv - getMeddicines: [1] {}
[INFO ] 2022-01-22 16:20:37.651 [main] DataProviderCsv - readCsvMedicine: [1] {}
[INFO ] 2022-01-22 16:20:37.788 [main] DataProviderCsv - readCsvMedicine: [3] {}
[INFO ] 2022-01-22 16:20:37.789 [main] DataProviderCsv - getMeddicines: [3] {}
[INFO ] 2022-01-22 16:20:37.790 [main] DataProviderCsv - searchMeddicineByName [2] {}
[INFO ] 2022-01-22 16:20:37.790 [main] DataProviderCsv - searchMeddicineByName [1] {}
[INFO ] 2022-01-22 16:20:37.790 [main] DataProviderCsv - getMeddicines: [1] {}
[INFO ] 2022-01-22 16:20:37.790 [main] DataProviderCsv - readCsvMedicine: [1] {}
[INFO ] 2022-01-22 16:20:37.796 [main] DataProviderCsv - readCsvMedicine: [3] {}
[INFO ] 2022-01-22 16:20:37.797 [main] DataProviderCsv - getMeddicines: [3] {}
[INFO ] 2022-01-22 16:20:37.797 [main] DataProviderCsv - searchMeddicineByName [2] {}
[INFO ] 2022-01-22 16:20:37.797 [main] DataProviderCsv - getMeddicines: [1] {}
[INFO ] 2022-01-22 16:20:37.797 [main] DataProviderCsv - readCsvMedicine: [1] {}
[INFO ] 2022-01-22 16:20:37.802 [main] DataProviderCsv - readCsvMedicine: [3] {}
[INFO ] 2022-01-22 16:20:37.802 [main] DataProviderCsv - getMeddicines: [3] {}
[INFO ] 2022-01-22 16:20:37.803 [main] DataProviderCsv - getTheAnaloguesOfMedicine [2] {}
[INFO ] 2022-01-22 16:20:37.803 [main] DataProviderCsv - getTheAnaloguesOfMedicine [5] {}
[INFO ] 2022-01-22 16:21:20.156 [main] DataProviderCsv - getTheAnaloguesOfMedicine [1] {}
[INFO ] 2022-01-22 16:21:20.159 [main] DataProviderCsv - searchMeddicineByName [1] {}
[INFO ] 2022-01-22 16:21:20.159 [main] DataProviderCsv - getMeddicines: [1] {}
[INFO ] 2022-01-22 16:21:20.160 [main] DataProviderCsv - readCsvMedicine: [1] {}
[INFO ] 2022-01-22 16:21:20.250 [main] DataProviderCsv - readCsvMedicine: [3] {}
[INFO ] 2022-01-22 16:21:20.251 [main] DataProviderCsv - getMeddicines: [3] {}
[INFO ] 2022-01-22 16:21:20.252 [main] DataProviderCsv - searchMeddicineByName [2] {}
[INFO ] 2022-01-22 16:21:20.253 [main] DataProviderCsv - searchMeddicineByName [1] {}
[INFO ] 2022-01-22 16:21:20.253 [main] DataProviderCsv - getMeddicines: [1] {}
[INFO ] 2022-01-22 16:21:20.253 [main] DataProviderCsv - readCsvMedicine: [1] {}
[INFO ] 2022-01-22 16:21:20.260 [main] DataProviderCsv - readCsvMedicine: [3] {}
[INFO ] 2022-01-22 16:21:20.260 [main] DataProviderCsv - getMeddicines: [3] {}
[INFO ] 2022-01-22 16:21:20.260 [main] DataProviderCsv - searchMeddicineByName [2] {}
[INFO ] 2022-01-22 16:21:20.261 [main] DataProviderCsv - getMeddicines: [1] {}
[INFO ] 2022-01-22 16:21:20.261 [main] DataProviderCsv - readCsvMedicine: [1] {}
[INFO ] 2022-01-22 16:21:20.266 [main] DataProviderCsv - readCsvMedicine: [3] {}
[INFO ] 2022-01-22 16:21:20.267 [main] DataProviderCsv - getMeddicines: [3] {}
[INFO ] 2022-01-22 16:21:20.267 [main] DataProviderCsv - getTheAnaloguesOfMedicine [2] {}
[INFO ] 2022-01-22 16:21:20.267 [main] DataProviderCsv - getTheAnaloguesOfMedicine [5] {}
[INFO ] 2022-01-22 16:21:46.098 [main] DataProviderCsv - getTheAnaloguesOfMedicine [1] {}
[INFO ] 2022-01-22 16:21:46.103 [main] DataProviderCsv - searchMeddicineByName [1] {}
[INFO ] 2022-01-22 16:21:46.103 [main] DataProviderCsv - getMeddicines: [1] {}
[INFO ] 2022-01-22 16:21:46.104 [main] DataProviderCsv - readCsvMedicine: [1] {}
[INFO ] 2022-01-22 16:21:46.199 [main] DataProviderCsv - readCsvMedicine: [3] {}
[INFO ] 2022-01-22 16:21:46.200 [main] DataProviderCsv - getMeddicines: [3] {}
[INFO ] 2022-01-22 16:21:46.201 [main] DataProviderCsv - searchMeddicineByName [2] {}
[INFO ] 2022-01-22 16:21:46.202 [main] DataProviderCsv - searchMeddicineByName [1] {}
[INFO ] 2022-01-22 16:21:46.202 [main] DataProviderCsv - getMeddicines: [1] {}
[INFO ] 2022-01-22 16:21:46.202 [main] DataProviderCsv - readCsvMedicine: [1] {}
[INFO ] 2022-01-22 16:21:46.210 [main] DataProviderCsv - readCsvMedicine: [3] {}
[INFO ] 2022-01-22 16:21:46.210 [main] DataProviderCsv - getMeddicines: [3] {}
[INFO ] 2022-01-22 16:21:46.210 [main] DataProviderCsv - searchMeddicineByName [2] {}
[INFO ] 2022-01-22 16:21:46.211 [main] DataProviderCsv - getMeddicines: [1] {}
[INFO ] 2022-01-22 16:21:46.211 [main] DataProviderCsv - readCsvMedicine: [1] {}
[INFO ] 2022-01-22 16:21:46.217 [main] DataProviderCsv - readCsvMedicine: [3] {}
[INFO ] 2022-01-22 16:21:46.217 [main] DataProviderCsv - getMeddicines: [3] {}
[INFO ] 2022-01-22 16:21:46.218 [main] DataProviderCsv - getTheAnaloguesOfMedicine [2] {}
[INFO ] 2022-01-22 16:21:46.218 [main] DataProviderCsv - getTheAnaloguesOfMedicine [5] {}
[INFO ] 2022-01-22 16:22:14.392 [main] DataProviderCsv - getTheAnaloguesOfMedicine [1] {}
[INFO ] 2022-01-22 16:22:14.395 [main] DataProviderCsv - searchMeddicineByName [1] {}
[INFO ] 2022-01-22 16:22:14.396 [main] DataProviderCsv - getMeddicines: [1] {}
[INFO ] 2022-01-22 16:22:14.397 [main] DataProviderCsv - readCsvMedicine: [1] {}
[INFO ] 2022-01-22 16:22:14.507 [main] DataProviderCsv - readCsvMedicine: [3] {}
[INFO ] 2022-01-22 16:22:14.509 [main] DataProviderCsv - getMeddicines: [3] {}
[INFO ] 2022-01-22 16:22:14.510 [main] DataProviderCsv - searchMeddicineByName [2] {}
[INFO ] 2022-01-22 16:22:14.510 [main] DataProviderCsv - searchMeddicineByName [1] {}
[INFO ] 2022-01-22 16:22:14.510 [main] DataProviderCsv - getMeddicines: [1] {}
[INFO ] 2022-01-22 16:22:14.510 [main] DataProviderCsv - readCsvMedicine: [1] {}
[INFO ] 2022-01-22 16:22:14.517 [main] DataProviderCsv - readCsvMedicine: [3] {}
[INFO ] 2022-01-22 16:22:14.517 [main] DataProviderCsv - getMeddicines: [3] {}
[INFO ] 2022-01-22 16:22:14.517 [main] DataProviderCsv - searchMeddicineByName [2] {}
[INFO ] 2022-01-22 16:22:14.517 [main] DataProviderCsv - getMeddicines: [1] {}
[INFO ] 2022-01-22 16:22:14.518 [main] DataProviderCsv - readCsvMedicine: [1] {}
[INFO ] 2022-01-22 16:22:14.523 [main] DataProviderCsv - readCsvMedicine: [3] {}
[INFO ] 2022-01-22 16:22:14.523 [main] DataProviderCsv - getMeddicines: [3] {}
[INFO ] 2022-01-22 16:22:14.524 [main] DataProviderCsv - getTheAnaloguesOfMedicine [2] {}
[INFO ] 2022-01-22 16:22:14.524 [main] DataProviderCsv - getTheAnaloguesOfMedicine [5] {}
[INFO ] 2022-01-22 16:22:36.352 [main] DataProviderCsv - getTheAnaloguesOfMedicine [1] {}
[INFO ] 2022-01-22 16:22:36.355 [main] DataProviderCsv - searchMeddicineByName [1] {}
[INFO ] 2022-01-22 16:22:36.355 [main] DataProviderCsv - getMeddicines: [1] {}
[INFO ] 2022-01-22 16:22:36.356 [main] DataProviderCsv - readCsvMedicine: [1] {}
[INFO ] 2022-01-22 16:22:36.452 [main] DataProviderCsv - readCsvMedicine: [3] {}
[INFO ] 2022-01-22 16:22:36.454 [main] DataProviderCsv - getMeddicines: [3] {}
[INFO ] 2022-01-22 16:22:36.454 [main] DataProviderCsv - searchMeddicineByName [2] {}
[INFO ] 2022-01-22 16:22:36.455 [main] DataProviderCsv - searchMeddicineByName [1] {}
[INFO ] 2022-01-22 16:22:36.455 [main] DataProviderCsv - getMeddicines: [1] {}
[INFO ] 2022-01-22 16:22:36.455 [main] DataProviderCsv - readCsvMedicine: [1] {}
[INFO ] 2022-01-22 16:22:36.462 [main] DataProviderCsv - readCsvMedicine: [3] {}
[INFO ] 2022-01-22 16:22:36.464 [main] DataProviderCsv - getMeddicines: [3] {}
[INFO ] 2022-01-22 16:22:36.464 [main] DataProviderCsv - searchMeddicineByName [2] {}
[INFO ] 2022-01-22 16:22:36.464 [main] DataProviderCsv - getMeddicines: [1] {}
[INFO ] 2022-01-22 16:22:36.464 [main] DataProviderCsv - readCsvMedicine: [1] {}
[INFO ] 2022-01-22 16:22:36.472 [main] DataProviderCsv - readCsvMedicine: [3] {}
[INFO ] 2022-01-22 16:22:36.472 [main] DataProviderCsv - getMeddicines: [3] {}
[INFO ] 2022-01-22 16:22:36.474 [main] DataProviderCsv - getTheAnaloguesOfMedicine [2] {}
[INFO ] 2022-01-22 16:22:36.474 [main] DataProviderCsv - getTheAnaloguesOfMedicine [5] {}
[ERROR] 2022-01-22 16:23:02.196 [main] PharmacyAplication - Exception received {} Missing argument for option: g
