[INFO ] 2022-01-21 17:04:55.999 [main] DataProviderH2 - getMedicalDevices: [1] {}
[INFO ] 2022-01-21 17:04:56.007 [main] DataProviderH2 - readMedicalDeviceFromH2M: [1] {}
[INFO ] 2022-01-21 17:04:56.007 [main] DataProviderH2 - connection: [1] {}
[INFO ] 2022-01-21 17:04:56.027 [main] DataProviderH2 - connection: [2] {}
[INFO ] 2022-01-21 17:04:56.027 [main] DataProviderH2 - connection: [4] {}
[INFO ] 2022-01-21 17:04:56.027 [main] DataProviderH2 - h2ToMedicalDeviceList: [1] {}
[INFO ] 2022-01-21 17:04:56.029 [main] DataProviderH2 - h2ToMedicalDeviceList: [2] {}
[INFO ] 2022-01-21 17:04:56.029 [main] DataProviderH2 - h2ToMedicalDeviceList: [4] {}
[INFO ] 2022-01-21 17:04:56.029 [main] DataProviderH2 - closeConnection: [1] {}
[INFO ] 2022-01-21 17:04:56.047 [main] DataProviderH2 - readMedicalDeviceFromH2M: [2] {}
[INFO ] 2022-01-21 17:04:56.047 [main] DataProviderH2 - readMedicalDeviceFromH2M: [4] {}
[INFO ] 2022-01-21 17:04:56.048 [main] DataProviderH2 - getMedicalDevices: [2] {}
[INFO ] 2022-01-21 17:04:56.048 [main] DataProviderH2 - getMedicalDevices: [4] {}
[INFO ] 2022-01-21 17:04:56.049 [main] DataProviderH2 - searchMedicalDeviceByName [2] {}
[INFO ] 2022-01-21 17:04:56.049 [main] DataProviderH2 - searchPharmacyProductByName [2] {}
[INFO ] 2022-01-21 17:04:56.049 [main] DataProviderH2 - searchPharmacyProductByName [3] {}
[INFO ] 2022-01-21 17:04:56.049 [main] DataProviderH2 - searchPharmacyProductByName [5] {}
[INFO ] 2022-01-21 17:04:56.049 [main] DataProviderH2 - searchPharmacyProductByName [1] {}
[INFO ] 2022-01-21 17:04:56.050 [main] DataProviderH2 - searchMeddicineByName [1] {}
[INFO ] 2022-01-21 17:04:56.050 [main] DataProviderH2 - getMeddicines: [1] {}
[INFO ] 2022-01-21 17:04:56.050 [main] DataProviderH2 - readMeddicinesFromH2M: [1] {}
[INFO ] 2022-01-21 17:04:56.050 [main] DataProviderH2 - connection: [1] {}
[INFO ] 2022-01-21 17:04:56.069 [main] DataProviderH2 - connection: [2] {}
[INFO ] 2022-01-21 17:04:56.069 [main] DataProviderH2 - connection: [4] {}
[INFO ] 2022-01-21 17:04:56.069 [main] DataProviderH2 - h2ToMeddicineList: [1] {}
[INFO ] 2022-01-21 17:04:56.069 [main] DataProviderH2 - h2ToMeddicineList: [2] {}
[INFO ] 2022-01-21 17:04:56.069 [main] DataProviderH2 - h2ToMeddicineList: [4] {}
[INFO ] 2022-01-21 17:04:56.069 [main] DataProviderH2 - closeConnection: [1] {}
[INFO ] 2022-01-21 17:04:56.092 [main] DataProviderH2 - readMeddicinesFromH2M: [2] {}
[INFO ] 2022-01-21 17:04:56.092 [main] DataProviderH2 - readFromH2: [4] {}
[INFO ] 2022-01-21 17:04:56.092 [main] DataProviderH2 - getMeddicines: [2] {}
[INFO ] 2022-01-21 17:04:56.093 [main] DataProviderH2 - getMeddicines: [4] {}
[INFO ] 2022-01-21 17:04:56.093 [main] DataProviderH2 - searchMeddicineByName [2] {}
[INFO ] 2022-01-21 17:04:56.093 [main] DataProviderH2 - searchMedicalDeviceByName [1] {}
[INFO ] 2022-01-21 17:04:56.093 [main] DataProviderH2 - getMedicalDevices: [1] {}
[INFO ] 2022-01-21 17:04:56.093 [main] DataProviderH2 - readMedicalDeviceFromH2M: [1] {}
[INFO ] 2022-01-21 17:04:56.093 [main] DataProviderH2 - connection: [1] {}
[INFO ] 2022-01-21 17:04:56.108 [main] DataProviderH2 - connection: [2] {}
[INFO ] 2022-01-21 17:04:56.108 [main] DataProviderH2 - connection: [4] {}
[INFO ] 2022-01-21 17:04:56.109 [main] DataProviderH2 - h2ToMedicalDeviceList: [1] {}
[INFO ] 2022-01-21 17:04:56.109 [main] DataProviderH2 - h2ToMedicalDeviceList: [2] {}
[INFO ] 2022-01-21 17:04:56.109 [main] DataProviderH2 - h2ToMedicalDeviceList: [4] {}
[INFO ] 2022-01-21 17:04:56.109 [main] DataProviderH2 - closeConnection: [1] {}
[INFO ] 2022-01-21 17:04:56.129 [main] DataProviderH2 - readMedicalDeviceFromH2M: [2] {}
[INFO ] 2022-01-21 17:04:56.130 [main] DataProviderH2 - readMedicalDeviceFromH2M: [4] {}
[INFO ] 2022-01-21 17:04:56.130 [main] DataProviderH2 - getMedicalDevices: [2] {}
[INFO ] 2022-01-21 17:04:56.130 [main] DataProviderH2 - getMedicalDevices: [4] {}
[INFO ] 2022-01-21 17:04:56.130 [main] DataProviderH2 - searchMedicalDeviceByName [2] {}
[INFO ] 2022-01-21 17:04:56.130 [main] DataProviderH2 - searchPharmacyProductByName [2] {}
[INFO ] 2022-01-21 17:04:56.130 [main] DataProviderH2 - searchPharmacyProductByName [3] {}
[INFO ] 2022-01-21 17:04:56.130 [main] DataProviderH2 - searchPharmacyProductByName [5] {}
[INFO ] 2022-01-21 17:04:56.131 [main] DataProviderH2 - updateOrders: [1] {}
[INFO ] 2022-01-21 17:04:56.131 [main] DataProviderH2 - connection: [1] {}
[INFO ] 2022-01-21 17:04:56.147 [main] DataProviderH2 - connection: [2] {}
[INFO ] 2022-01-21 17:04:56.148 [main] DataProviderH2 - connection: [4] {}
[INFO ] 2022-01-21 17:04:56.148 [main] DataProviderH2 - isInDataOrder [1] {}
[INFO ] 2022-01-21 17:04:56.148 [main] DataProviderH2 - getOrders: [1] {}
[INFO ] 2022-01-21 17:04:56.148 [main] DataProviderH2 - readH2Order: [1] {}
[INFO ] 2022-01-21 17:04:56.148 [main] DataProviderH2 - connection: [1] {}
[INFO ] 2022-01-21 17:04:56.149 [main] DataProviderH2 - connection: [2] {}
[INFO ] 2022-01-21 17:04:56.149 [main] DataProviderH2 - connection: [4] {}
[INFO ] 2022-01-21 17:04:56.150 [main] DataProviderH2 - h2ToOrderList: [1] {}
[INFO ] 2022-01-21 17:04:56.150 [main] DataProviderH2 - h2ToOrderList: [2] {}
[INFO ] 2022-01-21 17:04:56.150 [main] DataProviderH2 - h2ToOrderList: [4] {}
[INFO ] 2022-01-21 17:04:56.151 [main] DataProviderH2 - closeConnection: [1] {}
[INFO ] 2022-01-21 17:04:56.151 [main] DataProviderH2 - readH2Order: [2] {}
[INFO ] 2022-01-21 17:04:56.151 [main] DataProviderH2 - readH2Order: [4] {}
[INFO ] 2022-01-21 17:04:56.151 [main] DataProviderH2 - getOrders: [2] {}
[INFO ] 2022-01-21 17:04:56.151 [main] DataProviderH2 - getOrders: [4] {}
[INFO ] 2022-01-21 17:04:56.155 [main] DataProviderH2 - takeHistoryOrders [1] {}
[INFO ] 2022-01-21 17:04:56.155 [main] DataProviderH2 - isInDataOrder [1] {}
[INFO ] 2022-01-21 17:04:56.155 [main] DataProviderH2 - getOrders: [1] {}
[INFO ] 2022-01-21 17:04:56.155 [main] DataProviderH2 - readH2Order: [1] {}
[INFO ] 2022-01-21 17:04:56.155 [main] DataProviderH2 - connection: [1] {}
[INFO ] 2022-01-21 17:04:56.157 [main] DataProviderH2 - connection: [2] {}
[INFO ] 2022-01-21 17:04:56.157 [main] DataProviderH2 - connection: [4] {}
[INFO ] 2022-01-21 17:04:56.158 [main] DataProviderH2 - h2ToOrderList: [1] {}
[INFO ] 2022-01-21 17:04:56.158 [main] DataProviderH2 - h2ToOrderList: [2] {}
[INFO ] 2022-01-21 17:04:56.158 [main] DataProviderH2 - h2ToOrderList: [4] {}
[INFO ] 2022-01-21 17:04:56.158 [main] DataProviderH2 - closeConnection: [1] {}
[INFO ] 2022-01-21 17:04:56.158 [main] DataProviderH2 - readH2Order: [2] {}
[INFO ] 2022-01-21 17:04:56.158 [main] DataProviderH2 - readH2Order: [4] {}
[INFO ] 2022-01-21 17:04:56.158 [main] DataProviderH2 - getOrders: [2] {}
[INFO ] 2022-01-21 17:04:56.158 [main] DataProviderH2 - getOrders: [4] {}
[INFO ] 2022-01-21 17:04:56.158 [main] DataProviderH2 - getOrders: [1] {}
[INFO ] 2022-01-21 17:04:56.159 [main] DataProviderH2 - readH2Order: [1] {}
[INFO ] 2022-01-21 17:04:56.159 [main] DataProviderH2 - connection: [1] {}
[INFO ] 2022-01-21 17:04:56.160 [main] DataProviderH2 - connection: [2] {}
[INFO ] 2022-01-21 17:04:56.160 [main] DataProviderH2 - connection: [4] {}
[INFO ] 2022-01-21 17:04:56.160 [main] DataProviderH2 - h2ToOrderList: [1] {}
[INFO ] 2022-01-21 17:04:56.161 [main] DataProviderH2 - h2ToOrderList: [2] {}
[INFO ] 2022-01-21 17:04:56.161 [main] DataProviderH2 - h2ToOrderList: [4] {}
[INFO ] 2022-01-21 17:04:56.161 [main] DataProviderH2 - closeConnection: [1] {}
[INFO ] 2022-01-21 17:04:56.161 [main] DataProviderH2 - readH2Order: [2] {}
[INFO ] 2022-01-21 17:04:56.161 [main] DataProviderH2 - readH2Order: [4] {}
[INFO ] 2022-01-21 17:04:56.161 [main] DataProviderH2 - getOrders: [2] {}
[INFO ] 2022-01-21 17:04:56.162 [main] DataProviderH2 - getOrders: [4] {}
[INFO ] 2022-01-21 17:04:56.165 [main] HistoryContent - putOrderHistory: [1] {}
[INFO ] 2022-01-21 17:04:56.697 [main] HistoryContent - putOrderHistory: [2] {}
[INFO ] 2022-01-21 17:04:58.192 [main] DataProviderH2 - updateOrders: [3] {}
[INFO ] 2022-01-21 17:04:58.193 [main] DataProviderH2 - closeConnection: [1] {}
[INFO ] 2022-01-21 17:04:58.224 [main] DataProviderH2 - updateOrders: [5] {}
[INFO ] 2022-01-21 17:04:58.225 [main] DataProviderH2 - connection: [1] {}
[INFO ] 2022-01-21 17:04:58.243 [main] DataProviderH2 - connection: [2] {}
[INFO ] 2022-01-21 17:04:58.243 [main] DataProviderH2 - connection: [4] {}
[INFO ] 2022-01-21 17:04:58.243 [main] DataProviderH2 - isInDataUser [1] {}
[INFO ] 2022-01-21 17:04:58.244 [main] DataProviderH2 - getUsers: [1] {}
[INFO ] 2022-01-21 17:04:58.244 [main] DataProviderH2 - readFromH2: [1] {}
[INFO ] 2022-01-21 17:04:58.244 [main] DataProviderH2 - connection: [1] {}
[INFO ] 2022-01-21 17:04:58.245 [main] DataProviderH2 - connection: [2] {}
[INFO ] 2022-01-21 17:04:58.245 [main] DataProviderH2 - connection: [4] {}
[INFO ] 2022-01-21 17:04:58.245 [main] DataProviderH2 - h2ToUserListUser: [1] {}
[INFO ] 2022-01-21 17:04:58.245 [main] DataProviderH2 - h2ToUserListUser: [2] {}
[INFO ] 2022-01-21 17:04:58.245 [main] DataProviderH2 - h2ToUserListUser: [4] {}
[INFO ] 2022-01-21 17:04:58.246 [main] DataProviderH2 - closeConnection: [1] {}
[INFO ] 2022-01-21 17:04:58.246 [main] DataProviderH2 - readFromH2: [2] {}
[INFO ] 2022-01-21 17:04:58.246 [main] DataProviderH2 - readFromH2: [4] {}
[INFO ] 2022-01-21 17:04:58.246 [main] DataProviderH2 - getUsers: [2] {}
[INFO ] 2022-01-21 17:04:58.246 [main] DataProviderH2 - getUsers: [4] {}
[INFO ] 2022-01-21 17:04:58.246 [main] DataProviderH2 - takeHistoryUsers [1] {}
[INFO ] 2022-01-21 17:04:58.247 [main] DataProviderH2 - isInDataUser [1] {}
[INFO ] 2022-01-21 17:04:58.247 [main] DataProviderH2 - getUsers: [1] {}
[INFO ] 2022-01-21 17:04:58.247 [main] DataProviderH2 - readFromH2: [1] {}
[INFO ] 2022-01-21 17:04:58.247 [main] DataProviderH2 - connection: [1] {}
[INFO ] 2022-01-21 17:04:58.247 [main] DataProviderH2 - connection: [2] {}
[INFO ] 2022-01-21 17:04:58.248 [main] DataProviderH2 - connection: [4] {}
[INFO ] 2022-01-21 17:04:58.248 [main] DataProviderH2 - h2ToUserListUser: [1] {}
[INFO ] 2022-01-21 17:04:58.248 [main] DataProviderH2 - h2ToUserListUser: [2] {}
