[INFO ] 2022-01-21 17:20:06.955 [main] DataProviderXml - getUsers: [1] {}
[INFO ] 2022-01-21 17:20:06.989 [main] DataProviderXml - readXml: [1] {}
[INFO ] 2022-01-21 17:20:07.106 [main] DataProviderXml - readXml: [3] {}
[INFO ] 2022-01-21 17:20:07.108 [main] DataProviderXml - getUsers: [3] {}
[INFO ] 2022-01-21 17:20:07.108 [main] DataProviderXml - isIdInData: [1] {}
[INFO ] 2022-01-21 17:20:07.108 [main] DataProviderXml - getUsers: [1] {}
[INFO ] 2022-01-21 17:20:07.109 [main] DataProviderXml - readXml: [1] {}
[INFO ] 2022-01-21 17:20:07.112 [main] DataProviderXml - readXml: [3] {}
[INFO ] 2022-01-21 17:20:07.112 [main] DataProviderXml - getUsers: [3] {}
[INFO ] 2022-01-21 17:20:07.113 [main] DataProviderXml - isIdInData: [2] {} Element is found
[INFO ] 2022-01-21 17:20:07.122 [main] DataProviderXml - getUserById: [4] {}
[INFO ] 2022-01-21 17:20:07.122 [main] DataProviderXml - getUserById: [1] {}
[INFO ] 2022-01-21 17:20:07.122 [main] DataProviderXml - getUsers: [1] {}
[INFO ] 2022-01-21 17:20:07.123 [main] DataProviderXml - readXml: [1] {}
[INFO ] 2022-01-21 17:20:07.126 [main] DataProviderXml - readXml: [3] {}
[INFO ] 2022-01-21 17:20:07.126 [main] DataProviderXml - getUsers: [3] {}
[INFO ] 2022-01-21 17:20:07.126 [main] DataProviderXml - isIdInData: [1] {}
[INFO ] 2022-01-21 17:20:07.127 [main] DataProviderXml - getUsers: [1] {}
[INFO ] 2022-01-21 17:20:07.127 [main] DataProviderXml - readXml: [1] {}
[INFO ] 2022-01-21 17:20:07.130 [main] DataProviderXml - readXml: [3] {}
[INFO ] 2022-01-21 17:20:07.130 [main] DataProviderXml - getUsers: [3] {}
[INFO ] 2022-01-21 17:20:07.130 [main] DataProviderXml - isIdInData: [2] {} Element is found
[INFO ] 2022-01-21 17:20:07.130 [main] DataProviderXml - getUserById: [4] {}
[INFO ] 2022-01-21 17:20:07.131 [main] DataProviderXml - searchPharmacyProductByName [1] {}
[INFO ] 2022-01-21 17:20:07.131 [main] DataProviderXml - searchMeddicineByName [1] {}
[INFO ] 2022-01-21 17:20:07.131 [main] DataProviderXml - getMeddicines: [1] {}
[INFO ] 2022-01-21 17:20:07.131 [main] DataProviderXml - readXmlMedicine: [1] {}
[INFO ] 2022-01-21 17:20:07.137 [main] DataProviderXml - readXmlMedicine: [3] {}
[INFO ] 2022-01-21 17:20:07.137 [main] DataProviderXml - getMeddicines: [3] {}
[INFO ] 2022-01-21 17:20:07.137 [main] DataProviderXml - searchMeddicineByName [2] {}
[INFO ] 2022-01-21 17:20:07.139 [main] DataProviderXml - searchMedicalDeviceByName [1] {}
[INFO ] 2022-01-21 17:20:07.139 [main] DataProviderXml - getMedicalDevices: [1] {}
[INFO ] 2022-01-21 17:20:07.139 [main] DataProviderXml - readXmlMedicalDevice: [1] {}
[INFO ] 2022-01-21 17:20:07.143 [main] DataProviderXml - readXmlMedicine: [3] {}
[INFO ] 2022-01-21 17:20:07.143 [main] DataProviderXml - getMeddicines: [3] {}
[INFO ] 2022-01-21 17:20:07.144 [main] DataProviderXml - searchMedicalDeviceByName [2] {}
[INFO ] 2022-01-21 17:20:07.144 [main] DataProviderXml - searchPharmacyProductByName [2] {}
[INFO ] 2022-01-21 17:20:07.144 [main] DataProviderXml - searchPharmacyProductByName [3] {}
[INFO ] 2022-01-21 17:20:07.144 [main] DataProviderXml - searchPharmacyProductByName [5] {}
[INFO ] 2022-01-21 17:20:07.144 [main] DataProviderXml - searchPharmacyProductByName [1] {}
[INFO ] 2022-01-21 17:20:07.145 [main] DataProviderXml - searchMeddicineByName [1] {}
[INFO ] 2022-01-21 17:20:07.145 [main] DataProviderXml - getMeddicines: [1] {}
[INFO ] 2022-01-21 17:20:07.145 [main] DataProviderXml - readXmlMedicine: [1] {}
[INFO ] 2022-01-21 17:20:07.149 [main] DataProviderXml - readXmlMedicine: [3] {}
[INFO ] 2022-01-21 17:20:07.149 [main] DataProviderXml - getMeddicines: [3] {}
[INFO ] 2022-01-21 17:20:07.149 [main] DataProviderXml - searchMeddicineByName [2] {}
[INFO ] 2022-01-21 17:20:07.149 [main] DataProviderXml - searchMedicalDeviceByName [1] {}
[INFO ] 2022-01-21 17:20:07.149 [main] DataProviderXml - getMedicalDevices: [1] {}
[INFO ] 2022-01-21 17:20:07.150 [main] DataProviderXml - readXmlMedicalDevice: [1] {}
[INFO ] 2022-01-21 17:20:07.153 [main] DataProviderXml - readXmlMedicine: [3] {}
[INFO ] 2022-01-21 17:20:07.153 [main] DataProviderXml - getMeddicines: [3] {}
[INFO ] 2022-01-21 17:20:07.154 [main] DataProviderXml - searchMedicalDeviceByName [2] {}
[INFO ] 2022-01-21 17:20:07.154 [main] DataProviderXml - searchPharmacyProductByName [2] {}
[INFO ] 2022-01-21 17:20:07.154 [main] DataProviderXml - searchPharmacyProductByName [3] {}
[INFO ] 2022-01-21 17:20:07.154 [main] DataProviderXml - searchPharmacyProductByName [5] {}
[INFO ] 2022-01-21 17:20:07.154 [main] DataProviderXml - updateOrders: [1] {}
[INFO ] 2022-01-21 17:20:07.154 [main] DataProviderXml - getOrders: [1] {}
[INFO ] 2022-01-21 17:20:07.154 [main] DataProviderXml - readXmlOrder: [1] {}
[INFO ] 2022-01-21 17:20:07.156 [main] DataProviderXml - readXmlOrder: [3] {}
[INFO ] 2022-01-21 17:20:07.157 [main] DataProviderXml - getOrders: [3] {}
[INFO ] 2022-01-21 17:20:07.157 [main] DataProviderXml - isIdInDataOrder: [1] {}
[INFO ] 2022-01-21 17:20:07.157 [main] DataProviderXml - getOrders: [1] {}
[INFO ] 2022-01-21 17:20:07.157 [main] DataProviderXml - readXmlOrder: [1] {}
[INFO ] 2022-01-21 17:20:07.159 [main] DataProviderXml - readXmlOrder: [3] {}
[INFO ] 2022-01-21 17:20:07.159 [main] DataProviderXml - getOrders: [3] {}
[INFO ] 2022-01-21 17:20:07.160 [main] DataProviderXml - isIdInDataOrder: [3] {} No Such Element
[INFO ] 2022-01-21 17:20:07.160 [main] DataProviderXml - appendOrders: [1] {}
[INFO ] 2022-01-21 17:20:07.160 [main] DataProviderXml - stringingDuplicateIdOrder: [1] {}
[INFO ] 2022-01-21 17:20:07.160 [main] DataProviderXml - getOrders: [1] {}
[INFO ] 2022-01-21 17:20:07.160 [main] DataProviderXml - readXmlOrder: [1] {}
[INFO ] 2022-01-21 17:20:07.163 [main] DataProviderXml - readXmlOrder: [3] {}
[INFO ] 2022-01-21 17:20:07.163 [main] DataProviderXml - getOrders: [3] {}
[INFO ] 2022-01-21 17:20:07.163 [main] DataProviderXml - getOrders: [1] {}
[INFO ] 2022-01-21 17:20:07.163 [main] DataProviderXml - readXmlOrder: [1] {}
[INFO ] 2022-01-21 17:20:07.166 [main] DataProviderXml - readXmlOrder: [3] {}
[INFO ] 2022-01-21 17:20:07.166 [main] DataProviderXml - getOrders: [3] {}
[INFO ] 2022-01-21 17:20:07.167 [main] DataProviderXml - stringingDuplicateIdOrder: [2] {}
[INFO ] 2022-01-21 17:20:07.168 [main] DataProviderXml - writeXmlOrder: [1] {}
[INFO ] 2022-01-21 17:20:07.190 [main] DataProviderXml - writeXmlOrder: [3] {}
[INFO ] 2022-01-21 17:20:07.191 [main] DataProviderXml - appendOrders: [3] {}
[INFO ] 2022-01-21 17:20:07.191 [main] DataProviderXml - updateOrders: [3] {}
[INFO ] 2022-01-21 17:20:07.191 [main] DataProviderXml - updateUsers: [1] {}
[INFO ] 2022-01-21 17:20:07.191 [main] DataProviderXml - getUsers: [1] {}
[INFO ] 2022-01-21 17:20:07.191 [main] DataProviderXml - readXml: [1] {}
[INFO ] 2022-01-21 17:20:07.196 [main] DataProviderXml - readXml: [3] {}
[INFO ] 2022-01-21 17:20:07.196 [main] DataProviderXml - getUsers: [3] {}
[INFO ] 2022-01-21 17:20:07.196 [main] DataProviderXml - isIdInData: [1] {}
[INFO ] 2022-01-21 17:20:07.196 [main] DataProviderXml - getUsers: [1] {}
[INFO ] 2022-01-21 17:20:07.196 [main] DataProviderXml - readXml: [1] {}
[INFO ] 2022-01-21 17:20:07.200 [main] DataProviderXml - readXml: [3] {}
[INFO ] 2022-01-21 17:20:07.200 [main] DataProviderXml - getUsers: [3] {}
[INFO ] 2022-01-21 17:20:07.200 [main] DataProviderXml - isIdInData: [2] {} Element is found
[INFO ] 2022-01-21 17:20:07.202 [main] HistoryContent - putUserHistory: [1] {}
[INFO ] 2022-01-21 17:20:07.745 [main] HistoryContent - putUserHistory: [2] {}
[INFO ] 2022-01-21 17:20:09.580 [main] DataProviderXml - appendUsers: [1] {}
[INFO ] 2022-01-21 17:20:09.582 [main] DataProviderXml - stringingDuplicateId: [1] {}
[INFO ] 2022-01-21 17:20:09.582 [main] DataProviderXml - getUsers: [1] {}
[INFO ] 2022-01-21 17:20:09.583 [main] DataProviderXml - readXml: [1] {}
[INFO ] 2022-01-21 17:20:09.595 [main] DataProviderXml - readXml: [3] {}
[INFO ] 2022-01-21 17:20:09.596 [main] DataProviderXml - getUsers: [3] {}
[INFO ] 2022-01-21 17:20:09.596 [main] DataProviderXml - getUsers: [1] {}
[INFO ] 2022-01-21 17:20:09.597 [main] DataProviderXml - readXml: [1] {}
[INFO ] 2022-01-21 17:20:09.608 [main] DataProviderXml - readXml: [3] {}
[INFO ] 2022-01-21 17:20:09.609 [main] DataProviderXml - getUsers: [3] {}
[INFO ] 2022-01-21 17:20:09.611 [main] DataProviderXml - stringingDuplicateId: [2] {}
[INFO ] 2022-01-21 17:20:09.612 [main] DataProviderXml - writeXml: [1] {}
[INFO ] 2022-01-21 17:20:09.625 [main] DataProviderXml - writeXml: [3] {}
[INFO ] 2022-01-21 17:20:09.626 [main] DataProviderXml - appendUsers: [3] {}
[INFO ] 2022-01-21 17:20:09.626 [main] DataProviderXml - updateUsers: [3] {}
[INFO ] 2022-01-21 17:20:09.626 [main] DataProviderXml - createOrder [4] {}
[INFO ] 2022-01-21 17:20:09.639 [main] DataProviderXml - updateUsers: [1] {}
[INFO ] 2022-01-21 17:20:09.639 [main] DataProviderXml - getUsers: [1] {}
[INFO ] 2022-01-21 17:20:09.640 [main] DataProviderXml - readXml: [1] {}
[INFO ] 2022-01-21 17:20:09.648 [main] DataProviderXml - readXml: [3] {}
[INFO ] 2022-01-21 17:20:09.648 [main] DataProviderXml - getUsers: [3] {}
[INFO ] 2022-01-21 17:20:09.649 [main] DataProviderXml - isIdInData: [1] {}
[INFO ] 2022-01-21 17:20:09.649 [main] DataProviderXml - getUsers: [1] {}
[INFO ] 2022-01-21 17:20:09.649 [main] DataProviderXml - readXml: [1] {}
[INFO ] 2022-01-21 17:20:09.657 [main] DataProviderXml - readXml: [3] {}
[INFO ] 2022-01-21 17:20:09.657 [main] DataProviderXml - getUsers: [3] {}
[INFO ] 2022-01-21 17:20:09.658 [main] DataProviderXml - isIdInData: [2] {} Element is found
[INFO ] 2022-01-21 17:20:09.658 [main] HistoryContent - putUserHistory: [1] {}
[INFO ] 2022-01-21 17:20:09.687 [main] HistoryContent - putUserHistory: [2] {}
[INFO ] 2022-01-21 17:20:10.580 [main] DataProviderXml - appendUsers: [1] {}
[INFO ] 2022-01-21 17:20:10.581 [main] DataProviderXml - stringingDuplicateId: [1] {}
[INFO ] 2022-01-21 17:20:10.581 [main] DataProviderXml - getUsers: [1] {}
[INFO ] 2022-01-21 17:20:10.582 [main] DataProviderXml - readXml: [1] {}
[INFO ] 2022-01-21 17:20:10.591 [main] DataProviderXml - readXml: [3] {}
