[INFO ] 2022-01-26 16:06:51.597 [main] DataProviderXml - readXml: [3] {}
[INFO ] 2022-01-26 16:06:51.608 [main] DataProviderXml - getUsers: [3] {}
[INFO ] 2022-01-26 16:06:51.608 [main] DataProviderXml - isIdInData: [1] {}
[INFO ] 2022-01-26 16:06:51.608 [main] DataProviderXml - getUsers: [1] {}
[INFO ] 2022-01-26 16:06:51.608 [main] DataProviderXml - readXml: [1] {}
[INFO ] 2022-01-26 16:06:51.612 [main] DataProviderXml - readXml: [3] {}
[INFO ] 2022-01-26 16:06:51.612 [main] DataProviderXml - getUsers: [3] {}
[INFO ] 2022-01-26 16:06:51.614 [main] DataProviderXml - isIdInData: [2] {} Element is found
[INFO ] 2022-01-26 16:06:51.615 [main] DataProviderXml - getUserById: [4] {}
[INFO ] 2022-01-26 16:06:51.615 [main] DataProviderXml - pharmacyProductName [1] {}
[INFO ] 2022-01-26 16:06:51.616 [main] DataProviderXml - searchPharmacyProductByName [1] {}
[INFO ] 2022-01-26 16:06:51.616 [main] DataProviderXml - searchMeddicineByName [1] {}
[INFO ] 2022-01-26 16:06:51.616 [main] DataProviderXml - getMeddicines: [1] {}
[INFO ] 2022-01-26 16:06:51.616 [main] DataProviderXml - readXmlMedicine: [1] {}
[INFO ] 2022-01-26 16:06:51.623 [main] DataProviderXml - readXmlMedicine: [3] {}
[INFO ] 2022-01-26 16:06:51.623 [main] DataProviderXml - getMeddicines: [3] {}
[INFO ] 2022-01-26 16:06:51.623 [main] DataProviderXml - searchMeddicineByName [2] {}
[INFO ] 2022-01-26 16:06:51.623 [main] DataProviderXml - searchMedicalDeviceByName [1] {}
[INFO ] 2022-01-26 16:06:51.623 [main] DataProviderXml - getMedicalDevices: [1] {}
[INFO ] 2022-01-26 16:06:51.623 [main] DataProviderXml - readXmlMedicalDevice: [1] {}
[INFO ] 2022-01-26 16:06:51.629 [main] DataProviderXml - readXmlMedicine: [3] {}
[INFO ] 2022-01-26 16:06:51.629 [main] DataProviderXml - getMeddicines: [3] {}
[INFO ] 2022-01-26 16:06:51.630 [main] DataProviderXml - searchMedicalDeviceByName [2] {}
[INFO ] 2022-01-26 16:06:51.630 [main] DataProviderXml - searchPharmacyProductByName [2] {}
[INFO ] 2022-01-26 16:06:51.630 [main] DataProviderXml - searchPharmacyProductByName [3] {}
[INFO ] 2022-01-26 16:06:51.630 [main] DataProviderXml - searchPharmacyProductByName [5] {}
[INFO ] 2022-01-26 16:06:51.631 [main] DataProviderXml - searchPharmacyProductByName [1] {}
[INFO ] 2022-01-26 16:06:51.631 [main] DataProviderXml - searchMeddicineByName [1] {}
[INFO ] 2022-01-26 16:06:51.631 [main] DataProviderXml - getMeddicines: [1] {}
[INFO ] 2022-01-26 16:06:51.631 [main] DataProviderXml - readXmlMedicine: [1] {}
[INFO ] 2022-01-26 16:06:51.635 [main] DataProviderXml - readXmlMedicine: [3] {}
[INFO ] 2022-01-26 16:06:51.635 [main] DataProviderXml - getMeddicines: [3] {}
[INFO ] 2022-01-26 16:06:51.635 [main] DataProviderXml - searchMeddicineByName [2] {}
[INFO ] 2022-01-26 16:06:51.635 [main] DataProviderXml - searchMedicalDeviceByName [1] {}
[INFO ] 2022-01-26 16:06:51.636 [main] DataProviderXml - getMedicalDevices: [1] {}
[INFO ] 2022-01-26 16:06:51.636 [main] DataProviderXml - readXmlMedicalDevice: [1] {}
[INFO ] 2022-01-26 16:06:51.640 [main] DataProviderXml - readXmlMedicine: [3] {}
[INFO ] 2022-01-26 16:06:51.640 [main] DataProviderXml - getMeddicines: [3] {}
[INFO ] 2022-01-26 16:06:51.640 [main] DataProviderXml - searchMedicalDeviceByName [2] {}
[INFO ] 2022-01-26 16:06:51.640 [main] DataProviderXml - searchPharmacyProductByName [2] {}
[INFO ] 2022-01-26 16:06:51.640 [main] DataProviderXml - searchPharmacyProductByName [3] {}
[INFO ] 2022-01-26 16:06:51.640 [main] DataProviderXml - searchPharmacyProductByName [5] {}
[INFO ] 2022-01-26 16:06:51.640 [main] DataProviderXml - updateOrders: [1] {}
[INFO ] 2022-01-26 16:06:51.640 [main] DataProviderXml - getOrders: [1] {}
[INFO ] 2022-01-26 16:06:51.640 [main] DataProviderXml - readXmlOrder: [1] {}
[INFO ] 2022-01-26 16:06:51.643 [main] DataProviderXml - readXmlOrder: [3] {}
[INFO ] 2022-01-26 16:06:51.643 [main] DataProviderXml - getOrders: [3] {}
[INFO ] 2022-01-26 16:06:51.644 [main] DataProviderXml - isIdInDataOrder: [1] {}
[INFO ] 2022-01-26 16:06:51.644 [main] DataProviderXml - getOrders: [1] {}
[INFO ] 2022-01-26 16:06:51.644 [main] DataProviderXml - readXmlOrder: [1] {}
[INFO ] 2022-01-26 16:06:51.647 [main] DataProviderXml - readXmlOrder: [3] {}
[INFO ] 2022-01-26 16:06:51.647 [main] DataProviderXml - getOrders: [3] {}
[INFO ] 2022-01-26 16:06:51.649 [main] DataProviderXml - isIdInDataOrder: [2] {} Element is found
[INFO ] 2022-01-26 16:06:51.653 [main] HistoryContent - putOrderHistory: [1] {}
[INFO ] 2022-01-26 16:06:52.057 [main] HistoryContent - putOrderHistory: [2] {}
[INFO ] 2022-01-26 16:06:53.586 [main] DataProviderXml - appendOrders: [1] {}
[INFO ] 2022-01-26 16:06:53.587 [main] DataProviderXml - stringingDuplicateIdOrder: [1] {}
[INFO ] 2022-01-26 16:06:53.587 [main] DataProviderXml - getOrders: [1] {}
[INFO ] 2022-01-26 16:06:53.589 [main] DataProviderXml - readXmlOrder: [1] {}
[INFO ] 2022-01-26 16:06:53.597 [main] DataProviderXml - readXmlOrder: [3] {}
[INFO ] 2022-01-26 16:06:53.597 [main] DataProviderXml - getOrders: [3] {}
[INFO ] 2022-01-26 16:06:53.598 [main] DataProviderXml - getOrders: [1] {}
[INFO ] 2022-01-26 16:06:53.598 [main] DataProviderXml - readXmlOrder: [1] {}
[INFO ] 2022-01-26 16:06:53.607 [main] DataProviderXml - readXmlOrder: [3] {}
[INFO ] 2022-01-26 16:06:53.608 [main] DataProviderXml - getOrders: [3] {}
[INFO ] 2022-01-26 16:06:53.608 [main] DataProviderXml - stringingDuplicateIdOrder: [2] {}
[INFO ] 2022-01-26 16:06:53.608 [main] DataProviderXml - writeXmlOrder: [1] {}
[INFO ] 2022-01-26 16:06:53.669 [main] DataProviderXml - writeXmlOrder: [3] {}
[INFO ] 2022-01-26 16:06:53.669 [main] DataProviderXml - appendOrders: [3] {}
[INFO ] 2022-01-26 16:06:53.669 [main] DataProviderXml - updateOrders: [3] {}
[INFO ] 2022-01-26 16:06:53.669 [main] DataProviderXml - createOrder [3] {}
[INFO ] 2022-01-26 16:07:08.541 [main] DataProviderXml - createOrder [1] {}
[INFO ] 2022-01-26 16:07:08.545 [main] DataProviderXml - getUserById: [1] {}
[INFO ] 2022-01-26 16:07:08.546 [main] DataProviderXml - getUsers: [1] {}
[INFO ] 2022-01-26 16:07:08.546 [main] DataProviderXml - readXml: [1] {}
[INFO ] 2022-01-26 16:07:08.669 [main] DataProviderXml - readXml: [3] {}
[INFO ] 2022-01-26 16:07:08.670 [main] DataProviderXml - getUsers: [3] {}
[INFO ] 2022-01-26 16:07:08.670 [main] DataProviderXml - isIdInData: [1] {}
[INFO ] 2022-01-26 16:07:08.670 [main] DataProviderXml - getUsers: [1] {}
[INFO ] 2022-01-26 16:07:08.670 [main] DataProviderXml - readXml: [1] {}
[INFO ] 2022-01-26 16:07:08.674 [main] DataProviderXml - readXml: [3] {}
[INFO ] 2022-01-26 16:07:08.674 [main] DataProviderXml - getUsers: [3] {}
[INFO ] 2022-01-26 16:07:08.676 [main] DataProviderXml - isIdInData: [3] {} No Such Element
[INFO ] 2022-01-26 16:07:08.679 [main] DataProviderXml - getUserById: [2] {} No Such Element id = 48
[INFO ] 2022-01-26 16:07:08.680 [main] DataProviderXml - getUserById: [4] {}
[INFO ] 2022-01-26 16:07:08.680 [main] DataProviderXml - createOrder [2] {} No such user
[INFO ] 2022-01-26 16:07:08.680 [main] DataProviderXml - createOrder [3] {}
[INFO ] 2022-01-26 16:10:06.729 [main] DataProviderH2 - createOrder [1] {}
[INFO ] 2022-01-26 16:10:06.736 [main] DataProviderH2 - getUserById: [1] {}
[INFO ] 2022-01-26 16:10:06.736 [main] DataProviderH2 - connection: [1] {}
[INFO ] 2022-01-26 16:10:07.029 [main] DataProviderH2 - connection: [2] {}
[INFO ] 2022-01-26 16:10:07.030 [main] DataProviderH2 - connection: [4] {}
[INFO ] 2022-01-26 16:10:07.034 [main] DataProviderH2 - h2ToUserListUser: [1] {}
[INFO ] 2022-01-26 16:10:07.035 [main] DataProviderH2 - h2ToUserListUser: [2] {}
[INFO ] 2022-01-26 16:10:07.036 [main] DataProviderH2 - h2ToUserListUser: [4] {}
[INFO ] 2022-01-26 16:10:07.036 [main] DataProviderH2 - closeConnection: [1] {}
[INFO ] 2022-01-26 16:10:07.061 [main] DataProviderH2 - getUserById: [2] {}
[INFO ] 2022-01-26 16:10:07.061 [main] DataProviderH2 - pharmacyProductName [1] {}
[INFO ] 2022-01-26 16:10:07.061 [main] DataProviderH2 - searchPharmacyProductByName [1] {}
[INFO ] 2022-01-26 16:10:07.061 [main] DataProviderH2 - searchMeddicineByName [1] {}
[INFO ] 2022-01-26 16:10:07.061 [main] DataProviderH2 - getMeddicines: [1] {}
[INFO ] 2022-01-26 16:10:07.061 [main] DataProviderH2 - readMeddicinesFromH2M: [1] {}
[INFO ] 2022-01-26 16:10:07.062 [main] DataProviderH2 - connection: [1] {}
[INFO ] 2022-01-26 16:10:07.076 [main] DataProviderH2 - connection: [2] {}
[INFO ] 2022-01-26 16:10:07.077 [main] DataProviderH2 - connection: [4] {}
[INFO ] 2022-01-26 16:10:07.077 [main] DataProviderH2 - h2ToMeddicineList: [1] {}
[INFO ] 2022-01-26 16:10:07.079 [main] DataProviderH2 - h2ToMeddicineList: [2] {}
[INFO ] 2022-01-26 16:10:07.079 [main] DataProviderH2 - h2ToMeddicineList: [4] {}
[INFO ] 2022-01-26 16:10:07.079 [main] DataProviderH2 - closeConnection: [1] {}
[INFO ] 2022-01-26 16:10:07.095 [main] DataProviderH2 - readMeddicinesFromH2M: [2] {}
[INFO ] 2022-01-26 16:10:07.095 [main] DataProviderH2 - readFromH2: [4] {}
[INFO ] 2022-01-26 16:10:07.095 [main] DataProviderH2 - getMeddicines: [2] {}
[INFO ] 2022-01-26 16:10:07.095 [main] DataProviderH2 - getMeddicines: [4] {}
[INFO ] 2022-01-26 16:10:07.096 [main] DataProviderH2 - searchMeddicineByName [2] {}
[INFO ] 2022-01-26 16:10:07.096 [main] DataProviderH2 - searchMedicalDeviceByName [1] {}
[INFO ] 2022-01-26 16:10:07.096 [main] DataProviderH2 - getMedicalDevices: [1] {}
[INFO ] 2022-01-26 16:10:07.096 [main] DataProviderH2 - readMedicalDeviceFromH2M: [1] {}
[INFO ] 2022-01-26 16:10:07.097 [main] DataProviderH2 - connection: [1] {}
[INFO ] 2022-01-26 16:10:07.114 [main] DataProviderH2 - connection: [2] {}
[INFO ] 2022-01-26 16:10:07.114 [main] DataProviderH2 - connection: [4] {}
[INFO ] 2022-01-26 16:10:07.114 [main] DataProviderH2 - h2ToMedicalDeviceList: [1] {}
[INFO ] 2022-01-26 16:10:07.117 [main] DataProviderH2 - h2ToMedicalDeviceList: [2] {}
[INFO ] 2022-01-26 16:10:07.118 [main] DataProviderH2 - h2ToMedicalDeviceList: [4] {}
[INFO ] 2022-01-26 16:10:07.118 [main] DataProviderH2 - closeConnection: [1] {}
[INFO ] 2022-01-26 16:10:07.147 [main] DataProviderH2 - readMedicalDeviceFromH2M: [2] {}
[INFO ] 2022-01-26 16:10:07.147 [main] DataProviderH2 - readMedicalDeviceFromH2M: [4] {}
