[INFO ] 2022-01-21 17:07:41.372 [main] DataProviderH2 - getMedicalDevices: [4] {}
[INFO ] 2022-01-21 17:07:41.381 [main] DataProviderH2 - searchMedicalDeviceByName [2] {}
[INFO ] 2022-01-21 17:07:41.382 [main] DataProviderH2 - searchPharmacyProductByName [2] {}
[INFO ] 2022-01-21 17:07:41.382 [main] DataProviderH2 - searchPharmacyProductByName [3] {}
[INFO ] 2022-01-21 17:07:41.382 [main] DataProviderH2 - searchPharmacyProductByName [5] {}
[INFO ] 2022-01-21 17:07:41.382 [main] DataProviderH2 - searchPharmacyProductByName [1] {}
[INFO ] 2022-01-21 17:07:41.382 [main] DataProviderH2 - searchMeddicineByName [1] {}
[INFO ] 2022-01-21 17:07:41.382 [main] DataProviderH2 - getMeddicines: [1] {}
[INFO ] 2022-01-21 17:07:41.383 [main] DataProviderH2 - readMeddicinesFromH2M: [1] {}
[INFO ] 2022-01-21 17:07:41.383 [main] DataProviderH2 - connection: [1] {}
[INFO ] 2022-01-21 17:07:41.401 [main] DataProviderH2 - connection: [2] {}
[INFO ] 2022-01-21 17:07:41.401 [main] DataProviderH2 - connection: [4] {}
[INFO ] 2022-01-21 17:07:41.402 [main] DataProviderH2 - h2ToMeddicineList: [1] {}
[INFO ] 2022-01-21 17:07:41.403 [main] DataProviderH2 - h2ToMeddicineList: [2] {}
[INFO ] 2022-01-21 17:07:41.403 [main] DataProviderH2 - h2ToMeddicineList: [4] {}
[INFO ] 2022-01-21 17:07:41.403 [main] DataProviderH2 - closeConnection: [1] {}
[INFO ] 2022-01-21 17:07:41.421 [main] DataProviderH2 - readMeddicinesFromH2M: [2] {}
[INFO ] 2022-01-21 17:07:41.422 [main] DataProviderH2 - readFromH2: [4] {}
[INFO ] 2022-01-21 17:07:41.422 [main] DataProviderH2 - getMeddicines: [2] {}
[INFO ] 2022-01-21 17:07:41.422 [main] DataProviderH2 - getMeddicines: [4] {}
[INFO ] 2022-01-21 17:07:41.422 [main] DataProviderH2 - searchMeddicineByName [2] {}
[INFO ] 2022-01-21 17:07:41.422 [main] DataProviderH2 - searchMedicalDeviceByName [1] {}
[INFO ] 2022-01-21 17:07:41.422 [main] DataProviderH2 - getMedicalDevices: [1] {}
[INFO ] 2022-01-21 17:07:41.422 [main] DataProviderH2 - readMedicalDeviceFromH2M: [1] {}
[INFO ] 2022-01-21 17:07:41.422 [main] DataProviderH2 - connection: [1] {}
[INFO ] 2022-01-21 17:07:41.442 [main] DataProviderH2 - connection: [2] {}
[INFO ] 2022-01-21 17:07:41.442 [main] DataProviderH2 - connection: [4] {}
[INFO ] 2022-01-21 17:07:41.443 [main] DataProviderH2 - h2ToMedicalDeviceList: [1] {}
[INFO ] 2022-01-21 17:07:41.443 [main] DataProviderH2 - h2ToMedicalDeviceList: [2] {}
[INFO ] 2022-01-21 17:07:41.443 [main] DataProviderH2 - h2ToMedicalDeviceList: [4] {}
[INFO ] 2022-01-21 17:07:41.443 [main] DataProviderH2 - closeConnection: [1] {}
[INFO ] 2022-01-21 17:07:41.462 [main] DataProviderH2 - readMedicalDeviceFromH2M: [2] {}
[INFO ] 2022-01-21 17:07:41.463 [main] DataProviderH2 - readMedicalDeviceFromH2M: [4] {}
[INFO ] 2022-01-21 17:07:41.463 [main] DataProviderH2 - getMedicalDevices: [2] {}
[INFO ] 2022-01-21 17:07:41.463 [main] DataProviderH2 - getMedicalDevices: [4] {}
[INFO ] 2022-01-21 17:07:41.463 [main] DataProviderH2 - searchMedicalDeviceByName [2] {}
[INFO ] 2022-01-21 17:07:41.463 [main] DataProviderH2 - searchPharmacyProductByName [2] {}
[INFO ] 2022-01-21 17:07:41.463 [main] DataProviderH2 - searchPharmacyProductByName [3] {}
[INFO ] 2022-01-21 17:07:41.463 [main] DataProviderH2 - searchPharmacyProductByName [5] {}
[INFO ] 2022-01-21 17:07:41.464 [main] DataProviderH2 - updateOrders: [1] {}
[INFO ] 2022-01-21 17:07:41.464 [main] DataProviderH2 - connection: [1] {}
[INFO ] 2022-01-21 17:07:41.483 [main] DataProviderH2 - connection: [2] {}
[INFO ] 2022-01-21 17:07:41.483 [main] DataProviderH2 - connection: [4] {}
[INFO ] 2022-01-21 17:07:41.483 [main] DataProviderH2 - isInDataOrder [1] {}
[INFO ] 2022-01-21 17:07:41.483 [main] DataProviderH2 - getOrders: [1] {}
[INFO ] 2022-01-21 17:07:41.483 [main] DataProviderH2 - readH2Order: [1] {}
[INFO ] 2022-01-21 17:07:41.484 [main] DataProviderH2 - connection: [1] {}
[INFO ] 2022-01-21 17:07:41.485 [main] DataProviderH2 - connection: [2] {}
[INFO ] 2022-01-21 17:07:41.485 [main] DataProviderH2 - connection: [4] {}
[INFO ] 2022-01-21 17:07:41.486 [main] DataProviderH2 - h2ToOrderList: [1] {}
[INFO ] 2022-01-21 17:07:41.486 [main] DataProviderH2 - h2ToOrderList: [2] {}
[INFO ] 2022-01-21 17:07:41.486 [main] DataProviderH2 - h2ToOrderList: [4] {}
[INFO ] 2022-01-21 17:07:41.487 [main] DataProviderH2 - closeConnection: [1] {}
[INFO ] 2022-01-21 17:07:41.487 [main] DataProviderH2 - readH2Order: [2] {}
[INFO ] 2022-01-21 17:07:41.487 [main] DataProviderH2 - readH2Order: [4] {}
[INFO ] 2022-01-21 17:07:41.487 [main] DataProviderH2 - getOrders: [2] {}
[INFO ] 2022-01-21 17:07:41.487 [main] DataProviderH2 - getOrders: [4] {}
[INFO ] 2022-01-21 17:07:41.489 [main] DataProviderH2 - takeHistoryOrders [1] {}
[INFO ] 2022-01-21 17:07:41.489 [main] DataProviderH2 - isInDataOrder [1] {}
[INFO ] 2022-01-21 17:07:41.489 [main] DataProviderH2 - getOrders: [1] {}
[INFO ] 2022-01-21 17:07:41.489 [main] DataProviderH2 - readH2Order: [1] {}
[INFO ] 2022-01-21 17:07:41.489 [main] DataProviderH2 - connection: [1] {}
[INFO ] 2022-01-21 17:07:41.491 [main] DataProviderH2 - connection: [2] {}
[INFO ] 2022-01-21 17:07:41.491 [main] DataProviderH2 - connection: [4] {}
[INFO ] 2022-01-21 17:07:41.492 [main] DataProviderH2 - h2ToOrderList: [1] {}
[INFO ] 2022-01-21 17:07:41.492 [main] DataProviderH2 - h2ToOrderList: [2] {}
[INFO ] 2022-01-21 17:07:41.492 [main] DataProviderH2 - h2ToOrderList: [4] {}
[INFO ] 2022-01-21 17:07:41.492 [main] DataProviderH2 - closeConnection: [1] {}
[INFO ] 2022-01-21 17:07:41.492 [main] DataProviderH2 - readH2Order: [2] {}
[INFO ] 2022-01-21 17:07:41.493 [main] DataProviderH2 - readH2Order: [4] {}
[INFO ] 2022-01-21 17:07:41.493 [main] DataProviderH2 - getOrders: [2] {}
[INFO ] 2022-01-21 17:07:41.493 [main] DataProviderH2 - getOrders: [4] {}
[INFO ] 2022-01-21 17:07:41.493 [main] DataProviderH2 - getOrders: [1] {}
[INFO ] 2022-01-21 17:07:41.493 [main] DataProviderH2 - readH2Order: [1] {}
[INFO ] 2022-01-21 17:07:41.493 [main] DataProviderH2 - connection: [1] {}
[INFO ] 2022-01-21 17:07:41.495 [main] DataProviderH2 - connection: [2] {}
[INFO ] 2022-01-21 17:07:41.495 [main] DataProviderH2 - connection: [4] {}
[INFO ] 2022-01-21 17:07:41.496 [main] DataProviderH2 - h2ToOrderList: [1] {}
[INFO ] 2022-01-21 17:07:41.496 [main] DataProviderH2 - h2ToOrderList: [2] {}
[INFO ] 2022-01-21 17:07:41.496 [main] DataProviderH2 - h2ToOrderList: [4] {}
[INFO ] 2022-01-21 17:07:41.496 [main] DataProviderH2 - closeConnection: [1] {}
[INFO ] 2022-01-21 17:07:41.497 [main] DataProviderH2 - readH2Order: [2] {}
[INFO ] 2022-01-21 17:07:41.497 [main] DataProviderH2 - readH2Order: [4] {}
[INFO ] 2022-01-21 17:07:41.497 [main] DataProviderH2 - getOrders: [2] {}
[INFO ] 2022-01-21 17:07:41.497 [main] DataProviderH2 - getOrders: [4] {}
[INFO ] 2022-01-21 17:07:41.499 [main] HistoryContent - putOrderHistory: [1] {}
[INFO ] 2022-01-21 17:07:41.878 [main] HistoryContent - putOrderHistory: [2] {}
[INFO ] 2022-01-21 17:07:43.167 [main] DataProviderH2 - updateOrders: [3] {}
[INFO ] 2022-01-21 17:07:43.169 [main] DataProviderH2 - closeConnection: [1] {}
[INFO ] 2022-01-21 17:07:43.201 [main] DataProviderH2 - updateOrders: [5] {}
[INFO ] 2022-01-21 17:07:43.201 [main] DataProviderH2 - connection: [1] {}
[INFO ] 2022-01-21 17:07:43.220 [main] DataProviderH2 - connection: [2] {}
[INFO ] 2022-01-21 17:07:43.220 [main] DataProviderH2 - connection: [4] {}
[INFO ] 2022-01-21 17:07:43.220 [main] DataProviderH2 - isInDataUser [1] {}
[INFO ] 2022-01-21 17:07:43.221 [main] DataProviderH2 - getUsers: [1] {}
[INFO ] 2022-01-21 17:07:43.221 [main] DataProviderH2 - readFromH2: [1] {}
[INFO ] 2022-01-21 17:07:43.221 [main] DataProviderH2 - connection: [1] {}
[INFO ] 2022-01-21 17:07:43.223 [main] DataProviderH2 - connection: [2] {}
[INFO ] 2022-01-21 17:07:43.223 [main] DataProviderH2 - connection: [4] {}
[INFO ] 2022-01-21 17:07:43.224 [main] DataProviderH2 - h2ToUserListUser: [1] {}
[INFO ] 2022-01-21 17:07:43.224 [main] DataProviderH2 - h2ToUserListUser: [2] {}
[INFO ] 2022-01-21 17:07:43.225 [main] DataProviderH2 - h2ToUserListUser: [4] {}
[INFO ] 2022-01-21 17:07:43.225 [main] DataProviderH2 - closeConnection: [1] {}
[INFO ] 2022-01-21 17:07:43.225 [main] DataProviderH2 - readFromH2: [2] {}
[INFO ] 2022-01-21 17:07:43.225 [main] DataProviderH2 - readFromH2: [4] {}
[INFO ] 2022-01-21 17:07:43.225 [main] DataProviderH2 - getUsers: [2] {}
[INFO ] 2022-01-21 17:07:43.226 [main] DataProviderH2 - getUsers: [4] {}
[INFO ] 2022-01-21 17:07:43.226 [main] DataProviderH2 - takeHistoryUsers [1] {}
[INFO ] 2022-01-21 17:07:43.227 [main] DataProviderH2 - isInDataUser [1] {}
[INFO ] 2022-01-21 17:07:43.227 [main] DataProviderH2 - getUsers: [1] {}
[INFO ] 2022-01-21 17:07:43.227 [main] DataProviderH2 - readFromH2: [1] {}
[INFO ] 2022-01-21 17:07:43.227 [main] DataProviderH2 - connection: [1] {}
[INFO ] 2022-01-21 17:07:43.229 [main] DataProviderH2 - connection: [2] {}
[INFO ] 2022-01-21 17:07:43.229 [main] DataProviderH2 - connection: [4] {}
[INFO ] 2022-01-21 17:07:43.229 [main] DataProviderH2 - h2ToUserListUser: [1] {}
[INFO ] 2022-01-21 17:07:43.230 [main] DataProviderH2 - h2ToUserListUser: [2] {}
[INFO ] 2022-01-21 17:07:43.230 [main] DataProviderH2 - h2ToUserListUser: [4] {}
[INFO ] 2022-01-21 17:07:43.230 [main] DataProviderH2 - closeConnection: [1] {}
[INFO ] 2022-01-21 17:07:43.230 [main] DataProviderH2 - readFromH2: [2] {}
[INFO ] 2022-01-21 17:07:43.230 [main] DataProviderH2 - readFromH2: [4] {}
[INFO ] 2022-01-21 17:07:43.231 [main] DataProviderH2 - getUsers: [2] {}
[INFO ] 2022-01-21 17:07:43.231 [main] DataProviderH2 - getUsers: [4] {}
[INFO ] 2022-01-21 17:07:43.231 [main] DataProviderH2 - getUsers: [1] {}
[INFO ] 2022-01-21 17:07:43.231 [main] DataProviderH2 - readFromH2: [1] {}
[INFO ] 2022-01-21 17:07:43.231 [main] DataProviderH2 - connection: [1] {}
[INFO ] 2022-01-21 17:07:43.233 [main] DataProviderH2 - connection: [2] {}
[INFO ] 2022-01-21 17:07:43.233 [main] DataProviderH2 - connection: [4] {}
[INFO ] 2022-01-21 17:07:43.233 [main] DataProviderH2 - h2ToUserListUser: [1] {}
[INFO ] 2022-01-21 17:07:43.234 [main] DataProviderH2 - h2ToUserListUser: [2] {}
