[INFO ] 2022-01-22 17:52:00.233 [main] DataProviderXml - readXmlOrder: [3] {}
[INFO ] 2022-01-22 17:52:00.267 [main] DataProviderXml - getOrders: [3] {}
[INFO ] 2022-01-22 17:52:00.268 [main] DataProviderXml - getOrders: [1] {}
[INFO ] 2022-01-22 17:52:00.270 [main] DataProviderXml - readXmlOrder: [1] {}
[INFO ] 2022-01-22 17:52:00.283 [main] DataProviderXml - readXmlOrder: [3] {}
[INFO ] 2022-01-22 17:52:00.284 [main] DataProviderXml - getOrders: [3] {}
[INFO ] 2022-01-22 17:52:00.287 [main] DataProviderXml - stringingDuplicateIdOrder: [2] {}
[INFO ] 2022-01-22 17:52:00.287 [main] DataProviderXml - writeXmlOrder: [1] {}
[INFO ] 2022-01-22 17:52:00.341 [main] DataProviderXml - writeXmlOrder: [3] {}
[INFO ] 2022-01-22 17:52:00.341 [main] DataProviderXml - appendOrders: [3] {}
[INFO ] 2022-01-22 17:52:00.342 [main] DataProviderXml - updateOrders: [3] {}
[INFO ] 2022-01-22 17:52:00.342 [main] DataProviderXml - createOrder [4] {}
[INFO ] 2022-01-22 17:57:26.980 [main] DataProviderH2 - createOrder [1] {}
[INFO ] 2022-01-22 17:57:26.989 [main] DataProviderH2 - getUserById: [1] {}
[INFO ] 2022-01-22 17:57:26.989 [main] DataProviderH2 - connection: [1] {}
[INFO ] 2022-01-22 17:57:27.294 [main] DataProviderH2 - connection: [2] {}
[INFO ] 2022-01-22 17:57:27.294 [main] DataProviderH2 - connection: [4] {}
[INFO ] 2022-01-22 17:57:27.297 [main] DataProviderH2 - h2ToUserListUser: [1] {}
[INFO ] 2022-01-22 17:57:27.299 [main] DataProviderH2 - h2ToUserListUser: [2] {}
[INFO ] 2022-01-22 17:57:27.299 [main] DataProviderH2 - h2ToUserListUser: [4] {}
[INFO ] 2022-01-22 17:57:27.299 [main] DataProviderH2 - closeConnection: [1] {}
[INFO ] 2022-01-22 17:57:27.324 [main] DataProviderH2 - getUserById: [2] {}
[INFO ] 2022-01-22 17:57:27.324 [main] DataProviderH2 - searchPharmacyProductByName [1] {}
[INFO ] 2022-01-22 17:57:27.325 [main] DataProviderH2 - searchMeddicineByName [1] {}
[INFO ] 2022-01-22 17:57:27.325 [main] DataProviderH2 - getMeddicines: [1] {}
[INFO ] 2022-01-22 17:57:27.325 [main] DataProviderH2 - readMeddicinesFromH2M: [1] {}
[INFO ] 2022-01-22 17:57:27.325 [main] DataProviderH2 - connection: [1] {}
[INFO ] 2022-01-22 17:57:27.343 [main] DataProviderH2 - connection: [2] {}
[INFO ] 2022-01-22 17:57:27.343 [main] DataProviderH2 - connection: [4] {}
[INFO ] 2022-01-22 17:57:27.344 [main] DataProviderH2 - h2ToMeddicineList: [1] {}
[INFO ] 2022-01-22 17:57:27.346 [main] DataProviderH2 - h2ToMeddicineList: [2] {}
[INFO ] 2022-01-22 17:57:27.346 [main] DataProviderH2 - h2ToMeddicineList: [4] {}
[INFO ] 2022-01-22 17:57:27.346 [main] DataProviderH2 - closeConnection: [1] {}
[INFO ] 2022-01-22 17:57:27.367 [main] DataProviderH2 - readMeddicinesFromH2M: [2] {}
[INFO ] 2022-01-22 17:57:27.367 [main] DataProviderH2 - readFromH2: [4] {}
[INFO ] 2022-01-22 17:57:27.367 [main] DataProviderH2 - getMeddicines: [2] {}
[INFO ] 2022-01-22 17:57:27.367 [main] DataProviderH2 - getMeddicines: [4] {}
[INFO ] 2022-01-22 17:57:27.367 [main] DataProviderH2 - searchMeddicineByName [2] {}
[INFO ] 2022-01-22 17:57:27.367 [main] DataProviderH2 - searchMedicalDeviceByName [1] {}
[INFO ] 2022-01-22 17:57:27.368 [main] DataProviderH2 - getMedicalDevices: [1] {}
[INFO ] 2022-01-22 17:57:27.368 [main] DataProviderH2 - readMedicalDeviceFromH2M: [1] {}
[INFO ] 2022-01-22 17:57:27.368 [main] DataProviderH2 - connection: [1] {}
[INFO ] 2022-01-22 17:57:27.386 [main] DataProviderH2 - connection: [2] {}
[INFO ] 2022-01-22 17:57:27.386 [main] DataProviderH2 - connection: [4] {}
[INFO ] 2022-01-22 17:57:27.386 [main] DataProviderH2 - h2ToMedicalDeviceList: [1] {}
[INFO ] 2022-01-22 17:57:27.388 [main] DataProviderH2 - h2ToMedicalDeviceList: [2] {}
[INFO ] 2022-01-22 17:57:27.388 [main] DataProviderH2 - h2ToMedicalDeviceList: [4] {}
[INFO ] 2022-01-22 17:57:27.388 [main] DataProviderH2 - closeConnection: [1] {}
[INFO ] 2022-01-22 17:57:27.407 [main] DataProviderH2 - readMedicalDeviceFromH2M: [2] {}
[INFO ] 2022-01-22 17:57:27.407 [main] DataProviderH2 - readMedicalDeviceFromH2M: [4] {}
[INFO ] 2022-01-22 17:57:27.407 [main] DataProviderH2 - getMedicalDevices: [2] {}
[INFO ] 2022-01-22 17:57:27.408 [main] DataProviderH2 - getMedicalDevices: [4] {}
[INFO ] 2022-01-22 17:57:27.408 [main] DataProviderH2 - searchMedicalDeviceByName [2] {}
[INFO ] 2022-01-22 17:57:27.408 [main] DataProviderH2 - searchPharmacyProductByName [2] {}
[INFO ] 2022-01-22 17:57:27.409 [main] DataProviderH2 - searchPharmacyProductByName [3] {}
[INFO ] 2022-01-22 17:57:27.409 [main] DataProviderH2 - searchPharmacyProductByName [5] {}
[INFO ] 2022-01-22 17:57:27.409 [main] DataProviderH2 - searchPharmacyProductByName [1] {}
[INFO ] 2022-01-22 17:57:27.409 [main] DataProviderH2 - searchMeddicineByName [1] {}
[INFO ] 2022-01-22 17:57:27.409 [main] DataProviderH2 - getMeddicines: [1] {}
[INFO ] 2022-01-22 17:57:27.409 [main] DataProviderH2 - readMeddicinesFromH2M: [1] {}
[INFO ] 2022-01-22 17:57:27.409 [main] DataProviderH2 - connection: [1] {}
[INFO ] 2022-01-22 17:57:27.427 [main] DataProviderH2 - connection: [2] {}
[INFO ] 2022-01-22 17:57:27.427 [main] DataProviderH2 - connection: [4] {}
[INFO ] 2022-01-22 17:57:27.427 [main] DataProviderH2 - h2ToMeddicineList: [1] {}
[INFO ] 2022-01-22 17:57:27.427 [main] DataProviderH2 - h2ToMeddicineList: [2] {}
[INFO ] 2022-01-22 17:57:27.427 [main] DataProviderH2 - h2ToMeddicineList: [4] {}
[INFO ] 2022-01-22 17:57:27.428 [main] DataProviderH2 - closeConnection: [1] {}
[INFO ] 2022-01-22 17:57:27.446 [main] DataProviderH2 - readMeddicinesFromH2M: [2] {}
[INFO ] 2022-01-22 17:57:27.446 [main] DataProviderH2 - readFromH2: [4] {}
[INFO ] 2022-01-22 17:57:27.446 [main] DataProviderH2 - getMeddicines: [2] {}
[INFO ] 2022-01-22 17:57:27.447 [main] DataProviderH2 - getMeddicines: [4] {}
[INFO ] 2022-01-22 17:57:27.447 [main] DataProviderH2 - searchMeddicineByName [2] {}
[INFO ] 2022-01-22 17:57:27.447 [main] DataProviderH2 - searchMedicalDeviceByName [1] {}
[INFO ] 2022-01-22 17:57:27.447 [main] DataProviderH2 - getMedicalDevices: [1] {}
[INFO ] 2022-01-22 17:57:27.447 [main] DataProviderH2 - readMedicalDeviceFromH2M: [1] {}
[INFO ] 2022-01-22 17:57:27.448 [main] DataProviderH2 - connection: [1] {}
[INFO ] 2022-01-22 17:57:27.464 [main] DataProviderH2 - connection: [2] {}
[INFO ] 2022-01-22 17:57:27.465 [main] DataProviderH2 - connection: [4] {}
[INFO ] 2022-01-22 17:57:27.465 [main] DataProviderH2 - h2ToMedicalDeviceList: [1] {}
[INFO ] 2022-01-22 17:57:27.465 [main] DataProviderH2 - h2ToMedicalDeviceList: [2] {}
[INFO ] 2022-01-22 17:57:27.465 [main] DataProviderH2 - h2ToMedicalDeviceList: [4] {}
[INFO ] 2022-01-22 17:57:27.466 [main] DataProviderH2 - closeConnection: [1] {}
[INFO ] 2022-01-22 17:57:27.483 [main] DataProviderH2 - readMedicalDeviceFromH2M: [2] {}
[INFO ] 2022-01-22 17:57:27.484 [main] DataProviderH2 - readMedicalDeviceFromH2M: [4] {}
[INFO ] 2022-01-22 17:57:27.484 [main] DataProviderH2 - getMedicalDevices: [2] {}
[INFO ] 2022-01-22 17:57:27.484 [main] DataProviderH2 - getMedicalDevices: [4] {}
[INFO ] 2022-01-22 17:57:27.484 [main] DataProviderH2 - searchMedicalDeviceByName [2] {}
[INFO ] 2022-01-22 17:57:27.484 [main] DataProviderH2 - searchPharmacyProductByName [2] {}
[INFO ] 2022-01-22 17:57:27.484 [main] DataProviderH2 - searchPharmacyProductByName [3] {}
[INFO ] 2022-01-22 17:57:27.484 [main] DataProviderH2 - searchPharmacyProductByName [5] {}
[INFO ] 2022-01-22 17:57:27.484 [main] DataProviderH2 - updateOrders: [1] {}
[INFO ] 2022-01-22 17:57:27.484 [main] DataProviderH2 - connection: [1] {}
[INFO ] 2022-01-22 17:57:27.500 [main] DataProviderH2 - connection: [2] {}
[INFO ] 2022-01-22 17:57:27.501 [main] DataProviderH2 - connection: [4] {}
[INFO ] 2022-01-22 17:57:27.501 [main] DataProviderH2 - isInDataOrder [1] {}
[INFO ] 2022-01-22 17:57:27.501 [main] DataProviderH2 - getOrders: [1] {}
[INFO ] 2022-01-22 17:57:27.501 [main] DataProviderH2 - readH2Order: [1] {}
[INFO ] 2022-01-22 17:57:27.501 [main] DataProviderH2 - connection: [1] {}
[INFO ] 2022-01-22 17:57:27.503 [main] DataProviderH2 - connection: [2] {}
[INFO ] 2022-01-22 17:57:27.503 [main] DataProviderH2 - connection: [4] {}
[INFO ] 2022-01-22 17:57:27.504 [main] DataProviderH2 - h2ToOrderList: [1] {}
[INFO ] 2022-01-22 17:57:27.504 [main] DataProviderH2 - h2ToOrderList: [2] {}
[INFO ] 2022-01-22 17:57:27.504 [main] DataProviderH2 - h2ToOrderList: [4] {}
[INFO ] 2022-01-22 17:57:27.504 [main] DataProviderH2 - closeConnection: [1] {}
[INFO ] 2022-01-22 17:57:27.504 [main] DataProviderH2 - readH2Order: [2] {}
[INFO ] 2022-01-22 17:57:27.505 [main] DataProviderH2 - readH2Order: [4] {}
[INFO ] 2022-01-22 17:57:27.505 [main] DataProviderH2 - getOrders: [2] {}
[INFO ] 2022-01-22 17:57:27.505 [main] DataProviderH2 - getOrders: [4] {}
[INFO ] 2022-01-22 17:57:27.506 [main] DataProviderH2 - No such element
[INFO ] 2022-01-22 17:57:27.512 [main] DataProviderH2 - updateOrders: [4] {}
[INFO ] 2022-01-22 17:57:27.512 [main] DataProviderH2 - closeConnection: [1] {}
[INFO ] 2022-01-22 17:57:27.533 [main] DataProviderH2 - updateOrders: [5] {}
[INFO ] 2022-01-22 17:57:27.533 [main] DataProviderH2 - createOrder [4] {}
[INFO ] 2022-01-22 17:58:33.534 [main] DataProviderH2 - createOrder [1] {}
[INFO ] 2022-01-22 17:58:33.541 [main] DataProviderH2 - getUserById: [1] {}
[INFO ] 2022-01-22 17:58:33.541 [main] DataProviderH2 - connection: [1] {}
[INFO ] 2022-01-22 17:58:33.810 [main] DataProviderH2 - connection: [2] {}
[INFO ] 2022-01-22 17:58:33.810 [main] DataProviderH2 - connection: [4] {}
[INFO ] 2022-01-22 17:58:33.814 [main] DataProviderH2 - h2ToUserListUser: [1] {}
[INFO ] 2022-01-22 17:58:33.814 [main] DataProviderH2 - h2ToUserListUser: [2] {}
[INFO ] 2022-01-22 17:58:33.814 [main] DataProviderH2 - h2ToUserListUser: [4] {}
[INFO ] 2022-01-22 17:58:33.814 [main] DataProviderH2 - closeConnection: [1] {}
[INFO ] 2022-01-22 17:58:33.837 [main] DataProviderH2 - getUserById: [2] {}
[INFO ] 2022-01-22 17:58:33.837 [main] DataProviderH2 - createOrder [2] {} No such pharmacy product or user
[INFO ] 2022-01-22 17:58:33.838 [main] DataProviderH2 - createOrder [4] {}
[INFO ] 2022-01-22 17:58:56.714 [main] DataProviderH2 - createOrder [1] {}
