[INFO ] 2022-01-22 17:59:42.491 [main] DataProviderH2 - readMedicalDeviceFromH2M: [2] {}
[INFO ] 2022-01-22 17:59:42.500 [main] DataProviderH2 - readMedicalDeviceFromH2M: [4] {}
[INFO ] 2022-01-22 17:59:42.500 [main] DataProviderH2 - getMedicalDevices: [2] {}
[INFO ] 2022-01-22 17:59:42.500 [main] DataProviderH2 - getMedicalDevices: [4] {}
[INFO ] 2022-01-22 17:59:42.500 [main] DataProviderH2 - searchMedicalDeviceByName [2] {}
[INFO ] 2022-01-22 17:59:42.500 [main] DataProviderH2 - searchPharmacyProductByName [2] {}
[INFO ] 2022-01-22 17:59:42.501 [main] DataProviderH2 - searchPharmacyProductByName [3] {}
[INFO ] 2022-01-22 17:59:42.501 [main] DataProviderH2 - searchPharmacyProductByName [5] {}
[INFO ] 2022-01-22 17:59:42.501 [main] DataProviderH2 - updateOrders: [1] {}
[INFO ] 2022-01-22 17:59:42.501 [main] DataProviderH2 - connection: [1] {}
[INFO ] 2022-01-22 17:59:42.516 [main] DataProviderH2 - connection: [2] {}
[INFO ] 2022-01-22 17:59:42.516 [main] DataProviderH2 - connection: [4] {}
[INFO ] 2022-01-22 17:59:42.516 [main] DataProviderH2 - isInDataOrder [1] {}
[INFO ] 2022-01-22 17:59:42.516 [main] DataProviderH2 - getOrders: [1] {}
[INFO ] 2022-01-22 17:59:42.516 [main] DataProviderH2 - readH2Order: [1] {}
[INFO ] 2022-01-22 17:59:42.517 [main] DataProviderH2 - connection: [1] {}
[INFO ] 2022-01-22 17:59:42.519 [main] DataProviderH2 - connection: [2] {}
[INFO ] 2022-01-22 17:59:42.519 [main] DataProviderH2 - connection: [4] {}
[INFO ] 2022-01-22 17:59:42.519 [main] DataProviderH2 - h2ToOrderList: [1] {}
[INFO ] 2022-01-22 17:59:42.520 [main] DataProviderH2 - h2ToOrderList: [2] {}
[INFO ] 2022-01-22 17:59:42.520 [main] DataProviderH2 - h2ToOrderList: [4] {}
[INFO ] 2022-01-22 17:59:42.520 [main] DataProviderH2 - closeConnection: [1] {}
[INFO ] 2022-01-22 17:59:42.520 [main] DataProviderH2 - readH2Order: [2] {}
[INFO ] 2022-01-22 17:59:42.520 [main] DataProviderH2 - readH2Order: [4] {}
[INFO ] 2022-01-22 17:59:42.520 [main] DataProviderH2 - getOrders: [2] {}
[INFO ] 2022-01-22 17:59:42.520 [main] DataProviderH2 - getOrders: [4] {}
[INFO ] 2022-01-22 17:59:42.521 [main] DataProviderH2 - No such element
[INFO ] 2022-01-22 17:59:42.526 [main] DataProviderH2 - updateOrders: [4] {}
[INFO ] 2022-01-22 17:59:42.527 [main] DataProviderH2 - closeConnection: [1] {}
[INFO ] 2022-01-22 17:59:42.544 [main] DataProviderH2 - updateOrders: [5] {}
[INFO ] 2022-01-22 17:59:42.544 [main] DataProviderH2 - createOrder [4] {}
[INFO ] 2022-01-22 17:59:57.042 [main] DataProviderH2 - createOrder [1] {}
[INFO ] 2022-01-22 17:59:57.048 [main] DataProviderH2 - getUserById: [1] {}
[INFO ] 2022-01-22 17:59:57.048 [main] DataProviderH2 - connection: [1] {}
[INFO ] 2022-01-22 17:59:57.313 [main] DataProviderH2 - connection: [2] {}
[INFO ] 2022-01-22 17:59:57.313 [main] DataProviderH2 - connection: [4] {}
[INFO ] 2022-01-22 17:59:57.317 [main] DataProviderH2 - h2ToUserListUser: [1] {}
[INFO ] 2022-01-22 17:59:57.318 [main] DataProviderH2 - h2ToUserListUser: [2] {}
[INFO ] 2022-01-22 17:59:57.318 [main] DataProviderH2 - h2ToUserListUser: [4] {}
[INFO ] 2022-01-22 17:59:57.319 [main] DataProviderH2 - closeConnection: [1] {}
[INFO ] 2022-01-22 17:59:57.340 [main] DataProviderH2 - getUserById: [2] {}
[INFO ] 2022-01-22 17:59:57.340 [main] DataProviderH2 - searchPharmacyProductByName [1] {}
[INFO ] 2022-01-22 17:59:57.340 [main] DataProviderH2 - searchMeddicineByName [1] {}
[INFO ] 2022-01-22 17:59:57.340 [main] DataProviderH2 - getMeddicines: [1] {}
[INFO ] 2022-01-22 17:59:57.340 [main] DataProviderH2 - readMeddicinesFromH2M: [1] {}
[INFO ] 2022-01-22 17:59:57.341 [main] DataProviderH2 - connection: [1] {}
[INFO ] 2022-01-22 17:59:57.357 [main] DataProviderH2 - connection: [2] {}
[INFO ] 2022-01-22 17:59:57.357 [main] DataProviderH2 - connection: [4] {}
[INFO ] 2022-01-22 17:59:57.357 [main] DataProviderH2 - h2ToMeddicineList: [1] {}
[INFO ] 2022-01-22 17:59:57.359 [main] DataProviderH2 - h2ToMeddicineList: [2] {}
[INFO ] 2022-01-22 17:59:57.360 [main] DataProviderH2 - h2ToMeddicineList: [4] {}
[INFO ] 2022-01-22 17:59:57.360 [main] DataProviderH2 - closeConnection: [1] {}
[INFO ] 2022-01-22 17:59:57.376 [main] DataProviderH2 - readMeddicinesFromH2M: [2] {}
[INFO ] 2022-01-22 17:59:57.377 [main] DataProviderH2 - readFromH2: [4] {}
[INFO ] 2022-01-22 17:59:57.377 [main] DataProviderH2 - getMeddicines: [2] {}
[INFO ] 2022-01-22 17:59:57.377 [main] DataProviderH2 - getMeddicines: [4] {}
[INFO ] 2022-01-22 17:59:57.377 [main] DataProviderH2 - searchMeddicineByName [2] {}
[INFO ] 2022-01-22 17:59:57.378 [main] DataProviderH2 - searchMedicalDeviceByName [1] {}
[INFO ] 2022-01-22 17:59:57.378 [main] DataProviderH2 - getMedicalDevices: [1] {}
[INFO ] 2022-01-22 17:59:57.379 [main] DataProviderH2 - readMedicalDeviceFromH2M: [1] {}
[INFO ] 2022-01-22 17:59:57.379 [main] DataProviderH2 - connection: [1] {}
[INFO ] 2022-01-22 17:59:57.395 [main] DataProviderH2 - connection: [2] {}
[INFO ] 2022-01-22 17:59:57.395 [main] DataProviderH2 - connection: [4] {}
[INFO ] 2022-01-22 17:59:57.395 [main] DataProviderH2 - h2ToMedicalDeviceList: [1] {}
[INFO ] 2022-01-22 17:59:57.398 [main] DataProviderH2 - h2ToMedicalDeviceList: [2] {}
[INFO ] 2022-01-22 17:59:57.398 [main] DataProviderH2 - h2ToMedicalDeviceList: [4] {}
[INFO ] 2022-01-22 17:59:57.398 [main] DataProviderH2 - closeConnection: [1] {}
[INFO ] 2022-01-22 17:59:57.415 [main] DataProviderH2 - readMedicalDeviceFromH2M: [2] {}
[INFO ] 2022-01-22 17:59:57.415 [main] DataProviderH2 - readMedicalDeviceFromH2M: [4] {}
[INFO ] 2022-01-22 17:59:57.415 [main] DataProviderH2 - getMedicalDevices: [2] {}
[INFO ] 2022-01-22 17:59:57.415 [main] DataProviderH2 - getMedicalDevices: [4] {}
[INFO ] 2022-01-22 17:59:57.417 [main] DataProviderH2 - searchMedicalDeviceByName [2] {}
[INFO ] 2022-01-22 17:59:57.417 [main] DataProviderH2 - searchPharmacyProductByName [2] {}
[INFO ] 2022-01-22 17:59:57.417 [main] DataProviderH2 - searchPharmacyProductByName [3] {}
[INFO ] 2022-01-22 17:59:57.417 [main] DataProviderH2 - searchPharmacyProductByName [5] {}
[INFO ] 2022-01-22 17:59:57.417 [main] DataProviderH2 - searchPharmacyProductByName [1] {}
[INFO ] 2022-01-22 17:59:57.417 [main] DataProviderH2 - searchMeddicineByName [1] {}
[INFO ] 2022-01-22 17:59:57.417 [main] DataProviderH2 - getMeddicines: [1] {}
[INFO ] 2022-01-22 17:59:57.418 [main] DataProviderH2 - readMeddicinesFromH2M: [1] {}
[INFO ] 2022-01-22 17:59:57.418 [main] DataProviderH2 - connection: [1] {}
[INFO ] 2022-01-22 17:59:57.435 [main] DataProviderH2 - connection: [2] {}
[INFO ] 2022-01-22 17:59:57.435 [main] DataProviderH2 - connection: [4] {}
[INFO ] 2022-01-22 17:59:57.436 [main] DataProviderH2 - h2ToMeddicineList: [1] {}
[INFO ] 2022-01-22 17:59:57.436 [main] DataProviderH2 - h2ToMeddicineList: [2] {}
[INFO ] 2022-01-22 17:59:57.436 [main] DataProviderH2 - h2ToMeddicineList: [4] {}
[INFO ] 2022-01-22 17:59:57.436 [main] DataProviderH2 - closeConnection: [1] {}
[INFO ] 2022-01-22 17:59:57.452 [main] DataProviderH2 - readMeddicinesFromH2M: [2] {}
[INFO ] 2022-01-22 17:59:57.452 [main] DataProviderH2 - readFromH2: [4] {}
[INFO ] 2022-01-22 17:59:57.453 [main] DataProviderH2 - getMeddicines: [2] {}
[INFO ] 2022-01-22 17:59:57.453 [main] DataProviderH2 - getMeddicines: [4] {}
[INFO ] 2022-01-22 17:59:57.453 [main] DataProviderH2 - searchMeddicineByName [2] {}
[INFO ] 2022-01-22 17:59:57.453 [main] DataProviderH2 - searchMedicalDeviceByName [1] {}
[INFO ] 2022-01-22 17:59:57.453 [main] DataProviderH2 - getMedicalDevices: [1] {}
[INFO ] 2022-01-22 17:59:57.453 [main] DataProviderH2 - readMedicalDeviceFromH2M: [1] {}
[INFO ] 2022-01-22 17:59:57.453 [main] DataProviderH2 - connection: [1] {}
[INFO ] 2022-01-22 17:59:57.470 [main] DataProviderH2 - connection: [2] {}
[INFO ] 2022-01-22 17:59:57.470 [main] DataProviderH2 - connection: [4] {}
[INFO ] 2022-01-22 17:59:57.470 [main] DataProviderH2 - h2ToMedicalDeviceList: [1] {}
[INFO ] 2022-01-22 17:59:57.470 [main] DataProviderH2 - h2ToMedicalDeviceList: [2] {}
[INFO ] 2022-01-22 17:59:57.471 [main] DataProviderH2 - h2ToMedicalDeviceList: [4] {}
[INFO ] 2022-01-22 17:59:57.471 [main] DataProviderH2 - closeConnection: [1] {}
[INFO ] 2022-01-22 17:59:57.487 [main] DataProviderH2 - readMedicalDeviceFromH2M: [2] {}
[INFO ] 2022-01-22 17:59:57.487 [main] DataProviderH2 - readMedicalDeviceFromH2M: [4] {}
[INFO ] 2022-01-22 17:59:57.487 [main] DataProviderH2 - getMedicalDevices: [2] {}
[INFO ] 2022-01-22 17:59:57.488 [main] DataProviderH2 - getMedicalDevices: [4] {}
[INFO ] 2022-01-22 17:59:57.488 [main] DataProviderH2 - searchMedicalDeviceByName [2] {}
[INFO ] 2022-01-22 17:59:57.488 [main] DataProviderH2 - searchPharmacyProductByName [2] {}
[INFO ] 2022-01-22 17:59:57.488 [main] DataProviderH2 - searchPharmacyProductByName [3] {}
[INFO ] 2022-01-22 17:59:57.488 [main] DataProviderH2 - searchPharmacyProductByName [5] {}
[INFO ] 2022-01-22 17:59:57.488 [main] DataProviderH2 - updateOrders: [1] {}
[INFO ] 2022-01-22 17:59:57.488 [main] DataProviderH2 - connection: [1] {}
[INFO ] 2022-01-22 17:59:57.505 [main] DataProviderH2 - connection: [2] {}
[INFO ] 2022-01-22 17:59:57.505 [main] DataProviderH2 - connection: [4] {}
[INFO ] 2022-01-22 17:59:57.505 [main] DataProviderH2 - isInDataOrder [1] {}
[INFO ] 2022-01-22 17:59:57.505 [main] DataProviderH2 - getOrders: [1] {}
[INFO ] 2022-01-22 17:59:57.506 [main] DataProviderH2 - readH2Order: [1] {}
[INFO ] 2022-01-22 17:59:57.506 [main] DataProviderH2 - connection: [1] {}
[INFO ] 2022-01-22 17:59:57.507 [main] DataProviderH2 - connection: [2] {}
[INFO ] 2022-01-22 17:59:57.508 [main] DataProviderH2 - connection: [4] {}
[INFO ] 2022-01-22 17:59:57.508 [main] DataProviderH2 - h2ToOrderList: [1] {}
[INFO ] 2022-01-22 17:59:57.508 [main] DataProviderH2 - h2ToOrderList: [2] {}
[INFO ] 2022-01-22 17:59:57.508 [main] DataProviderH2 - h2ToOrderList: [4] {}
[INFO ] 2022-01-22 17:59:57.509 [main] DataProviderH2 - closeConnection: [1] {}
[INFO ] 2022-01-22 17:59:57.509 [main] DataProviderH2 - readH2Order: [2] {}
[INFO ] 2022-01-22 17:59:57.509 [main] DataProviderH2 - readH2Order: [4] {}
[INFO ] 2022-01-22 17:59:57.509 [main] DataProviderH2 - getOrders: [2] {}
