[INFO ] 2022-01-21 18:51:51.244 [main] DataProviderCsv - getMeddicines: [3] {}
[INFO ] 2022-01-21 18:51:51.279 [main] DataProviderCsv - isIdInDataMedicine: [1] {}
[INFO ] 2022-01-21 18:51:51.279 [main] DataProviderCsv - getMeddicines: [1] {}
[INFO ] 2022-01-21 18:51:51.279 [main] DataProviderCsv - readCsvMedicine: [1] {}
[INFO ] 2022-01-21 18:51:51.287 [main] DataProviderCsv - readCsvMedicine: [3] {}
[INFO ] 2022-01-21 18:51:51.287 [main] DataProviderCsv - getMeddicines: [3] {}
[INFO ] 2022-01-21 18:51:51.287 [main] DataProviderCsv - isIdInDataMedicine: [2] {} Element is found
[INFO ] 2022-01-21 18:51:51.288 [main] DataProviderCsv - getMeddicineByBarcode: [4] {}
[INFO ] 2022-01-21 18:51:51.288 [main] DataProviderCsv - getMeddicineByBarcode: [1] {}
[INFO ] 2022-01-21 18:51:51.290 [main] DataProviderCsv - getMeddicines: [1] {}
[INFO ] 2022-01-21 18:51:51.290 [main] DataProviderCsv - readCsvMedicine: [1] {}
[INFO ] 2022-01-21 18:51:51.302 [main] DataProviderCsv - readCsvMedicine: [3] {}
[INFO ] 2022-01-21 18:51:51.303 [main] DataProviderCsv - getMeddicines: [3] {}
[INFO ] 2022-01-21 18:51:51.303 [main] DataProviderCsv - isIdInDataMedicine: [1] {}
[INFO ] 2022-01-21 18:51:51.303 [main] DataProviderCsv - getMeddicines: [1] {}
[INFO ] 2022-01-21 18:51:51.303 [main] DataProviderCsv - readCsvMedicine: [1] {}
[INFO ] 2022-01-21 18:51:51.309 [main] DataProviderCsv - readCsvMedicine: [3] {}
[INFO ] 2022-01-21 18:51:51.309 [main] DataProviderCsv - getMeddicines: [3] {}
[INFO ] 2022-01-21 18:51:51.310 [main] DataProviderCsv - isIdInDataMedicine: [2] {} Element is found
[INFO ] 2022-01-21 18:51:51.310 [main] DataProviderCsv - getMeddicineByBarcode: [4] {}
[INFO ] 2022-01-21 18:51:51.310 [main] DataProviderCsv - getTheAnaloguesOfMedicine [1] {}
[INFO ] 2022-01-21 18:51:51.310 [main] DataProviderCsv - searchMeddicineByName [1] {}
[INFO ] 2022-01-21 18:51:51.310 [main] DataProviderCsv - getMeddicines: [1] {}
[INFO ] 2022-01-21 18:51:51.310 [main] DataProviderCsv - readCsvMedicine: [1] {}
[INFO ] 2022-01-21 18:51:51.316 [main] DataProviderCsv - readCsvMedicine: [3] {}
[INFO ] 2022-01-21 18:51:51.316 [main] DataProviderCsv - getMeddicines: [3] {}
[INFO ] 2022-01-21 18:51:51.316 [main] DataProviderCsv - searchMeddicineByName [2] {}
[INFO ] 2022-01-21 18:51:51.317 [main] DataProviderCsv - searchMeddicineByName [1] {}
[INFO ] 2022-01-21 18:51:51.317 [main] DataProviderCsv - getMeddicines: [1] {}
[INFO ] 2022-01-21 18:51:51.317 [main] DataProviderCsv - readCsvMedicine: [1] {}
[INFO ] 2022-01-21 18:51:51.325 [main] DataProviderCsv - readCsvMedicine: [3] {}
[INFO ] 2022-01-21 18:51:51.325 [main] DataProviderCsv - getMeddicines: [3] {}
[INFO ] 2022-01-21 18:51:51.325 [main] DataProviderCsv - searchMeddicineByName [2] {}
[INFO ] 2022-01-21 18:51:51.325 [main] DataProviderCsv - getMeddicines: [1] {}
[INFO ] 2022-01-21 18:51:51.325 [main] DataProviderCsv - readCsvMedicine: [1] {}
[INFO ] 2022-01-21 18:51:51.330 [main] DataProviderCsv - readCsvMedicine: [3] {}
[INFO ] 2022-01-21 18:51:51.330 [main] DataProviderCsv - getMeddicines: [3] {}
[INFO ] 2022-01-21 18:51:51.330 [main] DataProviderCsv - getTheAnaloguesOfMedicine [2] {}
[INFO ] 2022-01-21 18:51:51.331 [main] DataProviderCsv - getTheAnaloguesOfMedicine [5] {}
[INFO ] 2022-01-21 18:51:51.332 [main] DataProviderCsv - getTheAnaloguesByBarcode [2] {}
[INFO ] 2022-01-21 18:52:02.346 [main] DataProviderXml - getTheAnaloguesOfMedicine [1] {}
[INFO ] 2022-01-21 18:52:02.351 [main] DataProviderXml - searchMeddicineByName [1] {}
[INFO ] 2022-01-21 18:52:02.351 [main] DataProviderXml - getMeddicines: [1] {}
[INFO ] 2022-01-21 18:52:02.352 [main] DataProviderXml - readXmlMedicine: [1] {}
[INFO ] 2022-01-21 18:52:02.469 [main] DataProviderXml - readXmlMedicine: [3] {}
[INFO ] 2022-01-21 18:52:02.470 [main] DataProviderXml - getMeddicines: [3] {}
[INFO ] 2022-01-21 18:52:02.471 [main] DataProviderXml - searchMeddicineByName [2] {}
[INFO ] 2022-01-21 18:52:02.471 [main] DataProviderXml - searchMeddicineByName [1] {}
[INFO ] 2022-01-21 18:52:02.471 [main] DataProviderXml - getMeddicines: [1] {}
[INFO ] 2022-01-21 18:52:02.471 [main] DataProviderXml - readXmlMedicine: [1] {}
[INFO ] 2022-01-21 18:52:02.476 [main] DataProviderXml - readXmlMedicine: [3] {}
[INFO ] 2022-01-21 18:52:02.476 [main] DataProviderXml - getMeddicines: [3] {}
[INFO ] 2022-01-21 18:52:02.477 [main] DataProviderXml - searchMeddicineByName [2] {}
[INFO ] 2022-01-21 18:52:02.477 [main] DataProviderXml - getMeddicines: [1] {}
[INFO ] 2022-01-21 18:52:02.477 [main] DataProviderXml - readXmlMedicine: [1] {}
[INFO ] 2022-01-21 18:52:02.479 [main] DataProviderXml - readXmlMedicine: [3] {}
[INFO ] 2022-01-21 18:52:02.479 [main] DataProviderXml - getMeddicines: [3] {}
[INFO ] 2022-01-21 18:52:02.482 [main] DataProviderXml - getTheAnaloguesOfMedicine [2] {}
[INFO ] 2022-01-21 18:52:02.483 [main] DataProviderXml - getTheAnaloguesOfMedicine [4] {}
[INFO ] 2022-01-21 18:52:12.560 [main] DataProviderH2 - getTheAnaloguesOfMedicine [1] {}
[INFO ] 2022-01-21 18:52:12.565 [main] DataProviderH2 - searchMeddicineByName [1] {}
[INFO ] 2022-01-21 18:52:12.565 [main] DataProviderH2 - getMeddicines: [1] {}
[INFO ] 2022-01-21 18:52:12.566 [main] DataProviderH2 - readMeddicinesFromH2M: [1] {}
[INFO ] 2022-01-21 18:52:12.566 [main] DataProviderH2 - connection: [1] {}
[INFO ] 2022-01-21 18:52:12.828 [main] DataProviderH2 - connection: [2] {}
[INFO ] 2022-01-21 18:52:12.828 [main] DataProviderH2 - connection: [4] {}
[INFO ] 2022-01-21 18:52:12.829 [main] DataProviderH2 - h2ToMeddicineList: [1] {}
[INFO ] 2022-01-21 18:52:12.831 [main] DataProviderH2 - h2ToMeddicineList: [2] {}
[INFO ] 2022-01-21 18:52:12.832 [main] DataProviderH2 - h2ToMeddicineList: [4] {}
[INFO ] 2022-01-21 18:52:12.832 [main] DataProviderH2 - closeConnection: [1] {}
[INFO ] 2022-01-21 18:52:12.852 [main] DataProviderH2 - readMeddicinesFromH2M: [2] {}
[INFO ] 2022-01-21 18:52:12.852 [main] DataProviderH2 - readFromH2: [4] {}
[INFO ] 2022-01-21 18:52:12.853 [main] DataProviderH2 - getMeddicines: [2] {}
[INFO ] 2022-01-21 18:52:12.853 [main] DataProviderH2 - getMeddicines: [4] {}
[INFO ] 2022-01-21 18:52:12.854 [main] DataProviderH2 - searchMeddicineByName [2] {}
[INFO ] 2022-01-21 18:52:12.854 [main] DataProviderH2 - searchMeddicineByName [1] {}
[INFO ] 2022-01-21 18:52:12.854 [main] DataProviderH2 - getMeddicines: [1] {}
[INFO ] 2022-01-21 18:52:12.854 [main] DataProviderH2 - readMeddicinesFromH2M: [1] {}
[INFO ] 2022-01-21 18:52:12.854 [main] DataProviderH2 - connection: [1] {}
[INFO ] 2022-01-21 18:52:12.870 [main] DataProviderH2 - connection: [2] {}
[INFO ] 2022-01-21 18:52:12.870 [main] DataProviderH2 - connection: [4] {}
[INFO ] 2022-01-21 18:52:12.870 [main] DataProviderH2 - h2ToMeddicineList: [1] {}
[INFO ] 2022-01-21 18:52:12.871 [main] DataProviderH2 - h2ToMeddicineList: [2] {}
[INFO ] 2022-01-21 18:52:12.871 [main] DataProviderH2 - h2ToMeddicineList: [4] {}
[INFO ] 2022-01-21 18:52:12.871 [main] DataProviderH2 - closeConnection: [1] {}
[INFO ] 2022-01-21 18:52:12.887 [main] DataProviderH2 - readMeddicinesFromH2M: [2] {}
[INFO ] 2022-01-21 18:52:12.887 [main] DataProviderH2 - readFromH2: [4] {}
[INFO ] 2022-01-21 18:52:12.887 [main] DataProviderH2 - getMeddicines: [2] {}
[INFO ] 2022-01-21 18:52:12.887 [main] DataProviderH2 - getMeddicines: [4] {}
[INFO ] 2022-01-21 18:52:12.887 [main] DataProviderH2 - searchMeddicineByName [2] {}
[INFO ] 2022-01-21 18:52:12.887 [main] DataProviderH2 - getMeddicines: [1] {}
[INFO ] 2022-01-21 18:52:12.887 [main] DataProviderH2 - readMeddicinesFromH2M: [1] {}
[INFO ] 2022-01-21 18:52:12.887 [main] DataProviderH2 - connection: [1] {}
[INFO ] 2022-01-21 18:52:12.903 [main] DataProviderH2 - connection: [2] {}
[INFO ] 2022-01-21 18:52:12.903 [main] DataProviderH2 - connection: [4] {}
[INFO ] 2022-01-21 18:52:12.904 [main] DataProviderH2 - h2ToMeddicineList: [1] {}
[INFO ] 2022-01-21 18:52:12.904 [main] DataProviderH2 - h2ToMeddicineList: [2] {}
[INFO ] 2022-01-21 18:52:12.904 [main] DataProviderH2 - h2ToMeddicineList: [4] {}
[INFO ] 2022-01-21 18:52:12.904 [main] DataProviderH2 - closeConnection: [1] {}
[INFO ] 2022-01-21 18:52:12.922 [main] DataProviderH2 - readMeddicinesFromH2M: [2] {}
[INFO ] 2022-01-21 18:52:12.922 [main] DataProviderH2 - readFromH2: [4] {}
[INFO ] 2022-01-21 18:52:12.922 [main] DataProviderH2 - getMeddicines: [2] {}
[INFO ] 2022-01-21 18:52:12.922 [main] DataProviderH2 - getMeddicines: [4] {}
[INFO ] 2022-01-21 18:52:12.923 [main] DataProviderH2 - getTheAnaloguesOfMedicine [2] {}
[INFO ] 2022-01-21 18:52:12.923 [main] DataProviderH2 - getTheAnaloguesOfMedicine [4] {}
[INFO ] 2022-01-21 18:52:24.401 [main] DataProviderH2 - getTheAnaloguesOfMedicine [1] {}
[INFO ] 2022-01-21 18:52:24.404 [main] DataProviderH2 - searchMeddicineByName [1] {}
[INFO ] 2022-01-21 18:52:24.405 [main] DataProviderH2 - getMeddicines: [1] {}
[INFO ] 2022-01-21 18:52:24.406 [main] DataProviderH2 - readMeddicinesFromH2M: [1] {}
[INFO ] 2022-01-21 18:52:24.406 [main] DataProviderH2 - connection: [1] {}
[INFO ] 2022-01-21 18:52:24.659 [main] DataProviderH2 - connection: [2] {}
[INFO ] 2022-01-21 18:52:24.659 [main] DataProviderH2 - connection: [4] {}
[INFO ] 2022-01-21 18:52:24.660 [main] DataProviderH2 - h2ToMeddicineList: [1] {}
[INFO ] 2022-01-21 18:52:24.665 [main] DataProviderH2 - h2ToMeddicineList: [2] {}
[INFO ] 2022-01-21 18:52:24.665 [main] DataProviderH2 - h2ToMeddicineList: [4] {}
[INFO ] 2022-01-21 18:52:24.665 [main] DataProviderH2 - closeConnection: [1] {}
[INFO ] 2022-01-21 18:52:24.693 [main] DataProviderH2 - readMeddicinesFromH2M: [2] {}
[INFO ] 2022-01-21 18:52:24.693 [main] DataProviderH2 - readFromH2: [4] {}
[INFO ] 2022-01-21 18:52:24.695 [main] DataProviderH2 - getMeddicines: [2] {}
[INFO ] 2022-01-21 18:52:24.695 [main] DataProviderH2 - getMeddicines: [4] {}
[INFO ] 2022-01-21 18:52:24.696 [main] DataProviderH2 - searchMeddicineByName [2] {}
[INFO ] 2022-01-21 18:52:24.696 [main] DataProviderH2 - searchMeddicineByName [1] {}
[INFO ] 2022-01-21 18:52:24.696 [main] DataProviderH2 - getMeddicines: [1] {}
[INFO ] 2022-01-21 18:52:24.696 [main] DataProviderH2 - readMeddicinesFromH2M: [1] {}
