[INFO ] 2022-01-22 17:51:17.385 [main] DataProviderXml - readXmlMedicalDevice: [1] {}
[INFO ] 2022-01-22 17:51:17.403 [main] DataProviderXml - readXmlMedicine: [3] {}
[INFO ] 2022-01-22 17:51:17.403 [main] DataProviderXml - getMeddicines: [3] {}
[INFO ] 2022-01-22 17:51:17.403 [main] DataProviderXml - searchMedicalDeviceByName [2] {}
[INFO ] 2022-01-22 17:51:17.404 [main] DataProviderXml - searchPharmacyProductByName [2] {}
[INFO ] 2022-01-22 17:51:17.404 [main] DataProviderXml - searchPharmacyProductByName [3] {}
[INFO ] 2022-01-22 17:51:17.404 [main] DataProviderXml - searchPharmacyProductByName [5] {}
[INFO ] 2022-01-22 17:51:17.405 [main] DataProviderXml - updateOrders: [1] {}
[INFO ] 2022-01-22 17:51:17.405 [main] DataProviderXml - getOrders: [1] {}
[INFO ] 2022-01-22 17:51:17.405 [main] DataProviderXml - readXmlOrder: [1] {}
[INFO ] 2022-01-22 17:51:17.408 [main] DataProviderXml - readXmlOrder: [3] {}
[INFO ] 2022-01-22 17:51:17.408 [main] DataProviderXml - getOrders: [3] {}
[INFO ] 2022-01-22 17:51:17.408 [main] DataProviderXml - isIdInDataOrder: [1] {}
[INFO ] 2022-01-22 17:51:17.409 [main] DataProviderXml - getOrders: [1] {}
[INFO ] 2022-01-22 17:51:17.409 [main] DataProviderXml - readXmlOrder: [1] {}
[INFO ] 2022-01-22 17:51:17.411 [main] DataProviderXml - readXmlOrder: [3] {}
[INFO ] 2022-01-22 17:51:17.412 [main] DataProviderXml - getOrders: [3] {}
[INFO ] 2022-01-22 17:51:17.414 [main] DataProviderXml - isIdInDataOrder: [3] {} No Such Element
[INFO ] 2022-01-22 17:51:17.414 [main] DataProviderXml - appendOrders: [1] {}
[INFO ] 2022-01-22 17:51:17.414 [main] DataProviderXml - stringingDuplicateIdOrder: [1] {}
[INFO ] 2022-01-22 17:51:17.414 [main] DataProviderXml - getOrders: [1] {}
[INFO ] 2022-01-22 17:51:17.414 [main] DataProviderXml - readXmlOrder: [1] {}
[INFO ] 2022-01-22 17:51:17.417 [main] DataProviderXml - readXmlOrder: [3] {}
[INFO ] 2022-01-22 17:51:17.417 [main] DataProviderXml - getOrders: [3] {}
[INFO ] 2022-01-22 17:51:17.417 [main] DataProviderXml - getOrders: [1] {}
[INFO ] 2022-01-22 17:51:17.417 [main] DataProviderXml - readXmlOrder: [1] {}
[INFO ] 2022-01-22 17:51:17.420 [main] DataProviderXml - readXmlOrder: [3] {}
[INFO ] 2022-01-22 17:51:17.420 [main] DataProviderXml - getOrders: [3] {}
[INFO ] 2022-01-22 17:51:17.421 [main] DataProviderXml - stringingDuplicateIdOrder: [2] {}
[INFO ] 2022-01-22 17:51:17.422 [main] DataProviderXml - writeXmlOrder: [1] {}
[INFO ] 2022-01-22 17:51:17.446 [main] DataProviderXml - writeXmlOrder: [3] {}
[INFO ] 2022-01-22 17:51:17.446 [main] DataProviderXml - appendOrders: [3] {}
[INFO ] 2022-01-22 17:51:17.446 [main] DataProviderXml - updateOrders: [3] {}
[INFO ] 2022-01-22 17:51:17.446 [main] DataProviderXml - createOrder [4] {}
[INFO ] 2022-01-22 17:51:39.812 [main] DataProviderXml - createOrder [1] {}
[INFO ] 2022-01-22 17:51:39.817 [main] DataProviderXml - getUserById: [1] {}
[INFO ] 2022-01-22 17:51:39.818 [main] DataProviderXml - getUsers: [1] {}
[INFO ] 2022-01-22 17:51:39.818 [main] DataProviderXml - readXml: [1] {}
[INFO ] 2022-01-22 17:51:39.928 [main] DataProviderXml - readXml: [3] {}
[INFO ] 2022-01-22 17:51:39.929 [main] DataProviderXml - getUsers: [3] {}
[INFO ] 2022-01-22 17:51:39.929 [main] DataProviderXml - isIdInData: [1] {}
[INFO ] 2022-01-22 17:51:39.929 [main] DataProviderXml - getUsers: [1] {}
[INFO ] 2022-01-22 17:51:39.930 [main] DataProviderXml - readXml: [1] {}
[INFO ] 2022-01-22 17:51:39.935 [main] DataProviderXml - readXml: [3] {}
[INFO ] 2022-01-22 17:51:39.935 [main] DataProviderXml - getUsers: [3] {}
[INFO ] 2022-01-22 17:51:39.938 [main] DataProviderXml - isIdInData: [2] {} Element is found
[INFO ] 2022-01-22 17:51:39.938 [main] DataProviderXml - getUserById: [4] {}
[INFO ] 2022-01-22 17:51:39.938 [main] DataProviderXml - searchPharmacyProductByName [1] {}
[INFO ] 2022-01-22 17:51:39.938 [main] DataProviderXml - searchMeddicineByName [1] {}
[INFO ] 2022-01-22 17:51:39.938 [main] DataProviderXml - getMeddicines: [1] {}
[INFO ] 2022-01-22 17:51:39.939 [main] DataProviderXml - readXmlMedicine: [1] {}
[INFO ] 2022-01-22 17:51:39.944 [main] DataProviderXml - readXmlMedicine: [3] {}
[INFO ] 2022-01-22 17:51:39.945 [main] DataProviderXml - getMeddicines: [3] {}
[INFO ] 2022-01-22 17:51:39.946 [main] DataProviderXml - searchMeddicineByName [2] {}
[INFO ] 2022-01-22 17:51:39.946 [main] DataProviderXml - searchMedicalDeviceByName [1] {}
[INFO ] 2022-01-22 17:51:39.946 [main] DataProviderXml - getMedicalDevices: [1] {}
[INFO ] 2022-01-22 17:51:39.947 [main] DataProviderXml - readXmlMedicalDevice: [1] {}
[INFO ] 2022-01-22 17:51:39.953 [main] DataProviderXml - readXmlMedicine: [3] {}
[INFO ] 2022-01-22 17:51:39.953 [main] DataProviderXml - getMeddicines: [3] {}
[INFO ] 2022-01-22 17:51:39.955 [main] DataProviderXml - searchMedicalDeviceByName [2] {}
[INFO ] 2022-01-22 17:51:39.955 [main] DataProviderXml - searchPharmacyProductByName [5] {}
[INFO ] 2022-01-22 17:51:39.955 [main] DataProviderXml - createOrder [2] {} No such pharmacy product
[INFO ] 2022-01-22 17:51:39.955 [main] DataProviderXml - createOrder [4] {}
[INFO ] 2022-01-22 17:51:58.291 [main] DataProviderXml - createOrder [1] {}
[INFO ] 2022-01-22 17:51:58.296 [main] DataProviderXml - getUserById: [1] {}
[INFO ] 2022-01-22 17:51:58.296 [main] DataProviderXml - getUsers: [1] {}
[INFO ] 2022-01-22 17:51:58.296 [main] DataProviderXml - readXml: [1] {}
[INFO ] 2022-01-22 17:51:58.401 [main] DataProviderXml - readXml: [3] {}
[INFO ] 2022-01-22 17:51:58.403 [main] DataProviderXml - getUsers: [3] {}
[INFO ] 2022-01-22 17:51:58.403 [main] DataProviderXml - isIdInData: [1] {}
[INFO ] 2022-01-22 17:51:58.403 [main] DataProviderXml - getUsers: [1] {}
[INFO ] 2022-01-22 17:51:58.403 [main] DataProviderXml - readXml: [1] {}
[INFO ] 2022-01-22 17:51:58.407 [main] DataProviderXml - readXml: [3] {}
[INFO ] 2022-01-22 17:51:58.407 [main] DataProviderXml - getUsers: [3] {}
[INFO ] 2022-01-22 17:51:58.410 [main] DataProviderXml - isIdInData: [2] {} Element is found
[INFO ] 2022-01-22 17:51:58.410 [main] DataProviderXml - getUserById: [4] {}
[INFO ] 2022-01-22 17:51:58.410 [main] DataProviderXml - searchPharmacyProductByName [1] {}
[INFO ] 2022-01-22 17:51:58.411 [main] DataProviderXml - searchMeddicineByName [1] {}
[INFO ] 2022-01-22 17:51:58.411 [main] DataProviderXml - getMeddicines: [1] {}
[INFO ] 2022-01-22 17:51:58.411 [main] DataProviderXml - readXmlMedicine: [1] {}
[INFO ] 2022-01-22 17:51:58.417 [main] DataProviderXml - readXmlMedicine: [3] {}
[INFO ] 2022-01-22 17:51:58.417 [main] DataProviderXml - getMeddicines: [3] {}
[INFO ] 2022-01-22 17:51:58.417 [main] DataProviderXml - searchMeddicineByName [2] {}
[INFO ] 2022-01-22 17:51:58.417 [main] DataProviderXml - searchMedicalDeviceByName [1] {}
[INFO ] 2022-01-22 17:51:58.417 [main] DataProviderXml - getMedicalDevices: [1] {}
[INFO ] 2022-01-22 17:51:58.417 [main] DataProviderXml - readXmlMedicalDevice: [1] {}
[INFO ] 2022-01-22 17:51:58.423 [main] DataProviderXml - readXmlMedicine: [3] {}
[INFO ] 2022-01-22 17:51:58.423 [main] DataProviderXml - getMeddicines: [3] {}
[INFO ] 2022-01-22 17:51:58.423 [main] DataProviderXml - searchMedicalDeviceByName [2] {}
[INFO ] 2022-01-22 17:51:58.424 [main] DataProviderXml - searchPharmacyProductByName [2] {}
[INFO ] 2022-01-22 17:51:58.424 [main] DataProviderXml - searchPharmacyProductByName [3] {}
[INFO ] 2022-01-22 17:51:58.424 [main] DataProviderXml - searchPharmacyProductByName [5] {}
[INFO ] 2022-01-22 17:51:58.424 [main] DataProviderXml - searchPharmacyProductByName [1] {}
[INFO ] 2022-01-22 17:51:58.425 [main] DataProviderXml - searchMeddicineByName [1] {}
[INFO ] 2022-01-22 17:51:58.425 [main] DataProviderXml - getMeddicines: [1] {}
[INFO ] 2022-01-22 17:51:58.425 [main] DataProviderXml - readXmlMedicine: [1] {}
[INFO ] 2022-01-22 17:51:58.429 [main] DataProviderXml - readXmlMedicine: [3] {}
[INFO ] 2022-01-22 17:51:58.429 [main] DataProviderXml - getMeddicines: [3] {}
[INFO ] 2022-01-22 17:51:58.429 [main] DataProviderXml - searchMeddicineByName [2] {}
[INFO ] 2022-01-22 17:51:58.429 [main] DataProviderXml - searchMedicalDeviceByName [1] {}
[INFO ] 2022-01-22 17:51:58.429 [main] DataProviderXml - getMedicalDevices: [1] {}
[INFO ] 2022-01-22 17:51:58.429 [main] DataProviderXml - readXmlMedicalDevice: [1] {}
[INFO ] 2022-01-22 17:51:58.432 [main] DataProviderXml - readXmlMedicine: [3] {}
[INFO ] 2022-01-22 17:51:58.432 [main] DataProviderXml - getMeddicines: [3] {}
[INFO ] 2022-01-22 17:51:58.432 [main] DataProviderXml - searchMedicalDeviceByName [2] {}
[INFO ] 2022-01-22 17:51:58.432 [main] DataProviderXml - searchPharmacyProductByName [2] {}
[INFO ] 2022-01-22 17:51:58.432 [main] DataProviderXml - searchPharmacyProductByName [3] {}
[INFO ] 2022-01-22 17:51:58.432 [main] DataProviderXml - searchPharmacyProductByName [5] {}
[INFO ] 2022-01-22 17:51:58.433 [main] DataProviderXml - updateOrders: [1] {}
[INFO ] 2022-01-22 17:51:58.433 [main] DataProviderXml - getOrders: [1] {}
[INFO ] 2022-01-22 17:51:58.433 [main] DataProviderXml - readXmlOrder: [1] {}
[INFO ] 2022-01-22 17:51:58.436 [main] DataProviderXml - readXmlOrder: [3] {}
[INFO ] 2022-01-22 17:51:58.436 [main] DataProviderXml - getOrders: [3] {}
[INFO ] 2022-01-22 17:51:58.436 [main] DataProviderXml - isIdInDataOrder: [1] {}
[INFO ] 2022-01-22 17:51:58.437 [main] DataProviderXml - getOrders: [1] {}
[INFO ] 2022-01-22 17:51:58.437 [main] DataProviderXml - readXmlOrder: [1] {}
[INFO ] 2022-01-22 17:51:58.441 [main] DataProviderXml - readXmlOrder: [3] {}
[INFO ] 2022-01-22 17:51:58.441 [main] DataProviderXml - getOrders: [3] {}
[INFO ] 2022-01-22 17:51:58.441 [main] DataProviderXml - isIdInDataOrder: [2] {} Element is found
[INFO ] 2022-01-22 17:51:58.447 [main] HistoryContent - putOrderHistory: [1] {}
[INFO ] 2022-01-22 17:51:58.813 [main] HistoryContent - putOrderHistory: [2] {}
[INFO ] 2022-01-22 17:52:00.220 [main] DataProviderXml - appendOrders: [1] {}
[INFO ] 2022-01-22 17:52:00.220 [main] DataProviderXml - stringingDuplicateIdOrder: [1] {}
[INFO ] 2022-01-22 17:52:00.221 [main] DataProviderXml - getOrders: [1] {}
[INFO ] 2022-01-22 17:52:00.222 [main] DataProviderXml - readXmlOrder: [1] {}
