[INFO ] 2022-01-22 17:39:06.734 [main] DataProviderH2 - connection: [4] {}
[INFO ] 2022-01-22 17:39:06.742 [main] DataProviderH2 - isInDataUser [1] {}
[INFO ] 2022-01-22 17:39:06.742 [main] DataProviderH2 - getUsers: [1] {}
[INFO ] 2022-01-22 17:39:06.743 [main] DataProviderH2 - readFromH2: [1] {}
[INFO ] 2022-01-22 17:39:06.743 [main] DataProviderH2 - connection: [1] {}
[INFO ] 2022-01-22 17:39:06.744 [main] DataProviderH2 - connection: [2] {}
[INFO ] 2022-01-22 17:39:06.745 [main] DataProviderH2 - connection: [4] {}
[INFO ] 2022-01-22 17:39:06.747 [main] DataProviderH2 - h2ToUserListUser: [1] {}
[INFO ] 2022-01-22 17:39:06.747 [main] DataProviderH2 - h2ToUserListUser: [2] {}
[INFO ] 2022-01-22 17:39:06.747 [main] DataProviderH2 - h2ToUserListUser: [4] {}
[INFO ] 2022-01-22 17:39:06.748 [main] DataProviderH2 - closeConnection: [1] {}
[INFO ] 2022-01-22 17:39:06.748 [main] DataProviderH2 - readFromH2: [2] {}
[INFO ] 2022-01-22 17:39:06.748 [main] DataProviderH2 - readFromH2: [4] {}
[INFO ] 2022-01-22 17:39:06.749 [main] DataProviderH2 - getUsers: [2] {}
[INFO ] 2022-01-22 17:39:06.749 [main] DataProviderH2 - getUsers: [4] {}
[INFO ] 2022-01-22 17:39:06.751 [main] DataProviderH2 - takeHistoryUsers [1] {}
[INFO ] 2022-01-22 17:39:06.752 [main] DataProviderH2 - isInDataUser [1] {}
[INFO ] 2022-01-22 17:39:06.752 [main] DataProviderH2 - getUsers: [1] {}
[INFO ] 2022-01-22 17:39:06.752 [main] DataProviderH2 - readFromH2: [1] {}
[INFO ] 2022-01-22 17:39:06.752 [main] DataProviderH2 - connection: [1] {}
[INFO ] 2022-01-22 17:39:06.754 [main] DataProviderH2 - connection: [2] {}
[INFO ] 2022-01-22 17:39:06.754 [main] DataProviderH2 - connection: [4] {}
[INFO ] 2022-01-22 17:39:06.755 [main] DataProviderH2 - h2ToUserListUser: [1] {}
[INFO ] 2022-01-22 17:39:06.755 [main] DataProviderH2 - h2ToUserListUser: [2] {}
[INFO ] 2022-01-22 17:39:06.755 [main] DataProviderH2 - h2ToUserListUser: [4] {}
[INFO ] 2022-01-22 17:39:06.755 [main] DataProviderH2 - closeConnection: [1] {}
[INFO ] 2022-01-22 17:39:06.756 [main] DataProviderH2 - readFromH2: [2] {}
[INFO ] 2022-01-22 17:39:06.756 [main] DataProviderH2 - readFromH2: [4] {}
[INFO ] 2022-01-22 17:39:06.756 [main] DataProviderH2 - getUsers: [2] {}
[INFO ] 2022-01-22 17:39:06.756 [main] DataProviderH2 - getUsers: [4] {}
[INFO ] 2022-01-22 17:39:06.756 [main] DataProviderH2 - getUsers: [1] {}
[INFO ] 2022-01-22 17:39:06.757 [main] DataProviderH2 - readFromH2: [1] {}
[INFO ] 2022-01-22 17:39:06.757 [main] DataProviderH2 - connection: [1] {}
[INFO ] 2022-01-22 17:39:06.758 [main] DataProviderH2 - connection: [2] {}
[INFO ] 2022-01-22 17:39:06.758 [main] DataProviderH2 - connection: [4] {}
[INFO ] 2022-01-22 17:39:06.758 [main] DataProviderH2 - h2ToUserListUser: [1] {}
[INFO ] 2022-01-22 17:39:06.760 [main] DataProviderH2 - h2ToUserListUser: [2] {}
[INFO ] 2022-01-22 17:39:06.760 [main] DataProviderH2 - h2ToUserListUser: [4] {}
[INFO ] 2022-01-22 17:39:06.761 [main] DataProviderH2 - closeConnection: [1] {}
[INFO ] 2022-01-22 17:39:06.761 [main] DataProviderH2 - readFromH2: [2] {}
[INFO ] 2022-01-22 17:39:06.761 [main] DataProviderH2 - readFromH2: [4] {}
[INFO ] 2022-01-22 17:39:06.761 [main] DataProviderH2 - getUsers: [2] {}
[INFO ] 2022-01-22 17:39:06.761 [main] DataProviderH2 - getUsers: [4] {}
[INFO ] 2022-01-22 17:39:06.764 [main] HistoryContent - putUserHistory: [1] {}
[INFO ] 2022-01-22 17:39:07.146 [main] HistoryContent - putUserHistory: [2] {}
[ERROR] 2022-01-22 17:39:08.937 [main] DataProviderH2 - updateUsers: [3] {} Синтаксическая ошибка в выражении SQL "UPDATE USER SET LOGIN = 'user4', PASSWORD = 'Passwordasdasd4', WHERE[*] ID = 4"; ожидалось "identifier"
Syntax error in SQL statement "UPDATE USER SET LOGIN = 'user4', PASSWORD = 'Passwordasdasd4', WHERE[*] ID = 4"; expected "identifier"; SQL statement:
UPDATE USER SET LOGIN = 'user4', PASSWORD = 'Passwordasdasd4', WHERE id = 4 [42001-200]
[INFO ] 2022-01-22 17:44:44.496 [main] DataProviderH2 - connection: [1] {}
[INFO ] 2022-01-22 17:44:44.787 [main] DataProviderH2 - connection: [2] {}
[INFO ] 2022-01-22 17:44:44.788 [main] DataProviderH2 - connection: [4] {}
[INFO ] 2022-01-22 17:44:44.788 [main] DataProviderH2 - isInDataUser [1] {}
[INFO ] 2022-01-22 17:44:44.788 [main] DataProviderH2 - getUsers: [1] {}
[INFO ] 2022-01-22 17:44:44.788 [main] DataProviderH2 - readFromH2: [1] {}
[INFO ] 2022-01-22 17:44:44.788 [main] DataProviderH2 - connection: [1] {}
[INFO ] 2022-01-22 17:44:44.789 [main] DataProviderH2 - connection: [2] {}
[INFO ] 2022-01-22 17:44:44.790 [main] DataProviderH2 - connection: [4] {}
[INFO ] 2022-01-22 17:44:44.790 [main] DataProviderH2 - h2ToUserListUser: [1] {}
[INFO ] 2022-01-22 17:44:44.791 [main] DataProviderH2 - h2ToUserListUser: [2] {}
[INFO ] 2022-01-22 17:44:44.791 [main] DataProviderH2 - h2ToUserListUser: [4] {}
[INFO ] 2022-01-22 17:44:44.791 [main] DataProviderH2 - closeConnection: [1] {}
[INFO ] 2022-01-22 17:44:44.792 [main] DataProviderH2 - readFromH2: [2] {}
[INFO ] 2022-01-22 17:44:44.792 [main] DataProviderH2 - readFromH2: [4] {}
[INFO ] 2022-01-22 17:44:44.793 [main] DataProviderH2 - getUsers: [2] {}
[INFO ] 2022-01-22 17:44:44.794 [main] DataProviderH2 - getUsers: [4] {}
[INFO ] 2022-01-22 17:44:44.795 [main] DataProviderH2 - takeHistoryUsers [1] {}
[INFO ] 2022-01-22 17:44:44.795 [main] DataProviderH2 - isInDataUser [1] {}
[INFO ] 2022-01-22 17:44:44.795 [main] DataProviderH2 - getUsers: [1] {}
[INFO ] 2022-01-22 17:44:44.796 [main] DataProviderH2 - readFromH2: [1] {}
[INFO ] 2022-01-22 17:44:44.796 [main] DataProviderH2 - connection: [1] {}
[INFO ] 2022-01-22 17:44:44.797 [main] DataProviderH2 - connection: [2] {}
[INFO ] 2022-01-22 17:44:44.797 [main] DataProviderH2 - connection: [4] {}
[INFO ] 2022-01-22 17:44:44.797 [main] DataProviderH2 - h2ToUserListUser: [1] {}
[INFO ] 2022-01-22 17:44:44.797 [main] DataProviderH2 - h2ToUserListUser: [2] {}
[INFO ] 2022-01-22 17:44:44.798 [main] DataProviderH2 - h2ToUserListUser: [4] {}
[INFO ] 2022-01-22 17:44:44.798 [main] DataProviderH2 - closeConnection: [1] {}
[INFO ] 2022-01-22 17:44:44.798 [main] DataProviderH2 - readFromH2: [2] {}
[INFO ] 2022-01-22 17:44:44.798 [main] DataProviderH2 - readFromH2: [4] {}
[INFO ] 2022-01-22 17:44:44.798 [main] DataProviderH2 - getUsers: [2] {}
[INFO ] 2022-01-22 17:44:44.798 [main] DataProviderH2 - getUsers: [4] {}
[INFO ] 2022-01-22 17:44:44.798 [main] DataProviderH2 - getUsers: [1] {}
[INFO ] 2022-01-22 17:44:44.799 [main] DataProviderH2 - readFromH2: [1] {}
[INFO ] 2022-01-22 17:44:44.799 [main] DataProviderH2 - connection: [1] {}
[INFO ] 2022-01-22 17:44:44.800 [main] DataProviderH2 - connection: [2] {}
[INFO ] 2022-01-22 17:44:44.800 [main] DataProviderH2 - connection: [4] {}
[INFO ] 2022-01-22 17:44:44.800 [main] DataProviderH2 - h2ToUserListUser: [1] {}
[INFO ] 2022-01-22 17:44:44.800 [main] DataProviderH2 - h2ToUserListUser: [2] {}
[INFO ] 2022-01-22 17:44:44.800 [main] DataProviderH2 - h2ToUserListUser: [4] {}
[INFO ] 2022-01-22 17:44:44.800 [main] DataProviderH2 - closeConnection: [1] {}
[INFO ] 2022-01-22 17:44:44.800 [main] DataProviderH2 - readFromH2: [2] {}
[INFO ] 2022-01-22 17:44:44.800 [main] DataProviderH2 - readFromH2: [4] {}
[INFO ] 2022-01-22 17:44:44.801 [main] DataProviderH2 - getUsers: [2] {}
[INFO ] 2022-01-22 17:44:44.801 [main] DataProviderH2 - getUsers: [4] {}
[INFO ] 2022-01-22 17:44:44.803 [main] HistoryContent - putUserHistory: [1] {}
[INFO ] 2022-01-22 17:44:45.195 [main] HistoryContent - putUserHistory: [2] {}
[INFO ] 2022-01-22 17:44:46.521 [main] DataProviderH2 - closeConnection: [1] {}
[INFO ] 2022-01-22 17:44:46.558 [main] DataProviderH2 - updateUsers: [2] {}
[INFO ] 2022-01-22 17:45:32.204 [main] DataProviderCsv - updateUsers: [1] {}
[INFO ] 2022-01-22 17:45:32.211 [main] DataProviderCsv - getUsers: [1] {}
[INFO ] 2022-01-22 17:45:32.211 [main] DataProviderCsv - readCsv: [1] {}
[INFO ] 2022-01-22 17:45:32.318 [main] DataProviderCsv - readCsv: [3] {}
[INFO ] 2022-01-22 17:45:32.319 [main] DataProviderCsv - getUsers: [3] {}
[INFO ] 2022-01-22 17:45:32.320 [main] DataProviderCsv - isIdInData: [1] {}
[INFO ] 2022-01-22 17:45:32.320 [main] DataProviderCsv - getUsers: [1] {}
[INFO ] 2022-01-22 17:45:32.320 [main] DataProviderCsv - readCsv: [1] {}
[INFO ] 2022-01-22 17:45:32.328 [main] DataProviderCsv - readCsv: [3] {}
[INFO ] 2022-01-22 17:45:32.328 [main] DataProviderCsv - getUsers: [3] {}
[INFO ] 2022-01-22 17:45:32.330 [main] DataProviderCsv - isIdInData: [2] {} Element is found
[INFO ] 2022-01-22 17:45:32.334 [main] HistoryContent - putUserHistory: [1] {}
[INFO ] 2022-01-22 17:45:32.718 [main] HistoryContent - putUserHistory: [2] {}
[INFO ] 2022-01-22 17:45:33.898 [main] DataProviderCsv - appendUsers: [1] {}
[INFO ] 2022-01-22 17:45:33.898 [main] DataProviderCsv - stringingDuplicateId: [1] {}
[INFO ] 2022-01-22 17:45:33.900 [main] DataProviderCsv - getUsers: [1] {}
[INFO ] 2022-01-22 17:45:33.900 [main] DataProviderCsv - readCsv: [1] {}
[INFO ] 2022-01-22 17:45:33.912 [main] DataProviderCsv - readCsv: [3] {}
[INFO ] 2022-01-22 17:45:33.912 [main] DataProviderCsv - getUsers: [3] {}
[INFO ] 2022-01-22 17:45:33.912 [main] DataProviderCsv - getUsers: [1] {}
[INFO ] 2022-01-22 17:45:33.914 [main] DataProviderCsv - readCsv: [1] {}
[INFO ] 2022-01-22 17:45:33.927 [main] DataProviderCsv - readCsv: [3] {}
[INFO ] 2022-01-22 17:45:33.927 [main] DataProviderCsv - getUsers: [3] {}
[INFO ] 2022-01-22 17:45:33.929 [main] DataProviderCsv - stringingDuplicateId: [2] {}
[INFO ] 2022-01-22 17:45:33.929 [main] DataProviderCsv - writeCsv: [1] {}
[INFO ] 2022-01-22 17:45:33.979 [main] DataProviderCsv - writeCsv: [3] {}
[INFO ] 2022-01-22 17:45:33.980 [main] DataProviderCsv - appendUsers: [5] {}
[INFO ] 2022-01-22 17:45:33.981 [main] DataProviderCsv - updateUsers: [3] {}
[INFO ] 2022-01-22 17:45:33.981 [main] DataProviderCsv - getUsers: [1] {}
[INFO ] 2022-01-22 17:45:33.982 [main] DataProviderCsv - readCsv: [1] {}
[INFO ] 2022-01-22 17:45:34.007 [main] DataProviderCsv - readCsv: [3] {}
[INFO ] 2022-01-22 17:45:34.008 [main] DataProviderCsv - getUsers: [3] {}
[INFO ] 2022-01-22 17:46:08.932 [main] DataProviderXml - updateUsers: [1] {}
