[INFO ] 2022-01-26 16:29:44.593 [main] DataProviderXml - readXmlMedicine: [3] {}
[INFO ] 2022-01-26 16:29:44.614 [main] DataProviderXml - getMeddicines: [3] {}
[INFO ] 2022-01-26 16:29:44.614 [main] DataProviderXml - getTheAnaloguesOfMedicine [2] {}
[INFO ] 2022-01-26 16:29:44.615 [main] DataProviderXml - getTheAnaloguesOfMedicine [4] {}
[INFO ] 2022-01-26 16:29:44.615 [main] DataProviderXml - getTheAnaloguesByBarcode [2] {}
[INFO ] 2022-01-26 16:29:44.615 [main] DataProviderXml - getTheAnaloguesOfMedicine [4] {}
[INFO ] 2022-01-26 16:30:43.845 [main] DataProviderH2 - getTheAnaloguesOfMedicine [1] {}
[INFO ] 2022-01-26 16:30:43.848 [main] DataProviderH2 - searchMeddicineByName [1] {}
[INFO ] 2022-01-26 16:30:43.849 [main] DataProviderH2 - getMeddicines: [1] {}
[INFO ] 2022-01-26 16:30:43.858 [main] DataProviderH2 - readMeddicinesFromH2M: [1] {}
[INFO ] 2022-01-26 16:30:43.858 [main] DataProviderH2 - connection: [1] {}
[INFO ] 2022-01-26 16:30:44.112 [main] DataProviderH2 - connection: [2] {}
[INFO ] 2022-01-26 16:30:44.112 [main] DataProviderH2 - connection: [4] {}
[INFO ] 2022-01-26 16:30:44.113 [main] DataProviderH2 - h2ToMeddicineList: [1] {}
[INFO ] 2022-01-26 16:30:44.114 [main] DataProviderH2 - h2ToMeddicineList: [2] {}
[INFO ] 2022-01-26 16:30:44.114 [main] DataProviderH2 - h2ToMeddicineList: [4] {}
[INFO ] 2022-01-26 16:30:44.115 [main] DataProviderH2 - closeConnection: [1] {}
[INFO ] 2022-01-26 16:30:44.140 [main] DataProviderH2 - readMeddicinesFromH2M: [2] {}
[INFO ] 2022-01-26 16:30:44.140 [main] DataProviderH2 - readFromH2: [4] {}
[INFO ] 2022-01-26 16:30:44.142 [main] DataProviderH2 - getMeddicines: [2] {}
[INFO ] 2022-01-26 16:30:44.142 [main] DataProviderH2 - getMeddicines: [4] {}
[INFO ] 2022-01-26 16:30:44.143 [main] DataProviderH2 - searchMeddicineByName [2] {}
[INFO ] 2022-01-26 16:30:44.144 [main] DataProviderH2 - getTheAnaloguesOfMedicine [3] {} No such meddicine
[INFO ] 2022-01-26 16:30:44.144 [main] DataProviderH2 - getTheAnaloguesByBarcode [1] {}
[INFO ] 2022-01-26 16:30:44.144 [main] DataProviderH2 - getMeddicineByBarcode: [1] {}
[INFO ] 2022-01-26 16:30:44.144 [main] DataProviderH2 - connection: [1] {}
[INFO ] 2022-01-26 16:30:44.173 [main] DataProviderH2 - connection: [2] {}
[INFO ] 2022-01-26 16:30:44.173 [main] DataProviderH2 - connection: [4] {}
[INFO ] 2022-01-26 16:30:44.174 [main] DataProviderH2 - h2ToMeddicineList: [1] {}
[INFO ] 2022-01-26 16:30:44.174 [main] DataProviderH2 - h2ToMeddicineList: [2] {}
[INFO ] 2022-01-26 16:30:44.174 [main] DataProviderH2 - h2ToMeddicineList: [4] {}
[INFO ] 2022-01-26 16:30:44.174 [main] DataProviderH2 - closeConnection: [1] {}
[INFO ] 2022-01-26 16:30:44.201 [main] DataProviderH2 - getMeddicineByBarcode: [2] {}
[INFO ] 2022-01-26 16:30:44.202 [main] DataProviderH2 - getTheAnaloguesByBarcode [3] {} No such meddicine
[INFO ] 2022-01-26 16:30:44.202 [main] DataProviderH2 - getTheAnaloguesOfMedicine [4] {}
[INFO ] 2022-01-26 16:30:58.239 [main] DataProviderH2 - getTheAnaloguesOfMedicine [1] {}
[INFO ] 2022-01-26 16:30:58.244 [main] DataProviderH2 - searchMeddicineByName [1] {}
[INFO ] 2022-01-26 16:30:58.244 [main] DataProviderH2 - getMeddicines: [1] {}
[INFO ] 2022-01-26 16:30:58.246 [main] DataProviderH2 - readMeddicinesFromH2M: [1] {}
[INFO ] 2022-01-26 16:30:58.246 [main] DataProviderH2 - connection: [1] {}
[INFO ] 2022-01-26 16:30:58.510 [main] DataProviderH2 - connection: [2] {}
[INFO ] 2022-01-26 16:30:58.511 [main] DataProviderH2 - connection: [4] {}
[INFO ] 2022-01-26 16:30:58.511 [main] DataProviderH2 - h2ToMeddicineList: [1] {}
[INFO ] 2022-01-26 16:30:58.514 [main] DataProviderH2 - h2ToMeddicineList: [2] {}
[INFO ] 2022-01-26 16:30:58.514 [main] DataProviderH2 - h2ToMeddicineList: [4] {}
[INFO ] 2022-01-26 16:30:58.514 [main] DataProviderH2 - closeConnection: [1] {}
[INFO ] 2022-01-26 16:30:58.551 [main] DataProviderH2 - readMeddicinesFromH2M: [2] {}
[INFO ] 2022-01-26 16:30:58.551 [main] DataProviderH2 - readFromH2: [4] {}
[INFO ] 2022-01-26 16:30:58.552 [main] DataProviderH2 - getMeddicines: [2] {}
[INFO ] 2022-01-26 16:30:58.552 [main] DataProviderH2 - getMeddicines: [4] {}
[INFO ] 2022-01-26 16:30:58.553 [main] DataProviderH2 - searchMeddicineByName [2] {}
[INFO ] 2022-01-26 16:30:58.553 [main] DataProviderH2 - searchMeddicineByName [1] {}
[INFO ] 2022-01-26 16:30:58.553 [main] DataProviderH2 - getMeddicines: [1] {}
[INFO ] 2022-01-26 16:30:58.554 [main] DataProviderH2 - readMeddicinesFromH2M: [1] {}
[INFO ] 2022-01-26 16:30:58.554 [main] DataProviderH2 - connection: [1] {}
[INFO ] 2022-01-26 16:30:58.573 [main] DataProviderH2 - connection: [2] {}
[INFO ] 2022-01-26 16:30:58.573 [main] DataProviderH2 - connection: [4] {}
[INFO ] 2022-01-26 16:30:58.574 [main] DataProviderH2 - h2ToMeddicineList: [1] {}
[INFO ] 2022-01-26 16:30:58.574 [main] DataProviderH2 - h2ToMeddicineList: [2] {}
[INFO ] 2022-01-26 16:30:58.574 [main] DataProviderH2 - h2ToMeddicineList: [4] {}
[INFO ] 2022-01-26 16:30:58.574 [main] DataProviderH2 - closeConnection: [1] {}
[INFO ] 2022-01-26 16:30:58.593 [main] DataProviderH2 - readMeddicinesFromH2M: [2] {}
[INFO ] 2022-01-26 16:30:58.593 [main] DataProviderH2 - readFromH2: [4] {}
[INFO ] 2022-01-26 16:30:58.593 [main] DataProviderH2 - getMeddicines: [2] {}
[INFO ] 2022-01-26 16:30:58.593 [main] DataProviderH2 - getMeddicines: [4] {}
[INFO ] 2022-01-26 16:30:58.593 [main] DataProviderH2 - searchMeddicineByName [2] {}
[INFO ] 2022-01-26 16:30:58.594 [main] DataProviderH2 - getMeddicines: [1] {}
[INFO ] 2022-01-26 16:30:58.594 [main] DataProviderH2 - readMeddicinesFromH2M: [1] {}
[INFO ] 2022-01-26 16:30:58.594 [main] DataProviderH2 - connection: [1] {}
[INFO ] 2022-01-26 16:30:58.611 [main] DataProviderH2 - connection: [2] {}
[INFO ] 2022-01-26 16:30:58.611 [main] DataProviderH2 - connection: [4] {}
[INFO ] 2022-01-26 16:30:58.611 [main] DataProviderH2 - h2ToMeddicineList: [1] {}
[INFO ] 2022-01-26 16:30:58.611 [main] DataProviderH2 - h2ToMeddicineList: [2] {}
[INFO ] 2022-01-26 16:30:58.612 [main] DataProviderH2 - h2ToMeddicineList: [4] {}
[INFO ] 2022-01-26 16:30:58.612 [main] DataProviderH2 - closeConnection: [1] {}
[INFO ] 2022-01-26 16:30:58.629 [main] DataProviderH2 - readMeddicinesFromH2M: [2] {}
[INFO ] 2022-01-26 16:30:58.629 [main] DataProviderH2 - readFromH2: [4] {}
[INFO ] 2022-01-26 16:30:58.630 [main] DataProviderH2 - getMeddicines: [2] {}
[INFO ] 2022-01-26 16:30:58.630 [main] DataProviderH2 - getMeddicines: [4] {}
[INFO ] 2022-01-26 16:30:58.631 [main] DataProviderH2 - getTheAnaloguesOfMedicine [2] {}
[INFO ] 2022-01-26 16:30:58.631 [main] DataProviderH2 - getTheAnaloguesOfMedicine [4] {}
[INFO ] 2022-01-26 16:31:13.972 [main] DataProviderH2 - getTheAnaloguesOfMedicine [1] {}
[INFO ] 2022-01-26 16:31:13.979 [main] DataProviderH2 - searchMeddicineByName [1] {}
[INFO ] 2022-01-26 16:31:13.979 [main] DataProviderH2 - getMeddicines: [1] {}
[INFO ] 2022-01-26 16:31:13.980 [main] DataProviderH2 - readMeddicinesFromH2M: [1] {}
[INFO ] 2022-01-26 16:31:13.980 [main] DataProviderH2 - connection: [1] {}
[INFO ] 2022-01-26 16:31:14.229 [main] DataProviderH2 - connection: [2] {}
[INFO ] 2022-01-26 16:31:14.229 [main] DataProviderH2 - connection: [4] {}
[INFO ] 2022-01-26 16:31:14.231 [main] DataProviderH2 - h2ToMeddicineList: [1] {}
[INFO ] 2022-01-26 16:31:14.233 [main] DataProviderH2 - h2ToMeddicineList: [2] {}
[INFO ] 2022-01-26 16:31:14.233 [main] DataProviderH2 - h2ToMeddicineList: [4] {}
[INFO ] 2022-01-26 16:31:14.233 [main] DataProviderH2 - closeConnection: [1] {}
[INFO ] 2022-01-26 16:31:14.252 [main] DataProviderH2 - readMeddicinesFromH2M: [2] {}
[INFO ] 2022-01-26 16:31:14.253 [main] DataProviderH2 - readFromH2: [4] {}
[INFO ] 2022-01-26 16:31:14.253 [main] DataProviderH2 - getMeddicines: [2] {}
[INFO ] 2022-01-26 16:31:14.253 [main] DataProviderH2 - getMeddicines: [4] {}
[INFO ] 2022-01-26 16:31:14.254 [main] DataProviderH2 - searchMeddicineByName [2] {}
[INFO ] 2022-01-26 16:31:14.254 [main] DataProviderH2 - getTheAnaloguesOfMedicine [3] {} No such meddicine
[INFO ] 2022-01-26 16:31:14.254 [main] DataProviderH2 - getTheAnaloguesByBarcode [1] {}
[INFO ] 2022-01-26 16:31:14.254 [main] DataProviderH2 - getMeddicineByBarcode: [1] {}
[INFO ] 2022-01-26 16:31:14.255 [main] DataProviderH2 - connection: [1] {}
[INFO ] 2022-01-26 16:31:14.274 [main] DataProviderH2 - connection: [2] {}
[INFO ] 2022-01-26 16:31:14.274 [main] DataProviderH2 - connection: [4] {}
[INFO ] 2022-01-26 16:31:14.275 [main] DataProviderH2 - h2ToMeddicineList: [1] {}
[INFO ] 2022-01-26 16:31:14.275 [main] DataProviderH2 - h2ToMeddicineList: [2] {}
[INFO ] 2022-01-26 16:31:14.275 [main] DataProviderH2 - h2ToMeddicineList: [4] {}
[INFO ] 2022-01-26 16:31:14.275 [main] DataProviderH2 - closeConnection: [1] {}
[INFO ] 2022-01-26 16:31:14.292 [main] DataProviderH2 - getMeddicineByBarcode: [2] {}
[INFO ] 2022-01-26 16:31:14.292 [main] DataProviderH2 - getTheAnaloguesOfMedicine [1] {}
[INFO ] 2022-01-26 16:31:14.292 [main] DataProviderH2 - searchMeddicineByName [1] {}
[INFO ] 2022-01-26 16:31:14.292 [main] DataProviderH2 - getMeddicines: [1] {}
[INFO ] 2022-01-26 16:31:14.292 [main] DataProviderH2 - readMeddicinesFromH2M: [1] {}
[INFO ] 2022-01-26 16:31:14.292 [main] DataProviderH2 - connection: [1] {}
[INFO ] 2022-01-26 16:31:14.308 [main] DataProviderH2 - connection: [2] {}
[INFO ] 2022-01-26 16:31:14.309 [main] DataProviderH2 - connection: [4] {}
[INFO ] 2022-01-26 16:31:14.309 [main] DataProviderH2 - h2ToMeddicineList: [1] {}
[INFO ] 2022-01-26 16:31:14.309 [main] DataProviderH2 - h2ToMeddicineList: [2] {}
[INFO ] 2022-01-26 16:31:14.309 [main] DataProviderH2 - h2ToMeddicineList: [4] {}
[INFO ] 2022-01-26 16:31:14.309 [main] DataProviderH2 - closeConnection: [1] {}
[INFO ] 2022-01-26 16:31:14.325 [main] DataProviderH2 - readMeddicinesFromH2M: [2] {}
[INFO ] 2022-01-26 16:31:14.325 [main] DataProviderH2 - readFromH2: [4] {}
[INFO ] 2022-01-26 16:31:14.325 [main] DataProviderH2 - getMeddicines: [2] {}
[INFO ] 2022-01-26 16:31:14.326 [main] DataProviderH2 - getMeddicines: [4] {}
[INFO ] 2022-01-26 16:31:14.326 [main] DataProviderH2 - searchMeddicineByName [2] {}
