[INFO ] 2022-01-21 19:44:44.255 [main] DataProviderH2 - h2ToMeddicineList: [2] {}
[INFO ] 2022-01-21 19:44:44.299 [main] DataProviderH2 - h2ToMeddicineList: [4] {}
[INFO ] 2022-01-21 19:44:44.299 [main] DataProviderH2 - closeConnection: [1] {}
[INFO ] 2022-01-21 19:44:44.320 [main] DataProviderH2 - readMeddicinesFromH2M: [2] {}
[INFO ] 2022-01-21 19:44:44.320 [main] DataProviderH2 - readFromH2: [4] {}
[INFO ] 2022-01-21 19:44:44.322 [main] DataProviderH2 - getMeddicines: [2] {}
[INFO ] 2022-01-21 19:44:44.322 [main] DataProviderH2 - getMeddicines: [4] {}
[INFO ] 2022-01-21 19:44:44.323 [main] DataProviderH2 - searchMeddicineByName [2] {}
[INFO ] 2022-01-21 19:44:44.323 [main] DataProviderH2 - searchMeddicineByName [1] {}
[INFO ] 2022-01-21 19:44:44.323 [main] DataProviderH2 - getMeddicines: [1] {}
[INFO ] 2022-01-21 19:44:44.323 [main] DataProviderH2 - readMeddicinesFromH2M: [1] {}
[INFO ] 2022-01-21 19:44:44.324 [main] DataProviderH2 - connection: [1] {}
[INFO ] 2022-01-21 19:44:44.340 [main] DataProviderH2 - connection: [2] {}
[INFO ] 2022-01-21 19:44:44.340 [main] DataProviderH2 - connection: [4] {}
[INFO ] 2022-01-21 19:44:44.341 [main] DataProviderH2 - h2ToMeddicineList: [1] {}
[INFO ] 2022-01-21 19:44:44.341 [main] DataProviderH2 - h2ToMeddicineList: [2] {}
[INFO ] 2022-01-21 19:44:44.341 [main] DataProviderH2 - h2ToMeddicineList: [4] {}
[INFO ] 2022-01-21 19:44:44.341 [main] DataProviderH2 - closeConnection: [1] {}
[INFO ] 2022-01-21 19:44:44.360 [main] DataProviderH2 - readMeddicinesFromH2M: [2] {}
[INFO ] 2022-01-21 19:44:44.361 [main] DataProviderH2 - readFromH2: [4] {}
[INFO ] 2022-01-21 19:44:44.361 [main] DataProviderH2 - getMeddicines: [2] {}
[INFO ] 2022-01-21 19:44:44.361 [main] DataProviderH2 - getMeddicines: [4] {}
[INFO ] 2022-01-21 19:44:44.361 [main] DataProviderH2 - searchMeddicineByName [2] {}
[INFO ] 2022-01-21 19:44:44.361 [main] DataProviderH2 - getMeddicines: [1] {}
[INFO ] 2022-01-21 19:44:44.361 [main] DataProviderH2 - readMeddicinesFromH2M: [1] {}
[INFO ] 2022-01-21 19:44:44.361 [main] DataProviderH2 - connection: [1] {}
[INFO ] 2022-01-21 19:44:44.377 [main] DataProviderH2 - connection: [2] {}
[INFO ] 2022-01-21 19:44:44.377 [main] DataProviderH2 - connection: [4] {}
[INFO ] 2022-01-21 19:44:44.378 [main] DataProviderH2 - h2ToMeddicineList: [1] {}
[INFO ] 2022-01-21 19:44:44.378 [main] DataProviderH2 - h2ToMeddicineList: [2] {}
[INFO ] 2022-01-21 19:44:44.378 [main] DataProviderH2 - h2ToMeddicineList: [4] {}
[INFO ] 2022-01-21 19:44:44.378 [main] DataProviderH2 - closeConnection: [1] {}
[INFO ] 2022-01-21 19:44:44.394 [main] DataProviderH2 - readMeddicinesFromH2M: [2] {}
[INFO ] 2022-01-21 19:44:44.394 [main] DataProviderH2 - readFromH2: [4] {}
[INFO ] 2022-01-21 19:44:44.394 [main] DataProviderH2 - getMeddicines: [2] {}
[INFO ] 2022-01-21 19:44:44.394 [main] DataProviderH2 - getMeddicines: [4] {}
[INFO ] 2022-01-21 19:44:44.395 [main] DataProviderH2 - getTheAnaloguesOfMedicine [2] {}
[INFO ] 2022-01-21 19:44:44.395 [main] DataProviderH2 - getTheAnaloguesOfMedicine [4] {}
[INFO ] 2022-01-21 19:46:36.247 [main] DataProviderH2 - getTheAnaloguesOfMedicine [1] {}
[INFO ] 2022-01-21 19:46:36.250 [main] DataProviderH2 - searchMeddicineByName [1] {}
[INFO ] 2022-01-21 19:46:36.250 [main] DataProviderH2 - getMeddicines: [1] {}
[INFO ] 2022-01-21 19:46:36.251 [main] DataProviderH2 - readMeddicinesFromH2M: [1] {}
[INFO ] 2022-01-21 19:46:36.252 [main] DataProviderH2 - connection: [1] {}
[ERROR] 2022-01-21 19:46:36.252 [main] DataProviderH2 - connection: [3] {} org.h2.Driver
[INFO ] 2022-01-21 19:46:36.254 [main] DataProviderH2 - connection: [4] {}
[ERROR] 2022-01-21 19:46:36.254 [main] DataProviderH2 - readMeddicinesFromH2M: [3] {} Cannot invoke "java.sql.Connection.createStatement()" because "connection" is null
[INFO ] 2022-01-21 19:46:36.254 [main] DataProviderH2 - readFromH2: [4] {}
[INFO ] 2022-01-21 19:46:36.255 [main] DataProviderH2 - getMeddicines: [2] {}
[INFO ] 2022-01-21 19:46:36.256 [main] DataProviderH2 - getMeddicines: [4] {}
[INFO ] 2022-01-21 19:46:36.258 [main] DataProviderH2 - searchMeddicineByName [2] {}
[INFO ] 2022-01-21 19:46:36.258 [main] DataProviderH2 - getTheAnaloguesOfMedicine [3] {} No such meddicine
[INFO ] 2022-01-21 19:46:36.258 [main] DataProviderH2 - getTheAnaloguesOfMedicine [4] {}
[INFO ] 2022-01-21 20:38:54.046 [main] DataProviderH2 - getTheAnaloguesOfMedicine [1] {}
[INFO ] 2022-01-21 20:38:54.051 [main] DataProviderH2 - searchMeddicineByName [1] {}
[INFO ] 2022-01-21 20:38:54.051 [main] DataProviderH2 - getMeddicines: [1] {}
[INFO ] 2022-01-21 20:38:54.052 [main] DataProviderH2 - readMeddicinesFromH2M: [1] {}
[INFO ] 2022-01-21 20:38:54.052 [main] DataProviderH2 - connection: [1] {}
[ERROR] 2022-01-21 20:38:54.053 [main] DataProviderH2 - connection: [3] {} org.h2.Driver
[INFO ] 2022-01-21 20:38:54.054 [main] DataProviderH2 - connection: [4] {}
[ERROR] 2022-01-21 20:38:54.057 [main] DataProviderH2 - readMeddicinesFromH2M: [3] {} Cannot invoke "java.sql.Connection.createStatement()" because "connection" is null
[INFO ] 2022-01-21 20:38:54.057 [main] DataProviderH2 - readFromH2: [4] {}
[INFO ] 2022-01-21 20:38:54.058 [main] DataProviderH2 - getMeddicines: [2] {}
[INFO ] 2022-01-21 20:38:54.058 [main] DataProviderH2 - getMeddicines: [4] {}
[INFO ] 2022-01-21 20:38:54.061 [main] DataProviderH2 - searchMeddicineByName [2] {}
[INFO ] 2022-01-21 20:38:54.061 [main] DataProviderH2 - getTheAnaloguesOfMedicine [3] {} No such meddicine
[INFO ] 2022-01-21 20:38:54.061 [main] DataProviderH2 - getTheAnaloguesOfMedicine [4] {}
[INFO ] 2022-01-21 20:43:33.188 [main] DataProviderH2 - getTheAnaloguesOfMedicine [1] {}
[INFO ] 2022-01-21 20:43:33.191 [main] DataProviderH2 - searchMeddicineByName [1] {}
[INFO ] 2022-01-21 20:43:33.192 [main] DataProviderH2 - getMeddicines: [1] {}
[INFO ] 2022-01-21 20:43:33.192 [main] DataProviderH2 - readMeddicinesFromH2M: [1] {}
[INFO ] 2022-01-21 20:43:33.192 [main] DataProviderH2 - connection: [1] {}
[INFO ] 2022-01-21 20:43:33.497 [main] DataProviderH2 - connection: [2] {}
[INFO ] 2022-01-21 20:43:33.497 [main] DataProviderH2 - connection: [4] {}
[INFO ] 2022-01-21 20:43:33.497 [main] DataProviderH2 - h2ToMeddicineList: [1] {}
[INFO ] 2022-01-21 20:43:33.499 [main] DataProviderH2 - h2ToMeddicineList: [2] {}
[INFO ] 2022-01-21 20:43:33.499 [main] DataProviderH2 - h2ToMeddicineList: [4] {}
[INFO ] 2022-01-21 20:43:33.499 [main] DataProviderH2 - closeConnection: [1] {}
[INFO ] 2022-01-21 20:43:33.521 [main] DataProviderH2 - readMeddicinesFromH2M: [2] {}
[INFO ] 2022-01-21 20:43:33.521 [main] DataProviderH2 - readFromH2: [4] {}
[INFO ] 2022-01-21 20:43:33.522 [main] DataProviderH2 - getMeddicines: [2] {}
[INFO ] 2022-01-21 20:43:33.523 [main] DataProviderH2 - getMeddicines: [4] {}
[INFO ] 2022-01-21 20:43:33.523 [main] DataProviderH2 - searchMeddicineByName [2] {}
[INFO ] 2022-01-21 20:43:33.524 [main] DataProviderH2 - searchMeddicineByName [1] {}
[INFO ] 2022-01-21 20:43:33.524 [main] DataProviderH2 - getMeddicines: [1] {}
[INFO ] 2022-01-21 20:43:33.524 [main] DataProviderH2 - readMeddicinesFromH2M: [1] {}
[INFO ] 2022-01-21 20:43:33.524 [main] DataProviderH2 - connection: [1] {}
[INFO ] 2022-01-21 20:43:33.540 [main] DataProviderH2 - connection: [2] {}
[INFO ] 2022-01-21 20:43:33.540 [main] DataProviderH2 - connection: [4] {}
[INFO ] 2022-01-21 20:43:33.540 [main] DataProviderH2 - h2ToMeddicineList: [1] {}
[INFO ] 2022-01-21 20:43:33.541 [main] DataProviderH2 - h2ToMeddicineList: [2] {}
[INFO ] 2022-01-21 20:43:33.541 [main] DataProviderH2 - h2ToMeddicineList: [4] {}
[INFO ] 2022-01-21 20:43:33.541 [main] DataProviderH2 - closeConnection: [1] {}
[INFO ] 2022-01-21 20:43:33.556 [main] DataProviderH2 - readMeddicinesFromH2M: [2] {}
[INFO ] 2022-01-21 20:43:33.557 [main] DataProviderH2 - readFromH2: [4] {}
[INFO ] 2022-01-21 20:43:33.557 [main] DataProviderH2 - getMeddicines: [2] {}
[INFO ] 2022-01-21 20:43:33.557 [main] DataProviderH2 - getMeddicines: [4] {}
[INFO ] 2022-01-21 20:43:33.557 [main] DataProviderH2 - searchMeddicineByName [2] {}
[INFO ] 2022-01-21 20:43:33.557 [main] DataProviderH2 - getMeddicines: [1] {}
[INFO ] 2022-01-21 20:43:33.557 [main] DataProviderH2 - readMeddicinesFromH2M: [1] {}
[INFO ] 2022-01-21 20:43:33.557 [main] DataProviderH2 - connection: [1] {}
[INFO ] 2022-01-21 20:43:33.574 [main] DataProviderH2 - connection: [2] {}
[INFO ] 2022-01-21 20:43:33.574 [main] DataProviderH2 - connection: [4] {}
[INFO ] 2022-01-21 20:43:33.575 [main] DataProviderH2 - h2ToMeddicineList: [1] {}
[INFO ] 2022-01-21 20:43:33.575 [main] DataProviderH2 - h2ToMeddicineList: [2] {}
[INFO ] 2022-01-21 20:43:33.575 [main] DataProviderH2 - h2ToMeddicineList: [4] {}
[INFO ] 2022-01-21 20:43:33.575 [main] DataProviderH2 - closeConnection: [1] {}
[INFO ] 2022-01-21 20:43:33.589 [main] DataProviderH2 - readMeddicinesFromH2M: [2] {}
[INFO ] 2022-01-21 20:43:33.589 [main] DataProviderH2 - readFromH2: [4] {}
[INFO ] 2022-01-21 20:43:33.590 [main] DataProviderH2 - getMeddicines: [2] {}
[INFO ] 2022-01-21 20:43:33.590 [main] DataProviderH2 - getMeddicines: [4] {}
[INFO ] 2022-01-21 20:43:33.591 [main] DataProviderH2 - getTheAnaloguesOfMedicine [2] {}
[INFO ] 2022-01-21 20:43:33.591 [main] DataProviderH2 - getTheAnaloguesOfMedicine [4] {}
[INFO ] 2022-01-21 20:43:45.175 [main] DataProviderH2 - getTheAnaloguesOfMedicine [1] {}
[INFO ] 2022-01-21 20:43:45.180 [main] DataProviderH2 - searchMeddicineByName [1] {}
[INFO ] 2022-01-21 20:43:45.181 [main] DataProviderH2 - getMeddicines: [1] {}
[INFO ] 2022-01-21 20:43:45.182 [main] DataProviderH2 - readMeddicinesFromH2M: [1] {}
[INFO ] 2022-01-21 20:43:45.182 [main] DataProviderH2 - connection: [1] {}
[INFO ] 2022-01-21 20:43:45.447 [main] DataProviderH2 - connection: [2] {}
[INFO ] 2022-01-21 20:43:45.447 [main] DataProviderH2 - connection: [4] {}
[INFO ] 2022-01-21 20:43:45.449 [main] DataProviderH2 - h2ToMeddicineList: [1] {}
[INFO ] 2022-01-21 20:43:45.451 [main] DataProviderH2 - h2ToMeddicineList: [2] {}
[INFO ] 2022-01-21 20:43:45.451 [main] DataProviderH2 - h2ToMeddicineList: [4] {}
[INFO ] 2022-01-21 20:43:45.451 [main] DataProviderH2 - closeConnection: [1] {}
