[INFO ] 2022-01-22 17:58:56.719 [main] DataProviderH2 - getUserById: [1] {}
[INFO ] 2022-01-22 17:58:56.735 [main] DataProviderH2 - connection: [1] {}
[INFO ] 2022-01-22 17:58:57.039 [main] DataProviderH2 - connection: [2] {}
[INFO ] 2022-01-22 17:58:57.040 [main] DataProviderH2 - connection: [4] {}
[INFO ] 2022-01-22 17:58:57.042 [main] DataProviderH2 - h2ToUserListUser: [1] {}
[INFO ] 2022-01-22 17:58:57.044 [main] DataProviderH2 - h2ToUserListUser: [2] {}
[INFO ] 2022-01-22 17:58:57.044 [main] DataProviderH2 - h2ToUserListUser: [4] {}
[INFO ] 2022-01-22 17:58:57.044 [main] DataProviderH2 - closeConnection: [1] {}
[INFO ] 2022-01-22 17:58:57.064 [main] DataProviderH2 - getUserById: [2] {}
[INFO ] 2022-01-22 17:58:57.065 [main] DataProviderH2 - searchPharmacyProductByName [1] {}
[INFO ] 2022-01-22 17:58:57.065 [main] DataProviderH2 - searchMeddicineByName [1] {}
[INFO ] 2022-01-22 17:58:57.065 [main] DataProviderH2 - getMeddicines: [1] {}
[INFO ] 2022-01-22 17:58:57.065 [main] DataProviderH2 - readMeddicinesFromH2M: [1] {}
[INFO ] 2022-01-22 17:58:57.066 [main] DataProviderH2 - connection: [1] {}
[INFO ] 2022-01-22 17:58:57.084 [main] DataProviderH2 - connection: [2] {}
[INFO ] 2022-01-22 17:58:57.084 [main] DataProviderH2 - connection: [4] {}
[INFO ] 2022-01-22 17:58:57.084 [main] DataProviderH2 - h2ToMeddicineList: [1] {}
[INFO ] 2022-01-22 17:58:57.086 [main] DataProviderH2 - h2ToMeddicineList: [2] {}
[INFO ] 2022-01-22 17:58:57.086 [main] DataProviderH2 - h2ToMeddicineList: [4] {}
[INFO ] 2022-01-22 17:58:57.087 [main] DataProviderH2 - closeConnection: [1] {}
[INFO ] 2022-01-22 17:58:57.104 [main] DataProviderH2 - readMeddicinesFromH2M: [2] {}
[INFO ] 2022-01-22 17:58:57.104 [main] DataProviderH2 - readFromH2: [4] {}
[INFO ] 2022-01-22 17:58:57.105 [main] DataProviderH2 - getMeddicines: [2] {}
[INFO ] 2022-01-22 17:58:57.105 [main] DataProviderH2 - getMeddicines: [4] {}
[INFO ] 2022-01-22 17:58:57.106 [main] DataProviderH2 - searchMeddicineByName [2] {}
[INFO ] 2022-01-22 17:58:57.106 [main] DataProviderH2 - searchMedicalDeviceByName [1] {}
[INFO ] 2022-01-22 17:58:57.106 [main] DataProviderH2 - getMedicalDevices: [1] {}
[INFO ] 2022-01-22 17:58:57.106 [main] DataProviderH2 - readMedicalDeviceFromH2M: [1] {}
[INFO ] 2022-01-22 17:58:57.106 [main] DataProviderH2 - connection: [1] {}
[INFO ] 2022-01-22 17:58:57.124 [main] DataProviderH2 - connection: [2] {}
[INFO ] 2022-01-22 17:58:57.125 [main] DataProviderH2 - connection: [4] {}
[INFO ] 2022-01-22 17:58:57.125 [main] DataProviderH2 - h2ToMedicalDeviceList: [1] {}
[INFO ] 2022-01-22 17:58:57.127 [main] DataProviderH2 - h2ToMedicalDeviceList: [2] {}
[INFO ] 2022-01-22 17:58:57.127 [main] DataProviderH2 - h2ToMedicalDeviceList: [4] {}
[INFO ] 2022-01-22 17:58:57.127 [main] DataProviderH2 - closeConnection: [1] {}
[INFO ] 2022-01-22 17:58:57.146 [main] DataProviderH2 - readMedicalDeviceFromH2M: [2] {}
[INFO ] 2022-01-22 17:58:57.147 [main] DataProviderH2 - readMedicalDeviceFromH2M: [4] {}
[INFO ] 2022-01-22 17:58:57.147 [main] DataProviderH2 - getMedicalDevices: [2] {}
[INFO ] 2022-01-22 17:58:57.147 [main] DataProviderH2 - getMedicalDevices: [4] {}
[INFO ] 2022-01-22 17:58:57.148 [main] DataProviderH2 - searchMedicalDeviceByName [2] {}
[INFO ] 2022-01-22 17:58:57.148 [main] DataProviderH2 - searchPharmacyProductByName [5] {}
[INFO ] 2022-01-22 17:58:57.148 [main] DataProviderH2 - createOrder [2] {} No such pharmacy product or user
[INFO ] 2022-01-22 17:58:57.149 [main] DataProviderH2 - createOrder [4] {}
[INFO ] 2022-01-22 17:59:16.232 [main] DataProviderH2 - createOrder [1] {}
[INFO ] 2022-01-22 17:59:16.239 [main] DataProviderH2 - getUserById: [1] {}
[INFO ] 2022-01-22 17:59:16.240 [main] DataProviderH2 - connection: [1] {}
[INFO ] 2022-01-22 17:59:16.535 [main] DataProviderH2 - connection: [2] {}
[INFO ] 2022-01-22 17:59:16.536 [main] DataProviderH2 - connection: [4] {}
[INFO ] 2022-01-22 17:59:16.540 [main] DataProviderH2 - h2ToUserListUser: [1] {}
[INFO ] 2022-01-22 17:59:16.541 [main] DataProviderH2 - h2ToUserListUser: [2] {}
[INFO ] 2022-01-22 17:59:16.541 [main] DataProviderH2 - h2ToUserListUser: [4] {}
[INFO ] 2022-01-22 17:59:16.541 [main] DataProviderH2 - closeConnection: [1] {}
[INFO ] 2022-01-22 17:59:16.573 [main] DataProviderH2 - getUserById: [2] {}
[INFO ] 2022-01-22 17:59:16.574 [main] DataProviderH2 - createOrder [2] {} No such pharmacy product or user
[INFO ] 2022-01-22 17:59:16.574 [main] DataProviderH2 - createOrder [4] {}
[INFO ] 2022-01-22 17:59:42.048 [main] DataProviderH2 - createOrder [1] {}
[INFO ] 2022-01-22 17:59:42.053 [main] DataProviderH2 - getUserById: [1] {}
[INFO ] 2022-01-22 17:59:42.053 [main] DataProviderH2 - connection: [1] {}
[INFO ] 2022-01-22 17:59:42.315 [main] DataProviderH2 - connection: [2] {}
[INFO ] 2022-01-22 17:59:42.315 [main] DataProviderH2 - connection: [4] {}
[INFO ] 2022-01-22 17:59:42.320 [main] DataProviderH2 - h2ToUserListUser: [1] {}
[INFO ] 2022-01-22 17:59:42.321 [main] DataProviderH2 - h2ToUserListUser: [2] {}
[INFO ] 2022-01-22 17:59:42.321 [main] DataProviderH2 - h2ToUserListUser: [4] {}
[INFO ] 2022-01-22 17:59:42.321 [main] DataProviderH2 - closeConnection: [1] {}
[INFO ] 2022-01-22 17:59:42.343 [main] DataProviderH2 - getUserById: [2] {}
[INFO ] 2022-01-22 17:59:42.344 [main] DataProviderH2 - searchPharmacyProductByName [1] {}
[INFO ] 2022-01-22 17:59:42.344 [main] DataProviderH2 - searchMeddicineByName [1] {}
[INFO ] 2022-01-22 17:59:42.344 [main] DataProviderH2 - getMeddicines: [1] {}
[INFO ] 2022-01-22 17:59:42.344 [main] DataProviderH2 - readMeddicinesFromH2M: [1] {}
[INFO ] 2022-01-22 17:59:42.344 [main] DataProviderH2 - connection: [1] {}
[INFO ] 2022-01-22 17:59:42.362 [main] DataProviderH2 - connection: [2] {}
[INFO ] 2022-01-22 17:59:42.362 [main] DataProviderH2 - connection: [4] {}
[INFO ] 2022-01-22 17:59:42.363 [main] DataProviderH2 - h2ToMeddicineList: [1] {}
[INFO ] 2022-01-22 17:59:42.365 [main] DataProviderH2 - h2ToMeddicineList: [2] {}
[INFO ] 2022-01-22 17:59:42.365 [main] DataProviderH2 - h2ToMeddicineList: [4] {}
[INFO ] 2022-01-22 17:59:42.365 [main] DataProviderH2 - closeConnection: [1] {}
[INFO ] 2022-01-22 17:59:42.382 [main] DataProviderH2 - readMeddicinesFromH2M: [2] {}
[INFO ] 2022-01-22 17:59:42.382 [main] DataProviderH2 - readFromH2: [4] {}
[INFO ] 2022-01-22 17:59:42.382 [main] DataProviderH2 - getMeddicines: [2] {}
[INFO ] 2022-01-22 17:59:42.382 [main] DataProviderH2 - getMeddicines: [4] {}
[INFO ] 2022-01-22 17:59:42.384 [main] DataProviderH2 - searchMeddicineByName [2] {}
[INFO ] 2022-01-22 17:59:42.384 [main] DataProviderH2 - searchMedicalDeviceByName [1] {}
[INFO ] 2022-01-22 17:59:42.384 [main] DataProviderH2 - getMedicalDevices: [1] {}
[INFO ] 2022-01-22 17:59:42.384 [main] DataProviderH2 - readMedicalDeviceFromH2M: [1] {}
[INFO ] 2022-01-22 17:59:42.385 [main] DataProviderH2 - connection: [1] {}
[INFO ] 2022-01-22 17:59:42.403 [main] DataProviderH2 - connection: [2] {}
[INFO ] 2022-01-22 17:59:42.403 [main] DataProviderH2 - connection: [4] {}
[INFO ] 2022-01-22 17:59:42.403 [main] DataProviderH2 - h2ToMedicalDeviceList: [1] {}
[INFO ] 2022-01-22 17:59:42.407 [main] DataProviderH2 - h2ToMedicalDeviceList: [2] {}
[INFO ] 2022-01-22 17:59:42.407 [main] DataProviderH2 - h2ToMedicalDeviceList: [4] {}
[INFO ] 2022-01-22 17:59:42.407 [main] DataProviderH2 - closeConnection: [1] {}
[INFO ] 2022-01-22 17:59:42.424 [main] DataProviderH2 - readMedicalDeviceFromH2M: [2] {}
[INFO ] 2022-01-22 17:59:42.424 [main] DataProviderH2 - readMedicalDeviceFromH2M: [4] {}
[INFO ] 2022-01-22 17:59:42.424 [main] DataProviderH2 - getMedicalDevices: [2] {}
[INFO ] 2022-01-22 17:59:42.424 [main] DataProviderH2 - getMedicalDevices: [4] {}
[INFO ] 2022-01-22 17:59:42.425 [main] DataProviderH2 - searchMedicalDeviceByName [2] {}
[INFO ] 2022-01-22 17:59:42.425 [main] DataProviderH2 - searchPharmacyProductByName [2] {}
[INFO ] 2022-01-22 17:59:42.425 [main] DataProviderH2 - searchPharmacyProductByName [3] {}
[INFO ] 2022-01-22 17:59:42.425 [main] DataProviderH2 - searchPharmacyProductByName [5] {}
[INFO ] 2022-01-22 17:59:42.425 [main] DataProviderH2 - searchPharmacyProductByName [1] {}
[INFO ] 2022-01-22 17:59:42.425 [main] DataProviderH2 - searchMeddicineByName [1] {}
[INFO ] 2022-01-22 17:59:42.425 [main] DataProviderH2 - getMeddicines: [1] {}
[INFO ] 2022-01-22 17:59:42.426 [main] DataProviderH2 - readMeddicinesFromH2M: [1] {}
[INFO ] 2022-01-22 17:59:42.426 [main] DataProviderH2 - connection: [1] {}
[INFO ] 2022-01-22 17:59:42.441 [main] DataProviderH2 - connection: [2] {}
[INFO ] 2022-01-22 17:59:42.441 [main] DataProviderH2 - connection: [4] {}
[INFO ] 2022-01-22 17:59:42.442 [main] DataProviderH2 - h2ToMeddicineList: [1] {}
[INFO ] 2022-01-22 17:59:42.442 [main] DataProviderH2 - h2ToMeddicineList: [2] {}
[INFO ] 2022-01-22 17:59:42.442 [main] DataProviderH2 - h2ToMeddicineList: [4] {}
[INFO ] 2022-01-22 17:59:42.442 [main] DataProviderH2 - closeConnection: [1] {}
[INFO ] 2022-01-22 17:59:42.458 [main] DataProviderH2 - readMeddicinesFromH2M: [2] {}
[INFO ] 2022-01-22 17:59:42.458 [main] DataProviderH2 - readFromH2: [4] {}
[INFO ] 2022-01-22 17:59:42.458 [main] DataProviderH2 - getMeddicines: [2] {}
[INFO ] 2022-01-22 17:59:42.458 [main] DataProviderH2 - getMeddicines: [4] {}
[INFO ] 2022-01-22 17:59:42.459 [main] DataProviderH2 - searchMeddicineByName [2] {}
[INFO ] 2022-01-22 17:59:42.459 [main] DataProviderH2 - searchMedicalDeviceByName [1] {}
[INFO ] 2022-01-22 17:59:42.459 [main] DataProviderH2 - getMedicalDevices: [1] {}
[INFO ] 2022-01-22 17:59:42.459 [main] DataProviderH2 - readMedicalDeviceFromH2M: [1] {}
[INFO ] 2022-01-22 17:59:42.459 [main] DataProviderH2 - connection: [1] {}
[INFO ] 2022-01-22 17:59:42.475 [main] DataProviderH2 - connection: [2] {}
[INFO ] 2022-01-22 17:59:42.475 [main] DataProviderH2 - connection: [4] {}
[INFO ] 2022-01-22 17:59:42.475 [main] DataProviderH2 - h2ToMedicalDeviceList: [1] {}
[INFO ] 2022-01-22 17:59:42.476 [main] DataProviderH2 - h2ToMedicalDeviceList: [2] {}
[INFO ] 2022-01-22 17:59:42.476 [main] DataProviderH2 - h2ToMedicalDeviceList: [4] {}
[INFO ] 2022-01-22 17:59:42.476 [main] DataProviderH2 - closeConnection: [1] {}
