[INFO ] 2022-01-22 17:15:23.103 [main] DataProviderCsv - readCsv: [1] {}
[INFO ] 2022-01-22 17:15:23.201 [main] DataProviderCsv - readCsv: [3] {}
[INFO ] 2022-01-22 17:15:23.202 [main] DataProviderCsv - getUsers: [3] {}
[INFO ] 2022-01-22 17:15:23.202 [main] DataProviderCsv - getUsers: [1] {}
[INFO ] 2022-01-22 17:15:23.202 [main] DataProviderCsv - readCsv: [1] {}
[INFO ] 2022-01-22 17:15:23.208 [main] DataProviderCsv - readCsv: [3] {}
[INFO ] 2022-01-22 17:15:23.209 [main] DataProviderCsv - getUsers: [3] {}
[INFO ] 2022-01-22 17:15:23.209 [main] DataProviderCsv - stringingDuplicateId: [2] {}
[INFO ] 2022-01-22 17:15:23.210 [main] DataProviderCsv - writeCsv: [1] {}
[INFO ] 2022-01-22 17:15:23.233 [main] DataProviderCsv - writeCsv: [3] {}
[INFO ] 2022-01-22 17:15:23.241 [main] DataProviderCsv - appendUsers: [5] {}
[INFO ] 2022-01-22 17:15:23.241 [main] DataProviderCsv - getUsers: [1] {}
[INFO ] 2022-01-22 17:15:23.241 [main] DataProviderCsv - readCsv: [1] {}
[INFO ] 2022-01-22 17:15:23.257 [main] DataProviderCsv - readCsv: [3] {}
[INFO ] 2022-01-22 17:15:23.257 [main] DataProviderCsv - getUsers: [3] {}
[INFO ] 2022-01-22 17:15:23.257 [main] DataProviderCsv - getUsers: [1] {}
[INFO ] 2022-01-22 17:15:23.257 [main] DataProviderCsv - readCsv: [1] {}
[INFO ] 2022-01-22 17:15:23.262 [main] DataProviderCsv - readCsv: [3] {}
[INFO ] 2022-01-22 17:15:23.262 [main] DataProviderCsv - getUsers: [3] {}
[INFO ] 2022-01-22 17:16:40.365 [main] DataProviderH2 - appendUsers: [1] {}
[INFO ] 2022-01-22 17:16:40.370 [main] DataProviderH2 - stringingDuplicateIdDeleteUser: [1] {}
[INFO ] 2022-01-22 17:16:40.370 [main] DataProviderH2 - connection: [1] {}
[INFO ] 2022-01-22 17:16:40.679 [main] DataProviderH2 - connection: [2] {}
[INFO ] 2022-01-22 17:16:40.679 [main] DataProviderH2 - connection: [4] {}
[INFO ] 2022-01-22 17:16:40.684 [main] DataProviderH2 - stringingDuplicateIdDeleteUser: [2] {}
[INFO ] 2022-01-22 17:16:40.684 [main] DataProviderH2 - closeConnection: [1] {}
[INFO ] 2022-01-22 17:16:40.696 [main] DataProviderH2 - writeToH2User: [1] {}
[INFO ] 2022-01-22 17:16:40.698 [main] DataProviderH2 - connection: [1] {}
[INFO ] 2022-01-22 17:16:40.714 [main] DataProviderH2 - connection: [2] {}
[INFO ] 2022-01-22 17:16:40.714 [main] DataProviderH2 - connection: [4] {}
[ERROR] 2022-01-22 17:16:40.725 [main] DataProviderH2 - writeToH2User: [3] {} Неверное количество столбцов
Column count does not match; SQL statement:
INSERT INTO USER VALUES (10, 'Name10', 'Password112q32') [21002-200]
[INFO ] 2022-01-22 17:16:40.728 [main] DataProviderH2 - writeToH2User: [4] {}
[INFO ] 2022-01-22 17:16:40.730 [main] DataProviderH2 - appendUsers: [2] {}
[INFO ] 2022-01-22 17:16:40.730 [main] DataProviderH2 - appendUsers: [5] {}
[INFO ] 2022-01-22 17:18:42.304 [main] DataProviderH2 - appendUsers: [1] {}
[INFO ] 2022-01-22 17:18:42.309 [main] DataProviderH2 - stringingDuplicateIdDeleteUser: [1] {}
[INFO ] 2022-01-22 17:18:42.309 [main] DataProviderH2 - connection: [1] {}
[INFO ] 2022-01-22 17:18:42.619 [main] DataProviderH2 - connection: [2] {}
[INFO ] 2022-01-22 17:18:42.620 [main] DataProviderH2 - connection: [4] {}
[INFO ] 2022-01-22 17:18:42.629 [main] DataProviderH2 - stringingDuplicateIdDeleteUser: [2] {}
[INFO ] 2022-01-22 17:18:42.629 [main] DataProviderH2 - closeConnection: [1] {}
[INFO ] 2022-01-22 17:18:42.647 [main] DataProviderH2 - writeToH2User: [1] {}
[INFO ] 2022-01-22 17:18:42.647 [main] DataProviderH2 - connection: [1] {}
[INFO ] 2022-01-22 17:18:42.666 [main] DataProviderH2 - connection: [2] {}
[INFO ] 2022-01-22 17:18:42.666 [main] DataProviderH2 - connection: [4] {}
[INFO ] 2022-01-22 17:18:42.675 [main] DataProviderH2 - writeToH2User: [2] {}
[INFO ] 2022-01-22 17:18:42.675 [main] DataProviderH2 - closeConnection: [1] {}
[INFO ] 2022-01-22 17:18:42.694 [main] DataProviderH2 - writeToH2User: [4] {}
[INFO ] 2022-01-22 17:18:42.695 [main] DataProviderH2 - appendUsers: [2] {}
[INFO ] 2022-01-22 17:18:42.696 [main] DataProviderH2 - appendUsers: [5] {}
[INFO ] 2022-01-22 17:19:55.196 [main] DataProviderH2 - connection: [1] {}
[INFO ] 2022-01-22 17:19:55.503 [main] DataProviderH2 - connection: [2] {}
[INFO ] 2022-01-22 17:19:55.504 [main] DataProviderH2 - connection: [4] {}
[INFO ] 2022-01-22 17:19:55.504 [main] DataProviderH2 - isInDataUser [1] {}
[INFO ] 2022-01-22 17:19:55.504 [main] DataProviderH2 - getUsers: [1] {}
[INFO ] 2022-01-22 17:19:55.504 [main] DataProviderH2 - readFromH2: [1] {}
[INFO ] 2022-01-22 17:19:55.504 [main] DataProviderH2 - connection: [1] {}
[INFO ] 2022-01-22 17:19:55.505 [main] DataProviderH2 - connection: [2] {}
[INFO ] 2022-01-22 17:19:55.506 [main] DataProviderH2 - connection: [4] {}
[INFO ] 2022-01-22 17:19:55.507 [main] DataProviderH2 - h2ToUserListUser: [1] {}
[INFO ] 2022-01-22 17:19:55.507 [main] DataProviderH2 - h2ToUserListUser: [2] {}
[INFO ] 2022-01-22 17:19:55.508 [main] DataProviderH2 - h2ToUserListUser: [4] {}
[INFO ] 2022-01-22 17:19:55.508 [main] DataProviderH2 - closeConnection: [1] {}
[INFO ] 2022-01-22 17:19:55.508 [main] DataProviderH2 - readFromH2: [2] {}
[INFO ] 2022-01-22 17:19:55.508 [main] DataProviderH2 - readFromH2: [4] {}
[INFO ] 2022-01-22 17:19:55.509 [main] DataProviderH2 - getUsers: [2] {}
[INFO ] 2022-01-22 17:19:55.509 [main] DataProviderH2 - getUsers: [4] {}
[INFO ] 2022-01-22 17:19:55.511 [main] DataProviderH2 - takeHistoryUsers [1] {}
[INFO ] 2022-01-22 17:19:55.511 [main] DataProviderH2 - isInDataUser [1] {}
[INFO ] 2022-01-22 17:19:55.511 [main] DataProviderH2 - getUsers: [1] {}
[INFO ] 2022-01-22 17:19:55.511 [main] DataProviderH2 - readFromH2: [1] {}
[INFO ] 2022-01-22 17:19:55.511 [main] DataProviderH2 - connection: [1] {}
[INFO ] 2022-01-22 17:19:55.512 [main] DataProviderH2 - connection: [2] {}
[INFO ] 2022-01-22 17:19:55.512 [main] DataProviderH2 - connection: [4] {}
[INFO ] 2022-01-22 17:19:55.512 [main] DataProviderH2 - h2ToUserListUser: [1] {}
[INFO ] 2022-01-22 17:19:55.513 [main] DataProviderH2 - h2ToUserListUser: [2] {}
[INFO ] 2022-01-22 17:19:55.513 [main] DataProviderH2 - h2ToUserListUser: [4] {}
[INFO ] 2022-01-22 17:19:55.513 [main] DataProviderH2 - closeConnection: [1] {}
[INFO ] 2022-01-22 17:19:55.513 [main] DataProviderH2 - readFromH2: [2] {}
[INFO ] 2022-01-22 17:19:55.513 [main] DataProviderH2 - readFromH2: [4] {}
[INFO ] 2022-01-22 17:19:55.513 [main] DataProviderH2 - getUsers: [2] {}
[INFO ] 2022-01-22 17:19:55.513 [main] DataProviderH2 - getUsers: [4] {}
[INFO ] 2022-01-22 17:19:55.514 [main] DataProviderH2 - getUsers: [1] {}
[INFO ] 2022-01-22 17:19:55.514 [main] DataProviderH2 - readFromH2: [1] {}
[INFO ] 2022-01-22 17:19:55.514 [main] DataProviderH2 - connection: [1] {}
[INFO ] 2022-01-22 17:19:55.515 [main] DataProviderH2 - connection: [2] {}
[INFO ] 2022-01-22 17:19:55.515 [main] DataProviderH2 - connection: [4] {}
[INFO ] 2022-01-22 17:19:55.515 [main] DataProviderH2 - h2ToUserListUser: [1] {}
[INFO ] 2022-01-22 17:19:55.515 [main] DataProviderH2 - h2ToUserListUser: [2] {}
[INFO ] 2022-01-22 17:19:55.515 [main] DataProviderH2 - h2ToUserListUser: [4] {}
[INFO ] 2022-01-22 17:19:55.515 [main] DataProviderH2 - closeConnection: [1] {}
[INFO ] 2022-01-22 17:19:55.515 [main] DataProviderH2 - readFromH2: [2] {}
[INFO ] 2022-01-22 17:19:55.515 [main] DataProviderH2 - readFromH2: [4] {}
[INFO ] 2022-01-22 17:19:55.516 [main] DataProviderH2 - getUsers: [2] {}
[INFO ] 2022-01-22 17:19:55.516 [main] DataProviderH2 - getUsers: [4] {}
[INFO ] 2022-01-22 17:19:55.518 [main] HistoryContent - putUserHistory: [1] {}
[INFO ] 2022-01-22 17:19:55.927 [main] HistoryContent - putUserHistory: [2] {}
[ERROR] 2022-01-22 17:19:57.217 [main] DataProviderH2 - updateUsers: [3] {} Столбец "ORDERID" не найден
Column "ORDERID" not found; SQL statement:
UPDATE USER SET LOGIN = 'user4', PASSWORD = 'Passwordasdasd4', ORDERID =  WHERE id = 4 [42122-200]
[INFO ] 2022-01-22 17:21:08.207 [main] DataProviderH2 - connection: [1] {}
[INFO ] 2022-01-22 17:21:08.487 [main] DataProviderH2 - connection: [2] {}
[INFO ] 2022-01-22 17:21:08.487 [main] DataProviderH2 - connection: [4] {}
[INFO ] 2022-01-22 17:21:08.489 [main] DataProviderH2 - isInDataUser [1] {}
[INFO ] 2022-01-22 17:21:08.489 [main] DataProviderH2 - getUsers: [1] {}
[INFO ] 2022-01-22 17:21:08.489 [main] DataProviderH2 - readFromH2: [1] {}
[INFO ] 2022-01-22 17:21:08.489 [main] DataProviderH2 - connection: [1] {}
[INFO ] 2022-01-22 17:21:08.490 [main] DataProviderH2 - connection: [2] {}
[INFO ] 2022-01-22 17:21:08.491 [main] DataProviderH2 - connection: [4] {}
[INFO ] 2022-01-22 17:21:08.491 [main] DataProviderH2 - h2ToUserListUser: [1] {}
[INFO ] 2022-01-22 17:21:08.492 [main] DataProviderH2 - h2ToUserListUser: [2] {}
[INFO ] 2022-01-22 17:21:08.492 [main] DataProviderH2 - h2ToUserListUser: [4] {}
[INFO ] 2022-01-22 17:21:08.492 [main] DataProviderH2 - closeConnection: [1] {}
[INFO ] 2022-01-22 17:21:08.492 [main] DataProviderH2 - readFromH2: [2] {}
[INFO ] 2022-01-22 17:21:08.492 [main] DataProviderH2 - readFromH2: [4] {}
[INFO ] 2022-01-22 17:21:08.494 [main] DataProviderH2 - getUsers: [2] {}
[INFO ] 2022-01-22 17:21:08.494 [main] DataProviderH2 - getUsers: [4] {}
[INFO ] 2022-01-22 17:21:08.496 [main] DataProviderH2 - takeHistoryUsers [1] {}
[INFO ] 2022-01-22 17:21:08.496 [main] DataProviderH2 - isInDataUser [1] {}
[INFO ] 2022-01-22 17:21:08.496 [main] DataProviderH2 - getUsers: [1] {}
[INFO ] 2022-01-22 17:21:08.496 [main] DataProviderH2 - readFromH2: [1] {}
[INFO ] 2022-01-22 17:21:08.496 [main] DataProviderH2 - connection: [1] {}
[INFO ] 2022-01-22 17:21:08.497 [main] DataProviderH2 - connection: [2] {}
[INFO ] 2022-01-22 17:21:08.498 [main] DataProviderH2 - connection: [4] {}
[INFO ] 2022-01-22 17:21:08.498 [main] DataProviderH2 - h2ToUserListUser: [1] {}
[INFO ] 2022-01-22 17:21:08.498 [main] DataProviderH2 - h2ToUserListUser: [2] {}
[INFO ] 2022-01-22 17:21:08.498 [main] DataProviderH2 - h2ToUserListUser: [4] {}
[INFO ] 2022-01-22 17:21:08.498 [main] DataProviderH2 - closeConnection: [1] {}
[INFO ] 2022-01-22 17:21:08.498 [main] DataProviderH2 - readFromH2: [2] {}
[INFO ] 2022-01-22 17:21:08.498 [main] DataProviderH2 - readFromH2: [4] {}
