[INFO ] 2022-01-21 17:07:43.234 [main] DataProviderH2 - h2ToUserListUser: [4] {}
[INFO ] 2022-01-21 17:07:43.239 [main] DataProviderH2 - closeConnection: [1] {}
[INFO ] 2022-01-21 17:07:43.240 [main] DataProviderH2 - readFromH2: [2] {}
[INFO ] 2022-01-21 17:07:43.240 [main] DataProviderH2 - readFromH2: [4] {}
[INFO ] 2022-01-21 17:07:43.240 [main] DataProviderH2 - getUsers: [2] {}
[INFO ] 2022-01-21 17:07:43.240 [main] DataProviderH2 - getUsers: [4] {}
[INFO ] 2022-01-21 17:07:43.241 [main] HistoryContent - putUserHistory: [1] {}
[INFO ] 2022-01-21 17:07:43.304 [main] HistoryContent - putUserHistory: [2] {}
[INFO ] 2022-01-21 17:07:44.054 [main] DataProviderH2 - closeConnection: [1] {}
[INFO ] 2022-01-21 17:07:44.078 [main] DataProviderH2 - updateUsers: [2] {}
[INFO ] 2022-01-21 17:07:44.079 [main] DataProviderH2 - createOrder [4] {}
[INFO ] 2022-01-21 17:07:44.083 [main] DataProviderH2 - connection: [1] {}
[INFO ] 2022-01-21 17:07:44.104 [main] DataProviderH2 - connection: [2] {}
[INFO ] 2022-01-21 17:07:44.104 [main] DataProviderH2 - connection: [4] {}
[INFO ] 2022-01-21 17:07:44.104 [main] DataProviderH2 - isInDataUser [1] {}
[INFO ] 2022-01-21 17:07:44.104 [main] DataProviderH2 - getUsers: [1] {}
[INFO ] 2022-01-21 17:07:44.104 [main] DataProviderH2 - readFromH2: [1] {}
[INFO ] 2022-01-21 17:07:44.104 [main] DataProviderH2 - connection: [1] {}
[INFO ] 2022-01-21 17:07:44.106 [main] DataProviderH2 - connection: [2] {}
[INFO ] 2022-01-21 17:07:44.107 [main] DataProviderH2 - connection: [4] {}
[INFO ] 2022-01-21 17:07:44.107 [main] DataProviderH2 - h2ToUserListUser: [1] {}
[INFO ] 2022-01-21 17:07:44.108 [main] DataProviderH2 - h2ToUserListUser: [2] {}
[INFO ] 2022-01-21 17:07:44.108 [main] DataProviderH2 - h2ToUserListUser: [4] {}
[INFO ] 2022-01-21 17:07:44.108 [main] DataProviderH2 - closeConnection: [1] {}
[INFO ] 2022-01-21 17:07:44.108 [main] DataProviderH2 - readFromH2: [2] {}
[INFO ] 2022-01-21 17:07:44.108 [main] DataProviderH2 - readFromH2: [4] {}
[INFO ] 2022-01-21 17:07:44.108 [main] DataProviderH2 - getUsers: [2] {}
[INFO ] 2022-01-21 17:07:44.108 [main] DataProviderH2 - getUsers: [4] {}
[INFO ] 2022-01-21 17:07:44.108 [main] DataProviderH2 - takeHistoryUsers [1] {}
[INFO ] 2022-01-21 17:07:44.109 [main] DataProviderH2 - isInDataUser [1] {}
[INFO ] 2022-01-21 17:07:44.109 [main] DataProviderH2 - getUsers: [1] {}
[INFO ] 2022-01-21 17:07:44.109 [main] DataProviderH2 - readFromH2: [1] {}
[INFO ] 2022-01-21 17:07:44.109 [main] DataProviderH2 - connection: [1] {}
[INFO ] 2022-01-21 17:07:44.110 [main] DataProviderH2 - connection: [2] {}
[INFO ] 2022-01-21 17:07:44.110 [main] DataProviderH2 - connection: [4] {}
[INFO ] 2022-01-21 17:07:44.111 [main] DataProviderH2 - h2ToUserListUser: [1] {}
[INFO ] 2022-01-21 17:07:44.111 [main] DataProviderH2 - h2ToUserListUser: [2] {}
[INFO ] 2022-01-21 17:07:44.111 [main] DataProviderH2 - h2ToUserListUser: [4] {}
[INFO ] 2022-01-21 17:07:44.111 [main] DataProviderH2 - closeConnection: [1] {}
[INFO ] 2022-01-21 17:07:44.111 [main] DataProviderH2 - readFromH2: [2] {}
[INFO ] 2022-01-21 17:07:44.112 [main] DataProviderH2 - readFromH2: [4] {}
[INFO ] 2022-01-21 17:07:44.112 [main] DataProviderH2 - getUsers: [2] {}
[INFO ] 2022-01-21 17:07:44.112 [main] DataProviderH2 - getUsers: [4] {}
[INFO ] 2022-01-21 17:07:44.112 [main] DataProviderH2 - getUsers: [1] {}
[INFO ] 2022-01-21 17:07:44.112 [main] DataProviderH2 - readFromH2: [1] {}
[INFO ] 2022-01-21 17:07:44.112 [main] DataProviderH2 - connection: [1] {}
[INFO ] 2022-01-21 17:07:44.113 [main] DataProviderH2 - connection: [2] {}
[INFO ] 2022-01-21 17:07:44.113 [main] DataProviderH2 - connection: [4] {}
[INFO ] 2022-01-21 17:07:44.114 [main] DataProviderH2 - h2ToUserListUser: [1] {}
[INFO ] 2022-01-21 17:07:44.114 [main] DataProviderH2 - h2ToUserListUser: [2] {}
[INFO ] 2022-01-21 17:07:44.114 [main] DataProviderH2 - h2ToUserListUser: [4] {}
[INFO ] 2022-01-21 17:07:44.114 [main] DataProviderH2 - closeConnection: [1] {}
[INFO ] 2022-01-21 17:07:44.114 [main] DataProviderH2 - readFromH2: [2] {}
[INFO ] 2022-01-21 17:07:44.114 [main] DataProviderH2 - readFromH2: [4] {}
[INFO ] 2022-01-21 17:07:44.115 [main] DataProviderH2 - getUsers: [2] {}
[INFO ] 2022-01-21 17:07:44.115 [main] DataProviderH2 - getUsers: [4] {}
[INFO ] 2022-01-21 17:07:44.115 [main] HistoryContent - putUserHistory: [1] {}
[INFO ] 2022-01-21 17:07:44.143 [main] HistoryContent - putUserHistory: [2] {}
[INFO ] 2022-01-21 17:07:44.817 [main] DataProviderH2 - closeConnection: [1] {}
[INFO ] 2022-01-21 17:07:44.852 [main] DataProviderH2 - updateUsers: [2] {}
[INFO ] 2022-01-21 17:13:50.066 [main] DataProviderH2 - createOrder [1] {}
[INFO ] 2022-01-21 17:13:50.071 [main] DataProviderH2 - getUserById: [1] {}
[INFO ] 2022-01-21 17:13:50.071 [main] DataProviderH2 - connection: [1] {}
[INFO ] 2022-01-21 17:13:50.339 [main] DataProviderH2 - connection: [2] {}
[INFO ] 2022-01-21 17:13:50.339 [main] DataProviderH2 - connection: [4] {}
[INFO ] 2022-01-21 17:13:50.341 [main] DataProviderH2 - h2ToUserListUser: [1] {}
[INFO ] 2022-01-21 17:13:50.342 [main] DataProviderH2 - h2ToUserListUser: [2] {}
[INFO ] 2022-01-21 17:13:50.342 [main] DataProviderH2 - h2ToUserListUser: [4] {}
[INFO ] 2022-01-21 17:13:50.342 [main] DataProviderH2 - closeConnection: [1] {}
[INFO ] 2022-01-21 17:13:50.363 [main] DataProviderH2 - getUserById: [2] {}
[INFO ] 2022-01-21 17:13:50.363 [main] DataProviderH2 - getUserById: [1] {}
[INFO ] 2022-01-21 17:13:50.363 [main] DataProviderH2 - connection: [1] {}
[INFO ] 2022-01-21 17:13:50.379 [main] DataProviderH2 - connection: [2] {}
[INFO ] 2022-01-21 17:13:50.379 [main] DataProviderH2 - connection: [4] {}
[INFO ] 2022-01-21 17:13:50.381 [main] DataProviderH2 - h2ToUserListUser: [1] {}
[INFO ] 2022-01-21 17:13:50.381 [main] DataProviderH2 - h2ToUserListUser: [2] {}
[INFO ] 2022-01-21 17:13:50.381 [main] DataProviderH2 - h2ToUserListUser: [4] {}
[INFO ] 2022-01-21 17:13:50.381 [main] DataProviderH2 - closeConnection: [1] {}
[INFO ] 2022-01-21 17:13:50.396 [main] DataProviderH2 - getUserById: [2] {}
[INFO ] 2022-01-21 17:13:50.396 [main] DataProviderH2 - searchPharmacyProductByName [1] {}
[INFO ] 2022-01-21 17:13:50.396 [main] DataProviderH2 - searchMeddicineByName [1] {}
[INFO ] 2022-01-21 17:13:50.397 [main] DataProviderH2 - getMeddicines: [1] {}
[INFO ] 2022-01-21 17:13:50.397 [main] DataProviderH2 - readMeddicinesFromH2M: [1] {}
[INFO ] 2022-01-21 17:13:50.397 [main] DataProviderH2 - connection: [1] {}
[INFO ] 2022-01-21 17:13:50.412 [main] DataProviderH2 - connection: [2] {}
[INFO ] 2022-01-21 17:13:50.413 [main] DataProviderH2 - connection: [4] {}
[INFO ] 2022-01-21 17:13:50.413 [main] DataProviderH2 - h2ToMeddicineList: [1] {}
[INFO ] 2022-01-21 17:13:50.416 [main] DataProviderH2 - h2ToMeddicineList: [2] {}
[INFO ] 2022-01-21 17:13:50.417 [main] DataProviderH2 - h2ToMeddicineList: [4] {}
[INFO ] 2022-01-21 17:13:50.417 [main] DataProviderH2 - closeConnection: [1] {}
[INFO ] 2022-01-21 17:13:50.433 [main] DataProviderH2 - readMeddicinesFromH2M: [2] {}
[INFO ] 2022-01-21 17:13:50.434 [main] DataProviderH2 - readFromH2: [4] {}
[INFO ] 2022-01-21 17:13:50.434 [main] DataProviderH2 - getMeddicines: [2] {}
[INFO ] 2022-01-21 17:13:50.434 [main] DataProviderH2 - getMeddicines: [4] {}
[INFO ] 2022-01-21 17:13:50.435 [main] DataProviderH2 - searchMeddicineByName [2] {}
[INFO ] 2022-01-21 17:13:50.435 [main] DataProviderH2 - searchMedicalDeviceByName [1] {}
[INFO ] 2022-01-21 17:13:50.435 [main] DataProviderH2 - getMedicalDevices: [1] {}
[INFO ] 2022-01-21 17:13:50.435 [main] DataProviderH2 - readMedicalDeviceFromH2M: [1] {}
[INFO ] 2022-01-21 17:13:50.435 [main] DataProviderH2 - connection: [1] {}
[INFO ] 2022-01-21 17:13:50.450 [main] DataProviderH2 - connection: [2] {}
[INFO ] 2022-01-21 17:13:50.450 [main] DataProviderH2 - connection: [4] {}
[INFO ] 2022-01-21 17:13:50.450 [main] DataProviderH2 - h2ToMedicalDeviceList: [1] {}
[INFO ] 2022-01-21 17:13:50.452 [main] DataProviderH2 - h2ToMedicalDeviceList: [2] {}
[INFO ] 2022-01-21 17:13:50.452 [main] DataProviderH2 - h2ToMedicalDeviceList: [4] {}
[INFO ] 2022-01-21 17:13:50.452 [main] DataProviderH2 - closeConnection: [1] {}
[INFO ] 2022-01-21 17:13:50.468 [main] DataProviderH2 - readMedicalDeviceFromH2M: [2] {}
[INFO ] 2022-01-21 17:13:50.468 [main] DataProviderH2 - readMedicalDeviceFromH2M: [4] {}
[INFO ] 2022-01-21 17:13:50.469 [main] DataProviderH2 - getMedicalDevices: [2] {}
[INFO ] 2022-01-21 17:13:50.469 [main] DataProviderH2 - getMedicalDevices: [4] {}
[INFO ] 2022-01-21 17:13:50.470 [main] DataProviderH2 - searchMedicalDeviceByName [2] {}
[INFO ] 2022-01-21 17:13:50.470 [main] DataProviderH2 - searchPharmacyProductByName [2] {}
[INFO ] 2022-01-21 17:13:50.470 [main] DataProviderH2 - searchPharmacyProductByName [3] {}
[INFO ] 2022-01-21 17:13:50.470 [main] DataProviderH2 - searchPharmacyProductByName [5] {}
[INFO ] 2022-01-21 17:13:50.471 [main] DataProviderH2 - searchPharmacyProductByName [1] {}
[INFO ] 2022-01-21 17:13:50.471 [main] DataProviderH2 - searchMeddicineByName [1] {}
[INFO ] 2022-01-21 17:13:50.471 [main] DataProviderH2 - getMeddicines: [1] {}
[INFO ] 2022-01-21 17:13:50.471 [main] DataProviderH2 - readMeddicinesFromH2M: [1] {}
[INFO ] 2022-01-21 17:13:50.471 [main] DataProviderH2 - connection: [1] {}
[INFO ] 2022-01-21 17:13:50.486 [main] DataProviderH2 - connection: [2] {}
[INFO ] 2022-01-21 17:13:50.486 [main] DataProviderH2 - connection: [4] {}
[INFO ] 2022-01-21 17:13:50.486 [main] DataProviderH2 - h2ToMeddicineList: [1] {}
[INFO ] 2022-01-21 17:13:50.486 [main] DataProviderH2 - h2ToMeddicineList: [2] {}
[INFO ] 2022-01-21 17:13:50.486 [main] DataProviderH2 - h2ToMeddicineList: [4] {}
[INFO ] 2022-01-21 17:13:50.487 [main] DataProviderH2 - closeConnection: [1] {}
[INFO ] 2022-01-21 17:13:50.503 [main] DataProviderH2 - readMeddicinesFromH2M: [2] {}
[INFO ] 2022-01-21 17:13:50.503 [main] DataProviderH2 - readFromH2: [4] {}
[INFO ] 2022-01-21 17:13:50.503 [main] DataProviderH2 - getMeddicines: [2] {}
[INFO ] 2022-01-21 17:13:50.503 [main] DataProviderH2 - getMeddicines: [4] {}
[INFO ] 2022-01-21 17:13:50.503 [main] DataProviderH2 - searchMeddicineByName [2] {}
