[INFO ] 2022-01-21 19:38:04.905 [main] DataProviderCsv - readCsvMedicine: [3] {}
[INFO ] 2022-01-21 19:38:04.941 [main] DataProviderCsv - getMeddicines: [3] {}
[INFO ] 2022-01-21 19:38:04.941 [main] DataProviderCsv - searchMeddicineByName [2] {}
[INFO ] 2022-01-21 19:38:04.941 [main] DataProviderCsv - getMeddicines: [1] {}
[INFO ] 2022-01-21 19:38:04.941 [main] DataProviderCsv - readCsvMedicine: [1] {}
[INFO ] 2022-01-21 19:38:04.950 [main] DataProviderCsv - readCsvMedicine: [3] {}
[INFO ] 2022-01-21 19:38:04.951 [main] DataProviderCsv - getMeddicines: [3] {}
[INFO ] 2022-01-21 19:38:04.951 [main] DataProviderCsv - getTheAnaloguesOfMedicine [2] {}
[INFO ] 2022-01-21 19:38:04.951 [main] DataProviderCsv - getTheAnaloguesOfMedicine [5] {}
[INFO ] 2022-01-21 19:38:18.343 [main] DataProviderCsv - getTheAnaloguesOfMedicine [1] {}
[INFO ] 2022-01-21 19:38:18.346 [main] DataProviderCsv - searchMeddicineByName [1] {}
[INFO ] 2022-01-21 19:38:18.346 [main] DataProviderCsv - getMeddicines: [1] {}
[INFO ] 2022-01-21 19:38:18.348 [main] DataProviderCsv - readCsvMedicine: [1] {}
[INFO ] 2022-01-21 19:38:18.436 [main] DataProviderCsv - readCsvMedicine: [3] {}
[INFO ] 2022-01-21 19:38:18.437 [main] DataProviderCsv - getMeddicines: [3] {}
[INFO ] 2022-01-21 19:38:18.438 [main] DataProviderCsv - searchMeddicineByName [2] {}
[INFO ] 2022-01-21 19:38:18.438 [main] DataProviderCsv - searchMeddicineByName [1] {}
[INFO ] 2022-01-21 19:38:18.438 [main] DataProviderCsv - getMeddicines: [1] {}
[INFO ] 2022-01-21 19:38:18.438 [main] DataProviderCsv - readCsvMedicine: [1] {}
[INFO ] 2022-01-21 19:38:18.447 [main] DataProviderCsv - readCsvMedicine: [3] {}
[INFO ] 2022-01-21 19:38:18.447 [main] DataProviderCsv - getMeddicines: [3] {}
[INFO ] 2022-01-21 19:38:18.447 [main] DataProviderCsv - searchMeddicineByName [2] {}
[INFO ] 2022-01-21 19:38:18.448 [main] DataProviderCsv - getMeddicines: [1] {}
[INFO ] 2022-01-21 19:38:18.448 [main] DataProviderCsv - readCsvMedicine: [1] {}
[INFO ] 2022-01-21 19:38:18.453 [main] DataProviderCsv - readCsvMedicine: [3] {}
[INFO ] 2022-01-21 19:38:18.453 [main] DataProviderCsv - getMeddicines: [3] {}
[INFO ] 2022-01-21 19:38:18.454 [main] DataProviderCsv - getTheAnaloguesOfMedicine [2] {}
[INFO ] 2022-01-21 19:38:18.454 [main] DataProviderCsv - getTheAnaloguesOfMedicine [5] {}
[INFO ] 2022-01-21 19:39:16.658 [main] DataProviderCsv - getTheAnaloguesOfMedicine [1] {}
[INFO ] 2022-01-21 19:39:16.661 [main] DataProviderCsv - searchMeddicineByName [1] {}
[INFO ] 2022-01-21 19:39:16.661 [main] DataProviderCsv - getMeddicines: [1] {}
[INFO ] 2022-01-21 19:39:16.662 [main] DataProviderCsv - readCsvMedicine: [1] {}
[INFO ] 2022-01-21 19:39:16.751 [main] DataProviderCsv - readCsvMedicine: [3] {}
[INFO ] 2022-01-21 19:39:16.752 [main] DataProviderCsv - getMeddicines: [3] {}
[INFO ] 2022-01-21 19:39:16.753 [main] DataProviderCsv - searchMeddicineByName [2] {}
[INFO ] 2022-01-21 19:39:16.753 [main] DataProviderCsv - searchMeddicineByName [1] {}
[INFO ] 2022-01-21 19:39:16.753 [main] DataProviderCsv - getMeddicines: [1] {}
[INFO ] 2022-01-21 19:39:16.753 [main] DataProviderCsv - readCsvMedicine: [1] {}
[INFO ] 2022-01-21 19:39:16.759 [main] DataProviderCsv - readCsvMedicine: [3] {}
[INFO ] 2022-01-21 19:39:16.759 [main] DataProviderCsv - getMeddicines: [3] {}
[INFO ] 2022-01-21 19:39:16.759 [main] DataProviderCsv - searchMeddicineByName [2] {}
[INFO ] 2022-01-21 19:39:16.759 [main] DataProviderCsv - getMeddicines: [1] {}
[INFO ] 2022-01-21 19:39:16.759 [main] DataProviderCsv - readCsvMedicine: [1] {}
[INFO ] 2022-01-21 19:39:16.765 [main] DataProviderCsv - readCsvMedicine: [3] {}
[INFO ] 2022-01-21 19:39:16.765 [main] DataProviderCsv - getMeddicines: [3] {}
[INFO ] 2022-01-21 19:39:16.766 [main] DataProviderCsv - getTheAnaloguesOfMedicine [2] {}
[INFO ] 2022-01-21 19:39:16.766 [main] DataProviderCsv - getTheAnaloguesOfMedicine [5] {}
[INFO ] 2022-01-21 19:40:02.309 [main] DataProviderXml - getTheAnaloguesOfMedicine [1] {}
[INFO ] 2022-01-21 19:40:02.313 [main] DataProviderXml - searchMeddicineByName [1] {}
[INFO ] 2022-01-21 19:40:02.313 [main] DataProviderXml - getMeddicines: [1] {}
[INFO ] 2022-01-21 19:40:02.314 [main] DataProviderXml - readXmlMedicine: [1] {}
[INFO ] 2022-01-21 19:40:02.435 [main] DataProviderXml - readXmlMedicine: [3] {}
[INFO ] 2022-01-21 19:40:02.436 [main] DataProviderXml - getMeddicines: [3] {}
[INFO ] 2022-01-21 19:40:02.437 [main] DataProviderXml - searchMeddicineByName [2] {}
[INFO ] 2022-01-21 19:40:02.438 [main] DataProviderXml - searchMeddicineByName [1] {}
[INFO ] 2022-01-21 19:40:02.438 [main] DataProviderXml - getMeddicines: [1] {}
[INFO ] 2022-01-21 19:40:02.438 [main] DataProviderXml - readXmlMedicine: [1] {}
[INFO ] 2022-01-21 19:40:02.444 [main] DataProviderXml - readXmlMedicine: [3] {}
[INFO ] 2022-01-21 19:40:02.444 [main] DataProviderXml - getMeddicines: [3] {}
[INFO ] 2022-01-21 19:40:02.444 [main] DataProviderXml - searchMeddicineByName [2] {}
[INFO ] 2022-01-21 19:40:02.444 [main] DataProviderXml - getMeddicines: [1] {}
[INFO ] 2022-01-21 19:40:02.444 [main] DataProviderXml - readXmlMedicine: [1] {}
[INFO ] 2022-01-21 19:40:02.450 [main] DataProviderXml - readXmlMedicine: [3] {}
[INFO ] 2022-01-21 19:40:02.451 [main] DataProviderXml - getMeddicines: [3] {}
[INFO ] 2022-01-21 19:40:02.451 [main] DataProviderXml - getTheAnaloguesOfMedicine [2] {}
[INFO ] 2022-01-21 19:40:02.452 [main] DataProviderXml - getTheAnaloguesOfMedicine [4] {}
[INFO ] 2022-01-21 19:40:16.937 [main] DataProviderXml - getTheAnaloguesOfMedicine [1] {}
[INFO ] 2022-01-21 19:40:16.940 [main] DataProviderXml - searchMeddicineByName [1] {}
[INFO ] 2022-01-21 19:40:16.941 [main] DataProviderXml - getMeddicines: [1] {}
[INFO ] 2022-01-21 19:40:16.942 [main] DataProviderXml - readXmlMedicine: [1] {}
[INFO ] 2022-01-21 19:40:17.057 [main] DataProviderXml - readXmlMedicine: [3] {}
[INFO ] 2022-01-21 19:40:17.059 [main] DataProviderXml - getMeddicines: [3] {}
[INFO ] 2022-01-21 19:40:17.059 [main] DataProviderXml - searchMeddicineByName [2] {}
[INFO ] 2022-01-21 19:40:17.059 [main] DataProviderXml - getTheAnaloguesOfMedicine [3] {} No such meddicine
[INFO ] 2022-01-21 19:40:17.060 [main] DataProviderXml - getTheAnaloguesOfMedicine [4] {}
[INFO ] 2022-01-21 19:42:00.855 [main] DataProviderXml - getTheAnaloguesOfMedicine [1] {}
[INFO ] 2022-01-21 19:42:00.858 [main] DataProviderXml - searchMeddicineByName [1] {}
[INFO ] 2022-01-21 19:42:00.858 [main] DataProviderXml - getMeddicines: [1] {}
[INFO ] 2022-01-21 19:42:00.859 [main] DataProviderXml - readXmlMedicine: [1] {}
[INFO ] 2022-01-21 19:42:00.967 [main] DataProviderXml - readXmlMedicine: [3] {}
[INFO ] 2022-01-21 19:42:00.967 [main] DataProviderXml - getMeddicines: [3] {}
[INFO ] 2022-01-21 19:42:00.968 [main] DataProviderXml - searchMeddicineByName [2] {}
[INFO ] 2022-01-21 19:42:00.969 [main] DataProviderXml - getTheAnaloguesOfMedicine [3] {} No such meddicine
[INFO ] 2022-01-21 19:42:00.969 [main] DataProviderXml - getTheAnaloguesOfMedicine [4] {}
[INFO ] 2022-01-21 19:42:20.763 [main] DataProviderH2 - getTheAnaloguesOfMedicine [1] {}
[INFO ] 2022-01-21 19:42:20.766 [main] DataProviderH2 - searchMeddicineByName [1] {}
[INFO ] 2022-01-21 19:42:20.766 [main] DataProviderH2 - getMeddicines: [1] {}
[INFO ] 2022-01-21 19:42:20.767 [main] DataProviderH2 - readMeddicinesFromH2M: [1] {}
[INFO ] 2022-01-21 19:42:20.767 [main] DataProviderH2 - connection: [1] {}
[ERROR] 2022-01-21 19:42:20.768 [main] DataProviderH2 - connection: [3] {} org.h2.Driver
[INFO ] 2022-01-21 19:42:20.769 [main] DataProviderH2 - connection: [4] {}
[ERROR] 2022-01-21 19:42:20.770 [main] DataProviderH2 - readMeddicinesFromH2M: [3] {} Cannot invoke "java.sql.Connection.createStatement()" because "connection" is null
[INFO ] 2022-01-21 19:42:20.771 [main] DataProviderH2 - readFromH2: [4] {}
[INFO ] 2022-01-21 19:42:20.772 [main] DataProviderH2 - getMeddicines: [2] {}
[INFO ] 2022-01-21 19:42:20.772 [main] DataProviderH2 - getMeddicines: [4] {}
[INFO ] 2022-01-21 19:42:20.774 [main] DataProviderH2 - searchMeddicineByName [2] {}
[INFO ] 2022-01-21 19:42:20.775 [main] DataProviderH2 - getTheAnaloguesOfMedicine [3] {} No such meddicine
[INFO ] 2022-01-21 19:42:20.775 [main] DataProviderH2 - getTheAnaloguesOfMedicine [4] {}
[INFO ] 2022-01-21 19:44:09.305 [main] DataProviderH2 - getTheAnaloguesOfMedicine [1] {}
[INFO ] 2022-01-21 19:44:09.309 [main] DataProviderH2 - searchMeddicineByName [1] {}
[INFO ] 2022-01-21 19:44:09.309 [main] DataProviderH2 - getMeddicines: [1] {}
[INFO ] 2022-01-21 19:44:09.310 [main] DataProviderH2 - readMeddicinesFromH2M: [1] {}
[INFO ] 2022-01-21 19:44:09.310 [main] DataProviderH2 - connection: [1] {}
[ERROR] 2022-01-21 19:44:09.310 [main] DataProviderH2 - connection: [3] {} org.h2.Driver
[INFO ] 2022-01-21 19:44:09.311 [main] DataProviderH2 - connection: [4] {}
[ERROR] 2022-01-21 19:44:09.312 [main] DataProviderH2 - readMeddicinesFromH2M: [3] {} Cannot invoke "java.sql.Connection.createStatement()" because "connection" is null
[INFO ] 2022-01-21 19:44:09.312 [main] DataProviderH2 - readFromH2: [4] {}
[INFO ] 2022-01-21 19:44:09.313 [main] DataProviderH2 - getMeddicines: [2] {}
[INFO ] 2022-01-21 19:44:09.313 [main] DataProviderH2 - getMeddicines: [4] {}
[INFO ] 2022-01-21 19:44:09.316 [main] DataProviderH2 - searchMeddicineByName [2] {}
[INFO ] 2022-01-21 19:44:09.316 [main] DataProviderH2 - getTheAnaloguesOfMedicine [3] {} No such meddicine
[INFO ] 2022-01-21 19:44:09.316 [main] DataProviderH2 - getTheAnaloguesOfMedicine [4] {}
[INFO ] 2022-01-21 19:44:43.969 [main] DataProviderH2 - getTheAnaloguesOfMedicine [1] {}
[INFO ] 2022-01-21 19:44:43.972 [main] DataProviderH2 - searchMeddicineByName [1] {}
[INFO ] 2022-01-21 19:44:43.972 [main] DataProviderH2 - getMeddicines: [1] {}
[INFO ] 2022-01-21 19:44:43.975 [main] DataProviderH2 - readMeddicinesFromH2M: [1] {}
[INFO ] 2022-01-21 19:44:43.975 [main] DataProviderH2 - connection: [1] {}
[INFO ] 2022-01-21 19:44:44.252 [main] DataProviderH2 - connection: [2] {}
[INFO ] 2022-01-21 19:44:44.252 [main] DataProviderH2 - connection: [4] {}
[INFO ] 2022-01-21 19:44:44.252 [main] DataProviderH2 - h2ToMeddicineList: [1] {}
