[INFO ] 2022-01-22 17:48:46.916 [main] DataProviderCsv - readCsv: [3] {}
[INFO ] 2022-01-22 17:48:46.930 [main] DataProviderCsv - getUsers: [3] {}
[INFO ] 2022-01-22 17:48:46.930 [main] DataProviderCsv - isIdInData: [1] {}
[INFO ] 2022-01-22 17:48:46.930 [main] DataProviderCsv - getUsers: [1] {}
[INFO ] 2022-01-22 17:48:46.930 [main] DataProviderCsv - readCsv: [1] {}
[INFO ] 2022-01-22 17:48:46.935 [main] DataProviderCsv - readCsv: [3] {}
[INFO ] 2022-01-22 17:48:46.935 [main] DataProviderCsv - getUsers: [3] {}
[INFO ] 2022-01-22 17:48:46.937 [main] DataProviderCsv - isIdInData: [2] {} Element is found
[INFO ] 2022-01-22 17:48:46.938 [main] DataProviderCsv - getUserById: [4] {}
[INFO ] 2022-01-22 17:48:46.938 [main] DataProviderCsv - searchPharmacyProductByName [1] {}
[INFO ] 2022-01-22 17:48:46.947 [main] DataProviderCsv - searchMeddicineByName [1] {}
[INFO ] 2022-01-22 17:48:46.947 [main] DataProviderCsv - getMeddicines: [1] {}
[INFO ] 2022-01-22 17:48:46.947 [main] DataProviderCsv - readCsvMedicine: [1] {}
[INFO ] 2022-01-22 17:48:46.959 [main] DataProviderCsv - readCsvMedicine: [3] {}
[INFO ] 2022-01-22 17:48:46.959 [main] DataProviderCsv - getMeddicines: [3] {}
[INFO ] 2022-01-22 17:48:46.960 [main] DataProviderCsv - searchMeddicineByName [2] {}
[INFO ] 2022-01-22 17:48:46.960 [main] DataProviderCsv - searchMedicalDeviceByName [1] {}
[INFO ] 2022-01-22 17:48:46.960 [main] DataProviderCsv - getMedicalDevices: [1] {}
[INFO ] 2022-01-22 17:48:46.960 [main] DataProviderCsv - readCsvMedicalDevice: [1] {}
[INFO ] 2022-01-22 17:48:46.976 [main] DataProviderCsv - readCsvMedicalDevice: [3] {}
[INFO ] 2022-01-22 17:48:46.977 [main] DataProviderCsv - getMedicalDevices: [3] {}
[INFO ] 2022-01-22 17:48:46.977 [main] DataProviderCsv - searchMedicalDeviceByName [2] {}
[INFO ] 2022-01-22 17:48:46.977 [main] DataProviderCsv - searchPharmacyProductByName [2] {}
[INFO ] 2022-01-22 17:48:46.978 [main] DataProviderCsv - searchPharmacyProductByName [3] {}
[INFO ] 2022-01-22 17:48:46.978 [main] DataProviderCsv - searchPharmacyProductByName [5] {}
[INFO ] 2022-01-22 17:48:46.978 [main] DataProviderCsv - searchPharmacyProductByName [1] {}
[INFO ] 2022-01-22 17:48:46.978 [main] DataProviderCsv - searchMeddicineByName [1] {}
[INFO ] 2022-01-22 17:48:46.978 [main] DataProviderCsv - getMeddicines: [1] {}
[INFO ] 2022-01-22 17:48:46.978 [main] DataProviderCsv - readCsvMedicine: [1] {}
[INFO ] 2022-01-22 17:48:46.985 [main] DataProviderCsv - readCsvMedicine: [3] {}
[INFO ] 2022-01-22 17:48:46.985 [main] DataProviderCsv - getMeddicines: [3] {}
[INFO ] 2022-01-22 17:48:46.985 [main] DataProviderCsv - searchMeddicineByName [2] {}
[INFO ] 2022-01-22 17:48:46.986 [main] DataProviderCsv - searchMedicalDeviceByName [1] {}
[INFO ] 2022-01-22 17:48:46.986 [main] DataProviderCsv - getMedicalDevices: [1] {}
[INFO ] 2022-01-22 17:48:46.986 [main] DataProviderCsv - readCsvMedicalDevice: [1] {}
[INFO ] 2022-01-22 17:48:46.993 [main] DataProviderCsv - readCsvMedicalDevice: [3] {}
[INFO ] 2022-01-22 17:48:46.993 [main] DataProviderCsv - getMedicalDevices: [3] {}
[INFO ] 2022-01-22 17:48:46.993 [main] DataProviderCsv - searchMedicalDeviceByName [2] {}
[INFO ] 2022-01-22 17:48:46.993 [main] DataProviderCsv - searchPharmacyProductByName [2] {}
[INFO ] 2022-01-22 17:48:46.994 [main] DataProviderCsv - searchPharmacyProductByName [3] {}
[INFO ] 2022-01-22 17:48:46.994 [main] DataProviderCsv - searchPharmacyProductByName [5] {}
[INFO ] 2022-01-22 17:48:46.994 [main] DataProviderCsv - updateOrders: [1] {}
[INFO ] 2022-01-22 17:48:46.994 [main] DataProviderCsv - getOrders: [1] {}
[INFO ] 2022-01-22 17:48:46.994 [main] DataProviderCsv - readCsvOrder: [1] {}
[INFO ] 2022-01-22 17:48:47.000 [main] DataProviderCsv - readCsvOrder: [3] {}
[INFO ] 2022-01-22 17:48:47.000 [main] DataProviderCsv - getOrders: [3] {}
[INFO ] 2022-01-22 17:48:47.000 [main] DataProviderCsv - isIdInDataOrder: [1] {}
[INFO ] 2022-01-22 17:48:47.001 [main] DataProviderCsv - getOrders: [1] {}
[INFO ] 2022-01-22 17:48:47.001 [main] DataProviderCsv - readCsvOrder: [1] {}
[INFO ] 2022-01-22 17:48:47.005 [main] DataProviderCsv - readCsvOrder: [3] {}
[INFO ] 2022-01-22 17:48:47.005 [main] DataProviderCsv - getOrders: [3] {}
[INFO ] 2022-01-22 17:48:47.006 [main] DataProviderCsv - isIdInDataOrder: [2] {} Element is found
[INFO ] 2022-01-22 17:48:47.011 [main] HistoryContent - putOrderHistory: [1] {}
[INFO ] 2022-01-22 17:48:47.407 [main] HistoryContent - putOrderHistory: [2] {}
[INFO ] 2022-01-22 17:48:48.788 [main] DataProviderCsv - appendOrders: [1] {}
[INFO ] 2022-01-22 17:48:48.788 [main] DataProviderCsv - stringingDuplicateIdOrder: [1] {}
[INFO ] 2022-01-22 17:48:48.788 [main] DataProviderCsv - getOrders: [1] {}
[INFO ] 2022-01-22 17:48:48.788 [main] DataProviderCsv - readCsvOrder: [1] {}
[INFO ] 2022-01-22 17:48:48.799 [main] DataProviderCsv - readCsvOrder: [3] {}
[INFO ] 2022-01-22 17:48:48.800 [main] DataProviderCsv - getOrders: [3] {}
[INFO ] 2022-01-22 17:48:48.800 [main] DataProviderCsv - getOrders: [1] {}
[INFO ] 2022-01-22 17:48:48.801 [main] DataProviderCsv - readCsvOrder: [1] {}
[INFO ] 2022-01-22 17:48:48.811 [main] DataProviderCsv - readCsvOrder: [3] {}
[INFO ] 2022-01-22 17:48:48.812 [main] DataProviderCsv - getOrders: [3] {}
[INFO ] 2022-01-22 17:48:48.815 [main] DataProviderCsv - stringingDuplicateIdOrder: [2] {}
[INFO ] 2022-01-22 17:48:48.815 [main] DataProviderCsv - writeCsvOrder: [1] {}
[INFO ] 2022-01-22 17:48:48.892 [main] DataProviderCsv - writeCsvOrder: [2] {}
[INFO ] 2022-01-22 17:48:48.893 [main] DataProviderCsv - writeCsvOrder: [4] {}
[INFO ] 2022-01-22 17:48:48.894 [main] DataProviderCsv - appendOrders: [5] {}
[INFO ] 2022-01-22 17:48:48.894 [main] DataProviderCsv - updateOrders: [3] {}
[INFO ] 2022-01-22 17:48:48.894 [main] DataProviderCsv - createOrder [4] {}
[INFO ] 2022-01-22 17:50:56.795 [main] DataProviderXml - createOrder [1] {}
[INFO ] 2022-01-22 17:50:56.802 [main] DataProviderXml - getUserById: [1] {}
[INFO ] 2022-01-22 17:50:56.803 [main] DataProviderXml - getUsers: [1] {}
[INFO ] 2022-01-22 17:50:56.804 [main] DataProviderXml - readXml: [1] {}
[INFO ] 2022-01-22 17:50:56.968 [main] DataProviderXml - readXml: [3] {}
[INFO ] 2022-01-22 17:50:56.970 [main] DataProviderXml - getUsers: [3] {}
[INFO ] 2022-01-22 17:50:56.970 [main] DataProviderXml - isIdInData: [1] {}
[INFO ] 2022-01-22 17:50:56.970 [main] DataProviderXml - getUsers: [1] {}
[INFO ] 2022-01-22 17:50:56.971 [main] DataProviderXml - readXml: [1] {}
[INFO ] 2022-01-22 17:50:56.974 [main] DataProviderXml - readXml: [3] {}
[INFO ] 2022-01-22 17:50:56.975 [main] DataProviderXml - getUsers: [3] {}
[INFO ] 2022-01-22 17:50:56.977 [main] DataProviderXml - isIdInData: [3] {} No Such Element
[INFO ] 2022-01-22 17:50:56.980 [main] DataProviderXml - getUserById: [2] {} No Such Element id = 13
[INFO ] 2022-01-22 17:50:56.981 [main] DataProviderXml - getUserById: [4] {}
[INFO ] 2022-01-22 17:50:56.981 [main] DataProviderXml - createOrder [3] {} No such user
[INFO ] 2022-01-22 17:50:56.981 [main] DataProviderXml - createOrder [4] {}
[INFO ] 2022-01-22 17:51:17.225 [main] DataProviderXml - createOrder [1] {}
[INFO ] 2022-01-22 17:51:17.230 [main] DataProviderXml - getUserById: [1] {}
[INFO ] 2022-01-22 17:51:17.231 [main] DataProviderXml - getUsers: [1] {}
[INFO ] 2022-01-22 17:51:17.231 [main] DataProviderXml - readXml: [1] {}
[INFO ] 2022-01-22 17:51:17.346 [main] DataProviderXml - readXml: [3] {}
[INFO ] 2022-01-22 17:51:17.348 [main] DataProviderXml - getUsers: [3] {}
[INFO ] 2022-01-22 17:51:17.348 [main] DataProviderXml - isIdInData: [1] {}
[INFO ] 2022-01-22 17:51:17.348 [main] DataProviderXml - getUsers: [1] {}
[INFO ] 2022-01-22 17:51:17.348 [main] DataProviderXml - readXml: [1] {}
[INFO ] 2022-01-22 17:51:17.351 [main] DataProviderXml - readXml: [3] {}
[INFO ] 2022-01-22 17:51:17.351 [main] DataProviderXml - getUsers: [3] {}
[INFO ] 2022-01-22 17:51:17.354 [main] DataProviderXml - isIdInData: [2] {} Element is found
[INFO ] 2022-01-22 17:51:17.355 [main] DataProviderXml - getUserById: [4] {}
[INFO ] 2022-01-22 17:51:17.355 [main] DataProviderXml - searchPharmacyProductByName [1] {}
[INFO ] 2022-01-22 17:51:17.355 [main] DataProviderXml - searchMeddicineByName [1] {}
[INFO ] 2022-01-22 17:51:17.355 [main] DataProviderXml - getMeddicines: [1] {}
[INFO ] 2022-01-22 17:51:17.355 [main] DataProviderXml - readXmlMedicine: [1] {}
[INFO ] 2022-01-22 17:51:17.362 [main] DataProviderXml - readXmlMedicine: [3] {}
[INFO ] 2022-01-22 17:51:17.362 [main] DataProviderXml - getMeddicines: [3] {}
[INFO ] 2022-01-22 17:51:17.363 [main] DataProviderXml - searchMeddicineByName [2] {}
[INFO ] 2022-01-22 17:51:17.363 [main] DataProviderXml - searchMedicalDeviceByName [1] {}
[INFO ] 2022-01-22 17:51:17.363 [main] DataProviderXml - getMedicalDevices: [1] {}
[INFO ] 2022-01-22 17:51:17.363 [main] DataProviderXml - readXmlMedicalDevice: [1] {}
[INFO ] 2022-01-22 17:51:17.377 [main] DataProviderXml - readXmlMedicine: [3] {}
[INFO ] 2022-01-22 17:51:17.378 [main] DataProviderXml - getMeddicines: [3] {}
[INFO ] 2022-01-22 17:51:17.378 [main] DataProviderXml - searchMedicalDeviceByName [2] {}
[INFO ] 2022-01-22 17:51:17.379 [main] DataProviderXml - searchPharmacyProductByName [2] {}
[INFO ] 2022-01-22 17:51:17.379 [main] DataProviderXml - searchPharmacyProductByName [3] {}
[INFO ] 2022-01-22 17:51:17.379 [main] DataProviderXml - searchPharmacyProductByName [5] {}
[INFO ] 2022-01-22 17:51:17.379 [main] DataProviderXml - searchPharmacyProductByName [1] {}
[INFO ] 2022-01-22 17:51:17.379 [main] DataProviderXml - searchMeddicineByName [1] {}
[INFO ] 2022-01-22 17:51:17.379 [main] DataProviderXml - getMeddicines: [1] {}
[INFO ] 2022-01-22 17:51:17.379 [main] DataProviderXml - readXmlMedicine: [1] {}
[INFO ] 2022-01-22 17:51:17.384 [main] DataProviderXml - readXmlMedicine: [3] {}
[INFO ] 2022-01-22 17:51:17.384 [main] DataProviderXml - getMeddicines: [3] {}
[INFO ] 2022-01-22 17:51:17.385 [main] DataProviderXml - searchMeddicineByName [2] {}
[INFO ] 2022-01-22 17:51:17.385 [main] DataProviderXml - searchMedicalDeviceByName [1] {}
[INFO ] 2022-01-22 17:51:17.385 [main] DataProviderXml - getMedicalDevices: [1] {}
