[INFO ] 2022-01-26 16:18:59.619 [main] DataProviderCsv - readCsvMedicine: [3] {}
[INFO ] 2022-01-26 16:18:59.628 [main] DataProviderCsv - getMeddicines: [3] {}
[INFO ] 2022-01-26 16:18:59.630 [main] DataProviderCsv - searchMeddicineByName [2] {}
[INFO ] 2022-01-26 16:18:59.630 [main] DataProviderCsv - getTheAnaloguesOfMedicine [3] {} No such meddicine with name: Name
[INFO ] 2022-01-26 16:18:59.630 [main] DataProviderCsv - getTheAnaloguesByBarcode [1] {}
[INFO ] 2022-01-26 16:18:59.631 [main] DataProviderCsv - getMeddicineByBarcode: [1] {}
[INFO ] 2022-01-26 16:18:59.631 [main] DataProviderCsv - getMeddicines: [1] {}
[INFO ] 2022-01-26 16:18:59.631 [main] DataProviderCsv - readCsvMedicine: [1] {}
[INFO ] 2022-01-26 16:18:59.637 [main] DataProviderCsv - readCsvMedicine: [3] {}
[INFO ] 2022-01-26 16:18:59.638 [main] DataProviderCsv - getMeddicines: [3] {}
[INFO ] 2022-01-26 16:18:59.638 [main] DataProviderCsv - isIdInDataMedicine: [1] {}
[INFO ] 2022-01-26 16:18:59.638 [main] DataProviderCsv - getMeddicines: [1] {}
[INFO ] 2022-01-26 16:18:59.638 [main] DataProviderCsv - readCsvMedicine: [1] {}
[INFO ] 2022-01-26 16:18:59.651 [main] DataProviderCsv - readCsvMedicine: [3] {}
[INFO ] 2022-01-26 16:18:59.652 [main] DataProviderCsv - getMeddicines: [3] {}
[INFO ] 2022-01-26 16:18:59.652 [main] DataProviderCsv - isIdInDataMedicine: [3] {} No Such Element
[INFO ] 2022-01-26 16:18:59.653 [main] DataProviderCsv - getMeddicineByBarcode: [2] {}
[INFO ] 2022-01-26 16:18:59.653 [main] DataProviderCsv - getMeddicineByBarcode: [4] {}
[INFO ] 2022-01-26 16:18:59.653 [main] DataProviderCsv - getTheAnaloguesByBarcode [3] {} No such meddicine
[INFO ] 2022-01-26 16:18:59.653 [main] DataProviderCsv - getTheAnaloguesOfMedicine [5] {}
[INFO ] 2022-01-26 16:19:23.054 [main] DataProviderCsv - getTheAnaloguesOfMedicine [1] {}
[INFO ] 2022-01-26 16:19:23.058 [main] DataProviderCsv - searchMeddicineByName [1] {}
[INFO ] 2022-01-26 16:19:23.058 [main] DataProviderCsv - getMeddicines: [1] {}
[INFO ] 2022-01-26 16:19:23.059 [main] DataProviderCsv - readCsvMedicine: [1] {}
[INFO ] 2022-01-26 16:19:23.156 [main] DataProviderCsv - readCsvMedicine: [3] {}
[INFO ] 2022-01-26 16:19:23.158 [main] DataProviderCsv - getMeddicines: [3] {}
[INFO ] 2022-01-26 16:19:23.159 [main] DataProviderCsv - searchMeddicineByName [2] {}
[ERROR] 2022-01-26 16:19:23.159 [main] DataProviderCsv - getTheAnaloguesOfMedicine [4] {} Cannot invoke "String.isEmpty()" because "str" is null
[INFO ] 2022-01-26 16:19:23.170 [main] DataProviderCsv - getTheAnaloguesOfMedicine [5] {}
[INFO ] 2022-01-26 16:20:08.641 [main] DataProviderCsv - getTheAnaloguesOfMedicine [1] {}
[INFO ] 2022-01-26 16:20:08.646 [main] DataProviderCsv - searchMeddicineByName [1] {}
[INFO ] 2022-01-26 16:20:08.646 [main] DataProviderCsv - getMeddicines: [1] {}
[INFO ] 2022-01-26 16:20:08.647 [main] DataProviderCsv - readCsvMedicine: [1] {}
[INFO ] 2022-01-26 16:20:08.740 [main] DataProviderCsv - readCsvMedicine: [3] {}
[INFO ] 2022-01-26 16:20:08.741 [main] DataProviderCsv - getMeddicines: [3] {}
[INFO ] 2022-01-26 16:20:08.742 [main] DataProviderCsv - searchMeddicineByName [2] {}
[INFO ] 2022-01-26 16:20:08.743 [main] DataProviderCsv - getTheAnaloguesOfMedicine [3] {} No such meddicine
[INFO ] 2022-01-26 16:20:08.743 [main] DataProviderCsv - getTheAnaloguesByBarcode [1] {}
[INFO ] 2022-01-26 16:20:08.743 [main] DataProviderCsv - getMeddicineByBarcode: [1] {}
[INFO ] 2022-01-26 16:20:08.743 [main] DataProviderCsv - getMeddicines: [1] {}
[INFO ] 2022-01-26 16:20:08.743 [main] DataProviderCsv - readCsvMedicine: [1] {}
[INFO ] 2022-01-26 16:20:08.751 [main] DataProviderCsv - readCsvMedicine: [3] {}
[INFO ] 2022-01-26 16:20:08.751 [main] DataProviderCsv - getMeddicines: [3] {}
[INFO ] 2022-01-26 16:20:08.752 [main] DataProviderCsv - isIdInDataMedicine: [1] {}
[INFO ] 2022-01-26 16:20:08.752 [main] DataProviderCsv - getMeddicines: [1] {}
[INFO ] 2022-01-26 16:20:08.752 [main] DataProviderCsv - readCsvMedicine: [1] {}
[INFO ] 2022-01-26 16:20:08.765 [main] DataProviderCsv - readCsvMedicine: [3] {}
[INFO ] 2022-01-26 16:20:08.765 [main] DataProviderCsv - getMeddicines: [3] {}
[INFO ] 2022-01-26 16:20:08.766 [main] DataProviderCsv - isIdInDataMedicine: [3] {} No Such Element
[INFO ] 2022-01-26 16:20:08.766 [main] DataProviderCsv - getMeddicineByBarcode: [2] {}
[INFO ] 2022-01-26 16:20:08.766 [main] DataProviderCsv - getMeddicineByBarcode: [4] {}
[INFO ] 2022-01-26 16:20:08.766 [main] DataProviderCsv - getTheAnaloguesByBarcode [3] {} No such meddicine
[INFO ] 2022-01-26 16:20:08.766 [main] DataProviderCsv - getTheAnaloguesOfMedicine [5] {}
[INFO ] 2022-01-26 16:29:28.144 [main] DataProviderXml - getTheAnaloguesOfMedicine [1] {}
[INFO ] 2022-01-26 16:29:28.147 [main] DataProviderXml - searchMeddicineByName [1] {}
[INFO ] 2022-01-26 16:29:28.147 [main] DataProviderXml - getMeddicines: [1] {}
[INFO ] 2022-01-26 16:29:28.148 [main] DataProviderXml - readXmlMedicine: [1] {}
[INFO ] 2022-01-26 16:29:28.282 [main] DataProviderXml - readXmlMedicine: [3] {}
[INFO ] 2022-01-26 16:29:28.283 [main] DataProviderXml - getMeddicines: [3] {}
[INFO ] 2022-01-26 16:29:28.284 [main] DataProviderXml - searchMeddicineByName [2] {}
[INFO ] 2022-01-26 16:29:28.285 [main] DataProviderXml - searchMeddicineByName [1] {}
[INFO ] 2022-01-26 16:29:28.285 [main] DataProviderXml - getMeddicines: [1] {}
[INFO ] 2022-01-26 16:29:28.285 [main] DataProviderXml - readXmlMedicine: [1] {}
[INFO ] 2022-01-26 16:29:28.289 [main] DataProviderXml - readXmlMedicine: [3] {}
[INFO ] 2022-01-26 16:29:28.289 [main] DataProviderXml - getMeddicines: [3] {}
[INFO ] 2022-01-26 16:29:28.289 [main] DataProviderXml - searchMeddicineByName [2] {}
[INFO ] 2022-01-26 16:29:28.290 [main] DataProviderXml - getMeddicines: [1] {}
[INFO ] 2022-01-26 16:29:28.290 [main] DataProviderXml - readXmlMedicine: [1] {}
[INFO ] 2022-01-26 16:29:28.295 [main] DataProviderXml - readXmlMedicine: [3] {}
[INFO ] 2022-01-26 16:29:28.295 [main] DataProviderXml - getMeddicines: [3] {}
[INFO ] 2022-01-26 16:29:28.296 [main] DataProviderXml - getTheAnaloguesOfMedicine [2] {}
[INFO ] 2022-01-26 16:29:28.296 [main] DataProviderXml - getTheAnaloguesOfMedicine [4] {}
[INFO ] 2022-01-26 16:29:44.440 [main] DataProviderXml - getTheAnaloguesOfMedicine [1] {}
[INFO ] 2022-01-26 16:29:44.443 [main] DataProviderXml - searchMeddicineByName [1] {}
[INFO ] 2022-01-26 16:29:44.443 [main] DataProviderXml - getMeddicines: [1] {}
[INFO ] 2022-01-26 16:29:44.444 [main] DataProviderXml - readXmlMedicine: [1] {}
[INFO ] 2022-01-26 16:29:44.558 [main] DataProviderXml - readXmlMedicine: [3] {}
[INFO ] 2022-01-26 16:29:44.558 [main] DataProviderXml - getMeddicines: [3] {}
[INFO ] 2022-01-26 16:29:44.559 [main] DataProviderXml - searchMeddicineByName [2] {}
[INFO ] 2022-01-26 16:29:44.559 [main] DataProviderXml - getTheAnaloguesOfMedicine [3] {} No such meddicine
[INFO ] 2022-01-26 16:29:44.559 [main] DataProviderXml - getTheAnaloguesByBarcode [1] {}
[INFO ] 2022-01-26 16:29:44.560 [main] DataProviderXml - getMeddicineByBarcode: [1] {}
[INFO ] 2022-01-26 16:29:44.560 [main] DataProviderXml - getMeddicines: [1] {}
[INFO ] 2022-01-26 16:29:44.560 [main] DataProviderXml - readXmlMedicine: [1] {}
[INFO ] 2022-01-26 16:29:44.564 [main] DataProviderXml - readXmlMedicine: [3] {}
[INFO ] 2022-01-26 16:29:44.564 [main] DataProviderXml - getMeddicines: [3] {}
[INFO ] 2022-01-26 16:29:44.564 [main] DataProviderXml - isIdInDataMedicine: [1] {}
[INFO ] 2022-01-26 16:29:44.564 [main] DataProviderXml - getMeddicines: [1] {}
[INFO ] 2022-01-26 16:29:44.564 [main] DataProviderXml - readXmlMedicine: [1] {}
[INFO ] 2022-01-26 16:29:44.568 [main] DataProviderXml - readXmlMedicine: [3] {}
[INFO ] 2022-01-26 16:29:44.568 [main] DataProviderXml - getMeddicines: [3] {}
[INFO ] 2022-01-26 16:29:44.569 [main] DataProviderXml - isIdInDataMedicine: [2] {} Element is found
[INFO ] 2022-01-26 16:29:44.569 [main] DataProviderXml - getUserById: [4] {}
[INFO ] 2022-01-26 16:29:44.569 [main] DataProviderXml - getMeddicineByBarcode: [1] {}
[INFO ] 2022-01-26 16:29:44.569 [main] DataProviderXml - getMeddicines: [1] {}
[INFO ] 2022-01-26 16:29:44.569 [main] DataProviderXml - readXmlMedicine: [1] {}
[INFO ] 2022-01-26 16:29:44.574 [main] DataProviderXml - readXmlMedicine: [3] {}
[INFO ] 2022-01-26 16:29:44.575 [main] DataProviderXml - getMeddicines: [3] {}
[INFO ] 2022-01-26 16:29:44.575 [main] DataProviderXml - isIdInDataMedicine: [1] {}
[INFO ] 2022-01-26 16:29:44.575 [main] DataProviderXml - getMeddicines: [1] {}
[INFO ] 2022-01-26 16:29:44.575 [main] DataProviderXml - readXmlMedicine: [1] {}
[INFO ] 2022-01-26 16:29:44.580 [main] DataProviderXml - readXmlMedicine: [3] {}
[INFO ] 2022-01-26 16:29:44.580 [main] DataProviderXml - getMeddicines: [3] {}
[INFO ] 2022-01-26 16:29:44.580 [main] DataProviderXml - isIdInDataMedicine: [2] {} Element is found
[INFO ] 2022-01-26 16:29:44.580 [main] DataProviderXml - getUserById: [4] {}
[INFO ] 2022-01-26 16:29:44.580 [main] DataProviderXml - getTheAnaloguesOfMedicine [1] {}
[INFO ] 2022-01-26 16:29:44.580 [main] DataProviderXml - searchMeddicineByName [1] {}
[INFO ] 2022-01-26 16:29:44.580 [main] DataProviderXml - getMeddicines: [1] {}
[INFO ] 2022-01-26 16:29:44.580 [main] DataProviderXml - readXmlMedicine: [1] {}
[INFO ] 2022-01-26 16:29:44.585 [main] DataProviderXml - readXmlMedicine: [3] {}
[INFO ] 2022-01-26 16:29:44.585 [main] DataProviderXml - getMeddicines: [3] {}
[INFO ] 2022-01-26 16:29:44.585 [main] DataProviderXml - searchMeddicineByName [2] {}
[INFO ] 2022-01-26 16:29:44.585 [main] DataProviderXml - searchMeddicineByName [1] {}
[INFO ] 2022-01-26 16:29:44.585 [main] DataProviderXml - getMeddicines: [1] {}
[INFO ] 2022-01-26 16:29:44.585 [main] DataProviderXml - readXmlMedicine: [1] {}
[INFO ] 2022-01-26 16:29:44.589 [main] DataProviderXml - readXmlMedicine: [3] {}
[INFO ] 2022-01-26 16:29:44.590 [main] DataProviderXml - getMeddicines: [3] {}
[INFO ] 2022-01-26 16:29:44.590 [main] DataProviderXml - searchMeddicineByName [2] {}
[INFO ] 2022-01-26 16:29:44.590 [main] DataProviderXml - getMeddicines: [1] {}
[INFO ] 2022-01-26 16:29:44.590 [main] DataProviderXml - readXmlMedicine: [1] {}
