[INFO ] 2022-01-22 16:43:25.173 [main] DataProviderH2 - readMeddicinesFromH2M: [2] {}
[INFO ] 2022-01-22 16:43:25.182 [main] DataProviderH2 - readFromH2: [4] {}
[INFO ] 2022-01-22 16:43:25.183 [main] DataProviderH2 - getMeddicines: [2] {}
[INFO ] 2022-01-22 16:43:25.184 [main] DataProviderH2 - getMeddicines: [4] {}
[INFO ] 2022-01-22 16:43:25.185 [main] DataProviderH2 - searchMeddicineByName [2] {}
[INFO ] 2022-01-22 16:43:25.185 [main] DataProviderH2 - searchMeddicineByName [1] {}
[INFO ] 2022-01-22 16:43:25.185 [main] DataProviderH2 - getMeddicines: [1] {}
[INFO ] 2022-01-22 16:43:25.185 [main] DataProviderH2 - readMeddicinesFromH2M: [1] {}
[INFO ] 2022-01-22 16:43:25.186 [main] DataProviderH2 - connection: [1] {}
[INFO ] 2022-01-22 16:43:25.205 [main] DataProviderH2 - connection: [2] {}
[INFO ] 2022-01-22 16:43:25.205 [main] DataProviderH2 - connection: [4] {}
[INFO ] 2022-01-22 16:43:25.206 [main] DataProviderH2 - h2ToMeddicineList: [1] {}
[INFO ] 2022-01-22 16:43:25.206 [main] DataProviderH2 - h2ToMeddicineList: [2] {}
[INFO ] 2022-01-22 16:43:25.207 [main] DataProviderH2 - h2ToMeddicineList: [4] {}
[INFO ] 2022-01-22 16:43:25.207 [main] DataProviderH2 - closeConnection: [1] {}
[INFO ] 2022-01-22 16:43:25.225 [main] DataProviderH2 - readMeddicinesFromH2M: [2] {}
[INFO ] 2022-01-22 16:43:25.225 [main] DataProviderH2 - readFromH2: [4] {}
[INFO ] 2022-01-22 16:43:25.226 [main] DataProviderH2 - getMeddicines: [2] {}
[INFO ] 2022-01-22 16:43:25.226 [main] DataProviderH2 - getMeddicines: [4] {}
[INFO ] 2022-01-22 16:43:25.226 [main] DataProviderH2 - searchMeddicineByName [2] {}
[INFO ] 2022-01-22 16:43:25.226 [main] DataProviderH2 - getMeddicines: [1] {}
[INFO ] 2022-01-22 16:43:25.226 [main] DataProviderH2 - readMeddicinesFromH2M: [1] {}
[INFO ] 2022-01-22 16:43:25.227 [main] DataProviderH2 - connection: [1] {}
[INFO ] 2022-01-22 16:43:25.245 [main] DataProviderH2 - connection: [2] {}
[INFO ] 2022-01-22 16:43:25.245 [main] DataProviderH2 - connection: [4] {}
[INFO ] 2022-01-22 16:43:25.245 [main] DataProviderH2 - h2ToMeddicineList: [1] {}
[INFO ] 2022-01-22 16:43:25.245 [main] DataProviderH2 - h2ToMeddicineList: [2] {}
[INFO ] 2022-01-22 16:43:25.245 [main] DataProviderH2 - h2ToMeddicineList: [4] {}
[INFO ] 2022-01-22 16:43:25.245 [main] DataProviderH2 - closeConnection: [1] {}
[INFO ] 2022-01-22 16:43:25.262 [main] DataProviderH2 - readMeddicinesFromH2M: [2] {}
[INFO ] 2022-01-22 16:43:25.262 [main] DataProviderH2 - readFromH2: [4] {}
[INFO ] 2022-01-22 16:43:25.263 [main] DataProviderH2 - getMeddicines: [2] {}
[INFO ] 2022-01-22 16:43:25.263 [main] DataProviderH2 - getMeddicines: [4] {}
[INFO ] 2022-01-22 16:43:25.264 [main] DataProviderH2 - getTheAnaloguesOfMedicine [2] {}
[INFO ] 2022-01-22 16:43:25.264 [main] DataProviderH2 - getTheAnaloguesOfMedicine [4] {}
[INFO ] 2022-01-22 16:43:38.667 [main] DataProviderH2 - getTheAnaloguesOfMedicine [1] {}
[INFO ] 2022-01-22 16:43:38.670 [main] DataProviderH2 - searchMeddicineByName [1] {}
[INFO ] 2022-01-22 16:43:38.670 [main] DataProviderH2 - getMeddicines: [1] {}
[INFO ] 2022-01-22 16:43:38.672 [main] DataProviderH2 - readMeddicinesFromH2M: [1] {}
[INFO ] 2022-01-22 16:43:38.672 [main] DataProviderH2 - connection: [1] {}
[INFO ] 2022-01-22 16:43:38.931 [main] DataProviderH2 - connection: [2] {}
[INFO ] 2022-01-22 16:43:38.931 [main] DataProviderH2 - connection: [4] {}
[INFO ] 2022-01-22 16:43:38.932 [main] DataProviderH2 - h2ToMeddicineList: [1] {}
[INFO ] 2022-01-22 16:43:38.934 [main] DataProviderH2 - h2ToMeddicineList: [2] {}
[INFO ] 2022-01-22 16:43:38.934 [main] DataProviderH2 - h2ToMeddicineList: [4] {}
[INFO ] 2022-01-22 16:43:38.934 [main] DataProviderH2 - closeConnection: [1] {}
[INFO ] 2022-01-22 16:43:38.954 [main] DataProviderH2 - readMeddicinesFromH2M: [2] {}
[INFO ] 2022-01-22 16:43:38.955 [main] DataProviderH2 - readFromH2: [4] {}
[INFO ] 2022-01-22 16:43:38.955 [main] DataProviderH2 - getMeddicines: [2] {}
[INFO ] 2022-01-22 16:43:38.956 [main] DataProviderH2 - getMeddicines: [4] {}
[INFO ] 2022-01-22 16:43:38.957 [main] DataProviderH2 - searchMeddicineByName [2] {}
[INFO ] 2022-01-22 16:43:38.957 [main] DataProviderH2 - searchMeddicineByName [1] {}
[INFO ] 2022-01-22 16:43:38.957 [main] DataProviderH2 - getMeddicines: [1] {}
[INFO ] 2022-01-22 16:43:38.957 [main] DataProviderH2 - readMeddicinesFromH2M: [1] {}
[INFO ] 2022-01-22 16:43:38.957 [main] DataProviderH2 - connection: [1] {}
[INFO ] 2022-01-22 16:43:38.977 [main] DataProviderH2 - connection: [2] {}
[INFO ] 2022-01-22 16:43:38.978 [main] DataProviderH2 - connection: [4] {}
[INFO ] 2022-01-22 16:43:38.978 [main] DataProviderH2 - h2ToMeddicineList: [1] {}
[INFO ] 2022-01-22 16:43:38.978 [main] DataProviderH2 - h2ToMeddicineList: [2] {}
[INFO ] 2022-01-22 16:43:38.978 [main] DataProviderH2 - h2ToMeddicineList: [4] {}
[INFO ] 2022-01-22 16:43:38.979 [main] DataProviderH2 - closeConnection: [1] {}
[INFO ] 2022-01-22 16:43:38.996 [main] DataProviderH2 - readMeddicinesFromH2M: [2] {}
[INFO ] 2022-01-22 16:43:38.996 [main] DataProviderH2 - readFromH2: [4] {}
[INFO ] 2022-01-22 16:43:38.996 [main] DataProviderH2 - getMeddicines: [2] {}
[INFO ] 2022-01-22 16:43:38.996 [main] DataProviderH2 - getMeddicines: [4] {}
[INFO ] 2022-01-22 16:43:38.996 [main] DataProviderH2 - searchMeddicineByName [2] {}
[INFO ] 2022-01-22 16:43:38.997 [main] DataProviderH2 - getMeddicines: [1] {}
[INFO ] 2022-01-22 16:43:38.997 [main] DataProviderH2 - readMeddicinesFromH2M: [1] {}
[INFO ] 2022-01-22 16:43:38.997 [main] DataProviderH2 - connection: [1] {}
[INFO ] 2022-01-22 16:43:39.015 [main] DataProviderH2 - connection: [2] {}
[INFO ] 2022-01-22 16:43:39.015 [main] DataProviderH2 - connection: [4] {}
[INFO ] 2022-01-22 16:43:39.016 [main] DataProviderH2 - h2ToMeddicineList: [1] {}
[INFO ] 2022-01-22 16:43:39.016 [main] DataProviderH2 - h2ToMeddicineList: [2] {}
[INFO ] 2022-01-22 16:43:39.017 [main] DataProviderH2 - h2ToMeddicineList: [4] {}
[INFO ] 2022-01-22 16:43:39.017 [main] DataProviderH2 - closeConnection: [1] {}
[INFO ] 2022-01-22 16:43:39.039 [main] DataProviderH2 - readMeddicinesFromH2M: [2] {}
[INFO ] 2022-01-22 16:43:39.040 [main] DataProviderH2 - readFromH2: [4] {}
[INFO ] 2022-01-22 16:43:39.040 [main] DataProviderH2 - getMeddicines: [2] {}
[INFO ] 2022-01-22 16:43:39.040 [main] DataProviderH2 - getMeddicines: [4] {}
[INFO ] 2022-01-22 16:43:39.041 [main] DataProviderH2 - getTheAnaloguesOfMedicine [2] {}
[INFO ] 2022-01-22 16:43:39.041 [main] DataProviderH2 - getTheAnaloguesOfMedicine [4] {}
[INFO ] 2022-01-22 16:45:46.735 [main] Barcode - readBarcode[1] {}
[INFO ] 2022-01-22 16:45:47.058 [main] Barcode - readBarcode[2] {}
[INFO ] 2022-01-22 16:45:47.058 [main] Barcode - readBarcode[3] {}
[INFO ] 2022-01-22 16:45:47.058 [main] DataProviderH2 - getTheAnaloguesByBarcode [1] {}
[INFO ] 2022-01-22 16:45:47.060 [main] DataProviderH2 - getMeddicineByBarcode: [1] {}
[INFO ] 2022-01-22 16:45:47.060 [main] DataProviderH2 - connection: [1] {}
[INFO ] 2022-01-22 16:45:47.300 [main] DataProviderH2 - connection: [2] {}
[INFO ] 2022-01-22 16:45:47.301 [main] DataProviderH2 - connection: [4] {}
[INFO ] 2022-01-22 16:45:47.303 [main] DataProviderH2 - h2ToMeddicineList: [1] {}
[INFO ] 2022-01-22 16:45:47.307 [main] DataProviderH2 - h2ToMeddicineList: [2] {}
[INFO ] 2022-01-22 16:45:47.307 [main] DataProviderH2 - h2ToMeddicineList: [4] {}
[INFO ] 2022-01-22 16:45:47.307 [main] DataProviderH2 - closeConnection: [1] {}
[INFO ] 2022-01-22 16:45:47.332 [main] DataProviderH2 - getMeddicineByBarcode: [2] {}
[INFO ] 2022-01-22 16:45:47.334 [main] DataProviderH2 - getTheAnaloguesOfMedicine [1] {}
[INFO ] 2022-01-22 16:45:47.334 [main] DataProviderH2 - searchMeddicineByName [1] {}
[INFO ] 2022-01-22 16:45:47.334 [main] DataProviderH2 - getMeddicines: [1] {}
[INFO ] 2022-01-22 16:45:47.334 [main] DataProviderH2 - readMeddicinesFromH2M: [1] {}
[INFO ] 2022-01-22 16:45:47.334 [main] DataProviderH2 - connection: [1] {}
[INFO ] 2022-01-22 16:45:47.366 [main] DataProviderH2 - connection: [2] {}
[INFO ] 2022-01-22 16:45:47.367 [main] DataProviderH2 - connection: [4] {}
[INFO ] 2022-01-22 16:45:47.368 [main] DataProviderH2 - h2ToMeddicineList: [1] {}
[INFO ] 2022-01-22 16:45:47.368 [main] DataProviderH2 - h2ToMeddicineList: [2] {}
[INFO ] 2022-01-22 16:45:47.368 [main] DataProviderH2 - h2ToMeddicineList: [4] {}
[INFO ] 2022-01-22 16:45:47.368 [main] DataProviderH2 - closeConnection: [1] {}
[INFO ] 2022-01-22 16:45:47.395 [main] DataProviderH2 - readMeddicinesFromH2M: [2] {}
[INFO ] 2022-01-22 16:45:47.396 [main] DataProviderH2 - readFromH2: [4] {}
[INFO ] 2022-01-22 16:45:47.396 [main] DataProviderH2 - getMeddicines: [2] {}
[INFO ] 2022-01-22 16:45:47.397 [main] DataProviderH2 - getMeddicines: [4] {}
[INFO ] 2022-01-22 16:45:47.399 [main] DataProviderH2 - searchMeddicineByName [2] {}
[INFO ] 2022-01-22 16:45:47.400 [main] DataProviderH2 - searchMeddicineByName [1] {}
[INFO ] 2022-01-22 16:45:47.400 [main] DataProviderH2 - getMeddicines: [1] {}
[INFO ] 2022-01-22 16:45:47.400 [main] DataProviderH2 - readMeddicinesFromH2M: [1] {}
[INFO ] 2022-01-22 16:45:47.401 [main] DataProviderH2 - connection: [1] {}
[INFO ] 2022-01-22 16:45:47.435 [main] DataProviderH2 - connection: [2] {}
[INFO ] 2022-01-22 16:45:47.436 [main] DataProviderH2 - connection: [4] {}
[INFO ] 2022-01-22 16:45:47.437 [main] DataProviderH2 - h2ToMeddicineList: [1] {}
[INFO ] 2022-01-22 16:45:47.438 [main] DataProviderH2 - h2ToMeddicineList: [2] {}
[INFO ] 2022-01-22 16:45:47.438 [main] DataProviderH2 - h2ToMeddicineList: [4] {}
[INFO ] 2022-01-22 16:45:47.438 [main] DataProviderH2 - closeConnection: [1] {}
[INFO ] 2022-01-22 16:45:47.462 [main] DataProviderH2 - readMeddicinesFromH2M: [2] {}
[INFO ] 2022-01-22 16:45:47.462 [main] DataProviderH2 - readFromH2: [4] {}
[INFO ] 2022-01-22 16:45:47.463 [main] DataProviderH2 - getMeddicines: [2] {}
[INFO ] 2022-01-22 16:45:47.463 [main] DataProviderH2 - getMeddicines: [4] {}
[INFO ] 2022-01-22 16:45:47.463 [main] DataProviderH2 - searchMeddicineByName [2] {}
[INFO ] 2022-01-22 16:45:47.464 [main] DataProviderH2 - getMeddicines: [1] {}
[INFO ] 2022-01-22 16:45:47.464 [main] DataProviderH2 - readMeddicinesFromH2M: [1] {}
