[INFO ] 2022-01-22 17:46:08.937 [main] DataProviderXml - getUsers: [1] {}
[INFO ] 2022-01-22 17:46:08.947 [main] DataProviderXml - readXml: [1] {}
[INFO ] 2022-01-22 17:46:09.058 [main] DataProviderXml - readXml: [3] {}
[INFO ] 2022-01-22 17:46:09.059 [main] DataProviderXml - getUsers: [3] {}
[INFO ] 2022-01-22 17:46:09.060 [main] DataProviderXml - isIdInData: [1] {}
[INFO ] 2022-01-22 17:46:09.060 [main] DataProviderXml - getUsers: [1] {}
[INFO ] 2022-01-22 17:46:09.060 [main] DataProviderXml - readXml: [1] {}
[INFO ] 2022-01-22 17:46:09.063 [main] DataProviderXml - readXml: [3] {}
[INFO ] 2022-01-22 17:46:09.064 [main] DataProviderXml - getUsers: [3] {}
[INFO ] 2022-01-22 17:46:09.067 [main] DataProviderXml - isIdInData: [2] {} Element is found
[INFO ] 2022-01-22 17:46:09.071 [main] HistoryContent - putUserHistory: [1] {}
[INFO ] 2022-01-22 17:46:09.440 [main] HistoryContent - putUserHistory: [2] {}
[INFO ] 2022-01-22 17:46:10.902 [main] DataProviderXml - appendUsers: [1] {}
[INFO ] 2022-01-22 17:46:10.902 [main] DataProviderXml - stringingDuplicateId: [1] {}
[INFO ] 2022-01-22 17:46:10.903 [main] DataProviderXml - getUsers: [1] {}
[INFO ] 2022-01-22 17:46:10.903 [main] DataProviderXml - readXml: [1] {}
[INFO ] 2022-01-22 17:46:10.915 [main] DataProviderXml - readXml: [3] {}
[INFO ] 2022-01-22 17:46:10.916 [main] DataProviderXml - getUsers: [3] {}
[INFO ] 2022-01-22 17:46:10.916 [main] DataProviderXml - getUsers: [1] {}
[INFO ] 2022-01-22 17:46:10.917 [main] DataProviderXml - readXml: [1] {}
[INFO ] 2022-01-22 17:46:10.928 [main] DataProviderXml - readXml: [3] {}
[INFO ] 2022-01-22 17:46:10.928 [main] DataProviderXml - getUsers: [3] {}
[INFO ] 2022-01-22 17:46:10.931 [main] DataProviderXml - stringingDuplicateId: [2] {}
[INFO ] 2022-01-22 17:46:10.931 [main] DataProviderXml - writeXml: [1] {}
[INFO ] 2022-01-22 17:46:10.975 [main] DataProviderXml - writeXml: [3] {}
[INFO ] 2022-01-22 17:46:10.975 [main] DataProviderXml - appendUsers: [3] {}
[INFO ] 2022-01-22 17:46:10.975 [main] DataProviderXml - updateUsers: [3] {}
[INFO ] 2022-01-22 17:46:10.976 [main] DataProviderXml - getUsers: [1] {}
[INFO ] 2022-01-22 17:46:10.976 [main] DataProviderXml - readXml: [1] {}
[INFO ] 2022-01-22 17:46:10.984 [main] DataProviderXml - readXml: [3] {}
[INFO ] 2022-01-22 17:46:10.984 [main] DataProviderXml - getUsers: [3] {}
[INFO ] 2022-01-22 17:46:59.333 [main] DataProviderCsv - getOrders: [1] {}
[INFO ] 2022-01-22 17:46:59.339 [main] DataProviderCsv - readCsvOrder: [1] {}
[INFO ] 2022-01-22 17:46:59.436 [main] DataProviderCsv - readCsvOrder: [3] {}
[INFO ] 2022-01-22 17:46:59.437 [main] DataProviderCsv - getOrders: [3] {}
[INFO ] 2022-01-22 17:48:12.156 [main] DataProviderCsv - createOrder [1] {}
[INFO ] 2022-01-22 17:48:12.164 [main] DataProviderCsv - getUserById: [1] {}
[INFO ] 2022-01-22 17:48:12.165 [main] DataProviderCsv - getUsers: [1] {}
[INFO ] 2022-01-22 17:48:12.165 [main] DataProviderCsv - readCsv: [1] {}
[INFO ] 2022-01-22 17:48:12.269 [main] DataProviderCsv - readCsv: [3] {}
[INFO ] 2022-01-22 17:48:12.270 [main] DataProviderCsv - getUsers: [3] {}
[INFO ] 2022-01-22 17:48:12.271 [main] DataProviderCsv - isIdInData: [1] {}
[INFO ] 2022-01-22 17:48:12.271 [main] DataProviderCsv - getUsers: [1] {}
[INFO ] 2022-01-22 17:48:12.271 [main] DataProviderCsv - readCsv: [1] {}
[INFO ] 2022-01-22 17:48:12.279 [main] DataProviderCsv - readCsv: [3] {}
[INFO ] 2022-01-22 17:48:12.279 [main] DataProviderCsv - getUsers: [3] {}
[INFO ] 2022-01-22 17:48:12.281 [main] DataProviderCsv - isIdInData: [3] {} No Such Element
[INFO ] 2022-01-22 17:48:12.283 [main] DataProviderCsv - getUserById: [2] {} No Such Element id = 13
[INFO ] 2022-01-22 17:48:12.283 [main] DataProviderCsv - getUserById: [4] {}
[INFO ] 2022-01-22 17:48:12.284 [main] DataProviderCsv - createOrder [3] {} No such user
[INFO ] 2022-01-22 17:48:12.284 [main] DataProviderCsv - createOrder [4] {}
[INFO ] 2022-01-22 17:48:30.216 [main] DataProviderCsv - createOrder [1] {}
[INFO ] 2022-01-22 17:48:30.221 [main] DataProviderCsv - getUserById: [1] {}
[INFO ] 2022-01-22 17:48:30.222 [main] DataProviderCsv - getUsers: [1] {}
[INFO ] 2022-01-22 17:48:30.222 [main] DataProviderCsv - readCsv: [1] {}
[INFO ] 2022-01-22 17:48:30.325 [main] DataProviderCsv - readCsv: [3] {}
[INFO ] 2022-01-22 17:48:30.327 [main] DataProviderCsv - getUsers: [3] {}
[INFO ] 2022-01-22 17:48:30.327 [main] DataProviderCsv - isIdInData: [1] {}
[INFO ] 2022-01-22 17:48:30.327 [main] DataProviderCsv - getUsers: [1] {}
[INFO ] 2022-01-22 17:48:30.327 [main] DataProviderCsv - readCsv: [1] {}
[INFO ] 2022-01-22 17:48:30.332 [main] DataProviderCsv - readCsv: [3] {}
[INFO ] 2022-01-22 17:48:30.332 [main] DataProviderCsv - getUsers: [3] {}
[INFO ] 2022-01-22 17:48:30.334 [main] DataProviderCsv - isIdInData: [2] {} Element is found
[INFO ] 2022-01-22 17:48:30.334 [main] DataProviderCsv - getUserById: [4] {}
[INFO ] 2022-01-22 17:48:30.334 [main] DataProviderCsv - searchPharmacyProductByName [1] {}
[INFO ] 2022-01-22 17:48:30.335 [main] DataProviderCsv - searchMeddicineByName [1] {}
[INFO ] 2022-01-22 17:48:30.335 [main] DataProviderCsv - getMeddicines: [1] {}
[INFO ] 2022-01-22 17:48:30.336 [main] DataProviderCsv - readCsvMedicine: [1] {}
[INFO ] 2022-01-22 17:48:30.347 [main] DataProviderCsv - readCsvMedicine: [3] {}
[INFO ] 2022-01-22 17:48:30.347 [main] DataProviderCsv - getMeddicines: [3] {}
[INFO ] 2022-01-22 17:48:30.348 [main] DataProviderCsv - searchMeddicineByName [2] {}
[INFO ] 2022-01-22 17:48:30.348 [main] DataProviderCsv - searchMedicalDeviceByName [1] {}
[INFO ] 2022-01-22 17:48:30.348 [main] DataProviderCsv - getMedicalDevices: [1] {}
[INFO ] 2022-01-22 17:48:30.348 [main] DataProviderCsv - readCsvMedicalDevice: [1] {}
[INFO ] 2022-01-22 17:48:30.365 [main] DataProviderCsv - readCsvMedicalDevice: [3] {}
[INFO ] 2022-01-22 17:48:30.365 [main] DataProviderCsv - getMedicalDevices: [3] {}
[INFO ] 2022-01-22 17:48:30.366 [main] DataProviderCsv - searchMedicalDeviceByName [2] {}
[INFO ] 2022-01-22 17:48:30.366 [main] DataProviderCsv - searchPharmacyProductByName [2] {}
[INFO ] 2022-01-22 17:48:30.366 [main] DataProviderCsv - searchPharmacyProductByName [3] {}
[INFO ] 2022-01-22 17:48:30.367 [main] DataProviderCsv - searchPharmacyProductByName [5] {}
[INFO ] 2022-01-22 17:48:30.367 [main] DataProviderCsv - searchPharmacyProductByName [1] {}
[INFO ] 2022-01-22 17:48:30.367 [main] DataProviderCsv - searchMeddicineByName [1] {}
[INFO ] 2022-01-22 17:48:30.367 [main] DataProviderCsv - getMeddicines: [1] {}
[INFO ] 2022-01-22 17:48:30.367 [main] DataProviderCsv - readCsvMedicine: [1] {}
[INFO ] 2022-01-22 17:48:30.373 [main] DataProviderCsv - readCsvMedicine: [3] {}
[INFO ] 2022-01-22 17:48:30.373 [main] DataProviderCsv - getMeddicines: [3] {}
[INFO ] 2022-01-22 17:48:30.373 [main] DataProviderCsv - searchMeddicineByName [2] {}
[INFO ] 2022-01-22 17:48:30.374 [main] DataProviderCsv - searchMedicalDeviceByName [1] {}
[INFO ] 2022-01-22 17:48:30.374 [main] DataProviderCsv - getMedicalDevices: [1] {}
[INFO ] 2022-01-22 17:48:30.374 [main] DataProviderCsv - readCsvMedicalDevice: [1] {}
[INFO ] 2022-01-22 17:48:30.379 [main] DataProviderCsv - readCsvMedicalDevice: [3] {}
[INFO ] 2022-01-22 17:48:30.379 [main] DataProviderCsv - getMedicalDevices: [3] {}
[INFO ] 2022-01-22 17:48:30.379 [main] DataProviderCsv - searchMedicalDeviceByName [2] {}
[INFO ] 2022-01-22 17:48:30.380 [main] DataProviderCsv - searchPharmacyProductByName [2] {}
[INFO ] 2022-01-22 17:48:30.380 [main] DataProviderCsv - searchPharmacyProductByName [3] {}
[INFO ] 2022-01-22 17:48:30.380 [main] DataProviderCsv - searchPharmacyProductByName [5] {}
[INFO ] 2022-01-22 17:48:30.380 [main] DataProviderCsv - updateOrders: [1] {}
[INFO ] 2022-01-22 17:48:30.380 [main] DataProviderCsv - getOrders: [1] {}
[INFO ] 2022-01-22 17:48:30.380 [main] DataProviderCsv - readCsvOrder: [1] {}
[INFO ] 2022-01-22 17:48:30.386 [main] DataProviderCsv - readCsvOrder: [3] {}
[INFO ] 2022-01-22 17:48:30.386 [main] DataProviderCsv - getOrders: [3] {}
[INFO ] 2022-01-22 17:48:30.387 [main] DataProviderCsv - isIdInDataOrder: [1] {}
[INFO ] 2022-01-22 17:48:30.387 [main] DataProviderCsv - getOrders: [1] {}
[INFO ] 2022-01-22 17:48:30.387 [main] DataProviderCsv - readCsvOrder: [1] {}
[INFO ] 2022-01-22 17:48:30.391 [main] DataProviderCsv - readCsvOrder: [3] {}
[INFO ] 2022-01-22 17:48:30.391 [main] DataProviderCsv - getOrders: [3] {}
[INFO ] 2022-01-22 17:48:30.392 [main] DataProviderCsv - isIdInDataOrder: [3] {} No Such Element
[INFO ] 2022-01-22 17:48:30.392 [main] DataProviderCsv - appendOrders: [1] {}
[INFO ] 2022-01-22 17:48:30.392 [main] DataProviderCsv - stringingDuplicateIdOrder: [1] {}
[INFO ] 2022-01-22 17:48:30.393 [main] DataProviderCsv - getOrders: [1] {}
[INFO ] 2022-01-22 17:48:30.393 [main] DataProviderCsv - readCsvOrder: [1] {}
[INFO ] 2022-01-22 17:48:30.397 [main] DataProviderCsv - readCsvOrder: [3] {}
[INFO ] 2022-01-22 17:48:30.397 [main] DataProviderCsv - getOrders: [3] {}
[INFO ] 2022-01-22 17:48:30.398 [main] DataProviderCsv - getOrders: [1] {}
[INFO ] 2022-01-22 17:48:30.398 [main] DataProviderCsv - readCsvOrder: [1] {}
[INFO ] 2022-01-22 17:48:30.401 [main] DataProviderCsv - readCsvOrder: [3] {}
[INFO ] 2022-01-22 17:48:30.401 [main] DataProviderCsv - getOrders: [3] {}
[INFO ] 2022-01-22 17:48:30.402 [main] DataProviderCsv - stringingDuplicateIdOrder: [2] {}
[INFO ] 2022-01-22 17:48:30.402 [main] DataProviderCsv - writeCsvOrder: [1] {}
[INFO ] 2022-01-22 17:48:30.425 [main] DataProviderCsv - writeCsvOrder: [2] {}
[INFO ] 2022-01-22 17:48:30.426 [main] DataProviderCsv - writeCsvOrder: [4] {}
[INFO ] 2022-01-22 17:48:30.426 [main] DataProviderCsv - appendOrders: [5] {}
[INFO ] 2022-01-22 17:48:30.426 [main] DataProviderCsv - updateOrders: [3] {}
[INFO ] 2022-01-22 17:48:30.426 [main] DataProviderCsv - createOrder [4] {}
[INFO ] 2022-01-22 17:48:46.799 [main] DataProviderCsv - createOrder [1] {}
[INFO ] 2022-01-22 17:48:46.806 [main] DataProviderCsv - getUserById: [1] {}
[INFO ] 2022-01-22 17:48:46.807 [main] DataProviderCsv - getUsers: [1] {}
[INFO ] 2022-01-22 17:48:46.807 [main] DataProviderCsv - readCsv: [1] {}
