[INFO ] 2022-01-22 16:47:11.365 [main] DataProviderXml - getMeddicineByBarcode: [1] {}
[INFO ] 2022-01-22 16:47:11.374 [main] DataProviderXml - getMeddicines: [1] {}
[INFO ] 2022-01-22 16:47:11.374 [main] DataProviderXml - readXmlMedicine: [1] {}
[INFO ] 2022-01-22 16:47:11.521 [main] DataProviderXml - readXmlMedicine: [3] {}
[INFO ] 2022-01-22 16:47:11.522 [main] DataProviderXml - getMeddicines: [3] {}
[INFO ] 2022-01-22 16:47:11.522 [main] DataProviderXml - isIdInDataMedicine: [1] {}
[INFO ] 2022-01-22 16:47:11.523 [main] DataProviderXml - getMeddicines: [1] {}
[INFO ] 2022-01-22 16:47:11.523 [main] DataProviderXml - readXmlMedicine: [1] {}
[INFO ] 2022-01-22 16:47:11.529 [main] DataProviderXml - readXmlMedicine: [3] {}
[INFO ] 2022-01-22 16:47:11.538 [main] DataProviderXml - getMeddicines: [3] {}
[INFO ] 2022-01-22 16:47:11.539 [main] DataProviderXml - isIdInDataMedicine: [2] {} Element is found
[INFO ] 2022-01-22 16:47:11.539 [main] DataProviderXml - getUserById: [4] {}
[INFO ] 2022-01-22 16:47:11.539 [main] DataProviderXml - getMeddicineByBarcode: [1] {}
[INFO ] 2022-01-22 16:47:11.540 [main] DataProviderXml - getMeddicines: [1] {}
[INFO ] 2022-01-22 16:47:11.540 [main] DataProviderXml - readXmlMedicine: [1] {}
[INFO ] 2022-01-22 16:47:11.546 [main] DataProviderXml - readXmlMedicine: [3] {}
[INFO ] 2022-01-22 16:47:11.547 [main] DataProviderXml - getMeddicines: [3] {}
[INFO ] 2022-01-22 16:47:11.547 [main] DataProviderXml - isIdInDataMedicine: [1] {}
[INFO ] 2022-01-22 16:47:11.547 [main] DataProviderXml - getMeddicines: [1] {}
[INFO ] 2022-01-22 16:47:11.547 [main] DataProviderXml - readXmlMedicine: [1] {}
[INFO ] 2022-01-22 16:47:11.554 [main] DataProviderXml - readXmlMedicine: [3] {}
[INFO ] 2022-01-22 16:47:11.555 [main] DataProviderXml - getMeddicines: [3] {}
[INFO ] 2022-01-22 16:47:11.555 [main] DataProviderXml - isIdInDataMedicine: [2] {} Element is found
[INFO ] 2022-01-22 16:47:11.555 [main] DataProviderXml - getUserById: [4] {}
[INFO ] 2022-01-22 16:47:11.555 [main] DataProviderXml - getTheAnaloguesOfMedicine [1] {}
[INFO ] 2022-01-22 16:47:11.555 [main] DataProviderXml - searchMeddicineByName [1] {}
[INFO ] 2022-01-22 16:47:11.556 [main] DataProviderXml - getMeddicines: [1] {}
[INFO ] 2022-01-22 16:47:11.556 [main] DataProviderXml - readXmlMedicine: [1] {}
[INFO ] 2022-01-22 16:47:11.561 [main] DataProviderXml - readXmlMedicine: [3] {}
[INFO ] 2022-01-22 16:47:11.561 [main] DataProviderXml - getMeddicines: [3] {}
[INFO ] 2022-01-22 16:47:11.562 [main] DataProviderXml - searchMeddicineByName [2] {}
[INFO ] 2022-01-22 16:47:11.563 [main] DataProviderXml - searchMeddicineByName [1] {}
[INFO ] 2022-01-22 16:47:11.563 [main] DataProviderXml - getMeddicines: [1] {}
[INFO ] 2022-01-22 16:47:11.563 [main] DataProviderXml - readXmlMedicine: [1] {}
[INFO ] 2022-01-22 16:47:11.569 [main] DataProviderXml - readXmlMedicine: [3] {}
[INFO ] 2022-01-22 16:47:11.569 [main] DataProviderXml - getMeddicines: [3] {}
[INFO ] 2022-01-22 16:47:11.570 [main] DataProviderXml - searchMeddicineByName [2] {}
[INFO ] 2022-01-22 16:47:11.571 [main] DataProviderXml - getMeddicines: [1] {}
[INFO ] 2022-01-22 16:47:11.571 [main] DataProviderXml - readXmlMedicine: [1] {}
[INFO ] 2022-01-22 16:47:11.577 [main] DataProviderXml - readXmlMedicine: [3] {}
[INFO ] 2022-01-22 16:47:11.577 [main] DataProviderXml - getMeddicines: [3] {}
[INFO ] 2022-01-22 16:47:11.578 [main] DataProviderXml - getTheAnaloguesOfMedicine [2] {}
[INFO ] 2022-01-22 16:47:11.578 [main] DataProviderXml - getTheAnaloguesOfMedicine [4] {}
[INFO ] 2022-01-22 16:47:11.578 [main] DataProviderXml - getTheAnaloguesByBarcode [2] {}
[INFO ] 2022-01-22 16:47:27.607 [main] Barcode - readBarcode[1] {}
[INFO ] 2022-01-22 16:47:27.700 [main] Barcode - readBarcode[2] {}
[INFO ] 2022-01-22 16:47:27.700 [main] Barcode - readBarcode[3] {}
[INFO ] 2022-01-22 16:47:27.701 [main] DataProviderXml - getTheAnaloguesByBarcode [1] {}
[INFO ] 2022-01-22 16:47:27.701 [main] DataProviderXml - getMeddicineByBarcode: [1] {}
[INFO ] 2022-01-22 16:47:27.702 [main] DataProviderXml - getMeddicines: [1] {}
[INFO ] 2022-01-22 16:47:27.702 [main] DataProviderXml - readXmlMedicine: [1] {}
[INFO ] 2022-01-22 16:47:27.809 [main] DataProviderXml - readXmlMedicine: [3] {}
[INFO ] 2022-01-22 16:47:27.810 [main] DataProviderXml - getMeddicines: [3] {}
[INFO ] 2022-01-22 16:47:27.810 [main] DataProviderXml - isIdInDataMedicine: [1] {}
[INFO ] 2022-01-22 16:47:27.811 [main] DataProviderXml - getMeddicines: [1] {}
[INFO ] 2022-01-22 16:47:27.811 [main] DataProviderXml - readXmlMedicine: [1] {}
[INFO ] 2022-01-22 16:47:27.815 [main] DataProviderXml - readXmlMedicine: [3] {}
[INFO ] 2022-01-22 16:47:27.815 [main] DataProviderXml - getMeddicines: [3] {}
[INFO ] 2022-01-22 16:47:27.816 [main] DataProviderXml - isIdInDataMedicine: [2] {} Element is found
[INFO ] 2022-01-22 16:47:27.816 [main] DataProviderXml - getUserById: [4] {}
[INFO ] 2022-01-22 16:47:27.817 [main] DataProviderXml - getMeddicineByBarcode: [1] {}
[INFO ] 2022-01-22 16:47:27.817 [main] DataProviderXml - getMeddicines: [1] {}
[INFO ] 2022-01-22 16:47:27.817 [main] DataProviderXml - readXmlMedicine: [1] {}
[INFO ] 2022-01-22 16:47:27.823 [main] DataProviderXml - readXmlMedicine: [3] {}
[INFO ] 2022-01-22 16:47:27.823 [main] DataProviderXml - getMeddicines: [3] {}
[INFO ] 2022-01-22 16:47:27.824 [main] DataProviderXml - isIdInDataMedicine: [1] {}
[INFO ] 2022-01-22 16:47:27.824 [main] DataProviderXml - getMeddicines: [1] {}
[INFO ] 2022-01-22 16:47:27.824 [main] DataProviderXml - readXmlMedicine: [1] {}
[INFO ] 2022-01-22 16:47:27.829 [main] DataProviderXml - readXmlMedicine: [3] {}
[INFO ] 2022-01-22 16:47:27.829 [main] DataProviderXml - getMeddicines: [3] {}
[INFO ] 2022-01-22 16:47:27.829 [main] DataProviderXml - isIdInDataMedicine: [2] {} Element is found
[INFO ] 2022-01-22 16:47:27.829 [main] DataProviderXml - getUserById: [4] {}
[INFO ] 2022-01-22 16:47:27.830 [main] DataProviderXml - getTheAnaloguesOfMedicine [1] {}
[INFO ] 2022-01-22 16:47:27.830 [main] DataProviderXml - searchMeddicineByName [1] {}
[INFO ] 2022-01-22 16:47:27.830 [main] DataProviderXml - getMeddicines: [1] {}
[INFO ] 2022-01-22 16:47:27.830 [main] DataProviderXml - readXmlMedicine: [1] {}
[INFO ] 2022-01-22 16:47:27.832 [main] DataProviderXml - readXmlMedicine: [3] {}
[INFO ] 2022-01-22 16:47:27.832 [main] DataProviderXml - getMeddicines: [3] {}
[INFO ] 2022-01-22 16:47:27.835 [main] DataProviderXml - searchMeddicineByName [2] {}
[INFO ] 2022-01-22 16:47:27.835 [main] DataProviderXml - searchMeddicineByName [1] {}
[INFO ] 2022-01-22 16:47:27.835 [main] DataProviderXml - getMeddicines: [1] {}
[INFO ] 2022-01-22 16:47:27.835 [main] DataProviderXml - readXmlMedicine: [1] {}
[INFO ] 2022-01-22 16:47:27.841 [main] DataProviderXml - readXmlMedicine: [3] {}
[INFO ] 2022-01-22 16:47:27.841 [main] DataProviderXml - getMeddicines: [3] {}
[INFO ] 2022-01-22 16:47:27.841 [main] DataProviderXml - searchMeddicineByName [2] {}
[INFO ] 2022-01-22 16:47:27.841 [main] DataProviderXml - getMeddicines: [1] {}
[INFO ] 2022-01-22 16:47:27.841 [main] DataProviderXml - readXmlMedicine: [1] {}
[INFO ] 2022-01-22 16:47:27.847 [main] DataProviderXml - readXmlMedicine: [3] {}
[INFO ] 2022-01-22 16:47:27.848 [main] DataProviderXml - getMeddicines: [3] {}
[INFO ] 2022-01-22 16:47:27.848 [main] DataProviderXml - getTheAnaloguesOfMedicine [2] {}
[INFO ] 2022-01-22 16:47:27.848 [main] DataProviderXml - getTheAnaloguesOfMedicine [4] {}
[INFO ] 2022-01-22 16:47:27.848 [main] DataProviderXml - getTheAnaloguesByBarcode [2] {}
[INFO ] 2022-01-22 16:52:48.161 [main] DataProviderCsv - searchPharmacyProductByCategory [1] {}
[INFO ] 2022-01-22 16:52:48.164 [main] DataProviderCsv - searchPharmacyProductByCategory [1] {}
[INFO ] 2022-01-22 16:52:48.164 [main] DataProviderCsv - getMeddicines: [1] {}
[INFO ] 2022-01-22 16:52:48.165 [main] DataProviderCsv - readCsvMedicine: [1] {}
[INFO ] 2022-01-22 16:52:48.275 [main] DataProviderCsv - readCsvMedicine: [3] {}
[INFO ] 2022-01-22 16:52:48.276 [main] DataProviderCsv - getMeddicines: [3] {}
[INFO ] 2022-01-22 16:52:48.277 [main] DataProviderCsv - searchPharmacyProductByCategory [2] {}
[INFO ] 2022-01-22 16:52:48.277 [main] DataProviderCsv - searchPharmacyProductByCategory [5] {}
[INFO ] 2022-01-22 16:52:48.277 [main] DataProviderCsv - searchPharmacyProductByCategory [7] {}
[INFO ] 2022-01-22 16:52:48.277 [main] DataProviderCsv - sortPharmacyProductMaxToMin [1] {}
[INFO ] 2022-01-22 16:52:48.278 [main] DataProviderCsv - sortPharmacyProductMaxToMin [2] {}
[INFO ] 2022-01-22 16:53:08.098 [main] DataProviderCsv - searchPharmacyProductByCategory [1] {}
[INFO ] 2022-01-22 16:53:08.101 [main] DataProviderCsv - searchPharmacyProductByCategory [1] {}
[INFO ] 2022-01-22 16:53:08.101 [main] DataProviderCsv - getMeddicines: [1] {}
[INFO ] 2022-01-22 16:53:08.102 [main] DataProviderCsv - readCsvMedicine: [1] {}
[INFO ] 2022-01-22 16:53:08.185 [main] DataProviderCsv - readCsvMedicine: [3] {}
[INFO ] 2022-01-22 16:53:08.186 [main] DataProviderCsv - getMeddicines: [3] {}
[INFO ] 2022-01-22 16:53:08.186 [main] DataProviderCsv - searchPharmacyProductByCategory [2] {}
[INFO ] 2022-01-22 16:53:08.186 [main] DataProviderCsv - searchPharmacyProductByCategory [5] {}
[INFO ] 2022-01-22 16:53:08.186 [main] DataProviderCsv - searchPharmacyProductByCategory [7] {}
[INFO ] 2022-01-22 16:53:08.186 [main] DataProviderCsv - sortPharmacyProductMinToMax [1] {}
[INFO ] 2022-01-22 16:53:08.188 [main] DataProviderCsv - sortPharmacyProductMinToMax [2] {}
[INFO ] 2022-01-22 16:53:22.688 [main] DataProviderXml - searchPharmacyProductByCategory [1] {}
[INFO ] 2022-01-22 16:53:22.694 [main] DataProviderXml - searchPharmacyProductByCategory [1] {}
[INFO ] 2022-01-22 16:53:22.694 [main] DataProviderXml - getMeddicines: [1] {}
[INFO ] 2022-01-22 16:53:22.695 [main] DataProviderXml - readXmlMedicine: [1] {}
[INFO ] 2022-01-22 16:53:22.807 [main] DataProviderXml - readXmlMedicine: [3] {}
[INFO ] 2022-01-22 16:53:22.808 [main] DataProviderXml - getMeddicines: [3] {}
[INFO ] 2022-01-22 16:53:22.809 [main] DataProviderXml - searchPharmacyProductByCategory [2] {}
